[2025-04-19T08:37:21.328+0000] {processor.py:186} INFO - Started process (PID=79) to work on /home/airflow/.local/lib/python3.12/site-packages/airflow/example_dags/example_dynamic_task_mapping.py
[2025-04-19T08:37:21.331+0000] {processor.py:914} INFO - Processing file /home/airflow/.local/lib/python3.12/site-packages/airflow/example_dags/example_dynamic_task_mapping.py for tasks to queue
[2025-04-19T08:37:21.336+0000] {logging_mixin.py:190} INFO - [2025-04-19T08:37:21.336+0000] {dagbag.py:588} INFO - Filling up the DagBag from /home/airflow/.local/lib/python3.12/site-packages/airflow/example_dags/example_dynamic_task_mapping.py
[2025-04-19T08:37:21.446+0000] {processor.py:925} INFO - DAG(s) 'example_dynamic_task_mapping' retrieved from /home/airflow/.local/lib/python3.12/site-packages/airflow/example_dags/example_dynamic_task_mapping.py
[2025-04-19T08:37:22.431+0000] {logging_mixin.py:190} INFO - [2025-04-19T08:37:22.430+0000] {override.py:1911} INFO - Created Permission View: can delete on DAG:example_dynamic_task_mapping
[2025-04-19T08:37:22.514+0000] {logging_mixin.py:190} INFO - [2025-04-19T08:37:22.513+0000] {override.py:1911} INFO - Created Permission View: can edit on DAG:example_dynamic_task_mapping
[2025-04-19T08:37:22.627+0000] {logging_mixin.py:190} INFO - [2025-04-19T08:37:22.627+0000] {override.py:1911} INFO - Created Permission View: can read on DAG:example_dynamic_task_mapping
[2025-04-19T08:37:22.682+0000] {logging_mixin.py:190} INFO - [2025-04-19T08:37:22.681+0000] {override.py:1911} INFO - Created Permission View: can delete on DAG Run:example_dynamic_task_mapping
[2025-04-19T08:37:22.706+0000] {logging_mixin.py:190} INFO - [2025-04-19T08:37:22.706+0000] {override.py:1911} INFO - Created Permission View: can read on DAG Run:example_dynamic_task_mapping
[2025-04-19T08:37:22.734+0000] {logging_mixin.py:190} INFO - [2025-04-19T08:37:22.734+0000] {override.py:1911} INFO - Created Permission View: can create on DAG Run:example_dynamic_task_mapping
[2025-04-19T08:37:22.750+0000] {logging_mixin.py:190} INFO - [2025-04-19T08:37:22.750+0000] {override.py:1911} INFO - Created Permission View: menu access on DAG Run:example_dynamic_task_mapping
[2025-04-19T08:37:22.753+0000] {logging_mixin.py:190} INFO - [2025-04-19T08:37:22.753+0000] {dag.py:3239} INFO - Sync 1 DAGs
[2025-04-19T08:37:22.818+0000] {logging_mixin.py:190} INFO - [2025-04-19T08:37:22.817+0000] {dag.py:3262} INFO - Creating ORM DAG for example_dynamic_task_mapping
[2025-04-19T08:37:22.820+0000] {logging_mixin.py:190} INFO - [2025-04-19T08:37:22.819+0000] {dag.py:4180} INFO - Setting next_dagrun for example_dynamic_task_mapping to None, run_after=None
[2025-04-19T08:37:22.901+0000] {processor.py:208} INFO - Processing /home/airflow/.local/lib/python3.12/site-packages/airflow/example_dags/example_dynamic_task_mapping.py took 1.607 seconds
[2025-04-19T08:37:53.854+0000] {processor.py:186} INFO - Started process (PID=142) to work on /home/airflow/.local/lib/python3.12/site-packages/airflow/example_dags/example_dynamic_task_mapping.py
[2025-04-19T08:37:53.867+0000] {processor.py:914} INFO - Processing file /home/airflow/.local/lib/python3.12/site-packages/airflow/example_dags/example_dynamic_task_mapping.py for tasks to queue
[2025-04-19T08:37:53.874+0000] {logging_mixin.py:190} INFO - [2025-04-19T08:37:53.873+0000] {dagbag.py:588} INFO - Filling up the DagBag from /home/airflow/.local/lib/python3.12/site-packages/airflow/example_dags/example_dynamic_task_mapping.py
[2025-04-19T08:37:53.918+0000] {processor.py:925} INFO - DAG(s) 'example_dynamic_task_mapping' retrieved from /home/airflow/.local/lib/python3.12/site-packages/airflow/example_dags/example_dynamic_task_mapping.py
[2025-04-19T08:37:53.991+0000] {logging_mixin.py:190} INFO - [2025-04-19T08:37:53.991+0000] {dag.py:3239} INFO - Sync 1 DAGs
[2025-04-19T08:37:54.036+0000] {logging_mixin.py:190} INFO - [2025-04-19T08:37:54.036+0000] {dag.py:4180} INFO - Setting next_dagrun for example_dynamic_task_mapping to None, run_after=None
[2025-04-19T08:37:54.512+0000] {processor.py:208} INFO - Processing /home/airflow/.local/lib/python3.12/site-packages/airflow/example_dags/example_dynamic_task_mapping.py took 0.680 seconds
[2025-04-19T08:38:24.882+0000] {processor.py:186} INFO - Started process (PID=204) to work on /home/airflow/.local/lib/python3.12/site-packages/airflow/example_dags/example_dynamic_task_mapping.py
[2025-04-19T08:38:24.883+0000] {processor.py:914} INFO - Processing file /home/airflow/.local/lib/python3.12/site-packages/airflow/example_dags/example_dynamic_task_mapping.py for tasks to queue
[2025-04-19T08:38:24.885+0000] {logging_mixin.py:190} INFO - [2025-04-19T08:38:24.885+0000] {dagbag.py:588} INFO - Filling up the DagBag from /home/airflow/.local/lib/python3.12/site-packages/airflow/example_dags/example_dynamic_task_mapping.py
[2025-04-19T08:38:24.896+0000] {processor.py:925} INFO - DAG(s) 'example_dynamic_task_mapping' retrieved from /home/airflow/.local/lib/python3.12/site-packages/airflow/example_dags/example_dynamic_task_mapping.py
[2025-04-19T08:38:24.917+0000] {logging_mixin.py:190} INFO - [2025-04-19T08:38:24.916+0000] {dag.py:3239} INFO - Sync 1 DAGs
[2025-04-19T08:38:24.933+0000] {logging_mixin.py:190} INFO - [2025-04-19T08:38:24.933+0000] {dag.py:4180} INFO - Setting next_dagrun for example_dynamic_task_mapping to None, run_after=None
[2025-04-19T08:38:24.950+0000] {processor.py:208} INFO - Processing /home/airflow/.local/lib/python3.12/site-packages/airflow/example_dags/example_dynamic_task_mapping.py took 0.073 seconds
[2025-04-19T08:38:55.521+0000] {processor.py:186} INFO - Started process (PID=266) to work on /home/airflow/.local/lib/python3.12/site-packages/airflow/example_dags/example_dynamic_task_mapping.py
[2025-04-19T08:38:55.521+0000] {processor.py:914} INFO - Processing file /home/airflow/.local/lib/python3.12/site-packages/airflow/example_dags/example_dynamic_task_mapping.py for tasks to queue
[2025-04-19T08:38:55.527+0000] {logging_mixin.py:190} INFO - [2025-04-19T08:38:55.526+0000] {dagbag.py:588} INFO - Filling up the DagBag from /home/airflow/.local/lib/python3.12/site-packages/airflow/example_dags/example_dynamic_task_mapping.py
[2025-04-19T08:38:55.546+0000] {processor.py:925} INFO - DAG(s) 'example_dynamic_task_mapping' retrieved from /home/airflow/.local/lib/python3.12/site-packages/airflow/example_dags/example_dynamic_task_mapping.py
[2025-04-19T08:38:55.601+0000] {logging_mixin.py:190} INFO - [2025-04-19T08:38:55.601+0000] {dag.py:3239} INFO - Sync 1 DAGs
[2025-04-19T08:38:55.640+0000] {logging_mixin.py:190} INFO - [2025-04-19T08:38:55.637+0000] {dag.py:4180} INFO - Setting next_dagrun for example_dynamic_task_mapping to None, run_after=None
[2025-04-19T08:38:55.676+0000] {processor.py:208} INFO - Processing /home/airflow/.local/lib/python3.12/site-packages/airflow/example_dags/example_dynamic_task_mapping.py took 0.168 seconds
[2025-04-19T08:39:25.754+0000] {processor.py:186} INFO - Started process (PID=329) to work on /home/airflow/.local/lib/python3.12/site-packages/airflow/example_dags/example_dynamic_task_mapping.py
[2025-04-19T08:39:25.754+0000] {processor.py:914} INFO - Processing file /home/airflow/.local/lib/python3.12/site-packages/airflow/example_dags/example_dynamic_task_mapping.py for tasks to queue
[2025-04-19T08:39:25.757+0000] {logging_mixin.py:190} INFO - [2025-04-19T08:39:25.756+0000] {dagbag.py:588} INFO - Filling up the DagBag from /home/airflow/.local/lib/python3.12/site-packages/airflow/example_dags/example_dynamic_task_mapping.py
[2025-04-19T08:39:25.765+0000] {processor.py:925} INFO - DAG(s) 'example_dynamic_task_mapping' retrieved from /home/airflow/.local/lib/python3.12/site-packages/airflow/example_dags/example_dynamic_task_mapping.py
[2025-04-19T08:39:25.787+0000] {logging_mixin.py:190} INFO - [2025-04-19T08:39:25.787+0000] {dag.py:3239} INFO - Sync 1 DAGs
[2025-04-19T08:39:25.804+0000] {logging_mixin.py:190} INFO - [2025-04-19T08:39:25.804+0000] {dag.py:4180} INFO - Setting next_dagrun for example_dynamic_task_mapping to None, run_after=None
[2025-04-19T08:39:25.822+0000] {processor.py:208} INFO - Processing /home/airflow/.local/lib/python3.12/site-packages/airflow/example_dags/example_dynamic_task_mapping.py took 0.074 seconds
[2025-04-19T08:39:56.142+0000] {processor.py:186} INFO - Started process (PID=390) to work on /home/airflow/.local/lib/python3.12/site-packages/airflow/example_dags/example_dynamic_task_mapping.py
[2025-04-19T08:39:56.143+0000] {processor.py:914} INFO - Processing file /home/airflow/.local/lib/python3.12/site-packages/airflow/example_dags/example_dynamic_task_mapping.py for tasks to queue
[2025-04-19T08:39:56.145+0000] {logging_mixin.py:190} INFO - [2025-04-19T08:39:56.145+0000] {dagbag.py:588} INFO - Filling up the DagBag from /home/airflow/.local/lib/python3.12/site-packages/airflow/example_dags/example_dynamic_task_mapping.py
[2025-04-19T08:39:56.154+0000] {processor.py:925} INFO - DAG(s) 'example_dynamic_task_mapping' retrieved from /home/airflow/.local/lib/python3.12/site-packages/airflow/example_dags/example_dynamic_task_mapping.py
[2025-04-19T08:39:56.177+0000] {logging_mixin.py:190} INFO - [2025-04-19T08:39:56.176+0000] {dag.py:3239} INFO - Sync 1 DAGs
[2025-04-19T08:39:56.193+0000] {logging_mixin.py:190} INFO - [2025-04-19T08:39:56.193+0000] {dag.py:4180} INFO - Setting next_dagrun for example_dynamic_task_mapping to None, run_after=None
[2025-04-19T08:39:56.209+0000] {processor.py:208} INFO - Processing /home/airflow/.local/lib/python3.12/site-packages/airflow/example_dags/example_dynamic_task_mapping.py took 0.072 seconds
[2025-04-19T08:40:26.707+0000] {processor.py:186} INFO - Started process (PID=453) to work on /home/airflow/.local/lib/python3.12/site-packages/airflow/example_dags/example_dynamic_task_mapping.py
[2025-04-19T08:40:26.708+0000] {processor.py:914} INFO - Processing file /home/airflow/.local/lib/python3.12/site-packages/airflow/example_dags/example_dynamic_task_mapping.py for tasks to queue
[2025-04-19T08:40:26.710+0000] {logging_mixin.py:190} INFO - [2025-04-19T08:40:26.709+0000] {dagbag.py:588} INFO - Filling up the DagBag from /home/airflow/.local/lib/python3.12/site-packages/airflow/example_dags/example_dynamic_task_mapping.py
[2025-04-19T08:40:26.718+0000] {processor.py:925} INFO - DAG(s) 'example_dynamic_task_mapping' retrieved from /home/airflow/.local/lib/python3.12/site-packages/airflow/example_dags/example_dynamic_task_mapping.py
[2025-04-19T08:40:26.749+0000] {logging_mixin.py:190} INFO - [2025-04-19T08:40:26.749+0000] {dag.py:3239} INFO - Sync 1 DAGs
[2025-04-19T08:40:26.766+0000] {logging_mixin.py:190} INFO - [2025-04-19T08:40:26.766+0000] {dag.py:4180} INFO - Setting next_dagrun for example_dynamic_task_mapping to None, run_after=None
[2025-04-19T08:40:26.784+0000] {processor.py:208} INFO - Processing /home/airflow/.local/lib/python3.12/site-packages/airflow/example_dags/example_dynamic_task_mapping.py took 0.083 seconds
[2025-04-19T08:40:57.013+0000] {processor.py:186} INFO - Started process (PID=515) to work on /home/airflow/.local/lib/python3.12/site-packages/airflow/example_dags/example_dynamic_task_mapping.py
[2025-04-19T08:40:57.013+0000] {processor.py:914} INFO - Processing file /home/airflow/.local/lib/python3.12/site-packages/airflow/example_dags/example_dynamic_task_mapping.py for tasks to queue
[2025-04-19T08:40:57.016+0000] {logging_mixin.py:190} INFO - [2025-04-19T08:40:57.015+0000] {dagbag.py:588} INFO - Filling up the DagBag from /home/airflow/.local/lib/python3.12/site-packages/airflow/example_dags/example_dynamic_task_mapping.py
[2025-04-19T08:40:57.025+0000] {processor.py:925} INFO - DAG(s) 'example_dynamic_task_mapping' retrieved from /home/airflow/.local/lib/python3.12/site-packages/airflow/example_dags/example_dynamic_task_mapping.py
[2025-04-19T08:40:57.045+0000] {logging_mixin.py:190} INFO - [2025-04-19T08:40:57.045+0000] {dag.py:3239} INFO - Sync 1 DAGs
[2025-04-19T08:40:57.061+0000] {logging_mixin.py:190} INFO - [2025-04-19T08:40:57.061+0000] {dag.py:4180} INFO - Setting next_dagrun for example_dynamic_task_mapping to None, run_after=None
[2025-04-19T08:40:57.078+0000] {processor.py:208} INFO - Processing /home/airflow/.local/lib/python3.12/site-packages/airflow/example_dags/example_dynamic_task_mapping.py took 0.071 seconds
