[2025-04-19T08:37:41.861+0000] {processor.py:186} INFO - Started process (PID=110) to work on /home/airflow/.local/lib/python3.12/site-packages/airflow/example_dags/example_dataset_alias.py
[2025-04-19T08:37:41.867+0000] {processor.py:914} INFO - Processing file /home/airflow/.local/lib/python3.12/site-packages/airflow/example_dags/example_dataset_alias.py for tasks to queue
[2025-04-19T08:37:41.877+0000] {logging_mixin.py:190} INFO - [2025-04-19T08:37:41.877+0000] {dagbag.py:588} INFO - Filling up the DagBag from /home/airflow/.local/lib/python3.12/site-packages/airflow/example_dags/example_dataset_alias.py
[2025-04-19T08:37:44.042+0000] {processor.py:925} INFO - DAG(s) 'dataset_s3_bucket_consumer', 'dataset_alias_example_alias_producer', 'dataset_alias_example_alias_consumer', 'dataset_s3_bucket_producer' retrieved from /home/airflow/.local/lib/python3.12/site-packages/airflow/example_dags/example_dataset_alias.py
[2025-04-19T08:37:44.239+0000] {logging_mixin.py:190} INFO - [2025-04-19T08:37:44.238+0000] {override.py:1911} INFO - Created Permission View: can delete on DAG:dataset_s3_bucket_consumer
[2025-04-19T08:37:44.282+0000] {logging_mixin.py:190} INFO - [2025-04-19T08:37:44.281+0000] {override.py:1911} INFO - Created Permission View: can edit on DAG:dataset_s3_bucket_consumer
[2025-04-19T08:37:44.321+0000] {logging_mixin.py:190} INFO - [2025-04-19T08:37:44.321+0000] {override.py:1911} INFO - Created Permission View: can read on DAG:dataset_s3_bucket_consumer
[2025-04-19T08:37:44.438+0000] {logging_mixin.py:190} INFO - [2025-04-19T08:37:44.434+0000] {override.py:1911} INFO - Created Permission View: can delete on DAG Run:dataset_s3_bucket_consumer
[2025-04-19T08:37:44.457+0000] {logging_mixin.py:190} INFO - [2025-04-19T08:37:44.457+0000] {override.py:1911} INFO - Created Permission View: can read on DAG Run:dataset_s3_bucket_consumer
[2025-04-19T08:37:44.474+0000] {logging_mixin.py:190} INFO - [2025-04-19T08:37:44.474+0000] {override.py:1911} INFO - Created Permission View: can create on DAG Run:dataset_s3_bucket_consumer
[2025-04-19T08:37:44.495+0000] {logging_mixin.py:190} INFO - [2025-04-19T08:37:44.495+0000] {override.py:1911} INFO - Created Permission View: menu access on DAG Run:dataset_s3_bucket_consumer
[2025-04-19T08:37:44.543+0000] {logging_mixin.py:190} INFO - [2025-04-19T08:37:44.543+0000] {override.py:1911} INFO - Created Permission View: can delete on DAG:dataset_alias_example_alias_producer
[2025-04-19T08:37:44.553+0000] {logging_mixin.py:190} INFO - [2025-04-19T08:37:44.553+0000] {override.py:1911} INFO - Created Permission View: can edit on DAG:dataset_alias_example_alias_producer
[2025-04-19T08:37:44.560+0000] {logging_mixin.py:190} INFO - [2025-04-19T08:37:44.560+0000] {override.py:1911} INFO - Created Permission View: can read on DAG:dataset_alias_example_alias_producer
[2025-04-19T08:37:44.576+0000] {logging_mixin.py:190} INFO - [2025-04-19T08:37:44.576+0000] {override.py:1911} INFO - Created Permission View: can delete on DAG Run:dataset_alias_example_alias_producer
[2025-04-19T08:37:44.586+0000] {logging_mixin.py:190} INFO - [2025-04-19T08:37:44.586+0000] {override.py:1911} INFO - Created Permission View: can read on DAG Run:dataset_alias_example_alias_producer
[2025-04-19T08:37:44.600+0000] {logging_mixin.py:190} INFO - [2025-04-19T08:37:44.600+0000] {override.py:1911} INFO - Created Permission View: can create on DAG Run:dataset_alias_example_alias_producer
[2025-04-19T08:37:44.614+0000] {logging_mixin.py:190} INFO - [2025-04-19T08:37:44.614+0000] {override.py:1911} INFO - Created Permission View: menu access on DAG Run:dataset_alias_example_alias_producer
[2025-04-19T08:37:44.636+0000] {logging_mixin.py:190} INFO - [2025-04-19T08:37:44.635+0000] {override.py:1911} INFO - Created Permission View: can delete on DAG:dataset_alias_example_alias_consumer
[2025-04-19T08:37:44.646+0000] {logging_mixin.py:190} INFO - [2025-04-19T08:37:44.646+0000] {override.py:1911} INFO - Created Permission View: can edit on DAG:dataset_alias_example_alias_consumer
[2025-04-19T08:37:44.660+0000] {logging_mixin.py:190} INFO - [2025-04-19T08:37:44.659+0000] {override.py:1911} INFO - Created Permission View: can read on DAG:dataset_alias_example_alias_consumer
[2025-04-19T08:37:44.670+0000] {logging_mixin.py:190} INFO - [2025-04-19T08:37:44.670+0000] {override.py:1911} INFO - Created Permission View: can delete on DAG Run:dataset_alias_example_alias_consumer
[2025-04-19T08:37:44.679+0000] {logging_mixin.py:190} INFO - [2025-04-19T08:37:44.679+0000] {override.py:1911} INFO - Created Permission View: can read on DAG Run:dataset_alias_example_alias_consumer
[2025-04-19T08:37:44.695+0000] {logging_mixin.py:190} INFO - [2025-04-19T08:37:44.695+0000] {override.py:1911} INFO - Created Permission View: can create on DAG Run:dataset_alias_example_alias_consumer
[2025-04-19T08:37:44.714+0000] {logging_mixin.py:190} INFO - [2025-04-19T08:37:44.713+0000] {override.py:1911} INFO - Created Permission View: menu access on DAG Run:dataset_alias_example_alias_consumer
[2025-04-19T08:37:44.746+0000] {logging_mixin.py:190} INFO - [2025-04-19T08:37:44.745+0000] {override.py:1911} INFO - Created Permission View: can delete on DAG:dataset_s3_bucket_producer
[2025-04-19T08:37:44.752+0000] {logging_mixin.py:190} INFO - [2025-04-19T08:37:44.752+0000] {override.py:1911} INFO - Created Permission View: can edit on DAG:dataset_s3_bucket_producer
[2025-04-19T08:37:44.758+0000] {logging_mixin.py:190} INFO - [2025-04-19T08:37:44.758+0000] {override.py:1911} INFO - Created Permission View: can read on DAG:dataset_s3_bucket_producer
[2025-04-19T08:37:44.764+0000] {logging_mixin.py:190} INFO - [2025-04-19T08:37:44.764+0000] {override.py:1911} INFO - Created Permission View: can delete on DAG Run:dataset_s3_bucket_producer
[2025-04-19T08:37:44.783+0000] {logging_mixin.py:190} INFO - [2025-04-19T08:37:44.782+0000] {override.py:1911} INFO - Created Permission View: can read on DAG Run:dataset_s3_bucket_producer
[2025-04-19T08:37:44.808+0000] {logging_mixin.py:190} INFO - [2025-04-19T08:37:44.808+0000] {override.py:1911} INFO - Created Permission View: can create on DAG Run:dataset_s3_bucket_producer
[2025-04-19T08:37:44.818+0000] {logging_mixin.py:190} INFO - [2025-04-19T08:37:44.818+0000] {override.py:1911} INFO - Created Permission View: menu access on DAG Run:dataset_s3_bucket_producer
[2025-04-19T08:37:44.820+0000] {logging_mixin.py:190} INFO - [2025-04-19T08:37:44.819+0000] {dag.py:3239} INFO - Sync 4 DAGs
[2025-04-19T08:37:44.844+0000] {logging_mixin.py:190} INFO - [2025-04-19T08:37:44.843+0000] {dag.py:3262} INFO - Creating ORM DAG for dataset_s3_bucket_producer
[2025-04-19T08:37:44.845+0000] {logging_mixin.py:190} INFO - [2025-04-19T08:37:44.845+0000] {dag.py:3262} INFO - Creating ORM DAG for dataset_alias_example_alias_producer
[2025-04-19T08:37:44.847+0000] {logging_mixin.py:190} INFO - [2025-04-19T08:37:44.847+0000] {dag.py:3262} INFO - Creating ORM DAG for dataset_s3_bucket_consumer
[2025-04-19T08:37:44.849+0000] {logging_mixin.py:190} INFO - [2025-04-19T08:37:44.849+0000] {dag.py:3262} INFO - Creating ORM DAG for dataset_alias_example_alias_consumer
[2025-04-19T08:37:44.872+0000] {logging_mixin.py:190} INFO - [2025-04-19T08:37:44.872+0000] {dag.py:4180} INFO - Setting next_dagrun for dataset_alias_example_alias_consumer to None, run_after=None
[2025-04-19T08:37:44.875+0000] {logging_mixin.py:190} INFO - [2025-04-19T08:37:44.873+0000] {dag.py:4180} INFO - Setting next_dagrun for dataset_alias_example_alias_producer to None, run_after=None
[2025-04-19T08:37:44.876+0000] {logging_mixin.py:190} INFO - [2025-04-19T08:37:44.876+0000] {dag.py:4180} INFO - Setting next_dagrun for dataset_s3_bucket_consumer to None, run_after=None
[2025-04-19T08:37:44.878+0000] {logging_mixin.py:190} INFO - [2025-04-19T08:37:44.877+0000] {dag.py:4180} INFO - Setting next_dagrun for dataset_s3_bucket_producer to None, run_after=None
[2025-04-19T08:37:44.979+0000] {processor.py:208} INFO - Processing /home/airflow/.local/lib/python3.12/site-packages/airflow/example_dags/example_dataset_alias.py took 3.159 seconds
[2025-04-19T08:38:15.930+0000] {processor.py:186} INFO - Started process (PID=181) to work on /home/airflow/.local/lib/python3.12/site-packages/airflow/example_dags/example_dataset_alias.py
[2025-04-19T08:38:15.931+0000] {processor.py:914} INFO - Processing file /home/airflow/.local/lib/python3.12/site-packages/airflow/example_dags/example_dataset_alias.py for tasks to queue
[2025-04-19T08:38:15.934+0000] {logging_mixin.py:190} INFO - [2025-04-19T08:38:15.934+0000] {dagbag.py:588} INFO - Filling up the DagBag from /home/airflow/.local/lib/python3.12/site-packages/airflow/example_dags/example_dataset_alias.py
[2025-04-19T08:38:16.639+0000] {processor.py:925} INFO - DAG(s) 'dataset_s3_bucket_producer', 'dataset_alias_example_alias_consumer', 'dataset_s3_bucket_consumer', 'dataset_alias_example_alias_producer' retrieved from /home/airflow/.local/lib/python3.12/site-packages/airflow/example_dags/example_dataset_alias.py
[2025-04-19T08:38:16.663+0000] {logging_mixin.py:190} INFO - [2025-04-19T08:38:16.662+0000] {dag.py:3239} INFO - Sync 4 DAGs
[2025-04-19T08:38:16.686+0000] {logging_mixin.py:190} INFO - [2025-04-19T08:38:16.686+0000] {dag.py:4180} INFO - Setting next_dagrun for dataset_alias_example_alias_consumer to None, run_after=None
[2025-04-19T08:38:16.688+0000] {logging_mixin.py:190} INFO - [2025-04-19T08:38:16.688+0000] {dag.py:4180} INFO - Setting next_dagrun for dataset_alias_example_alias_producer to None, run_after=None
[2025-04-19T08:38:16.690+0000] {logging_mixin.py:190} INFO - [2025-04-19T08:38:16.690+0000] {dag.py:4180} INFO - Setting next_dagrun for dataset_s3_bucket_consumer to None, run_after=None
[2025-04-19T08:38:16.691+0000] {logging_mixin.py:190} INFO - [2025-04-19T08:38:16.691+0000] {dag.py:4180} INFO - Setting next_dagrun for dataset_s3_bucket_producer to None, run_after=None
[2025-04-19T08:38:16.707+0000] {processor.py:208} INFO - Processing /home/airflow/.local/lib/python3.12/site-packages/airflow/example_dags/example_dataset_alias.py took 0.782 seconds
[2025-04-19T08:38:46.824+0000] {processor.py:186} INFO - Started process (PID=243) to work on /home/airflow/.local/lib/python3.12/site-packages/airflow/example_dags/example_dataset_alias.py
[2025-04-19T08:38:46.826+0000] {processor.py:914} INFO - Processing file /home/airflow/.local/lib/python3.12/site-packages/airflow/example_dags/example_dataset_alias.py for tasks to queue
[2025-04-19T08:38:46.828+0000] {logging_mixin.py:190} INFO - [2025-04-19T08:38:46.828+0000] {dagbag.py:588} INFO - Filling up the DagBag from /home/airflow/.local/lib/python3.12/site-packages/airflow/example_dags/example_dataset_alias.py
[2025-04-19T08:38:47.607+0000] {processor.py:925} INFO - DAG(s) 'dataset_s3_bucket_producer', 'dataset_alias_example_alias_consumer', 'dataset_alias_example_alias_producer', 'dataset_s3_bucket_consumer' retrieved from /home/airflow/.local/lib/python3.12/site-packages/airflow/example_dags/example_dataset_alias.py
[2025-04-19T08:38:47.623+0000] {logging_mixin.py:190} INFO - [2025-04-19T08:38:47.623+0000] {dag.py:3239} INFO - Sync 4 DAGs
[2025-04-19T08:38:47.640+0000] {logging_mixin.py:190} INFO - [2025-04-19T08:38:47.640+0000] {dag.py:4180} INFO - Setting next_dagrun for dataset_alias_example_alias_consumer to None, run_after=None
[2025-04-19T08:38:47.642+0000] {logging_mixin.py:190} INFO - [2025-04-19T08:38:47.642+0000] {dag.py:4180} INFO - Setting next_dagrun for dataset_alias_example_alias_producer to None, run_after=None
[2025-04-19T08:38:47.643+0000] {logging_mixin.py:190} INFO - [2025-04-19T08:38:47.643+0000] {dag.py:4180} INFO - Setting next_dagrun for dataset_s3_bucket_consumer to None, run_after=None
[2025-04-19T08:38:47.644+0000] {logging_mixin.py:190} INFO - [2025-04-19T08:38:47.644+0000] {dag.py:4180} INFO - Setting next_dagrun for dataset_s3_bucket_producer to None, run_after=None
[2025-04-19T08:38:47.659+0000] {processor.py:208} INFO - Processing /home/airflow/.local/lib/python3.12/site-packages/airflow/example_dags/example_dataset_alias.py took 0.841 seconds
[2025-04-19T08:39:18.574+0000] {processor.py:186} INFO - Started process (PID=308) to work on /home/airflow/.local/lib/python3.12/site-packages/airflow/example_dags/example_dataset_alias.py
[2025-04-19T08:39:18.575+0000] {processor.py:914} INFO - Processing file /home/airflow/.local/lib/python3.12/site-packages/airflow/example_dags/example_dataset_alias.py for tasks to queue
[2025-04-19T08:39:18.577+0000] {logging_mixin.py:190} INFO - [2025-04-19T08:39:18.577+0000] {dagbag.py:588} INFO - Filling up the DagBag from /home/airflow/.local/lib/python3.12/site-packages/airflow/example_dags/example_dataset_alias.py
[2025-04-19T08:39:19.248+0000] {processor.py:925} INFO - DAG(s) 'dataset_s3_bucket_consumer', 'dataset_alias_example_alias_producer', 'dataset_alias_example_alias_consumer', 'dataset_s3_bucket_producer' retrieved from /home/airflow/.local/lib/python3.12/site-packages/airflow/example_dags/example_dataset_alias.py
[2025-04-19T08:39:19.264+0000] {logging_mixin.py:190} INFO - [2025-04-19T08:39:19.264+0000] {dag.py:3239} INFO - Sync 4 DAGs
[2025-04-19T08:39:19.281+0000] {logging_mixin.py:190} INFO - [2025-04-19T08:39:19.281+0000] {dag.py:4180} INFO - Setting next_dagrun for dataset_alias_example_alias_consumer to None, run_after=None
[2025-04-19T08:39:19.283+0000] {logging_mixin.py:190} INFO - [2025-04-19T08:39:19.283+0000] {dag.py:4180} INFO - Setting next_dagrun for dataset_alias_example_alias_producer to None, run_after=None
[2025-04-19T08:39:19.284+0000] {logging_mixin.py:190} INFO - [2025-04-19T08:39:19.284+0000] {dag.py:4180} INFO - Setting next_dagrun for dataset_s3_bucket_consumer to None, run_after=None
[2025-04-19T08:39:19.285+0000] {logging_mixin.py:190} INFO - [2025-04-19T08:39:19.285+0000] {dag.py:4180} INFO - Setting next_dagrun for dataset_s3_bucket_producer to None, run_after=None
[2025-04-19T08:39:19.301+0000] {processor.py:208} INFO - Processing /home/airflow/.local/lib/python3.12/site-packages/airflow/example_dags/example_dataset_alias.py took 0.732 seconds
[2025-04-19T08:39:49.428+0000] {processor.py:186} INFO - Started process (PID=372) to work on /home/airflow/.local/lib/python3.12/site-packages/airflow/example_dags/example_dataset_alias.py
[2025-04-19T08:39:49.429+0000] {processor.py:914} INFO - Processing file /home/airflow/.local/lib/python3.12/site-packages/airflow/example_dags/example_dataset_alias.py for tasks to queue
[2025-04-19T08:39:49.431+0000] {logging_mixin.py:190} INFO - [2025-04-19T08:39:49.430+0000] {dagbag.py:588} INFO - Filling up the DagBag from /home/airflow/.local/lib/python3.12/site-packages/airflow/example_dags/example_dataset_alias.py
[2025-04-19T08:39:49.922+0000] {processor.py:925} INFO - DAG(s) 'dataset_alias_example_alias_consumer', 'dataset_alias_example_alias_producer', 'dataset_s3_bucket_consumer', 'dataset_s3_bucket_producer' retrieved from /home/airflow/.local/lib/python3.12/site-packages/airflow/example_dags/example_dataset_alias.py
[2025-04-19T08:39:49.946+0000] {logging_mixin.py:190} INFO - [2025-04-19T08:39:49.945+0000] {dag.py:3239} INFO - Sync 4 DAGs
[2025-04-19T08:39:49.963+0000] {logging_mixin.py:190} INFO - [2025-04-19T08:39:49.963+0000] {dag.py:4180} INFO - Setting next_dagrun for dataset_alias_example_alias_consumer to None, run_after=None
[2025-04-19T08:39:49.965+0000] {logging_mixin.py:190} INFO - [2025-04-19T08:39:49.965+0000] {dag.py:4180} INFO - Setting next_dagrun for dataset_alias_example_alias_producer to None, run_after=None
[2025-04-19T08:39:49.966+0000] {logging_mixin.py:190} INFO - [2025-04-19T08:39:49.966+0000] {dag.py:4180} INFO - Setting next_dagrun for dataset_s3_bucket_consumer to None, run_after=None
[2025-04-19T08:39:49.967+0000] {logging_mixin.py:190} INFO - [2025-04-19T08:39:49.967+0000] {dag.py:4180} INFO - Setting next_dagrun for dataset_s3_bucket_producer to None, run_after=None
[2025-04-19T08:39:49.982+0000] {processor.py:208} INFO - Processing /home/airflow/.local/lib/python3.12/site-packages/airflow/example_dags/example_dataset_alias.py took 0.559 seconds
[2025-04-19T08:40:20.210+0000] {processor.py:186} INFO - Started process (PID=433) to work on /home/airflow/.local/lib/python3.12/site-packages/airflow/example_dags/example_dataset_alias.py
[2025-04-19T08:40:20.212+0000] {processor.py:914} INFO - Processing file /home/airflow/.local/lib/python3.12/site-packages/airflow/example_dags/example_dataset_alias.py for tasks to queue
[2025-04-19T08:40:20.217+0000] {logging_mixin.py:190} INFO - [2025-04-19T08:40:20.217+0000] {dagbag.py:588} INFO - Filling up the DagBag from /home/airflow/.local/lib/python3.12/site-packages/airflow/example_dags/example_dataset_alias.py
[2025-04-19T08:40:20.852+0000] {processor.py:925} INFO - DAG(s) 'dataset_s3_bucket_consumer', 'dataset_alias_example_alias_producer', 'dataset_s3_bucket_producer', 'dataset_alias_example_alias_consumer' retrieved from /home/airflow/.local/lib/python3.12/site-packages/airflow/example_dags/example_dataset_alias.py
[2025-04-19T08:40:20.868+0000] {logging_mixin.py:190} INFO - [2025-04-19T08:40:20.867+0000] {dag.py:3239} INFO - Sync 4 DAGs
[2025-04-19T08:40:20.887+0000] {logging_mixin.py:190} INFO - [2025-04-19T08:40:20.887+0000] {dag.py:4180} INFO - Setting next_dagrun for dataset_alias_example_alias_consumer to None, run_after=None
[2025-04-19T08:40:20.889+0000] {logging_mixin.py:190} INFO - [2025-04-19T08:40:20.889+0000] {dag.py:4180} INFO - Setting next_dagrun for dataset_alias_example_alias_producer to None, run_after=None
[2025-04-19T08:40:20.890+0000] {logging_mixin.py:190} INFO - [2025-04-19T08:40:20.890+0000] {dag.py:4180} INFO - Setting next_dagrun for dataset_s3_bucket_consumer to None, run_after=None
[2025-04-19T08:40:20.891+0000] {logging_mixin.py:190} INFO - [2025-04-19T08:40:20.891+0000] {dag.py:4180} INFO - Setting next_dagrun for dataset_s3_bucket_producer to None, run_after=None
[2025-04-19T08:40:20.906+0000] {processor.py:208} INFO - Processing /home/airflow/.local/lib/python3.12/site-packages/airflow/example_dags/example_dataset_alias.py took 0.709 seconds
[2025-04-19T08:40:51.932+0000] {processor.py:186} INFO - Started process (PID=498) to work on /home/airflow/.local/lib/python3.12/site-packages/airflow/example_dags/example_dataset_alias.py
[2025-04-19T08:40:51.934+0000] {processor.py:914} INFO - Processing file /home/airflow/.local/lib/python3.12/site-packages/airflow/example_dags/example_dataset_alias.py for tasks to queue
[2025-04-19T08:40:51.938+0000] {logging_mixin.py:190} INFO - [2025-04-19T08:40:51.938+0000] {dagbag.py:588} INFO - Filling up the DagBag from /home/airflow/.local/lib/python3.12/site-packages/airflow/example_dags/example_dataset_alias.py
[2025-04-19T08:40:53.268+0000] {processor.py:925} INFO - DAG(s) 'dataset_alias_example_alias_producer', 'dataset_s3_bucket_producer', 'dataset_alias_example_alias_consumer', 'dataset_s3_bucket_consumer' retrieved from /home/airflow/.local/lib/python3.12/site-packages/airflow/example_dags/example_dataset_alias.py
[2025-04-19T08:40:53.284+0000] {logging_mixin.py:190} INFO - [2025-04-19T08:40:53.283+0000] {dag.py:3239} INFO - Sync 4 DAGs
[2025-04-19T08:40:53.302+0000] {logging_mixin.py:190} INFO - [2025-04-19T08:40:53.302+0000] {dag.py:4180} INFO - Setting next_dagrun for dataset_alias_example_alias_consumer to None, run_after=None
[2025-04-19T08:40:53.304+0000] {logging_mixin.py:190} INFO - [2025-04-19T08:40:53.304+0000] {dag.py:4180} INFO - Setting next_dagrun for dataset_alias_example_alias_producer to None, run_after=None
[2025-04-19T08:40:53.305+0000] {logging_mixin.py:190} INFO - [2025-04-19T08:40:53.305+0000] {dag.py:4180} INFO - Setting next_dagrun for dataset_s3_bucket_consumer to None, run_after=None
[2025-04-19T08:40:53.306+0000] {logging_mixin.py:190} INFO - [2025-04-19T08:40:53.306+0000] {dag.py:4180} INFO - Setting next_dagrun for dataset_s3_bucket_producer to None, run_after=None
[2025-04-19T08:40:53.325+0000] {processor.py:208} INFO - Processing /home/airflow/.local/lib/python3.12/site-packages/airflow/example_dags/example_dataset_alias.py took 1.406 seconds
