[2025-04-19T08:37:48.037+0000] {processor.py:186} INFO - Started process (PID=126) to work on /home/airflow/.local/lib/python3.12/site-packages/airflow/example_dags/example_kubernetes_executor.py
[2025-04-19T08:37:48.038+0000] {processor.py:914} INFO - Processing file /home/airflow/.local/lib/python3.12/site-packages/airflow/example_dags/example_kubernetes_executor.py for tasks to queue
[2025-04-19T08:37:48.040+0000] {logging_mixin.py:190} INFO - [2025-04-19T08:37:48.040+0000] {dagbag.py:588} INFO - Filling up the DagBag from /home/airflow/.local/lib/python3.12/site-packages/airflow/example_dags/example_kubernetes_executor.py
[2025-04-19T08:37:48.065+0000] {processor.py:925} INFO - DAG(s) 'example_kubernetes_executor' retrieved from /home/airflow/.local/lib/python3.12/site-packages/airflow/example_dags/example_kubernetes_executor.py
[2025-04-19T08:37:48.364+0000] {logging_mixin.py:190} INFO - [2025-04-19T08:37:48.363+0000] {override.py:1911} INFO - Created Permission View: can delete on DAG:example_kubernetes_executor
[2025-04-19T08:37:48.383+0000] {logging_mixin.py:190} INFO - [2025-04-19T08:37:48.383+0000] {override.py:1911} INFO - Created Permission View: can edit on DAG:example_kubernetes_executor
[2025-04-19T08:37:48.395+0000] {logging_mixin.py:190} INFO - [2025-04-19T08:37:48.395+0000] {override.py:1911} INFO - Created Permission View: can read on DAG:example_kubernetes_executor
[2025-04-19T08:37:48.406+0000] {logging_mixin.py:190} INFO - [2025-04-19T08:37:48.406+0000] {override.py:1911} INFO - Created Permission View: can delete on DAG Run:example_kubernetes_executor
[2025-04-19T08:37:48.412+0000] {logging_mixin.py:190} INFO - [2025-04-19T08:37:48.412+0000] {override.py:1911} INFO - Created Permission View: can read on DAG Run:example_kubernetes_executor
[2025-04-19T08:37:48.417+0000] {logging_mixin.py:190} INFO - [2025-04-19T08:37:48.417+0000] {override.py:1911} INFO - Created Permission View: can create on DAG Run:example_kubernetes_executor
[2025-04-19T08:37:48.423+0000] {logging_mixin.py:190} INFO - [2025-04-19T08:37:48.422+0000] {override.py:1911} INFO - Created Permission View: menu access on DAG Run:example_kubernetes_executor
[2025-04-19T08:37:48.423+0000] {logging_mixin.py:190} INFO - [2025-04-19T08:37:48.423+0000] {dag.py:3239} INFO - Sync 1 DAGs
[2025-04-19T08:37:48.439+0000] {logging_mixin.py:190} INFO - [2025-04-19T08:37:48.438+0000] {dag.py:3262} INFO - Creating ORM DAG for example_kubernetes_executor
[2025-04-19T08:37:48.439+0000] {logging_mixin.py:190} INFO - [2025-04-19T08:37:48.439+0000] {dag.py:4180} INFO - Setting next_dagrun for example_kubernetes_executor to None, run_after=None
[2025-04-19T08:37:48.457+0000] {processor.py:208} INFO - Processing /home/airflow/.local/lib/python3.12/site-packages/airflow/example_dags/example_kubernetes_executor.py took 0.428 seconds
[2025-04-19T08:38:19.048+0000] {processor.py:186} INFO - Started process (PID=188) to work on /home/airflow/.local/lib/python3.12/site-packages/airflow/example_dags/example_kubernetes_executor.py
[2025-04-19T08:38:19.049+0000] {processor.py:914} INFO - Processing file /home/airflow/.local/lib/python3.12/site-packages/airflow/example_dags/example_kubernetes_executor.py for tasks to queue
[2025-04-19T08:38:19.051+0000] {logging_mixin.py:190} INFO - [2025-04-19T08:38:19.051+0000] {dagbag.py:588} INFO - Filling up the DagBag from /home/airflow/.local/lib/python3.12/site-packages/airflow/example_dags/example_kubernetes_executor.py
[2025-04-19T08:38:19.067+0000] {processor.py:925} INFO - DAG(s) 'example_kubernetes_executor' retrieved from /home/airflow/.local/lib/python3.12/site-packages/airflow/example_dags/example_kubernetes_executor.py
[2025-04-19T08:38:19.108+0000] {logging_mixin.py:190} INFO - [2025-04-19T08:38:19.108+0000] {dag.py:3239} INFO - Sync 1 DAGs
[2025-04-19T08:38:19.124+0000] {logging_mixin.py:190} INFO - [2025-04-19T08:38:19.124+0000] {dag.py:4180} INFO - Setting next_dagrun for example_kubernetes_executor to None, run_after=None
[2025-04-19T08:38:19.142+0000] {processor.py:208} INFO - Processing /home/airflow/.local/lib/python3.12/site-packages/airflow/example_dags/example_kubernetes_executor.py took 0.100 seconds
[2025-04-19T08:38:49.297+0000] {processor.py:186} INFO - Started process (PID=249) to work on /home/airflow/.local/lib/python3.12/site-packages/airflow/example_dags/example_kubernetes_executor.py
[2025-04-19T08:38:49.298+0000] {processor.py:914} INFO - Processing file /home/airflow/.local/lib/python3.12/site-packages/airflow/example_dags/example_kubernetes_executor.py for tasks to queue
[2025-04-19T08:38:49.301+0000] {logging_mixin.py:190} INFO - [2025-04-19T08:38:49.300+0000] {dagbag.py:588} INFO - Filling up the DagBag from /home/airflow/.local/lib/python3.12/site-packages/airflow/example_dags/example_kubernetes_executor.py
[2025-04-19T08:38:49.316+0000] {processor.py:925} INFO - DAG(s) 'example_kubernetes_executor' retrieved from /home/airflow/.local/lib/python3.12/site-packages/airflow/example_dags/example_kubernetes_executor.py
[2025-04-19T08:38:49.355+0000] {logging_mixin.py:190} INFO - [2025-04-19T08:38:49.355+0000] {dag.py:3239} INFO - Sync 1 DAGs
[2025-04-19T08:38:49.373+0000] {logging_mixin.py:190} INFO - [2025-04-19T08:38:49.373+0000] {dag.py:4180} INFO - Setting next_dagrun for example_kubernetes_executor to None, run_after=None
[2025-04-19T08:38:49.446+0000] {processor.py:208} INFO - Processing /home/airflow/.local/lib/python3.12/site-packages/airflow/example_dags/example_kubernetes_executor.py took 0.155 seconds
[2025-04-19T08:39:19.944+0000] {processor.py:186} INFO - Started process (PID=312) to work on /home/airflow/.local/lib/python3.12/site-packages/airflow/example_dags/example_kubernetes_executor.py
[2025-04-19T08:39:19.945+0000] {processor.py:914} INFO - Processing file /home/airflow/.local/lib/python3.12/site-packages/airflow/example_dags/example_kubernetes_executor.py for tasks to queue
[2025-04-19T08:39:19.947+0000] {logging_mixin.py:190} INFO - [2025-04-19T08:39:19.946+0000] {dagbag.py:588} INFO - Filling up the DagBag from /home/airflow/.local/lib/python3.12/site-packages/airflow/example_dags/example_kubernetes_executor.py
[2025-04-19T08:39:19.962+0000] {processor.py:925} INFO - DAG(s) 'example_kubernetes_executor' retrieved from /home/airflow/.local/lib/python3.12/site-packages/airflow/example_dags/example_kubernetes_executor.py
[2025-04-19T08:39:20.000+0000] {logging_mixin.py:190} INFO - [2025-04-19T08:39:20.000+0000] {dag.py:3239} INFO - Sync 1 DAGs
[2025-04-19T08:39:20.020+0000] {logging_mixin.py:190} INFO - [2025-04-19T08:39:20.019+0000] {dag.py:4180} INFO - Setting next_dagrun for example_kubernetes_executor to None, run_after=None
[2025-04-19T08:39:20.040+0000] {processor.py:208} INFO - Processing /home/airflow/.local/lib/python3.12/site-packages/airflow/example_dags/example_kubernetes_executor.py took 0.102 seconds
[2025-04-19T08:39:50.473+0000] {processor.py:186} INFO - Started process (PID=374) to work on /home/airflow/.local/lib/python3.12/site-packages/airflow/example_dags/example_kubernetes_executor.py
[2025-04-19T08:39:50.473+0000] {processor.py:914} INFO - Processing file /home/airflow/.local/lib/python3.12/site-packages/airflow/example_dags/example_kubernetes_executor.py for tasks to queue
[2025-04-19T08:39:50.476+0000] {logging_mixin.py:190} INFO - [2025-04-19T08:39:50.475+0000] {dagbag.py:588} INFO - Filling up the DagBag from /home/airflow/.local/lib/python3.12/site-packages/airflow/example_dags/example_kubernetes_executor.py
[2025-04-19T08:39:50.491+0000] {processor.py:925} INFO - DAG(s) 'example_kubernetes_executor' retrieved from /home/airflow/.local/lib/python3.12/site-packages/airflow/example_dags/example_kubernetes_executor.py
[2025-04-19T08:39:50.529+0000] {logging_mixin.py:190} INFO - [2025-04-19T08:39:50.529+0000] {dag.py:3239} INFO - Sync 1 DAGs
[2025-04-19T08:39:50.545+0000] {logging_mixin.py:190} INFO - [2025-04-19T08:39:50.545+0000] {dag.py:4180} INFO - Setting next_dagrun for example_kubernetes_executor to None, run_after=None
[2025-04-19T08:39:50.562+0000] {processor.py:208} INFO - Processing /home/airflow/.local/lib/python3.12/site-packages/airflow/example_dags/example_kubernetes_executor.py took 0.097 seconds
[2025-04-19T08:40:20.951+0000] {processor.py:186} INFO - Started process (PID=437) to work on /home/airflow/.local/lib/python3.12/site-packages/airflow/example_dags/example_kubernetes_executor.py
[2025-04-19T08:40:20.952+0000] {processor.py:914} INFO - Processing file /home/airflow/.local/lib/python3.12/site-packages/airflow/example_dags/example_kubernetes_executor.py for tasks to queue
[2025-04-19T08:40:20.954+0000] {logging_mixin.py:190} INFO - [2025-04-19T08:40:20.954+0000] {dagbag.py:588} INFO - Filling up the DagBag from /home/airflow/.local/lib/python3.12/site-packages/airflow/example_dags/example_kubernetes_executor.py
[2025-04-19T08:40:20.970+0000] {processor.py:925} INFO - DAG(s) 'example_kubernetes_executor' retrieved from /home/airflow/.local/lib/python3.12/site-packages/airflow/example_dags/example_kubernetes_executor.py
[2025-04-19T08:40:21.008+0000] {logging_mixin.py:190} INFO - [2025-04-19T08:40:21.008+0000] {dag.py:3239} INFO - Sync 1 DAGs
[2025-04-19T08:40:21.024+0000] {logging_mixin.py:190} INFO - [2025-04-19T08:40:21.024+0000] {dag.py:4180} INFO - Setting next_dagrun for example_kubernetes_executor to None, run_after=None
[2025-04-19T08:40:21.043+0000] {processor.py:208} INFO - Processing /home/airflow/.local/lib/python3.12/site-packages/airflow/example_dags/example_kubernetes_executor.py took 0.098 seconds
[2025-04-19T08:40:52.397+0000] {processor.py:186} INFO - Started process (PID=500) to work on /home/airflow/.local/lib/python3.12/site-packages/airflow/example_dags/example_kubernetes_executor.py
[2025-04-19T08:40:52.400+0000] {processor.py:914} INFO - Processing file /home/airflow/.local/lib/python3.12/site-packages/airflow/example_dags/example_kubernetes_executor.py for tasks to queue
[2025-04-19T08:40:52.404+0000] {logging_mixin.py:190} INFO - [2025-04-19T08:40:52.404+0000] {dagbag.py:588} INFO - Filling up the DagBag from /home/airflow/.local/lib/python3.12/site-packages/airflow/example_dags/example_kubernetes_executor.py
[2025-04-19T08:40:52.432+0000] {processor.py:925} INFO - DAG(s) 'example_kubernetes_executor' retrieved from /home/airflow/.local/lib/python3.12/site-packages/airflow/example_dags/example_kubernetes_executor.py
[2025-04-19T08:40:52.478+0000] {logging_mixin.py:190} INFO - [2025-04-19T08:40:52.478+0000] {dag.py:3239} INFO - Sync 1 DAGs
[2025-04-19T08:40:52.496+0000] {logging_mixin.py:190} INFO - [2025-04-19T08:40:52.496+0000] {dag.py:4180} INFO - Setting next_dagrun for example_kubernetes_executor to None, run_after=None
[2025-04-19T08:40:52.528+0000] {processor.py:208} INFO - Processing /home/airflow/.local/lib/python3.12/site-packages/airflow/example_dags/example_kubernetes_executor.py took 0.152 seconds
