[2025-04-19T08:37:23.006+0000] {processor.py:186} INFO - Started process (PID=81) to work on /home/airflow/.local/lib/python3.12/site-packages/airflow/example_dags/example_xcomargs.py
[2025-04-19T08:37:23.007+0000] {processor.py:914} INFO - Processing file /home/airflow/.local/lib/python3.12/site-packages/airflow/example_dags/example_xcomargs.py for tasks to queue
[2025-04-19T08:37:23.013+0000] {logging_mixin.py:190} INFO - [2025-04-19T08:37:23.013+0000] {dagbag.py:588} INFO - Filling up the DagBag from /home/airflow/.local/lib/python3.12/site-packages/airflow/example_dags/example_xcomargs.py
[2025-04-19T08:37:23.038+0000] {processor.py:925} INFO - DAG(s) 'example_xcom_args_with_operators', 'example_xcom_args' retrieved from /home/airflow/.local/lib/python3.12/site-packages/airflow/example_dags/example_xcomargs.py
[2025-04-19T08:37:23.394+0000] {logging_mixin.py:190} INFO - [2025-04-19T08:37:23.394+0000] {override.py:1911} INFO - Created Permission View: can delete on DAG:example_xcom_args_with_operators
[2025-04-19T08:37:23.416+0000] {logging_mixin.py:190} INFO - [2025-04-19T08:37:23.415+0000] {override.py:1911} INFO - Created Permission View: can edit on DAG:example_xcom_args_with_operators
[2025-04-19T08:37:23.427+0000] {logging_mixin.py:190} INFO - [2025-04-19T08:37:23.426+0000] {override.py:1911} INFO - Created Permission View: can read on DAG:example_xcom_args_with_operators
[2025-04-19T08:37:23.443+0000] {logging_mixin.py:190} INFO - [2025-04-19T08:37:23.443+0000] {override.py:1911} INFO - Created Permission View: can delete on DAG Run:example_xcom_args_with_operators
[2025-04-19T08:37:23.453+0000] {logging_mixin.py:190} INFO - [2025-04-19T08:37:23.453+0000] {override.py:1911} INFO - Created Permission View: can read on DAG Run:example_xcom_args_with_operators
[2025-04-19T08:37:23.480+0000] {logging_mixin.py:190} INFO - [2025-04-19T08:37:23.480+0000] {override.py:1911} INFO - Created Permission View: can create on DAG Run:example_xcom_args_with_operators
[2025-04-19T08:37:23.505+0000] {logging_mixin.py:190} INFO - [2025-04-19T08:37:23.505+0000] {override.py:1911} INFO - Created Permission View: menu access on DAG Run:example_xcom_args_with_operators
[2025-04-19T08:37:23.557+0000] {logging_mixin.py:190} INFO - [2025-04-19T08:37:23.557+0000] {override.py:1911} INFO - Created Permission View: can delete on DAG:example_xcom_args
[2025-04-19T08:37:23.581+0000] {logging_mixin.py:190} INFO - [2025-04-19T08:37:23.581+0000] {override.py:1911} INFO - Created Permission View: can edit on DAG:example_xcom_args
[2025-04-19T08:37:23.610+0000] {logging_mixin.py:190} INFO - [2025-04-19T08:37:23.610+0000] {override.py:1911} INFO - Created Permission View: can read on DAG:example_xcom_args
[2025-04-19T08:37:23.639+0000] {logging_mixin.py:190} INFO - [2025-04-19T08:37:23.638+0000] {override.py:1911} INFO - Created Permission View: can delete on DAG Run:example_xcom_args
[2025-04-19T08:37:23.669+0000] {logging_mixin.py:190} INFO - [2025-04-19T08:37:23.669+0000] {override.py:1911} INFO - Created Permission View: can read on DAG Run:example_xcom_args
[2025-04-19T08:37:23.683+0000] {logging_mixin.py:190} INFO - [2025-04-19T08:37:23.683+0000] {override.py:1911} INFO - Created Permission View: can create on DAG Run:example_xcom_args
[2025-04-19T08:37:23.715+0000] {logging_mixin.py:190} INFO - [2025-04-19T08:37:23.714+0000] {override.py:1911} INFO - Created Permission View: menu access on DAG Run:example_xcom_args
[2025-04-19T08:37:23.721+0000] {logging_mixin.py:190} INFO - [2025-04-19T08:37:23.721+0000] {dag.py:3239} INFO - Sync 2 DAGs
[2025-04-19T08:37:23.805+0000] {logging_mixin.py:190} INFO - [2025-04-19T08:37:23.797+0000] {dag.py:3262} INFO - Creating ORM DAG for example_xcom_args_with_operators
[2025-04-19T08:37:23.806+0000] {logging_mixin.py:190} INFO - [2025-04-19T08:37:23.806+0000] {dag.py:3262} INFO - Creating ORM DAG for example_xcom_args
[2025-04-19T08:37:23.809+0000] {logging_mixin.py:190} INFO - [2025-04-19T08:37:23.808+0000] {dag.py:4180} INFO - Setting next_dagrun for example_xcom_args to None, run_after=None
[2025-04-19T08:37:23.813+0000] {logging_mixin.py:190} INFO - [2025-04-19T08:37:23.812+0000] {dag.py:4180} INFO - Setting next_dagrun for example_xcom_args_with_operators to None, run_after=None
[2025-04-19T08:37:23.906+0000] {processor.py:208} INFO - Processing /home/airflow/.local/lib/python3.12/site-packages/airflow/example_dags/example_xcomargs.py took 0.911 seconds
[2025-04-19T08:37:54.587+0000] {processor.py:186} INFO - Started process (PID=144) to work on /home/airflow/.local/lib/python3.12/site-packages/airflow/example_dags/example_xcomargs.py
[2025-04-19T08:37:54.588+0000] {processor.py:914} INFO - Processing file /home/airflow/.local/lib/python3.12/site-packages/airflow/example_dags/example_xcomargs.py for tasks to queue
[2025-04-19T08:37:54.593+0000] {logging_mixin.py:190} INFO - [2025-04-19T08:37:54.593+0000] {dagbag.py:588} INFO - Filling up the DagBag from /home/airflow/.local/lib/python3.12/site-packages/airflow/example_dags/example_xcomargs.py
[2025-04-19T08:37:54.609+0000] {processor.py:925} INFO - DAG(s) 'example_xcom_args', 'example_xcom_args_with_operators' retrieved from /home/airflow/.local/lib/python3.12/site-packages/airflow/example_dags/example_xcomargs.py
[2025-04-19T08:37:54.642+0000] {logging_mixin.py:190} INFO - [2025-04-19T08:37:54.642+0000] {dag.py:3239} INFO - Sync 2 DAGs
[2025-04-19T08:37:54.661+0000] {logging_mixin.py:190} INFO - [2025-04-19T08:37:54.660+0000] {dag.py:4180} INFO - Setting next_dagrun for example_xcom_args to None, run_after=None
[2025-04-19T08:37:54.665+0000] {logging_mixin.py:190} INFO - [2025-04-19T08:37:54.664+0000] {dag.py:4180} INFO - Setting next_dagrun for example_xcom_args_with_operators to None, run_after=None
[2025-04-19T08:37:54.689+0000] {processor.py:208} INFO - Processing /home/airflow/.local/lib/python3.12/site-packages/airflow/example_dags/example_xcomargs.py took 0.108 seconds
[2025-04-19T08:38:24.981+0000] {processor.py:186} INFO - Started process (PID=206) to work on /home/airflow/.local/lib/python3.12/site-packages/airflow/example_dags/example_xcomargs.py
[2025-04-19T08:38:24.981+0000] {processor.py:914} INFO - Processing file /home/airflow/.local/lib/python3.12/site-packages/airflow/example_dags/example_xcomargs.py for tasks to queue
[2025-04-19T08:38:24.983+0000] {logging_mixin.py:190} INFO - [2025-04-19T08:38:24.983+0000] {dagbag.py:588} INFO - Filling up the DagBag from /home/airflow/.local/lib/python3.12/site-packages/airflow/example_dags/example_xcomargs.py
[2025-04-19T08:38:24.991+0000] {processor.py:925} INFO - DAG(s) 'example_xcom_args_with_operators', 'example_xcom_args' retrieved from /home/airflow/.local/lib/python3.12/site-packages/airflow/example_dags/example_xcomargs.py
[2025-04-19T08:38:25.011+0000] {logging_mixin.py:190} INFO - [2025-04-19T08:38:25.011+0000] {dag.py:3239} INFO - Sync 2 DAGs
[2025-04-19T08:38:25.024+0000] {logging_mixin.py:190} INFO - [2025-04-19T08:38:25.024+0000] {dag.py:4180} INFO - Setting next_dagrun for example_xcom_args to None, run_after=None
[2025-04-19T08:38:25.027+0000] {logging_mixin.py:190} INFO - [2025-04-19T08:38:25.027+0000] {dag.py:4180} INFO - Setting next_dagrun for example_xcom_args_with_operators to None, run_after=None
[2025-04-19T08:38:25.038+0000] {processor.py:208} INFO - Processing /home/airflow/.local/lib/python3.12/site-packages/airflow/example_dags/example_xcomargs.py took 0.062 seconds
[2025-04-19T08:38:55.710+0000] {processor.py:186} INFO - Started process (PID=268) to work on /home/airflow/.local/lib/python3.12/site-packages/airflow/example_dags/example_xcomargs.py
[2025-04-19T08:38:55.712+0000] {processor.py:914} INFO - Processing file /home/airflow/.local/lib/python3.12/site-packages/airflow/example_dags/example_xcomargs.py for tasks to queue
[2025-04-19T08:38:55.715+0000] {logging_mixin.py:190} INFO - [2025-04-19T08:38:55.714+0000] {dagbag.py:588} INFO - Filling up the DagBag from /home/airflow/.local/lib/python3.12/site-packages/airflow/example_dags/example_xcomargs.py
[2025-04-19T08:38:55.724+0000] {processor.py:925} INFO - DAG(s) 'example_xcom_args', 'example_xcom_args_with_operators' retrieved from /home/airflow/.local/lib/python3.12/site-packages/airflow/example_dags/example_xcomargs.py
[2025-04-19T08:38:55.747+0000] {logging_mixin.py:190} INFO - [2025-04-19T08:38:55.746+0000] {dag.py:3239} INFO - Sync 2 DAGs
[2025-04-19T08:38:55.763+0000] {logging_mixin.py:190} INFO - [2025-04-19T08:38:55.763+0000] {dag.py:4180} INFO - Setting next_dagrun for example_xcom_args to None, run_after=None
[2025-04-19T08:38:55.766+0000] {logging_mixin.py:190} INFO - [2025-04-19T08:38:55.766+0000] {dag.py:4180} INFO - Setting next_dagrun for example_xcom_args_with_operators to None, run_after=None
[2025-04-19T08:38:55.780+0000] {processor.py:208} INFO - Processing /home/airflow/.local/lib/python3.12/site-packages/airflow/example_dags/example_xcomargs.py took 0.075 seconds
[2025-04-19T08:39:25.861+0000] {processor.py:186} INFO - Started process (PID=331) to work on /home/airflow/.local/lib/python3.12/site-packages/airflow/example_dags/example_xcomargs.py
[2025-04-19T08:39:25.862+0000] {processor.py:914} INFO - Processing file /home/airflow/.local/lib/python3.12/site-packages/airflow/example_dags/example_xcomargs.py for tasks to queue
[2025-04-19T08:39:25.865+0000] {logging_mixin.py:190} INFO - [2025-04-19T08:39:25.864+0000] {dagbag.py:588} INFO - Filling up the DagBag from /home/airflow/.local/lib/python3.12/site-packages/airflow/example_dags/example_xcomargs.py
[2025-04-19T08:39:25.874+0000] {processor.py:925} INFO - DAG(s) 'example_xcom_args', 'example_xcom_args_with_operators' retrieved from /home/airflow/.local/lib/python3.12/site-packages/airflow/example_dags/example_xcomargs.py
[2025-04-19T08:39:25.892+0000] {logging_mixin.py:190} INFO - [2025-04-19T08:39:25.892+0000] {dag.py:3239} INFO - Sync 2 DAGs
[2025-04-19T08:39:25.904+0000] {logging_mixin.py:190} INFO - [2025-04-19T08:39:25.904+0000] {dag.py:4180} INFO - Setting next_dagrun for example_xcom_args to None, run_after=None
[2025-04-19T08:39:25.907+0000] {logging_mixin.py:190} INFO - [2025-04-19T08:39:25.907+0000] {dag.py:4180} INFO - Setting next_dagrun for example_xcom_args_with_operators to None, run_after=None
[2025-04-19T08:39:25.920+0000] {processor.py:208} INFO - Processing /home/airflow/.local/lib/python3.12/site-packages/airflow/example_dags/example_xcomargs.py took 0.065 seconds
[2025-04-19T08:39:56.244+0000] {processor.py:186} INFO - Started process (PID=392) to work on /home/airflow/.local/lib/python3.12/site-packages/airflow/example_dags/example_xcomargs.py
[2025-04-19T08:39:56.244+0000] {processor.py:914} INFO - Processing file /home/airflow/.local/lib/python3.12/site-packages/airflow/example_dags/example_xcomargs.py for tasks to queue
[2025-04-19T08:39:56.246+0000] {logging_mixin.py:190} INFO - [2025-04-19T08:39:56.246+0000] {dagbag.py:588} INFO - Filling up the DagBag from /home/airflow/.local/lib/python3.12/site-packages/airflow/example_dags/example_xcomargs.py
[2025-04-19T08:39:56.254+0000] {processor.py:925} INFO - DAG(s) 'example_xcom_args_with_operators', 'example_xcom_args' retrieved from /home/airflow/.local/lib/python3.12/site-packages/airflow/example_dags/example_xcomargs.py
[2025-04-19T08:39:56.271+0000] {logging_mixin.py:190} INFO - [2025-04-19T08:39:56.271+0000] {dag.py:3239} INFO - Sync 2 DAGs
[2025-04-19T08:39:56.283+0000] {logging_mixin.py:190} INFO - [2025-04-19T08:39:56.283+0000] {dag.py:4180} INFO - Setting next_dagrun for example_xcom_args to None, run_after=None
[2025-04-19T08:39:56.286+0000] {logging_mixin.py:190} INFO - [2025-04-19T08:39:56.286+0000] {dag.py:4180} INFO - Setting next_dagrun for example_xcom_args_with_operators to None, run_after=None
[2025-04-19T08:39:56.298+0000] {processor.py:208} INFO - Processing /home/airflow/.local/lib/python3.12/site-packages/airflow/example_dags/example_xcomargs.py took 0.059 seconds
[2025-04-19T08:40:26.815+0000] {processor.py:186} INFO - Started process (PID=455) to work on /home/airflow/.local/lib/python3.12/site-packages/airflow/example_dags/example_xcomargs.py
[2025-04-19T08:40:26.815+0000] {processor.py:914} INFO - Processing file /home/airflow/.local/lib/python3.12/site-packages/airflow/example_dags/example_xcomargs.py for tasks to queue
[2025-04-19T08:40:26.817+0000] {logging_mixin.py:190} INFO - [2025-04-19T08:40:26.817+0000] {dagbag.py:588} INFO - Filling up the DagBag from /home/airflow/.local/lib/python3.12/site-packages/airflow/example_dags/example_xcomargs.py
[2025-04-19T08:40:26.825+0000] {processor.py:925} INFO - DAG(s) 'example_xcom_args_with_operators', 'example_xcom_args' retrieved from /home/airflow/.local/lib/python3.12/site-packages/airflow/example_dags/example_xcomargs.py
[2025-04-19T08:40:26.843+0000] {logging_mixin.py:190} INFO - [2025-04-19T08:40:26.842+0000] {dag.py:3239} INFO - Sync 2 DAGs
[2025-04-19T08:40:26.854+0000] {logging_mixin.py:190} INFO - [2025-04-19T08:40:26.854+0000] {dag.py:4180} INFO - Setting next_dagrun for example_xcom_args to None, run_after=None
[2025-04-19T08:40:26.857+0000] {logging_mixin.py:190} INFO - [2025-04-19T08:40:26.857+0000] {dag.py:4180} INFO - Setting next_dagrun for example_xcom_args_with_operators to None, run_after=None
[2025-04-19T08:40:26.868+0000] {processor.py:208} INFO - Processing /home/airflow/.local/lib/python3.12/site-packages/airflow/example_dags/example_xcomargs.py took 0.058 seconds
[2025-04-19T08:40:57.112+0000] {processor.py:186} INFO - Started process (PID=517) to work on /home/airflow/.local/lib/python3.12/site-packages/airflow/example_dags/example_xcomargs.py
[2025-04-19T08:40:57.113+0000] {processor.py:914} INFO - Processing file /home/airflow/.local/lib/python3.12/site-packages/airflow/example_dags/example_xcomargs.py for tasks to queue
[2025-04-19T08:40:57.115+0000] {logging_mixin.py:190} INFO - [2025-04-19T08:40:57.114+0000] {dagbag.py:588} INFO - Filling up the DagBag from /home/airflow/.local/lib/python3.12/site-packages/airflow/example_dags/example_xcomargs.py
[2025-04-19T08:40:57.123+0000] {processor.py:925} INFO - DAG(s) 'example_xcom_args_with_operators', 'example_xcom_args' retrieved from /home/airflow/.local/lib/python3.12/site-packages/airflow/example_dags/example_xcomargs.py
[2025-04-19T08:40:57.153+0000] {logging_mixin.py:190} INFO - [2025-04-19T08:40:57.153+0000] {dag.py:3239} INFO - Sync 2 DAGs
[2025-04-19T08:40:57.184+0000] {logging_mixin.py:190} INFO - [2025-04-19T08:40:57.184+0000] {dag.py:4180} INFO - Setting next_dagrun for example_xcom_args to None, run_after=None
[2025-04-19T08:40:57.187+0000] {logging_mixin.py:190} INFO - [2025-04-19T08:40:57.187+0000] {dag.py:4180} INFO - Setting next_dagrun for example_xcom_args_with_operators to None, run_after=None
[2025-04-19T08:40:57.198+0000] {processor.py:208} INFO - Processing /home/airflow/.local/lib/python3.12/site-packages/airflow/example_dags/example_xcomargs.py took 0.093 seconds
