[2025-04-19T08:37:21.492+0000] {processor.py:186} INFO - Started process (PID=80) to work on /home/airflow/.local/lib/python3.12/site-packages/airflow/example_dags/example_sensor_decorator.py
[2025-04-19T08:37:21.493+0000] {processor.py:914} INFO - Processing file /home/airflow/.local/lib/python3.12/site-packages/airflow/example_dags/example_sensor_decorator.py for tasks to queue
[2025-04-19T08:37:21.501+0000] {logging_mixin.py:190} INFO - [2025-04-19T08:37:21.500+0000] {dagbag.py:588} INFO - Filling up the DagBag from /home/airflow/.local/lib/python3.12/site-packages/airflow/example_dags/example_sensor_decorator.py
[2025-04-19T08:37:21.584+0000] {processor.py:925} INFO - DAG(s) 'example_sensor_decorator' retrieved from /home/airflow/.local/lib/python3.12/site-packages/airflow/example_dags/example_sensor_decorator.py
[2025-04-19T08:37:22.497+0000] {logging_mixin.py:190} INFO - [2025-04-19T08:37:22.497+0000] {override.py:1911} INFO - Created Permission View: can delete on DAG:example_sensor_decorator
[2025-04-19T08:37:22.643+0000] {logging_mixin.py:190} INFO - [2025-04-19T08:37:22.642+0000] {override.py:1911} INFO - Created Permission View: can edit on DAG:example_sensor_decorator
[2025-04-19T08:37:22.682+0000] {logging_mixin.py:190} INFO - [2025-04-19T08:37:22.682+0000] {override.py:1911} INFO - Created Permission View: can read on DAG:example_sensor_decorator
[2025-04-19T08:37:22.714+0000] {logging_mixin.py:190} INFO - [2025-04-19T08:37:22.714+0000] {override.py:1911} INFO - Created Permission View: can delete on DAG Run:example_sensor_decorator
[2025-04-19T08:37:22.736+0000] {logging_mixin.py:190} INFO - [2025-04-19T08:37:22.736+0000] {override.py:1911} INFO - Created Permission View: can read on DAG Run:example_sensor_decorator
[2025-04-19T08:37:22.752+0000] {logging_mixin.py:190} INFO - [2025-04-19T08:37:22.752+0000] {override.py:1911} INFO - Created Permission View: can create on DAG Run:example_sensor_decorator
[2025-04-19T08:37:22.775+0000] {logging_mixin.py:190} INFO - [2025-04-19T08:37:22.774+0000] {override.py:1911} INFO - Created Permission View: menu access on DAG Run:example_sensor_decorator
[2025-04-19T08:37:22.776+0000] {logging_mixin.py:190} INFO - [2025-04-19T08:37:22.776+0000] {dag.py:3239} INFO - Sync 1 DAGs
[2025-04-19T08:37:22.830+0000] {logging_mixin.py:190} INFO - [2025-04-19T08:37:22.826+0000] {dag.py:3262} INFO - Creating ORM DAG for example_sensor_decorator
[2025-04-19T08:37:22.832+0000] {logging_mixin.py:190} INFO - [2025-04-19T08:37:22.831+0000] {dag.py:4180} INFO - Setting next_dagrun for example_sensor_decorator to None, run_after=None
[2025-04-19T08:37:22.916+0000] {processor.py:208} INFO - Processing /home/airflow/.local/lib/python3.12/site-packages/airflow/example_dags/example_sensor_decorator.py took 1.460 seconds
[2025-04-19T08:37:53.852+0000] {processor.py:186} INFO - Started process (PID=143) to work on /home/airflow/.local/lib/python3.12/site-packages/airflow/example_dags/example_sensor_decorator.py
[2025-04-19T08:37:53.853+0000] {processor.py:914} INFO - Processing file /home/airflow/.local/lib/python3.12/site-packages/airflow/example_dags/example_sensor_decorator.py for tasks to queue
[2025-04-19T08:37:53.857+0000] {logging_mixin.py:190} INFO - [2025-04-19T08:37:53.855+0000] {dagbag.py:588} INFO - Filling up the DagBag from /home/airflow/.local/lib/python3.12/site-packages/airflow/example_dags/example_sensor_decorator.py
[2025-04-19T08:37:53.892+0000] {processor.py:925} INFO - DAG(s) 'example_sensor_decorator' retrieved from /home/airflow/.local/lib/python3.12/site-packages/airflow/example_dags/example_sensor_decorator.py
[2025-04-19T08:37:53.946+0000] {logging_mixin.py:190} INFO - [2025-04-19T08:37:53.945+0000] {dag.py:3239} INFO - Sync 1 DAGs
[2025-04-19T08:37:54.014+0000] {logging_mixin.py:190} INFO - [2025-04-19T08:37:54.014+0000] {dag.py:4180} INFO - Setting next_dagrun for example_sensor_decorator to None, run_after=None
[2025-04-19T08:37:54.511+0000] {processor.py:208} INFO - Processing /home/airflow/.local/lib/python3.12/site-packages/airflow/example_dags/example_sensor_decorator.py took 0.664 seconds
[2025-04-19T08:38:24.898+0000] {processor.py:186} INFO - Started process (PID=205) to work on /home/airflow/.local/lib/python3.12/site-packages/airflow/example_dags/example_sensor_decorator.py
[2025-04-19T08:38:24.899+0000] {processor.py:914} INFO - Processing file /home/airflow/.local/lib/python3.12/site-packages/airflow/example_dags/example_sensor_decorator.py for tasks to queue
[2025-04-19T08:38:24.901+0000] {logging_mixin.py:190} INFO - [2025-04-19T08:38:24.901+0000] {dagbag.py:588} INFO - Filling up the DagBag from /home/airflow/.local/lib/python3.12/site-packages/airflow/example_dags/example_sensor_decorator.py
[2025-04-19T08:38:24.909+0000] {processor.py:925} INFO - DAG(s) 'example_sensor_decorator' retrieved from /home/airflow/.local/lib/python3.12/site-packages/airflow/example_dags/example_sensor_decorator.py
[2025-04-19T08:38:24.928+0000] {logging_mixin.py:190} INFO - [2025-04-19T08:38:24.928+0000] {dag.py:3239} INFO - Sync 1 DAGs
[2025-04-19T08:38:24.944+0000] {logging_mixin.py:190} INFO - [2025-04-19T08:38:24.944+0000] {dag.py:4180} INFO - Setting next_dagrun for example_sensor_decorator to None, run_after=None
[2025-04-19T08:38:24.962+0000] {processor.py:208} INFO - Processing /home/airflow/.local/lib/python3.12/site-packages/airflow/example_dags/example_sensor_decorator.py took 0.073 seconds
[2025-04-19T08:38:55.543+0000] {processor.py:186} INFO - Started process (PID=267) to work on /home/airflow/.local/lib/python3.12/site-packages/airflow/example_dags/example_sensor_decorator.py
[2025-04-19T08:38:55.544+0000] {processor.py:914} INFO - Processing file /home/airflow/.local/lib/python3.12/site-packages/airflow/example_dags/example_sensor_decorator.py for tasks to queue
[2025-04-19T08:38:55.548+0000] {logging_mixin.py:190} INFO - [2025-04-19T08:38:55.548+0000] {dagbag.py:588} INFO - Filling up the DagBag from /home/airflow/.local/lib/python3.12/site-packages/airflow/example_dags/example_sensor_decorator.py
[2025-04-19T08:38:55.560+0000] {processor.py:925} INFO - DAG(s) 'example_sensor_decorator' retrieved from /home/airflow/.local/lib/python3.12/site-packages/airflow/example_dags/example_sensor_decorator.py
[2025-04-19T08:38:55.613+0000] {logging_mixin.py:190} INFO - [2025-04-19T08:38:55.612+0000] {dag.py:3239} INFO - Sync 1 DAGs
[2025-04-19T08:38:55.637+0000] {logging_mixin.py:190} INFO - [2025-04-19T08:38:55.636+0000] {dag.py:4180} INFO - Setting next_dagrun for example_sensor_decorator to None, run_after=None
[2025-04-19T08:38:55.655+0000] {processor.py:208} INFO - Processing /home/airflow/.local/lib/python3.12/site-packages/airflow/example_dags/example_sensor_decorator.py took 0.125 seconds
[2025-04-19T08:39:25.764+0000] {processor.py:186} INFO - Started process (PID=330) to work on /home/airflow/.local/lib/python3.12/site-packages/airflow/example_dags/example_sensor_decorator.py
[2025-04-19T08:39:25.766+0000] {processor.py:914} INFO - Processing file /home/airflow/.local/lib/python3.12/site-packages/airflow/example_dags/example_sensor_decorator.py for tasks to queue
[2025-04-19T08:39:25.768+0000] {logging_mixin.py:190} INFO - [2025-04-19T08:39:25.768+0000] {dagbag.py:588} INFO - Filling up the DagBag from /home/airflow/.local/lib/python3.12/site-packages/airflow/example_dags/example_sensor_decorator.py
[2025-04-19T08:39:25.777+0000] {processor.py:925} INFO - DAG(s) 'example_sensor_decorator' retrieved from /home/airflow/.local/lib/python3.12/site-packages/airflow/example_dags/example_sensor_decorator.py
[2025-04-19T08:39:25.798+0000] {logging_mixin.py:190} INFO - [2025-04-19T08:39:25.797+0000] {dag.py:3239} INFO - Sync 1 DAGs
[2025-04-19T08:39:25.815+0000] {logging_mixin.py:190} INFO - [2025-04-19T08:39:25.815+0000] {dag.py:4180} INFO - Setting next_dagrun for example_sensor_decorator to None, run_after=None
[2025-04-19T08:39:25.835+0000] {processor.py:208} INFO - Processing /home/airflow/.local/lib/python3.12/site-packages/airflow/example_dags/example_sensor_decorator.py took 0.077 seconds
[2025-04-19T08:39:56.153+0000] {processor.py:186} INFO - Started process (PID=391) to work on /home/airflow/.local/lib/python3.12/site-packages/airflow/example_dags/example_sensor_decorator.py
[2025-04-19T08:39:56.155+0000] {processor.py:914} INFO - Processing file /home/airflow/.local/lib/python3.12/site-packages/airflow/example_dags/example_sensor_decorator.py for tasks to queue
[2025-04-19T08:39:56.157+0000] {logging_mixin.py:190} INFO - [2025-04-19T08:39:56.157+0000] {dagbag.py:588} INFO - Filling up the DagBag from /home/airflow/.local/lib/python3.12/site-packages/airflow/example_dags/example_sensor_decorator.py
[2025-04-19T08:39:56.165+0000] {processor.py:925} INFO - DAG(s) 'example_sensor_decorator' retrieved from /home/airflow/.local/lib/python3.12/site-packages/airflow/example_dags/example_sensor_decorator.py
[2025-04-19T08:39:56.185+0000] {logging_mixin.py:190} INFO - [2025-04-19T08:39:56.185+0000] {dag.py:3239} INFO - Sync 1 DAGs
[2025-04-19T08:39:56.201+0000] {logging_mixin.py:190} INFO - [2025-04-19T08:39:56.201+0000] {dag.py:4180} INFO - Setting next_dagrun for example_sensor_decorator to None, run_after=None
[2025-04-19T08:39:56.219+0000] {processor.py:208} INFO - Processing /home/airflow/.local/lib/python3.12/site-packages/airflow/example_dags/example_sensor_decorator.py took 0.072 seconds
[2025-04-19T08:40:26.717+0000] {processor.py:186} INFO - Started process (PID=454) to work on /home/airflow/.local/lib/python3.12/site-packages/airflow/example_dags/example_sensor_decorator.py
[2025-04-19T08:40:26.718+0000] {processor.py:914} INFO - Processing file /home/airflow/.local/lib/python3.12/site-packages/airflow/example_dags/example_sensor_decorator.py for tasks to queue
[2025-04-19T08:40:26.721+0000] {logging_mixin.py:190} INFO - [2025-04-19T08:40:26.721+0000] {dagbag.py:588} INFO - Filling up the DagBag from /home/airflow/.local/lib/python3.12/site-packages/airflow/example_dags/example_sensor_decorator.py
[2025-04-19T08:40:26.732+0000] {processor.py:925} INFO - DAG(s) 'example_sensor_decorator' retrieved from /home/airflow/.local/lib/python3.12/site-packages/airflow/example_dags/example_sensor_decorator.py
[2025-04-19T08:40:26.753+0000] {logging_mixin.py:190} INFO - [2025-04-19T08:40:26.753+0000] {dag.py:3239} INFO - Sync 1 DAGs
[2025-04-19T08:40:26.770+0000] {logging_mixin.py:190} INFO - [2025-04-19T08:40:26.770+0000] {dag.py:4180} INFO - Setting next_dagrun for example_sensor_decorator to None, run_after=None
[2025-04-19T08:40:26.787+0000] {processor.py:208} INFO - Processing /home/airflow/.local/lib/python3.12/site-packages/airflow/example_dags/example_sensor_decorator.py took 0.076 seconds
[2025-04-19T08:40:57.023+0000] {processor.py:186} INFO - Started process (PID=516) to work on /home/airflow/.local/lib/python3.12/site-packages/airflow/example_dags/example_sensor_decorator.py
[2025-04-19T08:40:57.023+0000] {processor.py:914} INFO - Processing file /home/airflow/.local/lib/python3.12/site-packages/airflow/example_dags/example_sensor_decorator.py for tasks to queue
[2025-04-19T08:40:57.026+0000] {logging_mixin.py:190} INFO - [2025-04-19T08:40:57.025+0000] {dagbag.py:588} INFO - Filling up the DagBag from /home/airflow/.local/lib/python3.12/site-packages/airflow/example_dags/example_sensor_decorator.py
[2025-04-19T08:40:57.034+0000] {processor.py:925} INFO - DAG(s) 'example_sensor_decorator' retrieved from /home/airflow/.local/lib/python3.12/site-packages/airflow/example_dags/example_sensor_decorator.py
[2025-04-19T08:40:57.054+0000] {logging_mixin.py:190} INFO - [2025-04-19T08:40:57.054+0000] {dag.py:3239} INFO - Sync 1 DAGs
[2025-04-19T08:40:57.071+0000] {logging_mixin.py:190} INFO - [2025-04-19T08:40:57.070+0000] {dag.py:4180} INFO - Setting next_dagrun for example_sensor_decorator to None, run_after=None
[2025-04-19T08:40:57.088+0000] {processor.py:208} INFO - Processing /home/airflow/.local/lib/python3.12/site-packages/airflow/example_dags/example_sensor_decorator.py took 0.071 seconds
