[2025-04-19T08:37:41.464+0000] {processor.py:186} INFO - Started process (PID=109) to work on /home/airflow/.local/lib/python3.12/site-packages/airflow/example_dags/example_latest_only.py
[2025-04-19T08:37:41.468+0000] {processor.py:914} INFO - Processing file /home/airflow/.local/lib/python3.12/site-packages/airflow/example_dags/example_latest_only.py for tasks to queue
[2025-04-19T08:37:41.474+0000] {logging_mixin.py:190} INFO - [2025-04-19T08:37:41.473+0000] {dagbag.py:588} INFO - Filling up the DagBag from /home/airflow/.local/lib/python3.12/site-packages/airflow/example_dags/example_latest_only.py
[2025-04-19T08:37:41.490+0000] {processor.py:925} INFO - DAG(s) 'latest_only' retrieved from /home/airflow/.local/lib/python3.12/site-packages/airflow/example_dags/example_latest_only.py
[2025-04-19T08:37:41.733+0000] {logging_mixin.py:190} INFO - [2025-04-19T08:37:41.733+0000] {override.py:1911} INFO - Created Permission View: can delete on DAG:latest_only
[2025-04-19T08:37:41.758+0000] {logging_mixin.py:190} INFO - [2025-04-19T08:37:41.757+0000] {override.py:1911} INFO - Created Permission View: can edit on DAG:latest_only
[2025-04-19T08:37:41.770+0000] {logging_mixin.py:190} INFO - [2025-04-19T08:37:41.769+0000] {override.py:1911} INFO - Created Permission View: can read on DAG:latest_only
[2025-04-19T08:37:41.781+0000] {logging_mixin.py:190} INFO - [2025-04-19T08:37:41.781+0000] {override.py:1911} INFO - Created Permission View: can delete on DAG Run:latest_only
[2025-04-19T08:37:41.790+0000] {logging_mixin.py:190} INFO - [2025-04-19T08:37:41.789+0000] {override.py:1911} INFO - Created Permission View: can read on DAG Run:latest_only
[2025-04-19T08:37:41.803+0000] {logging_mixin.py:190} INFO - [2025-04-19T08:37:41.802+0000] {override.py:1911} INFO - Created Permission View: can create on DAG Run:latest_only
[2025-04-19T08:37:41.819+0000] {logging_mixin.py:190} INFO - [2025-04-19T08:37:41.819+0000] {override.py:1911} INFO - Created Permission View: menu access on DAG Run:latest_only
[2025-04-19T08:37:41.821+0000] {logging_mixin.py:190} INFO - [2025-04-19T08:37:41.821+0000] {dag.py:3239} INFO - Sync 1 DAGs
[2025-04-19T08:37:41.846+0000] {logging_mixin.py:190} INFO - [2025-04-19T08:37:41.846+0000] {dag.py:3262} INFO - Creating ORM DAG for latest_only
[2025-04-19T08:37:41.857+0000] {logging_mixin.py:190} INFO - [2025-04-19T08:37:41.857+0000] {dag.py:4180} INFO - Setting next_dagrun for latest_only to 2025-04-19 04:00:00+00:00, run_after=2025-04-19 08:00:00+00:00
[2025-04-19T08:37:41.873+0000] {processor.py:208} INFO - Processing /home/airflow/.local/lib/python3.12/site-packages/airflow/example_dags/example_latest_only.py took 0.440 seconds
[2025-04-19T08:38:12.472+0000] {processor.py:186} INFO - Started process (PID=172) to work on /home/airflow/.local/lib/python3.12/site-packages/airflow/example_dags/example_latest_only.py
[2025-04-19T08:38:12.473+0000] {processor.py:914} INFO - Processing file /home/airflow/.local/lib/python3.12/site-packages/airflow/example_dags/example_latest_only.py for tasks to queue
[2025-04-19T08:38:12.475+0000] {logging_mixin.py:190} INFO - [2025-04-19T08:38:12.475+0000] {dagbag.py:588} INFO - Filling up the DagBag from /home/airflow/.local/lib/python3.12/site-packages/airflow/example_dags/example_latest_only.py
[2025-04-19T08:38:12.482+0000] {processor.py:925} INFO - DAG(s) 'latest_only' retrieved from /home/airflow/.local/lib/python3.12/site-packages/airflow/example_dags/example_latest_only.py
[2025-04-19T08:38:12.501+0000] {logging_mixin.py:190} INFO - [2025-04-19T08:38:12.501+0000] {dag.py:3239} INFO - Sync 1 DAGs
[2025-04-19T08:38:12.529+0000] {logging_mixin.py:190} INFO - [2025-04-19T08:38:12.528+0000] {dag.py:4180} INFO - Setting next_dagrun for latest_only to 2025-04-19 04:00:00+00:00, run_after=2025-04-19 08:00:00+00:00
[2025-04-19T08:38:12.590+0000] {processor.py:208} INFO - Processing /home/airflow/.local/lib/python3.12/site-packages/airflow/example_dags/example_latest_only.py took 0.125 seconds
[2025-04-19T08:38:42.672+0000] {processor.py:186} INFO - Started process (PID=234) to work on /home/airflow/.local/lib/python3.12/site-packages/airflow/example_dags/example_latest_only.py
[2025-04-19T08:38:42.673+0000] {processor.py:914} INFO - Processing file /home/airflow/.local/lib/python3.12/site-packages/airflow/example_dags/example_latest_only.py for tasks to queue
[2025-04-19T08:38:42.676+0000] {logging_mixin.py:190} INFO - [2025-04-19T08:38:42.676+0000] {dagbag.py:588} INFO - Filling up the DagBag from /home/airflow/.local/lib/python3.12/site-packages/airflow/example_dags/example_latest_only.py
[2025-04-19T08:38:42.686+0000] {processor.py:925} INFO - DAG(s) 'latest_only' retrieved from /home/airflow/.local/lib/python3.12/site-packages/airflow/example_dags/example_latest_only.py
[2025-04-19T08:38:42.705+0000] {logging_mixin.py:190} INFO - [2025-04-19T08:38:42.705+0000] {dag.py:3239} INFO - Sync 1 DAGs
[2025-04-19T08:38:42.731+0000] {logging_mixin.py:190} INFO - [2025-04-19T08:38:42.731+0000] {dag.py:4180} INFO - Setting next_dagrun for latest_only to 2025-04-19 04:00:00+00:00, run_after=2025-04-19 08:00:00+00:00
[2025-04-19T08:38:42.750+0000] {processor.py:208} INFO - Processing /home/airflow/.local/lib/python3.12/site-packages/airflow/example_dags/example_latest_only.py took 0.083 seconds
[2025-04-19T08:39:13.278+0000] {processor.py:186} INFO - Started process (PID=296) to work on /home/airflow/.local/lib/python3.12/site-packages/airflow/example_dags/example_latest_only.py
[2025-04-19T08:39:13.279+0000] {processor.py:914} INFO - Processing file /home/airflow/.local/lib/python3.12/site-packages/airflow/example_dags/example_latest_only.py for tasks to queue
[2025-04-19T08:39:13.281+0000] {logging_mixin.py:190} INFO - [2025-04-19T08:39:13.281+0000] {dagbag.py:588} INFO - Filling up the DagBag from /home/airflow/.local/lib/python3.12/site-packages/airflow/example_dags/example_latest_only.py
[2025-04-19T08:39:13.288+0000] {processor.py:925} INFO - DAG(s) 'latest_only' retrieved from /home/airflow/.local/lib/python3.12/site-packages/airflow/example_dags/example_latest_only.py
[2025-04-19T08:39:13.308+0000] {logging_mixin.py:190} INFO - [2025-04-19T08:39:13.308+0000] {dag.py:3239} INFO - Sync 1 DAGs
[2025-04-19T08:39:13.334+0000] {logging_mixin.py:190} INFO - [2025-04-19T08:39:13.334+0000] {dag.py:4180} INFO - Setting next_dagrun for latest_only to 2025-04-19 04:00:00+00:00, run_after=2025-04-19 08:00:00+00:00
[2025-04-19T08:39:13.351+0000] {processor.py:208} INFO - Processing /home/airflow/.local/lib/python3.12/site-packages/airflow/example_dags/example_latest_only.py took 0.079 seconds
[2025-04-19T08:39:43.963+0000] {processor.py:186} INFO - Started process (PID=359) to work on /home/airflow/.local/lib/python3.12/site-packages/airflow/example_dags/example_latest_only.py
[2025-04-19T08:39:43.965+0000] {processor.py:914} INFO - Processing file /home/airflow/.local/lib/python3.12/site-packages/airflow/example_dags/example_latest_only.py for tasks to queue
[2025-04-19T08:39:43.967+0000] {logging_mixin.py:190} INFO - [2025-04-19T08:39:43.967+0000] {dagbag.py:588} INFO - Filling up the DagBag from /home/airflow/.local/lib/python3.12/site-packages/airflow/example_dags/example_latest_only.py
[2025-04-19T08:39:43.975+0000] {processor.py:925} INFO - DAG(s) 'latest_only' retrieved from /home/airflow/.local/lib/python3.12/site-packages/airflow/example_dags/example_latest_only.py
[2025-04-19T08:39:43.995+0000] {logging_mixin.py:190} INFO - [2025-04-19T08:39:43.995+0000] {dag.py:3239} INFO - Sync 1 DAGs
[2025-04-19T08:39:44.021+0000] {logging_mixin.py:190} INFO - [2025-04-19T08:39:44.021+0000] {dag.py:4180} INFO - Setting next_dagrun for latest_only to 2025-04-19 04:00:00+00:00, run_after=2025-04-19 08:00:00+00:00
[2025-04-19T08:39:44.039+0000] {processor.py:208} INFO - Processing /home/airflow/.local/lib/python3.12/site-packages/airflow/example_dags/example_latest_only.py took 0.082 seconds
[2025-04-19T08:40:14.647+0000] {processor.py:186} INFO - Started process (PID=421) to work on /home/airflow/.local/lib/python3.12/site-packages/airflow/example_dags/example_latest_only.py
[2025-04-19T08:40:14.651+0000] {processor.py:914} INFO - Processing file /home/airflow/.local/lib/python3.12/site-packages/airflow/example_dags/example_latest_only.py for tasks to queue
[2025-04-19T08:40:14.657+0000] {logging_mixin.py:190} INFO - [2025-04-19T08:40:14.657+0000] {dagbag.py:588} INFO - Filling up the DagBag from /home/airflow/.local/lib/python3.12/site-packages/airflow/example_dags/example_latest_only.py
[2025-04-19T08:40:14.677+0000] {processor.py:925} INFO - DAG(s) 'latest_only' retrieved from /home/airflow/.local/lib/python3.12/site-packages/airflow/example_dags/example_latest_only.py
[2025-04-19T08:40:14.769+0000] {logging_mixin.py:190} INFO - [2025-04-19T08:40:14.764+0000] {dag.py:3239} INFO - Sync 1 DAGs
[2025-04-19T08:40:14.856+0000] {logging_mixin.py:190} INFO - [2025-04-19T08:40:14.855+0000] {dag.py:4180} INFO - Setting next_dagrun for latest_only to 2025-04-19 04:00:00+00:00, run_after=2025-04-19 08:00:00+00:00
[2025-04-19T08:40:14.940+0000] {processor.py:208} INFO - Processing /home/airflow/.local/lib/python3.12/site-packages/airflow/example_dags/example_latest_only.py took 0.310 seconds
[2025-04-19T08:40:45.894+0000] {processor.py:186} INFO - Started process (PID=489) to work on /home/airflow/.local/lib/python3.12/site-packages/airflow/example_dags/example_latest_only.py
[2025-04-19T08:40:45.894+0000] {processor.py:914} INFO - Processing file /home/airflow/.local/lib/python3.12/site-packages/airflow/example_dags/example_latest_only.py for tasks to queue
[2025-04-19T08:40:45.896+0000] {logging_mixin.py:190} INFO - [2025-04-19T08:40:45.896+0000] {dagbag.py:588} INFO - Filling up the DagBag from /home/airflow/.local/lib/python3.12/site-packages/airflow/example_dags/example_latest_only.py
[2025-04-19T08:40:45.903+0000] {processor.py:925} INFO - DAG(s) 'latest_only' retrieved from /home/airflow/.local/lib/python3.12/site-packages/airflow/example_dags/example_latest_only.py
[2025-04-19T08:40:45.917+0000] {logging_mixin.py:190} INFO - [2025-04-19T08:40:45.917+0000] {dag.py:3239} INFO - Sync 1 DAGs
[2025-04-19T08:40:45.965+0000] {logging_mixin.py:190} INFO - [2025-04-19T08:40:45.964+0000] {dag.py:4180} INFO - Setting next_dagrun for latest_only to 2025-04-19 04:00:00+00:00, run_after=2025-04-19 08:00:00+00:00
[2025-04-19T08:40:45.980+0000] {processor.py:208} INFO - Processing /home/airflow/.local/lib/python3.12/site-packages/airflow/example_dags/example_latest_only.py took 0.090 seconds
