[2025-04-19T08:37:43.164+0000] {processor.py:186} INFO - Started process (PID=112) to work on /home/airflow/.local/lib/python3.12/site-packages/airflow/example_dags/example_time_delta_sensor_async.py
[2025-04-19T08:37:43.166+0000] {processor.py:914} INFO - Processing file /home/airflow/.local/lib/python3.12/site-packages/airflow/example_dags/example_time_delta_sensor_async.py for tasks to queue
[2025-04-19T08:37:43.172+0000] {logging_mixin.py:190} INFO - [2025-04-19T08:37:43.171+0000] {dagbag.py:588} INFO - Filling up the DagBag from /home/airflow/.local/lib/python3.12/site-packages/airflow/example_dags/example_time_delta_sensor_async.py
[2025-04-19T08:37:43.191+0000] {processor.py:925} INFO - DAG(s) 'example_time_delta_sensor_async' retrieved from /home/airflow/.local/lib/python3.12/site-packages/airflow/example_dags/example_time_delta_sensor_async.py
[2025-04-19T08:37:43.478+0000] {logging_mixin.py:190} INFO - [2025-04-19T08:37:43.477+0000] {override.py:1911} INFO - Created Permission View: can delete on DAG:example_time_delta_sensor_async
[2025-04-19T08:37:43.520+0000] {logging_mixin.py:190} INFO - [2025-04-19T08:37:43.520+0000] {override.py:1911} INFO - Created Permission View: can edit on DAG:example_time_delta_sensor_async
[2025-04-19T08:37:43.541+0000] {logging_mixin.py:190} INFO - [2025-04-19T08:37:43.541+0000] {override.py:1911} INFO - Created Permission View: can read on DAG:example_time_delta_sensor_async
[2025-04-19T08:37:43.555+0000] {logging_mixin.py:190} INFO - [2025-04-19T08:37:43.555+0000] {override.py:1911} INFO - Created Permission View: can delete on DAG Run:example_time_delta_sensor_async
[2025-04-19T08:37:43.566+0000] {logging_mixin.py:190} INFO - [2025-04-19T08:37:43.566+0000] {override.py:1911} INFO - Created Permission View: can read on DAG Run:example_time_delta_sensor_async
[2025-04-19T08:37:43.579+0000] {logging_mixin.py:190} INFO - [2025-04-19T08:37:43.578+0000] {override.py:1911} INFO - Created Permission View: can create on DAG Run:example_time_delta_sensor_async
[2025-04-19T08:37:43.591+0000] {logging_mixin.py:190} INFO - [2025-04-19T08:37:43.591+0000] {override.py:1911} INFO - Created Permission View: menu access on DAG Run:example_time_delta_sensor_async
[2025-04-19T08:37:43.591+0000] {logging_mixin.py:190} INFO - [2025-04-19T08:37:43.591+0000] {dag.py:3239} INFO - Sync 1 DAGs
[2025-04-19T08:37:43.630+0000] {logging_mixin.py:190} INFO - [2025-04-19T08:37:43.630+0000] {dag.py:3262} INFO - Creating ORM DAG for example_time_delta_sensor_async
[2025-04-19T08:37:43.635+0000] {logging_mixin.py:190} INFO - [2025-04-19T08:37:43.631+0000] {dag.py:4180} INFO - Setting next_dagrun for example_time_delta_sensor_async to None, run_after=None
[2025-04-19T08:37:43.673+0000] {processor.py:208} INFO - Processing /home/airflow/.local/lib/python3.12/site-packages/airflow/example_dags/example_time_delta_sensor_async.py took 0.528 seconds
[2025-04-19T08:38:13.802+0000] {processor.py:186} INFO - Started process (PID=174) to work on /home/airflow/.local/lib/python3.12/site-packages/airflow/example_dags/example_time_delta_sensor_async.py
[2025-04-19T08:38:13.803+0000] {processor.py:914} INFO - Processing file /home/airflow/.local/lib/python3.12/site-packages/airflow/example_dags/example_time_delta_sensor_async.py for tasks to queue
[2025-04-19T08:38:13.805+0000] {logging_mixin.py:190} INFO - [2025-04-19T08:38:13.805+0000] {dagbag.py:588} INFO - Filling up the DagBag from /home/airflow/.local/lib/python3.12/site-packages/airflow/example_dags/example_time_delta_sensor_async.py
[2025-04-19T08:38:13.810+0000] {processor.py:925} INFO - DAG(s) 'example_time_delta_sensor_async' retrieved from /home/airflow/.local/lib/python3.12/site-packages/airflow/example_dags/example_time_delta_sensor_async.py
[2025-04-19T08:38:13.825+0000] {logging_mixin.py:190} INFO - [2025-04-19T08:38:13.825+0000] {dag.py:3239} INFO - Sync 1 DAGs
[2025-04-19T08:38:13.840+0000] {logging_mixin.py:190} INFO - [2025-04-19T08:38:13.839+0000] {dag.py:4180} INFO - Setting next_dagrun for example_time_delta_sensor_async to None, run_after=None
[2025-04-19T08:38:13.863+0000] {processor.py:208} INFO - Processing /home/airflow/.local/lib/python3.12/site-packages/airflow/example_dags/example_time_delta_sensor_async.py took 0.074 seconds
[2025-04-19T08:38:44.743+0000] {processor.py:186} INFO - Started process (PID=236) to work on /home/airflow/.local/lib/python3.12/site-packages/airflow/example_dags/example_time_delta_sensor_async.py
[2025-04-19T08:38:44.744+0000] {processor.py:914} INFO - Processing file /home/airflow/.local/lib/python3.12/site-packages/airflow/example_dags/example_time_delta_sensor_async.py for tasks to queue
[2025-04-19T08:38:44.752+0000] {logging_mixin.py:190} INFO - [2025-04-19T08:38:44.752+0000] {dagbag.py:588} INFO - Filling up the DagBag from /home/airflow/.local/lib/python3.12/site-packages/airflow/example_dags/example_time_delta_sensor_async.py
[2025-04-19T08:38:44.765+0000] {processor.py:925} INFO - DAG(s) 'example_time_delta_sensor_async' retrieved from /home/airflow/.local/lib/python3.12/site-packages/airflow/example_dags/example_time_delta_sensor_async.py
[2025-04-19T08:38:44.810+0000] {logging_mixin.py:190} INFO - [2025-04-19T08:38:44.810+0000] {dag.py:3239} INFO - Sync 1 DAGs
[2025-04-19T08:38:44.850+0000] {logging_mixin.py:190} INFO - [2025-04-19T08:38:44.849+0000] {dag.py:4180} INFO - Setting next_dagrun for example_time_delta_sensor_async to None, run_after=None
[2025-04-19T08:38:44.915+0000] {processor.py:208} INFO - Processing /home/airflow/.local/lib/python3.12/site-packages/airflow/example_dags/example_time_delta_sensor_async.py took 0.187 seconds
[2025-04-19T08:39:15.402+0000] {processor.py:186} INFO - Started process (PID=304) to work on /home/airflow/.local/lib/python3.12/site-packages/airflow/example_dags/example_time_delta_sensor_async.py
[2025-04-19T08:39:15.403+0000] {processor.py:914} INFO - Processing file /home/airflow/.local/lib/python3.12/site-packages/airflow/example_dags/example_time_delta_sensor_async.py for tasks to queue
[2025-04-19T08:39:15.406+0000] {logging_mixin.py:190} INFO - [2025-04-19T08:39:15.406+0000] {dagbag.py:588} INFO - Filling up the DagBag from /home/airflow/.local/lib/python3.12/site-packages/airflow/example_dags/example_time_delta_sensor_async.py
[2025-04-19T08:39:15.413+0000] {processor.py:925} INFO - DAG(s) 'example_time_delta_sensor_async' retrieved from /home/airflow/.local/lib/python3.12/site-packages/airflow/example_dags/example_time_delta_sensor_async.py
[2025-04-19T08:39:15.431+0000] {logging_mixin.py:190} INFO - [2025-04-19T08:39:15.431+0000] {dag.py:3239} INFO - Sync 1 DAGs
[2025-04-19T08:39:15.447+0000] {logging_mixin.py:190} INFO - [2025-04-19T08:39:15.447+0000] {dag.py:4180} INFO - Setting next_dagrun for example_time_delta_sensor_async to None, run_after=None
[2025-04-19T08:39:15.465+0000] {processor.py:208} INFO - Processing /home/airflow/.local/lib/python3.12/site-packages/airflow/example_dags/example_time_delta_sensor_async.py took 0.073 seconds
[2025-04-19T08:39:46.098+0000] {processor.py:186} INFO - Started process (PID=366) to work on /home/airflow/.local/lib/python3.12/site-packages/airflow/example_dags/example_time_delta_sensor_async.py
[2025-04-19T08:39:46.101+0000] {processor.py:914} INFO - Processing file /home/airflow/.local/lib/python3.12/site-packages/airflow/example_dags/example_time_delta_sensor_async.py for tasks to queue
[2025-04-19T08:39:46.103+0000] {logging_mixin.py:190} INFO - [2025-04-19T08:39:46.103+0000] {dagbag.py:588} INFO - Filling up the DagBag from /home/airflow/.local/lib/python3.12/site-packages/airflow/example_dags/example_time_delta_sensor_async.py
[2025-04-19T08:39:46.115+0000] {processor.py:925} INFO - DAG(s) 'example_time_delta_sensor_async' retrieved from /home/airflow/.local/lib/python3.12/site-packages/airflow/example_dags/example_time_delta_sensor_async.py
[2025-04-19T08:39:46.140+0000] {logging_mixin.py:190} INFO - [2025-04-19T08:39:46.140+0000] {dag.py:3239} INFO - Sync 1 DAGs
[2025-04-19T08:39:46.159+0000] {logging_mixin.py:190} INFO - [2025-04-19T08:39:46.159+0000] {dag.py:4180} INFO - Setting next_dagrun for example_time_delta_sensor_async to None, run_after=None
[2025-04-19T08:39:46.189+0000] {processor.py:208} INFO - Processing /home/airflow/.local/lib/python3.12/site-packages/airflow/example_dags/example_time_delta_sensor_async.py took 0.103 seconds
[2025-04-19T08:40:17.016+0000] {processor.py:186} INFO - Started process (PID=429) to work on /home/airflow/.local/lib/python3.12/site-packages/airflow/example_dags/example_time_delta_sensor_async.py
[2025-04-19T08:40:17.019+0000] {processor.py:914} INFO - Processing file /home/airflow/.local/lib/python3.12/site-packages/airflow/example_dags/example_time_delta_sensor_async.py for tasks to queue
[2025-04-19T08:40:17.023+0000] {logging_mixin.py:190} INFO - [2025-04-19T08:40:17.022+0000] {dagbag.py:588} INFO - Filling up the DagBag from /home/airflow/.local/lib/python3.12/site-packages/airflow/example_dags/example_time_delta_sensor_async.py
[2025-04-19T08:40:17.038+0000] {processor.py:925} INFO - DAG(s) 'example_time_delta_sensor_async' retrieved from /home/airflow/.local/lib/python3.12/site-packages/airflow/example_dags/example_time_delta_sensor_async.py
[2025-04-19T08:40:17.078+0000] {logging_mixin.py:190} INFO - [2025-04-19T08:40:17.078+0000] {dag.py:3239} INFO - Sync 1 DAGs
[2025-04-19T08:40:17.109+0000] {logging_mixin.py:190} INFO - [2025-04-19T08:40:17.107+0000] {dag.py:4180} INFO - Setting next_dagrun for example_time_delta_sensor_async to None, run_after=None
[2025-04-19T08:40:17.149+0000] {processor.py:208} INFO - Processing /home/airflow/.local/lib/python3.12/site-packages/airflow/example_dags/example_time_delta_sensor_async.py took 0.161 seconds
[2025-04-19T08:40:47.989+0000] {processor.py:186} INFO - Started process (PID=492) to work on /home/airflow/.local/lib/python3.12/site-packages/airflow/example_dags/example_time_delta_sensor_async.py
[2025-04-19T08:40:47.991+0000] {processor.py:914} INFO - Processing file /home/airflow/.local/lib/python3.12/site-packages/airflow/example_dags/example_time_delta_sensor_async.py for tasks to queue
[2025-04-19T08:40:47.995+0000] {logging_mixin.py:190} INFO - [2025-04-19T08:40:47.995+0000] {dagbag.py:588} INFO - Filling up the DagBag from /home/airflow/.local/lib/python3.12/site-packages/airflow/example_dags/example_time_delta_sensor_async.py
[2025-04-19T08:40:48.011+0000] {processor.py:925} INFO - DAG(s) 'example_time_delta_sensor_async' retrieved from /home/airflow/.local/lib/python3.12/site-packages/airflow/example_dags/example_time_delta_sensor_async.py
[2025-04-19T08:40:48.037+0000] {logging_mixin.py:190} INFO - [2025-04-19T08:40:48.036+0000] {dag.py:3239} INFO - Sync 1 DAGs
[2025-04-19T08:40:48.064+0000] {logging_mixin.py:190} INFO - [2025-04-19T08:40:48.064+0000] {dag.py:4180} INFO - Setting next_dagrun for example_time_delta_sensor_async to None, run_after=None
[2025-04-19T08:40:48.091+0000] {processor.py:208} INFO - Processing /home/airflow/.local/lib/python3.12/site-packages/airflow/example_dags/example_time_delta_sensor_async.py took 0.113 seconds
