[2025-04-19T08:37:41.267+0000] {processor.py:186} INFO - Started process (PID=108) to work on /home/airflow/.local/lib/python3.12/site-packages/airflow/example_dags/example_trigger_controller_dag.py
[2025-04-19T08:37:41.270+0000] {processor.py:914} INFO - Processing file /home/airflow/.local/lib/python3.12/site-packages/airflow/example_dags/example_trigger_controller_dag.py for tasks to queue
[2025-04-19T08:37:41.274+0000] {logging_mixin.py:190} INFO - [2025-04-19T08:37:41.274+0000] {dagbag.py:588} INFO - Filling up the DagBag from /home/airflow/.local/lib/python3.12/site-packages/airflow/example_dags/example_trigger_controller_dag.py
[2025-04-19T08:37:41.290+0000] {processor.py:925} INFO - DAG(s) 'example_trigger_controller_dag' retrieved from /home/airflow/.local/lib/python3.12/site-packages/airflow/example_dags/example_trigger_controller_dag.py
[2025-04-19T08:37:41.597+0000] {logging_mixin.py:190} INFO - [2025-04-19T08:37:41.597+0000] {override.py:1911} INFO - Created Permission View: can delete on DAG:example_trigger_controller_dag
[2025-04-19T08:37:41.616+0000] {logging_mixin.py:190} INFO - [2025-04-19T08:37:41.615+0000] {override.py:1911} INFO - Created Permission View: can edit on DAG:example_trigger_controller_dag
[2025-04-19T08:37:41.626+0000] {logging_mixin.py:190} INFO - [2025-04-19T08:37:41.626+0000] {override.py:1911} INFO - Created Permission View: can read on DAG:example_trigger_controller_dag
[2025-04-19T08:37:41.636+0000] {logging_mixin.py:190} INFO - [2025-04-19T08:37:41.635+0000] {override.py:1911} INFO - Created Permission View: can delete on DAG Run:example_trigger_controller_dag
[2025-04-19T08:37:41.646+0000] {logging_mixin.py:190} INFO - [2025-04-19T08:37:41.646+0000] {override.py:1911} INFO - Created Permission View: can read on DAG Run:example_trigger_controller_dag
[2025-04-19T08:37:41.656+0000] {logging_mixin.py:190} INFO - [2025-04-19T08:37:41.655+0000] {override.py:1911} INFO - Created Permission View: can create on DAG Run:example_trigger_controller_dag
[2025-04-19T08:37:41.666+0000] {logging_mixin.py:190} INFO - [2025-04-19T08:37:41.666+0000] {override.py:1911} INFO - Created Permission View: menu access on DAG Run:example_trigger_controller_dag
[2025-04-19T08:37:41.668+0000] {logging_mixin.py:190} INFO - [2025-04-19T08:37:41.668+0000] {dag.py:3239} INFO - Sync 1 DAGs
[2025-04-19T08:37:41.698+0000] {logging_mixin.py:190} INFO - [2025-04-19T08:37:41.698+0000] {dag.py:3262} INFO - Creating ORM DAG for example_trigger_controller_dag
[2025-04-19T08:37:41.716+0000] {logging_mixin.py:190} INFO - [2025-04-19T08:37:41.715+0000] {dag.py:4180} INFO - Setting next_dagrun for example_trigger_controller_dag to 2021-01-01 00:00:00+00:00, run_after=2021-01-01 00:00:00+00:00
[2025-04-19T08:37:41.744+0000] {processor.py:208} INFO - Processing /home/airflow/.local/lib/python3.12/site-packages/airflow/example_dags/example_trigger_controller_dag.py took 0.488 seconds
[2025-04-19T08:38:12.460+0000] {processor.py:186} INFO - Started process (PID=171) to work on /home/airflow/.local/lib/python3.12/site-packages/airflow/example_dags/example_trigger_controller_dag.py
[2025-04-19T08:38:12.460+0000] {processor.py:914} INFO - Processing file /home/airflow/.local/lib/python3.12/site-packages/airflow/example_dags/example_trigger_controller_dag.py for tasks to queue
[2025-04-19T08:38:12.463+0000] {logging_mixin.py:190} INFO - [2025-04-19T08:38:12.462+0000] {dagbag.py:588} INFO - Filling up the DagBag from /home/airflow/.local/lib/python3.12/site-packages/airflow/example_dags/example_trigger_controller_dag.py
[2025-04-19T08:38:12.470+0000] {processor.py:925} INFO - DAG(s) 'example_trigger_controller_dag' retrieved from /home/airflow/.local/lib/python3.12/site-packages/airflow/example_dags/example_trigger_controller_dag.py
[2025-04-19T08:38:12.491+0000] {logging_mixin.py:190} INFO - [2025-04-19T08:38:12.491+0000] {dag.py:3239} INFO - Sync 1 DAGs
[2025-04-19T08:38:12.517+0000] {logging_mixin.py:190} INFO - [2025-04-19T08:38:12.516+0000] {dag.py:4180} INFO - Setting next_dagrun for example_trigger_controller_dag to 2021-01-01 00:00:00+00:00, run_after=2021-01-01 00:00:00+00:00
[2025-04-19T08:38:12.551+0000] {processor.py:208} INFO - Processing /home/airflow/.local/lib/python3.12/site-packages/airflow/example_dags/example_trigger_controller_dag.py took 0.097 seconds
[2025-04-19T08:38:42.663+0000] {processor.py:186} INFO - Started process (PID=233) to work on /home/airflow/.local/lib/python3.12/site-packages/airflow/example_dags/example_trigger_controller_dag.py
[2025-04-19T08:38:42.665+0000] {processor.py:914} INFO - Processing file /home/airflow/.local/lib/python3.12/site-packages/airflow/example_dags/example_trigger_controller_dag.py for tasks to queue
[2025-04-19T08:38:42.667+0000] {logging_mixin.py:190} INFO - [2025-04-19T08:38:42.666+0000] {dagbag.py:588} INFO - Filling up the DagBag from /home/airflow/.local/lib/python3.12/site-packages/airflow/example_dags/example_trigger_controller_dag.py
[2025-04-19T08:38:42.674+0000] {processor.py:925} INFO - DAG(s) 'example_trigger_controller_dag' retrieved from /home/airflow/.local/lib/python3.12/site-packages/airflow/example_dags/example_trigger_controller_dag.py
[2025-04-19T08:38:42.698+0000] {logging_mixin.py:190} INFO - [2025-04-19T08:38:42.698+0000] {dag.py:3239} INFO - Sync 1 DAGs
[2025-04-19T08:38:42.724+0000] {logging_mixin.py:190} INFO - [2025-04-19T08:38:42.724+0000] {dag.py:4180} INFO - Setting next_dagrun for example_trigger_controller_dag to 2021-01-01 00:00:00+00:00, run_after=2021-01-01 00:00:00+00:00
[2025-04-19T08:38:42.741+0000] {processor.py:208} INFO - Processing /home/airflow/.local/lib/python3.12/site-packages/airflow/example_dags/example_trigger_controller_dag.py took 0.084 seconds
[2025-04-19T08:39:13.268+0000] {processor.py:186} INFO - Started process (PID=295) to work on /home/airflow/.local/lib/python3.12/site-packages/airflow/example_dags/example_trigger_controller_dag.py
[2025-04-19T08:39:13.269+0000] {processor.py:914} INFO - Processing file /home/airflow/.local/lib/python3.12/site-packages/airflow/example_dags/example_trigger_controller_dag.py for tasks to queue
[2025-04-19T08:39:13.271+0000] {logging_mixin.py:190} INFO - [2025-04-19T08:39:13.271+0000] {dagbag.py:588} INFO - Filling up the DagBag from /home/airflow/.local/lib/python3.12/site-packages/airflow/example_dags/example_trigger_controller_dag.py
[2025-04-19T08:39:13.278+0000] {processor.py:925} INFO - DAG(s) 'example_trigger_controller_dag' retrieved from /home/airflow/.local/lib/python3.12/site-packages/airflow/example_dags/example_trigger_controller_dag.py
[2025-04-19T08:39:13.298+0000] {logging_mixin.py:190} INFO - [2025-04-19T08:39:13.298+0000] {dag.py:3239} INFO - Sync 1 DAGs
[2025-04-19T08:39:13.324+0000] {logging_mixin.py:190} INFO - [2025-04-19T08:39:13.323+0000] {dag.py:4180} INFO - Setting next_dagrun for example_trigger_controller_dag to 2021-01-01 00:00:00+00:00, run_after=2021-01-01 00:00:00+00:00
[2025-04-19T08:39:13.341+0000] {processor.py:208} INFO - Processing /home/airflow/.local/lib/python3.12/site-packages/airflow/example_dags/example_trigger_controller_dag.py took 0.078 seconds
[2025-04-19T08:39:43.953+0000] {processor.py:186} INFO - Started process (PID=358) to work on /home/airflow/.local/lib/python3.12/site-packages/airflow/example_dags/example_trigger_controller_dag.py
[2025-04-19T08:39:43.953+0000] {processor.py:914} INFO - Processing file /home/airflow/.local/lib/python3.12/site-packages/airflow/example_dags/example_trigger_controller_dag.py for tasks to queue
[2025-04-19T08:39:43.955+0000] {logging_mixin.py:190} INFO - [2025-04-19T08:39:43.955+0000] {dagbag.py:588} INFO - Filling up the DagBag from /home/airflow/.local/lib/python3.12/site-packages/airflow/example_dags/example_trigger_controller_dag.py
[2025-04-19T08:39:43.962+0000] {processor.py:925} INFO - DAG(s) 'example_trigger_controller_dag' retrieved from /home/airflow/.local/lib/python3.12/site-packages/airflow/example_dags/example_trigger_controller_dag.py
[2025-04-19T08:39:43.985+0000] {logging_mixin.py:190} INFO - [2025-04-19T08:39:43.985+0000] {dag.py:3239} INFO - Sync 1 DAGs
[2025-04-19T08:39:44.010+0000] {logging_mixin.py:190} INFO - [2025-04-19T08:39:44.010+0000] {dag.py:4180} INFO - Setting next_dagrun for example_trigger_controller_dag to 2021-01-01 00:00:00+00:00, run_after=2021-01-01 00:00:00+00:00
[2025-04-19T08:39:44.029+0000] {processor.py:208} INFO - Processing /home/airflow/.local/lib/python3.12/site-packages/airflow/example_dags/example_trigger_controller_dag.py took 0.082 seconds
[2025-04-19T08:40:14.327+0000] {processor.py:186} INFO - Started process (PID=420) to work on /home/airflow/.local/lib/python3.12/site-packages/airflow/example_dags/example_trigger_controller_dag.py
[2025-04-19T08:40:14.331+0000] {processor.py:914} INFO - Processing file /home/airflow/.local/lib/python3.12/site-packages/airflow/example_dags/example_trigger_controller_dag.py for tasks to queue
[2025-04-19T08:40:14.337+0000] {logging_mixin.py:190} INFO - [2025-04-19T08:40:14.337+0000] {dagbag.py:588} INFO - Filling up the DagBag from /home/airflow/.local/lib/python3.12/site-packages/airflow/example_dags/example_trigger_controller_dag.py
[2025-04-19T08:40:14.355+0000] {processor.py:925} INFO - DAG(s) 'example_trigger_controller_dag' retrieved from /home/airflow/.local/lib/python3.12/site-packages/airflow/example_dags/example_trigger_controller_dag.py
[2025-04-19T08:40:14.415+0000] {logging_mixin.py:190} INFO - [2025-04-19T08:40:14.414+0000] {dag.py:3239} INFO - Sync 1 DAGs
[2025-04-19T08:40:14.489+0000] {logging_mixin.py:190} INFO - [2025-04-19T08:40:14.489+0000] {dag.py:4180} INFO - Setting next_dagrun for example_trigger_controller_dag to 2021-01-01 00:00:00+00:00, run_after=2021-01-01 00:00:00+00:00
[2025-04-19T08:40:14.540+0000] {processor.py:208} INFO - Processing /home/airflow/.local/lib/python3.12/site-packages/airflow/example_dags/example_trigger_controller_dag.py took 0.229 seconds
[2025-04-19T08:40:44.866+0000] {processor.py:186} INFO - Started process (PID=482) to work on /home/airflow/.local/lib/python3.12/site-packages/airflow/example_dags/example_trigger_controller_dag.py
[2025-04-19T08:40:44.867+0000] {processor.py:914} INFO - Processing file /home/airflow/.local/lib/python3.12/site-packages/airflow/example_dags/example_trigger_controller_dag.py for tasks to queue
[2025-04-19T08:40:44.869+0000] {logging_mixin.py:190} INFO - [2025-04-19T08:40:44.869+0000] {dagbag.py:588} INFO - Filling up the DagBag from /home/airflow/.local/lib/python3.12/site-packages/airflow/example_dags/example_trigger_controller_dag.py
[2025-04-19T08:40:44.878+0000] {processor.py:925} INFO - DAG(s) 'example_trigger_controller_dag' retrieved from /home/airflow/.local/lib/python3.12/site-packages/airflow/example_dags/example_trigger_controller_dag.py
[2025-04-19T08:40:44.898+0000] {logging_mixin.py:190} INFO - [2025-04-19T08:40:44.897+0000] {dag.py:3239} INFO - Sync 1 DAGs
[2025-04-19T08:40:44.926+0000] {logging_mixin.py:190} INFO - [2025-04-19T08:40:44.926+0000] {dag.py:4180} INFO - Setting next_dagrun for example_trigger_controller_dag to 2021-01-01 00:00:00+00:00, run_after=2021-01-01 00:00:00+00:00
[2025-04-19T08:40:44.940+0000] {processor.py:208} INFO - Processing /home/airflow/.local/lib/python3.12/site-packages/airflow/example_dags/example_trigger_controller_dag.py took 0.082 seconds
