[2025-04-19T08:37:44.513+0000] {processor.py:186} INFO - Started process (PID=120) to work on /home/airflow/.local/lib/python3.12/site-packages/airflow/example_dags/example_workday_timetable.py
[2025-04-19T08:37:44.517+0000] {processor.py:914} INFO - Processing file /home/airflow/.local/lib/python3.12/site-packages/airflow/example_dags/example_workday_timetable.py for tasks to queue
[2025-04-19T08:37:44.521+0000] {logging_mixin.py:190} INFO - [2025-04-19T08:37:44.521+0000] {dagbag.py:588} INFO - Filling up the DagBag from /home/airflow/.local/lib/python3.12/site-packages/airflow/example_dags/example_workday_timetable.py
[2025-04-19T08:37:44.538+0000] {processor.py:925} INFO - DAG(s) 'example_workday_timetable' retrieved from /home/airflow/.local/lib/python3.12/site-packages/airflow/example_dags/example_workday_timetable.py
[2025-04-19T08:37:44.748+0000] {logging_mixin.py:190} INFO - [2025-04-19T08:37:44.747+0000] {override.py:1911} INFO - Created Permission View: can delete on DAG:example_workday_timetable
[2025-04-19T08:37:44.781+0000] {logging_mixin.py:190} INFO - [2025-04-19T08:37:44.780+0000] {override.py:1911} INFO - Created Permission View: can edit on DAG:example_workday_timetable
[2025-04-19T08:37:44.795+0000] {logging_mixin.py:190} INFO - [2025-04-19T08:37:44.793+0000] {override.py:1911} INFO - Created Permission View: can read on DAG:example_workday_timetable
[2025-04-19T08:37:44.809+0000] {logging_mixin.py:190} INFO - [2025-04-19T08:37:44.809+0000] {override.py:1911} INFO - Created Permission View: can delete on DAG Run:example_workday_timetable
[2025-04-19T08:37:44.829+0000] {logging_mixin.py:190} INFO - [2025-04-19T08:37:44.829+0000] {override.py:1911} INFO - Created Permission View: can read on DAG Run:example_workday_timetable
[2025-04-19T08:37:44.845+0000] {logging_mixin.py:190} INFO - [2025-04-19T08:37:44.844+0000] {override.py:1911} INFO - Created Permission View: can create on DAG Run:example_workday_timetable
[2025-04-19T08:37:44.857+0000] {logging_mixin.py:190} INFO - [2025-04-19T08:37:44.856+0000] {override.py:1911} INFO - Created Permission View: menu access on DAG Run:example_workday_timetable
[2025-04-19T08:37:44.857+0000] {logging_mixin.py:190} INFO - [2025-04-19T08:37:44.857+0000] {dag.py:3239} INFO - Sync 1 DAGs
[2025-04-19T08:37:44.897+0000] {logging_mixin.py:190} INFO - [2025-04-19T08:37:44.897+0000] {dag.py:3262} INFO - Creating ORM DAG for example_workday_timetable
[2025-04-19T08:37:45.373+0000] {logging_mixin.py:190} INFO - [2025-04-19T08:37:45.373+0000] {dag.py:4180} INFO - Setting next_dagrun for example_workday_timetable to 2021-01-04 00:00:00+00:00, run_after=2021-01-05 00:00:00+00:00
[2025-04-19T08:37:45.460+0000] {processor.py:208} INFO - Processing /home/airflow/.local/lib/python3.12/site-packages/airflow/example_dags/example_workday_timetable.py took 0.963 seconds
[2025-04-19T08:38:15.941+0000] {processor.py:186} INFO - Started process (PID=182) to work on /home/airflow/.local/lib/python3.12/site-packages/airflow/example_dags/example_workday_timetable.py
[2025-04-19T08:38:15.941+0000] {processor.py:914} INFO - Processing file /home/airflow/.local/lib/python3.12/site-packages/airflow/example_dags/example_workday_timetable.py for tasks to queue
[2025-04-19T08:38:15.944+0000] {logging_mixin.py:190} INFO - [2025-04-19T08:38:15.944+0000] {dagbag.py:588} INFO - Filling up the DagBag from /home/airflow/.local/lib/python3.12/site-packages/airflow/example_dags/example_workday_timetable.py
[2025-04-19T08:38:15.949+0000] {processor.py:925} INFO - DAG(s) 'example_workday_timetable' retrieved from /home/airflow/.local/lib/python3.12/site-packages/airflow/example_dags/example_workday_timetable.py
[2025-04-19T08:38:15.969+0000] {logging_mixin.py:190} INFO - [2025-04-19T08:38:15.969+0000] {dag.py:3239} INFO - Sync 1 DAGs
[2025-04-19T08:38:16.076+0000] {logging_mixin.py:190} INFO - [2025-04-19T08:38:16.075+0000] {dag.py:4180} INFO - Setting next_dagrun for example_workday_timetable to 2021-01-04 00:00:00+00:00, run_after=2021-01-05 00:00:00+00:00
[2025-04-19T08:38:16.101+0000] {processor.py:208} INFO - Processing /home/airflow/.local/lib/python3.12/site-packages/airflow/example_dags/example_workday_timetable.py took 0.166 seconds
[2025-04-19T08:38:46.846+0000] {processor.py:186} INFO - Started process (PID=244) to work on /home/airflow/.local/lib/python3.12/site-packages/airflow/example_dags/example_workday_timetable.py
[2025-04-19T08:38:46.848+0000] {processor.py:914} INFO - Processing file /home/airflow/.local/lib/python3.12/site-packages/airflow/example_dags/example_workday_timetable.py for tasks to queue
[2025-04-19T08:38:46.853+0000] {logging_mixin.py:190} INFO - [2025-04-19T08:38:46.853+0000] {dagbag.py:588} INFO - Filling up the DagBag from /home/airflow/.local/lib/python3.12/site-packages/airflow/example_dags/example_workday_timetable.py
[2025-04-19T08:38:46.861+0000] {processor.py:925} INFO - DAG(s) 'example_workday_timetable' retrieved from /home/airflow/.local/lib/python3.12/site-packages/airflow/example_dags/example_workday_timetable.py
[2025-04-19T08:38:46.881+0000] {logging_mixin.py:190} INFO - [2025-04-19T08:38:46.881+0000] {dag.py:3239} INFO - Sync 1 DAGs
[2025-04-19T08:38:46.966+0000] {logging_mixin.py:190} INFO - [2025-04-19T08:38:46.966+0000] {dag.py:4180} INFO - Setting next_dagrun for example_workday_timetable to 2021-01-04 00:00:00+00:00, run_after=2021-01-05 00:00:00+00:00
[2025-04-19T08:38:46.985+0000] {processor.py:208} INFO - Processing /home/airflow/.local/lib/python3.12/site-packages/airflow/example_dags/example_workday_timetable.py took 0.151 seconds
[2025-04-19T08:39:17.433+0000] {processor.py:186} INFO - Started process (PID=306) to work on /home/airflow/.local/lib/python3.12/site-packages/airflow/example_dags/example_workday_timetable.py
[2025-04-19T08:39:17.434+0000] {processor.py:914} INFO - Processing file /home/airflow/.local/lib/python3.12/site-packages/airflow/example_dags/example_workday_timetable.py for tasks to queue
[2025-04-19T08:39:17.436+0000] {logging_mixin.py:190} INFO - [2025-04-19T08:39:17.436+0000] {dagbag.py:588} INFO - Filling up the DagBag from /home/airflow/.local/lib/python3.12/site-packages/airflow/example_dags/example_workday_timetable.py
[2025-04-19T08:39:17.442+0000] {processor.py:925} INFO - DAG(s) 'example_workday_timetable' retrieved from /home/airflow/.local/lib/python3.12/site-packages/airflow/example_dags/example_workday_timetable.py
[2025-04-19T08:39:17.468+0000] {logging_mixin.py:190} INFO - [2025-04-19T08:39:17.467+0000] {dag.py:3239} INFO - Sync 1 DAGs
[2025-04-19T08:39:17.549+0000] {logging_mixin.py:190} INFO - [2025-04-19T08:39:17.548+0000] {dag.py:4180} INFO - Setting next_dagrun for example_workday_timetable to 2021-01-04 00:00:00+00:00, run_after=2021-01-05 00:00:00+00:00
[2025-04-19T08:39:17.564+0000] {processor.py:208} INFO - Processing /home/airflow/.local/lib/python3.12/site-packages/airflow/example_dags/example_workday_timetable.py took 0.136 seconds
[2025-04-19T08:39:48.132+0000] {processor.py:186} INFO - Started process (PID=368) to work on /home/airflow/.local/lib/python3.12/site-packages/airflow/example_dags/example_workday_timetable.py
[2025-04-19T08:39:48.144+0000] {processor.py:914} INFO - Processing file /home/airflow/.local/lib/python3.12/site-packages/airflow/example_dags/example_workday_timetable.py for tasks to queue
[2025-04-19T08:39:48.154+0000] {logging_mixin.py:190} INFO - [2025-04-19T08:39:48.154+0000] {dagbag.py:588} INFO - Filling up the DagBag from /home/airflow/.local/lib/python3.12/site-packages/airflow/example_dags/example_workday_timetable.py
[2025-04-19T08:39:48.170+0000] {processor.py:925} INFO - DAG(s) 'example_workday_timetable' retrieved from /home/airflow/.local/lib/python3.12/site-packages/airflow/example_dags/example_workday_timetable.py
[2025-04-19T08:39:48.192+0000] {logging_mixin.py:190} INFO - [2025-04-19T08:39:48.192+0000] {dag.py:3239} INFO - Sync 1 DAGs
[2025-04-19T08:39:48.273+0000] {logging_mixin.py:190} INFO - [2025-04-19T08:39:48.273+0000] {dag.py:4180} INFO - Setting next_dagrun for example_workday_timetable to 2021-01-04 00:00:00+00:00, run_after=2021-01-05 00:00:00+00:00
[2025-04-19T08:39:48.288+0000] {processor.py:208} INFO - Processing /home/airflow/.local/lib/python3.12/site-packages/airflow/example_dags/example_workday_timetable.py took 0.162 seconds
[2025-04-19T08:40:19.051+0000] {processor.py:186} INFO - Started process (PID=431) to work on /home/airflow/.local/lib/python3.12/site-packages/airflow/example_dags/example_workday_timetable.py
[2025-04-19T08:40:19.052+0000] {processor.py:914} INFO - Processing file /home/airflow/.local/lib/python3.12/site-packages/airflow/example_dags/example_workday_timetable.py for tasks to queue
[2025-04-19T08:40:19.054+0000] {logging_mixin.py:190} INFO - [2025-04-19T08:40:19.054+0000] {dagbag.py:588} INFO - Filling up the DagBag from /home/airflow/.local/lib/python3.12/site-packages/airflow/example_dags/example_workday_timetable.py
[2025-04-19T08:40:19.060+0000] {processor.py:925} INFO - DAG(s) 'example_workday_timetable' retrieved from /home/airflow/.local/lib/python3.12/site-packages/airflow/example_dags/example_workday_timetable.py
[2025-04-19T08:40:19.085+0000] {logging_mixin.py:190} INFO - [2025-04-19T08:40:19.084+0000] {dag.py:3239} INFO - Sync 1 DAGs
[2025-04-19T08:40:19.166+0000] {logging_mixin.py:190} INFO - [2025-04-19T08:40:19.165+0000] {dag.py:4180} INFO - Setting next_dagrun for example_workday_timetable to 2021-01-04 00:00:00+00:00, run_after=2021-01-05 00:00:00+00:00
[2025-04-19T08:40:19.181+0000] {processor.py:208} INFO - Processing /home/airflow/.local/lib/python3.12/site-packages/airflow/example_dags/example_workday_timetable.py took 0.135 seconds
[2025-04-19T08:40:49.303+0000] {processor.py:186} INFO - Started process (PID=494) to work on /home/airflow/.local/lib/python3.12/site-packages/airflow/example_dags/example_workday_timetable.py
[2025-04-19T08:40:49.304+0000] {processor.py:914} INFO - Processing file /home/airflow/.local/lib/python3.12/site-packages/airflow/example_dags/example_workday_timetable.py for tasks to queue
[2025-04-19T08:40:49.310+0000] {logging_mixin.py:190} INFO - [2025-04-19T08:40:49.306+0000] {dagbag.py:588} INFO - Filling up the DagBag from /home/airflow/.local/lib/python3.12/site-packages/airflow/example_dags/example_workday_timetable.py
[2025-04-19T08:40:49.328+0000] {processor.py:925} INFO - DAG(s) 'example_workday_timetable' retrieved from /home/airflow/.local/lib/python3.12/site-packages/airflow/example_dags/example_workday_timetable.py
[2025-04-19T08:40:49.386+0000] {logging_mixin.py:190} INFO - [2025-04-19T08:40:49.385+0000] {dag.py:3239} INFO - Sync 1 DAGs
[2025-04-19T08:40:49.632+0000] {logging_mixin.py:190} INFO - [2025-04-19T08:40:49.632+0000] {dag.py:4180} INFO - Setting next_dagrun for example_workday_timetable to 2021-01-04 00:00:00+00:00, run_after=2021-01-05 00:00:00+00:00
[2025-04-19T08:40:49.671+0000] {processor.py:208} INFO - Processing /home/airflow/.local/lib/python3.12/site-packages/airflow/example_dags/example_workday_timetable.py took 0.386 seconds
