[2025-04-19T08:37:47.287+0000] {processor.py:186} INFO - Started process (PID=124) to work on /home/airflow/.local/lib/python3.12/site-packages/airflow/example_dags/example_python_decorator.py
[2025-04-19T08:37:47.288+0000] {processor.py:914} INFO - Processing file /home/airflow/.local/lib/python3.12/site-packages/airflow/example_dags/example_python_decorator.py for tasks to queue
[2025-04-19T08:37:47.291+0000] {logging_mixin.py:190} INFO - [2025-04-19T08:37:47.291+0000] {dagbag.py:588} INFO - Filling up the DagBag from /home/airflow/.local/lib/python3.12/site-packages/airflow/example_dags/example_python_decorator.py
[2025-04-19T08:37:47.325+0000] {processor.py:925} INFO - DAG(s) 'example_python_decorator' retrieved from /home/airflow/.local/lib/python3.12/site-packages/airflow/example_dags/example_python_decorator.py
[2025-04-19T08:37:47.570+0000] {logging_mixin.py:190} INFO - [2025-04-19T08:37:47.569+0000] {override.py:1911} INFO - Created Permission View: can delete on DAG:example_python_decorator
[2025-04-19T08:37:47.591+0000] {logging_mixin.py:190} INFO - [2025-04-19T08:37:47.590+0000] {override.py:1911} INFO - Created Permission View: can edit on DAG:example_python_decorator
[2025-04-19T08:37:47.598+0000] {logging_mixin.py:190} INFO - [2025-04-19T08:37:47.597+0000] {override.py:1911} INFO - Created Permission View: can read on DAG:example_python_decorator
[2025-04-19T08:37:47.610+0000] {logging_mixin.py:190} INFO - [2025-04-19T08:37:47.610+0000] {override.py:1911} INFO - Created Permission View: can delete on DAG Run:example_python_decorator
[2025-04-19T08:37:47.628+0000] {logging_mixin.py:190} INFO - [2025-04-19T08:37:47.627+0000] {override.py:1911} INFO - Created Permission View: can read on DAG Run:example_python_decorator
[2025-04-19T08:37:47.639+0000] {logging_mixin.py:190} INFO - [2025-04-19T08:37:47.638+0000] {override.py:1911} INFO - Created Permission View: can create on DAG Run:example_python_decorator
[2025-04-19T08:37:47.652+0000] {logging_mixin.py:190} INFO - [2025-04-19T08:37:47.652+0000] {override.py:1911} INFO - Created Permission View: menu access on DAG Run:example_python_decorator
[2025-04-19T08:37:47.653+0000] {logging_mixin.py:190} INFO - [2025-04-19T08:37:47.652+0000] {dag.py:3239} INFO - Sync 1 DAGs
[2025-04-19T08:37:47.687+0000] {logging_mixin.py:190} INFO - [2025-04-19T08:37:47.687+0000] {dag.py:3262} INFO - Creating ORM DAG for example_python_decorator
[2025-04-19T08:37:47.688+0000] {logging_mixin.py:190} INFO - [2025-04-19T08:37:47.688+0000] {dag.py:4180} INFO - Setting next_dagrun for example_python_decorator to None, run_after=None
[2025-04-19T08:37:47.704+0000] {processor.py:208} INFO - Processing /home/airflow/.local/lib/python3.12/site-packages/airflow/example_dags/example_python_decorator.py took 0.426 seconds
[2025-04-19T08:38:17.779+0000] {processor.py:186} INFO - Started process (PID=185) to work on /home/airflow/.local/lib/python3.12/site-packages/airflow/example_dags/example_python_decorator.py
[2025-04-19T08:38:17.779+0000] {processor.py:914} INFO - Processing file /home/airflow/.local/lib/python3.12/site-packages/airflow/example_dags/example_python_decorator.py for tasks to queue
[2025-04-19T08:38:17.782+0000] {logging_mixin.py:190} INFO - [2025-04-19T08:38:17.781+0000] {dagbag.py:588} INFO - Filling up the DagBag from /home/airflow/.local/lib/python3.12/site-packages/airflow/example_dags/example_python_decorator.py
[2025-04-19T08:38:17.797+0000] {processor.py:925} INFO - DAG(s) 'example_python_decorator' retrieved from /home/airflow/.local/lib/python3.12/site-packages/airflow/example_dags/example_python_decorator.py
[2025-04-19T08:38:17.821+0000] {logging_mixin.py:190} INFO - [2025-04-19T08:38:17.820+0000] {dag.py:3239} INFO - Sync 1 DAGs
[2025-04-19T08:38:17.837+0000] {logging_mixin.py:190} INFO - [2025-04-19T08:38:17.837+0000] {dag.py:4180} INFO - Setting next_dagrun for example_python_decorator to None, run_after=None
[2025-04-19T08:38:17.856+0000] {processor.py:208} INFO - Processing /home/airflow/.local/lib/python3.12/site-packages/airflow/example_dags/example_python_decorator.py took 0.084 seconds
[2025-04-19T08:38:48.275+0000] {processor.py:186} INFO - Started process (PID=247) to work on /home/airflow/.local/lib/python3.12/site-packages/airflow/example_dags/example_python_decorator.py
[2025-04-19T08:38:48.278+0000] {processor.py:914} INFO - Processing file /home/airflow/.local/lib/python3.12/site-packages/airflow/example_dags/example_python_decorator.py for tasks to queue
[2025-04-19T08:38:48.280+0000] {logging_mixin.py:190} INFO - [2025-04-19T08:38:48.279+0000] {dagbag.py:588} INFO - Filling up the DagBag from /home/airflow/.local/lib/python3.12/site-packages/airflow/example_dags/example_python_decorator.py
[2025-04-19T08:38:48.296+0000] {processor.py:925} INFO - DAG(s) 'example_python_decorator' retrieved from /home/airflow/.local/lib/python3.12/site-packages/airflow/example_dags/example_python_decorator.py
[2025-04-19T08:38:48.320+0000] {logging_mixin.py:190} INFO - [2025-04-19T08:38:48.319+0000] {dag.py:3239} INFO - Sync 1 DAGs
[2025-04-19T08:38:48.336+0000] {logging_mixin.py:190} INFO - [2025-04-19T08:38:48.336+0000] {dag.py:4180} INFO - Setting next_dagrun for example_python_decorator to None, run_after=None
[2025-04-19T08:38:48.353+0000] {processor.py:208} INFO - Processing /home/airflow/.local/lib/python3.12/site-packages/airflow/example_dags/example_python_decorator.py took 0.086 seconds
[2025-04-19T08:39:18.768+0000] {processor.py:186} INFO - Started process (PID=310) to work on /home/airflow/.local/lib/python3.12/site-packages/airflow/example_dags/example_python_decorator.py
[2025-04-19T08:39:18.777+0000] {processor.py:914} INFO - Processing file /home/airflow/.local/lib/python3.12/site-packages/airflow/example_dags/example_python_decorator.py for tasks to queue
[2025-04-19T08:39:18.780+0000] {logging_mixin.py:190} INFO - [2025-04-19T08:39:18.780+0000] {dagbag.py:588} INFO - Filling up the DagBag from /home/airflow/.local/lib/python3.12/site-packages/airflow/example_dags/example_python_decorator.py
[2025-04-19T08:39:18.817+0000] {processor.py:925} INFO - DAG(s) 'example_python_decorator' retrieved from /home/airflow/.local/lib/python3.12/site-packages/airflow/example_dags/example_python_decorator.py
[2025-04-19T08:39:18.858+0000] {logging_mixin.py:190} INFO - [2025-04-19T08:39:18.857+0000] {dag.py:3239} INFO - Sync 1 DAGs
[2025-04-19T08:39:18.874+0000] {logging_mixin.py:190} INFO - [2025-04-19T08:39:18.874+0000] {dag.py:4180} INFO - Setting next_dagrun for example_python_decorator to None, run_after=None
[2025-04-19T08:39:18.891+0000] {processor.py:208} INFO - Processing /home/airflow/.local/lib/python3.12/site-packages/airflow/example_dags/example_python_decorator.py took 0.139 seconds
[2025-04-19T08:39:49.322+0000] {processor.py:186} INFO - Started process (PID=371) to work on /home/airflow/.local/lib/python3.12/site-packages/airflow/example_dags/example_python_decorator.py
[2025-04-19T08:39:49.323+0000] {processor.py:914} INFO - Processing file /home/airflow/.local/lib/python3.12/site-packages/airflow/example_dags/example_python_decorator.py for tasks to queue
[2025-04-19T08:39:49.325+0000] {logging_mixin.py:190} INFO - [2025-04-19T08:39:49.325+0000] {dagbag.py:588} INFO - Filling up the DagBag from /home/airflow/.local/lib/python3.12/site-packages/airflow/example_dags/example_python_decorator.py
[2025-04-19T08:39:49.341+0000] {processor.py:925} INFO - DAG(s) 'example_python_decorator' retrieved from /home/airflow/.local/lib/python3.12/site-packages/airflow/example_dags/example_python_decorator.py
[2025-04-19T08:39:49.368+0000] {logging_mixin.py:190} INFO - [2025-04-19T08:39:49.367+0000] {dag.py:3239} INFO - Sync 1 DAGs
[2025-04-19T08:39:49.386+0000] {logging_mixin.py:190} INFO - [2025-04-19T08:39:49.386+0000] {dag.py:4180} INFO - Setting next_dagrun for example_python_decorator to None, run_after=None
[2025-04-19T08:39:49.403+0000] {processor.py:208} INFO - Processing /home/airflow/.local/lib/python3.12/site-packages/airflow/example_dags/example_python_decorator.py took 0.092 seconds
[2025-04-19T08:40:20.423+0000] {processor.py:186} INFO - Started process (PID=435) to work on /home/airflow/.local/lib/python3.12/site-packages/airflow/example_dags/example_python_decorator.py
[2025-04-19T08:40:20.424+0000] {processor.py:914} INFO - Processing file /home/airflow/.local/lib/python3.12/site-packages/airflow/example_dags/example_python_decorator.py for tasks to queue
[2025-04-19T08:40:20.428+0000] {logging_mixin.py:190} INFO - [2025-04-19T08:40:20.428+0000] {dagbag.py:588} INFO - Filling up the DagBag from /home/airflow/.local/lib/python3.12/site-packages/airflow/example_dags/example_python_decorator.py
[2025-04-19T08:40:20.444+0000] {processor.py:925} INFO - DAG(s) 'example_python_decorator' retrieved from /home/airflow/.local/lib/python3.12/site-packages/airflow/example_dags/example_python_decorator.py
[2025-04-19T08:40:20.471+0000] {logging_mixin.py:190} INFO - [2025-04-19T08:40:20.471+0000] {dag.py:3239} INFO - Sync 1 DAGs
[2025-04-19T08:40:20.488+0000] {logging_mixin.py:190} INFO - [2025-04-19T08:40:20.488+0000] {dag.py:4180} INFO - Setting next_dagrun for example_python_decorator to None, run_after=None
[2025-04-19T08:40:20.505+0000] {processor.py:208} INFO - Processing /home/airflow/.local/lib/python3.12/site-packages/airflow/example_dags/example_python_decorator.py took 0.088 seconds
[2025-04-19T08:40:50.695+0000] {processor.py:186} INFO - Started process (PID=497) to work on /home/airflow/.local/lib/python3.12/site-packages/airflow/example_dags/example_python_decorator.py
[2025-04-19T08:40:50.698+0000] {processor.py:914} INFO - Processing file /home/airflow/.local/lib/python3.12/site-packages/airflow/example_dags/example_python_decorator.py for tasks to queue
[2025-04-19T08:40:50.701+0000] {logging_mixin.py:190} INFO - [2025-04-19T08:40:50.701+0000] {dagbag.py:588} INFO - Filling up the DagBag from /home/airflow/.local/lib/python3.12/site-packages/airflow/example_dags/example_python_decorator.py
[2025-04-19T08:40:50.736+0000] {processor.py:925} INFO - DAG(s) 'example_python_decorator' retrieved from /home/airflow/.local/lib/python3.12/site-packages/airflow/example_dags/example_python_decorator.py
[2025-04-19T08:40:50.790+0000] {logging_mixin.py:190} INFO - [2025-04-19T08:40:50.790+0000] {dag.py:3239} INFO - Sync 1 DAGs
[2025-04-19T08:40:50.824+0000] {logging_mixin.py:190} INFO - [2025-04-19T08:40:50.823+0000] {dag.py:4180} INFO - Setting next_dagrun for example_python_decorator to None, run_after=None
[2025-04-19T08:40:50.863+0000] {processor.py:208} INFO - Processing /home/airflow/.local/lib/python3.12/site-packages/airflow/example_dags/example_python_decorator.py took 0.180 seconds
