[2025-04-19T08:37:36.487+0000] {processor.py:186} INFO - Started process (PID=100) to work on /home/airflow/.local/lib/python3.12/site-packages/airflow/example_dags/example_short_circuit_decorator.py
[2025-04-19T08:37:36.488+0000] {processor.py:914} INFO - Processing file /home/airflow/.local/lib/python3.12/site-packages/airflow/example_dags/example_short_circuit_decorator.py for tasks to queue
[2025-04-19T08:37:36.498+0000] {logging_mixin.py:190} INFO - [2025-04-19T08:37:36.497+0000] {dagbag.py:588} INFO - Filling up the DagBag from /home/airflow/.local/lib/python3.12/site-packages/airflow/example_dags/example_short_circuit_decorator.py
[2025-04-19T08:37:36.533+0000] {processor.py:925} INFO - DAG(s) 'example_short_circuit_decorator' retrieved from /home/airflow/.local/lib/python3.12/site-packages/airflow/example_dags/example_short_circuit_decorator.py
[2025-04-19T08:37:36.956+0000] {logging_mixin.py:190} INFO - [2025-04-19T08:37:36.954+0000] {override.py:1911} INFO - Created Permission View: can delete on DAG:example_short_circuit_decorator
[2025-04-19T08:37:36.982+0000] {logging_mixin.py:190} INFO - [2025-04-19T08:37:36.982+0000] {override.py:1911} INFO - Created Permission View: can edit on DAG:example_short_circuit_decorator
[2025-04-19T08:37:37.001+0000] {logging_mixin.py:190} INFO - [2025-04-19T08:37:37.000+0000] {override.py:1911} INFO - Created Permission View: can read on DAG:example_short_circuit_decorator
[2025-04-19T08:37:37.033+0000] {logging_mixin.py:190} INFO - [2025-04-19T08:37:37.033+0000] {override.py:1911} INFO - Created Permission View: can delete on DAG Run:example_short_circuit_decorator
[2025-04-19T08:37:37.052+0000] {logging_mixin.py:190} INFO - [2025-04-19T08:37:37.051+0000] {override.py:1911} INFO - Created Permission View: can read on DAG Run:example_short_circuit_decorator
[2025-04-19T08:37:37.069+0000] {logging_mixin.py:190} INFO - [2025-04-19T08:37:37.067+0000] {override.py:1911} INFO - Created Permission View: can create on DAG Run:example_short_circuit_decorator
[2025-04-19T08:37:37.083+0000] {logging_mixin.py:190} INFO - [2025-04-19T08:37:37.083+0000] {override.py:1911} INFO - Created Permission View: menu access on DAG Run:example_short_circuit_decorator
[2025-04-19T08:37:37.084+0000] {logging_mixin.py:190} INFO - [2025-04-19T08:37:37.084+0000] {dag.py:3239} INFO - Sync 1 DAGs
[2025-04-19T08:37:37.125+0000] {logging_mixin.py:190} INFO - [2025-04-19T08:37:37.125+0000] {dag.py:3262} INFO - Creating ORM DAG for example_short_circuit_decorator
[2025-04-19T08:37:37.128+0000] {logging_mixin.py:190} INFO - [2025-04-19T08:37:37.128+0000] {dag.py:4180} INFO - Setting next_dagrun for example_short_circuit_decorator to None, run_after=None
[2025-04-19T08:37:37.183+0000] {processor.py:208} INFO - Processing /home/airflow/.local/lib/python3.12/site-packages/airflow/example_dags/example_short_circuit_decorator.py took 0.714 seconds
[2025-04-19T08:38:07.737+0000] {processor.py:186} INFO - Started process (PID=162) to work on /home/airflow/.local/lib/python3.12/site-packages/airflow/example_dags/example_short_circuit_decorator.py
[2025-04-19T08:38:07.738+0000] {processor.py:914} INFO - Processing file /home/airflow/.local/lib/python3.12/site-packages/airflow/example_dags/example_short_circuit_decorator.py for tasks to queue
[2025-04-19T08:38:07.741+0000] {logging_mixin.py:190} INFO - [2025-04-19T08:38:07.740+0000] {dagbag.py:588} INFO - Filling up the DagBag from /home/airflow/.local/lib/python3.12/site-packages/airflow/example_dags/example_short_circuit_decorator.py
[2025-04-19T08:38:07.749+0000] {processor.py:925} INFO - DAG(s) 'example_short_circuit_decorator' retrieved from /home/airflow/.local/lib/python3.12/site-packages/airflow/example_dags/example_short_circuit_decorator.py
[2025-04-19T08:38:07.766+0000] {logging_mixin.py:190} INFO - [2025-04-19T08:38:07.766+0000] {dag.py:3239} INFO - Sync 1 DAGs
[2025-04-19T08:38:07.781+0000] {logging_mixin.py:190} INFO - [2025-04-19T08:38:07.781+0000] {dag.py:4180} INFO - Setting next_dagrun for example_short_circuit_decorator to None, run_after=None
[2025-04-19T08:38:07.794+0000] {processor.py:208} INFO - Processing /home/airflow/.local/lib/python3.12/site-packages/airflow/example_dags/example_short_circuit_decorator.py took 0.061 seconds
[2025-04-19T08:38:38.389+0000] {processor.py:186} INFO - Started process (PID=224) to work on /home/airflow/.local/lib/python3.12/site-packages/airflow/example_dags/example_short_circuit_decorator.py
[2025-04-19T08:38:38.390+0000] {processor.py:914} INFO - Processing file /home/airflow/.local/lib/python3.12/site-packages/airflow/example_dags/example_short_circuit_decorator.py for tasks to queue
[2025-04-19T08:38:38.392+0000] {logging_mixin.py:190} INFO - [2025-04-19T08:38:38.391+0000] {dagbag.py:588} INFO - Filling up the DagBag from /home/airflow/.local/lib/python3.12/site-packages/airflow/example_dags/example_short_circuit_decorator.py
[2025-04-19T08:38:38.400+0000] {processor.py:925} INFO - DAG(s) 'example_short_circuit_decorator' retrieved from /home/airflow/.local/lib/python3.12/site-packages/airflow/example_dags/example_short_circuit_decorator.py
[2025-04-19T08:38:38.417+0000] {logging_mixin.py:190} INFO - [2025-04-19T08:38:38.417+0000] {dag.py:3239} INFO - Sync 1 DAGs
[2025-04-19T08:38:38.428+0000] {logging_mixin.py:190} INFO - [2025-04-19T08:38:38.428+0000] {dag.py:4180} INFO - Setting next_dagrun for example_short_circuit_decorator to None, run_after=None
[2025-04-19T08:38:38.443+0000] {processor.py:208} INFO - Processing /home/airflow/.local/lib/python3.12/site-packages/airflow/example_dags/example_short_circuit_decorator.py took 0.058 seconds
[2025-04-19T08:39:09.069+0000] {processor.py:186} INFO - Started process (PID=286) to work on /home/airflow/.local/lib/python3.12/site-packages/airflow/example_dags/example_short_circuit_decorator.py
[2025-04-19T08:39:09.070+0000] {processor.py:914} INFO - Processing file /home/airflow/.local/lib/python3.12/site-packages/airflow/example_dags/example_short_circuit_decorator.py for tasks to queue
[2025-04-19T08:39:09.073+0000] {logging_mixin.py:190} INFO - [2025-04-19T08:39:09.072+0000] {dagbag.py:588} INFO - Filling up the DagBag from /home/airflow/.local/lib/python3.12/site-packages/airflow/example_dags/example_short_circuit_decorator.py
[2025-04-19T08:39:09.084+0000] {processor.py:925} INFO - DAG(s) 'example_short_circuit_decorator' retrieved from /home/airflow/.local/lib/python3.12/site-packages/airflow/example_dags/example_short_circuit_decorator.py
[2025-04-19T08:39:09.113+0000] {logging_mixin.py:190} INFO - [2025-04-19T08:39:09.113+0000] {dag.py:3239} INFO - Sync 1 DAGs
[2025-04-19T08:39:09.138+0000] {logging_mixin.py:190} INFO - [2025-04-19T08:39:09.138+0000] {dag.py:4180} INFO - Setting next_dagrun for example_short_circuit_decorator to None, run_after=None
[2025-04-19T08:39:09.157+0000] {processor.py:208} INFO - Processing /home/airflow/.local/lib/python3.12/site-packages/airflow/example_dags/example_short_circuit_decorator.py took 0.099 seconds
[2025-04-19T08:39:39.384+0000] {processor.py:186} INFO - Started process (PID=349) to work on /home/airflow/.local/lib/python3.12/site-packages/airflow/example_dags/example_short_circuit_decorator.py
[2025-04-19T08:39:39.389+0000] {processor.py:914} INFO - Processing file /home/airflow/.local/lib/python3.12/site-packages/airflow/example_dags/example_short_circuit_decorator.py for tasks to queue
[2025-04-19T08:39:39.393+0000] {logging_mixin.py:190} INFO - [2025-04-19T08:39:39.393+0000] {dagbag.py:588} INFO - Filling up the DagBag from /home/airflow/.local/lib/python3.12/site-packages/airflow/example_dags/example_short_circuit_decorator.py
[2025-04-19T08:39:39.416+0000] {processor.py:925} INFO - DAG(s) 'example_short_circuit_decorator' retrieved from /home/airflow/.local/lib/python3.12/site-packages/airflow/example_dags/example_short_circuit_decorator.py
[2025-04-19T08:39:39.473+0000] {logging_mixin.py:190} INFO - [2025-04-19T08:39:39.472+0000] {dag.py:3239} INFO - Sync 1 DAGs
[2025-04-19T08:39:39.507+0000] {logging_mixin.py:190} INFO - [2025-04-19T08:39:39.506+0000] {dag.py:4180} INFO - Setting next_dagrun for example_short_circuit_decorator to None, run_after=None
[2025-04-19T08:39:39.549+0000] {processor.py:208} INFO - Processing /home/airflow/.local/lib/python3.12/site-packages/airflow/example_dags/example_short_circuit_decorator.py took 0.182 seconds
[2025-04-19T08:40:09.959+0000] {processor.py:186} INFO - Started process (PID=411) to work on /home/airflow/.local/lib/python3.12/site-packages/airflow/example_dags/example_short_circuit_decorator.py
[2025-04-19T08:40:09.960+0000] {processor.py:914} INFO - Processing file /home/airflow/.local/lib/python3.12/site-packages/airflow/example_dags/example_short_circuit_decorator.py for tasks to queue
[2025-04-19T08:40:09.963+0000] {logging_mixin.py:190} INFO - [2025-04-19T08:40:09.963+0000] {dagbag.py:588} INFO - Filling up the DagBag from /home/airflow/.local/lib/python3.12/site-packages/airflow/example_dags/example_short_circuit_decorator.py
[2025-04-19T08:40:09.977+0000] {processor.py:925} INFO - DAG(s) 'example_short_circuit_decorator' retrieved from /home/airflow/.local/lib/python3.12/site-packages/airflow/example_dags/example_short_circuit_decorator.py
[2025-04-19T08:40:09.998+0000] {logging_mixin.py:190} INFO - [2025-04-19T08:40:09.998+0000] {dag.py:3239} INFO - Sync 1 DAGs
[2025-04-19T08:40:10.011+0000] {logging_mixin.py:190} INFO - [2025-04-19T08:40:10.011+0000] {dag.py:4180} INFO - Setting next_dagrun for example_short_circuit_decorator to None, run_after=None
[2025-04-19T08:40:10.024+0000] {processor.py:208} INFO - Processing /home/airflow/.local/lib/python3.12/site-packages/airflow/example_dags/example_short_circuit_decorator.py took 0.069 seconds
[2025-04-19T08:40:40.220+0000] {processor.py:186} INFO - Started process (PID=474) to work on /home/airflow/.local/lib/python3.12/site-packages/airflow/example_dags/example_short_circuit_decorator.py
[2025-04-19T08:40:40.221+0000] {processor.py:914} INFO - Processing file /home/airflow/.local/lib/python3.12/site-packages/airflow/example_dags/example_short_circuit_decorator.py for tasks to queue
[2025-04-19T08:40:40.223+0000] {logging_mixin.py:190} INFO - [2025-04-19T08:40:40.223+0000] {dagbag.py:588} INFO - Filling up the DagBag from /home/airflow/.local/lib/python3.12/site-packages/airflow/example_dags/example_short_circuit_decorator.py
[2025-04-19T08:40:40.230+0000] {processor.py:925} INFO - DAG(s) 'example_short_circuit_decorator' retrieved from /home/airflow/.local/lib/python3.12/site-packages/airflow/example_dags/example_short_circuit_decorator.py
[2025-04-19T08:40:40.249+0000] {logging_mixin.py:190} INFO - [2025-04-19T08:40:40.249+0000] {dag.py:3239} INFO - Sync 1 DAGs
[2025-04-19T08:40:40.260+0000] {logging_mixin.py:190} INFO - [2025-04-19T08:40:40.259+0000] {dag.py:4180} INFO - Setting next_dagrun for example_short_circuit_decorator to None, run_after=None
[2025-04-19T08:40:40.274+0000] {processor.py:208} INFO - Processing /home/airflow/.local/lib/python3.12/site-packages/airflow/example_dags/example_short_circuit_decorator.py took 0.058 seconds
