[2025-04-19T08:37:25.448+0000] {processor.py:186} INFO - Started process (PID=84) to work on /home/airflow/.local/lib/python3.12/site-packages/airflow/example_dags/example_complex.py
[2025-04-19T08:37:25.451+0000] {processor.py:914} INFO - Processing file /home/airflow/.local/lib/python3.12/site-packages/airflow/example_dags/example_complex.py for tasks to queue
[2025-04-19T08:37:25.456+0000] {logging_mixin.py:190} INFO - [2025-04-19T08:37:25.456+0000] {dagbag.py:588} INFO - Filling up the DagBag from /home/airflow/.local/lib/python3.12/site-packages/airflow/example_dags/example_complex.py
[2025-04-19T08:37:25.495+0000] {processor.py:925} INFO - DAG(s) 'example_complex' retrieved from /home/airflow/.local/lib/python3.12/site-packages/airflow/example_dags/example_complex.py
[2025-04-19T08:37:25.828+0000] {logging_mixin.py:190} INFO - [2025-04-19T08:37:25.827+0000] {override.py:1911} INFO - Created Permission View: can delete on DAG:example_complex
[2025-04-19T08:37:25.858+0000] {logging_mixin.py:190} INFO - [2025-04-19T08:37:25.857+0000] {override.py:1911} INFO - Created Permission View: can edit on DAG:example_complex
[2025-04-19T08:37:25.875+0000] {logging_mixin.py:190} INFO - [2025-04-19T08:37:25.875+0000] {override.py:1911} INFO - Created Permission View: can read on DAG:example_complex
[2025-04-19T08:37:25.900+0000] {logging_mixin.py:190} INFO - [2025-04-19T08:37:25.900+0000] {override.py:1911} INFO - Created Permission View: can delete on DAG Run:example_complex
[2025-04-19T08:37:25.923+0000] {logging_mixin.py:190} INFO - [2025-04-19T08:37:25.923+0000] {override.py:1911} INFO - Created Permission View: can read on DAG Run:example_complex
[2025-04-19T08:37:25.964+0000] {logging_mixin.py:190} INFO - [2025-04-19T08:37:25.964+0000] {override.py:1911} INFO - Created Permission View: can create on DAG Run:example_complex
[2025-04-19T08:37:26.147+0000] {logging_mixin.py:190} INFO - [2025-04-19T08:37:26.146+0000] {override.py:1911} INFO - Created Permission View: menu access on DAG Run:example_complex
[2025-04-19T08:37:26.151+0000] {logging_mixin.py:190} INFO - [2025-04-19T08:37:26.150+0000] {dag.py:3239} INFO - Sync 1 DAGs
[2025-04-19T08:37:26.223+0000] {logging_mixin.py:190} INFO - [2025-04-19T08:37:26.222+0000] {dag.py:3262} INFO - Creating ORM DAG for example_complex
[2025-04-19T08:37:26.232+0000] {logging_mixin.py:190} INFO - [2025-04-19T08:37:26.231+0000] {dag.py:4180} INFO - Setting next_dagrun for example_complex to None, run_after=None
[2025-04-19T08:37:26.337+0000] {processor.py:208} INFO - Processing /home/airflow/.local/lib/python3.12/site-packages/airflow/example_dags/example_complex.py took 0.901 seconds
[2025-04-19T08:37:56.793+0000] {processor.py:186} INFO - Started process (PID=147) to work on /home/airflow/.local/lib/python3.12/site-packages/airflow/example_dags/example_complex.py
[2025-04-19T08:37:56.796+0000] {processor.py:914} INFO - Processing file /home/airflow/.local/lib/python3.12/site-packages/airflow/example_dags/example_complex.py for tasks to queue
[2025-04-19T08:37:56.800+0000] {logging_mixin.py:190} INFO - [2025-04-19T08:37:56.800+0000] {dagbag.py:588} INFO - Filling up the DagBag from /home/airflow/.local/lib/python3.12/site-packages/airflow/example_dags/example_complex.py
[2025-04-19T08:37:56.830+0000] {processor.py:925} INFO - DAG(s) 'example_complex' retrieved from /home/airflow/.local/lib/python3.12/site-packages/airflow/example_dags/example_complex.py
[2025-04-19T08:37:56.900+0000] {logging_mixin.py:190} INFO - [2025-04-19T08:37:56.899+0000] {dag.py:3239} INFO - Sync 1 DAGs
[2025-04-19T08:37:56.918+0000] {logging_mixin.py:190} INFO - [2025-04-19T08:37:56.918+0000] {dag.py:4180} INFO - Setting next_dagrun for example_complex to None, run_after=None
[2025-04-19T08:37:56.937+0000] {processor.py:208} INFO - Processing /home/airflow/.local/lib/python3.12/site-packages/airflow/example_dags/example_complex.py took 0.156 seconds
[2025-04-19T08:38:27.149+0000] {processor.py:186} INFO - Started process (PID=209) to work on /home/airflow/.local/lib/python3.12/site-packages/airflow/example_dags/example_complex.py
[2025-04-19T08:38:27.152+0000] {processor.py:914} INFO - Processing file /home/airflow/.local/lib/python3.12/site-packages/airflow/example_dags/example_complex.py for tasks to queue
[2025-04-19T08:38:27.160+0000] {logging_mixin.py:190} INFO - [2025-04-19T08:38:27.160+0000] {dagbag.py:588} INFO - Filling up the DagBag from /home/airflow/.local/lib/python3.12/site-packages/airflow/example_dags/example_complex.py
[2025-04-19T08:38:27.189+0000] {processor.py:925} INFO - DAG(s) 'example_complex' retrieved from /home/airflow/.local/lib/python3.12/site-packages/airflow/example_dags/example_complex.py
[2025-04-19T08:38:27.231+0000] {logging_mixin.py:190} INFO - [2025-04-19T08:38:27.231+0000] {dag.py:3239} INFO - Sync 1 DAGs
[2025-04-19T08:38:27.250+0000] {logging_mixin.py:190} INFO - [2025-04-19T08:38:27.249+0000] {dag.py:4180} INFO - Setting next_dagrun for example_complex to None, run_after=None
[2025-04-19T08:38:27.268+0000] {processor.py:208} INFO - Processing /home/airflow/.local/lib/python3.12/site-packages/airflow/example_dags/example_complex.py took 0.133 seconds
[2025-04-19T08:38:57.852+0000] {processor.py:186} INFO - Started process (PID=271) to work on /home/airflow/.local/lib/python3.12/site-packages/airflow/example_dags/example_complex.py
[2025-04-19T08:38:57.857+0000] {processor.py:914} INFO - Processing file /home/airflow/.local/lib/python3.12/site-packages/airflow/example_dags/example_complex.py for tasks to queue
[2025-04-19T08:38:57.862+0000] {logging_mixin.py:190} INFO - [2025-04-19T08:38:57.861+0000] {dagbag.py:588} INFO - Filling up the DagBag from /home/airflow/.local/lib/python3.12/site-packages/airflow/example_dags/example_complex.py
[2025-04-19T08:38:57.877+0000] {processor.py:925} INFO - DAG(s) 'example_complex' retrieved from /home/airflow/.local/lib/python3.12/site-packages/airflow/example_dags/example_complex.py
[2025-04-19T08:38:57.933+0000] {logging_mixin.py:190} INFO - [2025-04-19T08:38:57.933+0000] {dag.py:3239} INFO - Sync 1 DAGs
[2025-04-19T08:38:57.950+0000] {logging_mixin.py:190} INFO - [2025-04-19T08:38:57.949+0000] {dag.py:4180} INFO - Setting next_dagrun for example_complex to None, run_after=None
[2025-04-19T08:38:57.965+0000] {processor.py:208} INFO - Processing /home/airflow/.local/lib/python3.12/site-packages/airflow/example_dags/example_complex.py took 0.118 seconds
[2025-04-19T08:39:28.021+0000] {processor.py:186} INFO - Started process (PID=334) to work on /home/airflow/.local/lib/python3.12/site-packages/airflow/example_dags/example_complex.py
[2025-04-19T08:39:28.022+0000] {processor.py:914} INFO - Processing file /home/airflow/.local/lib/python3.12/site-packages/airflow/example_dags/example_complex.py for tasks to queue
[2025-04-19T08:39:28.024+0000] {logging_mixin.py:190} INFO - [2025-04-19T08:39:28.024+0000] {dagbag.py:588} INFO - Filling up the DagBag from /home/airflow/.local/lib/python3.12/site-packages/airflow/example_dags/example_complex.py
[2025-04-19T08:39:28.039+0000] {processor.py:925} INFO - DAG(s) 'example_complex' retrieved from /home/airflow/.local/lib/python3.12/site-packages/airflow/example_dags/example_complex.py
[2025-04-19T08:39:28.079+0000] {logging_mixin.py:190} INFO - [2025-04-19T08:39:28.079+0000] {dag.py:3239} INFO - Sync 1 DAGs
[2025-04-19T08:39:28.096+0000] {logging_mixin.py:190} INFO - [2025-04-19T08:39:28.096+0000] {dag.py:4180} INFO - Setting next_dagrun for example_complex to None, run_after=None
[2025-04-19T08:39:28.117+0000] {processor.py:208} INFO - Processing /home/airflow/.local/lib/python3.12/site-packages/airflow/example_dags/example_complex.py took 0.102 seconds
[2025-04-19T08:39:58.361+0000] {processor.py:186} INFO - Started process (PID=396) to work on /home/airflow/.local/lib/python3.12/site-packages/airflow/example_dags/example_complex.py
[2025-04-19T08:39:58.362+0000] {processor.py:914} INFO - Processing file /home/airflow/.local/lib/python3.12/site-packages/airflow/example_dags/example_complex.py for tasks to queue
[2025-04-19T08:39:58.364+0000] {logging_mixin.py:190} INFO - [2025-04-19T08:39:58.364+0000] {dagbag.py:588} INFO - Filling up the DagBag from /home/airflow/.local/lib/python3.12/site-packages/airflow/example_dags/example_complex.py
[2025-04-19T08:39:58.379+0000] {processor.py:925} INFO - DAG(s) 'example_complex' retrieved from /home/airflow/.local/lib/python3.12/site-packages/airflow/example_dags/example_complex.py
[2025-04-19T08:39:58.418+0000] {logging_mixin.py:190} INFO - [2025-04-19T08:39:58.418+0000] {dag.py:3239} INFO - Sync 1 DAGs
[2025-04-19T08:39:58.435+0000] {logging_mixin.py:190} INFO - [2025-04-19T08:39:58.435+0000] {dag.py:4180} INFO - Setting next_dagrun for example_complex to None, run_after=None
[2025-04-19T08:39:58.452+0000] {processor.py:208} INFO - Processing /home/airflow/.local/lib/python3.12/site-packages/airflow/example_dags/example_complex.py took 0.096 seconds
[2025-04-19T08:40:28.568+0000] {processor.py:186} INFO - Started process (PID=459) to work on /home/airflow/.local/lib/python3.12/site-packages/airflow/example_dags/example_complex.py
[2025-04-19T08:40:28.569+0000] {processor.py:914} INFO - Processing file /home/airflow/.local/lib/python3.12/site-packages/airflow/example_dags/example_complex.py for tasks to queue
[2025-04-19T08:40:28.571+0000] {logging_mixin.py:190} INFO - [2025-04-19T08:40:28.571+0000] {dagbag.py:588} INFO - Filling up the DagBag from /home/airflow/.local/lib/python3.12/site-packages/airflow/example_dags/example_complex.py
[2025-04-19T08:40:28.586+0000] {processor.py:925} INFO - DAG(s) 'example_complex' retrieved from /home/airflow/.local/lib/python3.12/site-packages/airflow/example_dags/example_complex.py
[2025-04-19T08:40:28.633+0000] {logging_mixin.py:190} INFO - [2025-04-19T08:40:28.632+0000] {dag.py:3239} INFO - Sync 1 DAGs
[2025-04-19T08:40:28.652+0000] {logging_mixin.py:190} INFO - [2025-04-19T08:40:28.652+0000] {dag.py:4180} INFO - Setting next_dagrun for example_complex to None, run_after=None
[2025-04-19T08:40:28.670+0000] {processor.py:208} INFO - Processing /home/airflow/.local/lib/python3.12/site-packages/airflow/example_dags/example_complex.py took 0.107 seconds
[2025-04-19T08:40:59.361+0000] {processor.py:186} INFO - Started process (PID=521) to work on /home/airflow/.local/lib/python3.12/site-packages/airflow/example_dags/example_complex.py
[2025-04-19T08:40:59.362+0000] {processor.py:914} INFO - Processing file /home/airflow/.local/lib/python3.12/site-packages/airflow/example_dags/example_complex.py for tasks to queue
[2025-04-19T08:40:59.364+0000] {logging_mixin.py:190} INFO - [2025-04-19T08:40:59.363+0000] {dagbag.py:588} INFO - Filling up the DagBag from /home/airflow/.local/lib/python3.12/site-packages/airflow/example_dags/example_complex.py
[2025-04-19T08:40:59.380+0000] {processor.py:925} INFO - DAG(s) 'example_complex' retrieved from /home/airflow/.local/lib/python3.12/site-packages/airflow/example_dags/example_complex.py
[2025-04-19T08:40:59.419+0000] {logging_mixin.py:190} INFO - [2025-04-19T08:40:59.419+0000] {dag.py:3239} INFO - Sync 1 DAGs
[2025-04-19T08:40:59.436+0000] {logging_mixin.py:190} INFO - [2025-04-19T08:40:59.435+0000] {dag.py:4180} INFO - Setting next_dagrun for example_complex to None, run_after=None
[2025-04-19T08:40:59.453+0000] {processor.py:208} INFO - Processing /home/airflow/.local/lib/python3.12/site-packages/airflow/example_dags/example_complex.py took 0.098 seconds
