[2025-04-19T08:37:45.109+0000] {processor.py:186} INFO - Started process (PID=121) to work on /home/airflow/.local/lib/python3.12/site-packages/airflow/example_dags/example_dataset_alias_with_no_taskflow.py
[2025-04-19T08:37:45.113+0000] {processor.py:914} INFO - Processing file /home/airflow/.local/lib/python3.12/site-packages/airflow/example_dags/example_dataset_alias_with_no_taskflow.py for tasks to queue
[2025-04-19T08:37:45.118+0000] {logging_mixin.py:190} INFO - [2025-04-19T08:37:45.117+0000] {dagbag.py:588} INFO - Filling up the DagBag from /home/airflow/.local/lib/python3.12/site-packages/airflow/example_dags/example_dataset_alias_with_no_taskflow.py
[2025-04-19T08:37:47.097+0000] {processor.py:925} INFO - DAG(s) 'dataset_s3_bucket_consumer_with_no_taskflow', 'dataset_alias_example_alias_consumer_with_no_taskflow', 'dataset_alias_example_alias_producer_with_no_taskflow', 'dataset_s3_bucket_producer_with_no_taskflow' retrieved from /home/airflow/.local/lib/python3.12/site-packages/airflow/example_dags/example_dataset_alias_with_no_taskflow.py
[2025-04-19T08:37:47.266+0000] {logging_mixin.py:190} INFO - [2025-04-19T08:37:47.265+0000] {override.py:1911} INFO - Created Permission View: can delete on DAG:dataset_s3_bucket_consumer_with_no_taskflow
[2025-04-19T08:37:47.288+0000] {logging_mixin.py:190} INFO - [2025-04-19T08:37:47.288+0000] {override.py:1911} INFO - Created Permission View: can edit on DAG:dataset_s3_bucket_consumer_with_no_taskflow
[2025-04-19T08:37:47.311+0000] {logging_mixin.py:190} INFO - [2025-04-19T08:37:47.310+0000] {override.py:1911} INFO - Created Permission View: can read on DAG:dataset_s3_bucket_consumer_with_no_taskflow
[2025-04-19T08:37:47.340+0000] {logging_mixin.py:190} INFO - [2025-04-19T08:37:47.340+0000] {override.py:1911} INFO - Created Permission View: can delete on DAG Run:dataset_s3_bucket_consumer_with_no_taskflow
[2025-04-19T08:37:47.366+0000] {logging_mixin.py:190} INFO - [2025-04-19T08:37:47.365+0000] {override.py:1911} INFO - Created Permission View: can read on DAG Run:dataset_s3_bucket_consumer_with_no_taskflow
[2025-04-19T08:37:47.385+0000] {logging_mixin.py:190} INFO - [2025-04-19T08:37:47.384+0000] {override.py:1911} INFO - Created Permission View: can create on DAG Run:dataset_s3_bucket_consumer_with_no_taskflow
[2025-04-19T08:37:47.398+0000] {logging_mixin.py:190} INFO - [2025-04-19T08:37:47.398+0000] {override.py:1911} INFO - Created Permission View: menu access on DAG Run:dataset_s3_bucket_consumer_with_no_taskflow
[2025-04-19T08:37:47.428+0000] {logging_mixin.py:190} INFO - [2025-04-19T08:37:47.427+0000] {override.py:1911} INFO - Created Permission View: can delete on DAG:dataset_alias_example_alias_consumer_with_no_taskflow
[2025-04-19T08:37:47.439+0000] {logging_mixin.py:190} INFO - [2025-04-19T08:37:47.439+0000] {override.py:1911} INFO - Created Permission View: can edit on DAG:dataset_alias_example_alias_consumer_with_no_taskflow
[2025-04-19T08:37:47.457+0000] {logging_mixin.py:190} INFO - [2025-04-19T08:37:47.457+0000] {override.py:1911} INFO - Created Permission View: can read on DAG:dataset_alias_example_alias_consumer_with_no_taskflow
[2025-04-19T08:37:47.476+0000] {logging_mixin.py:190} INFO - [2025-04-19T08:37:47.476+0000] {override.py:1911} INFO - Created Permission View: can delete on DAG Run:dataset_alias_example_alias_consumer_with_no_taskflow
[2025-04-19T08:37:47.517+0000] {logging_mixin.py:190} INFO - [2025-04-19T08:37:47.516+0000] {override.py:1911} INFO - Created Permission View: can read on DAG Run:dataset_alias_example_alias_consumer_with_no_taskflow
[2025-04-19T08:37:47.553+0000] {logging_mixin.py:190} INFO - [2025-04-19T08:37:47.552+0000] {override.py:1911} INFO - Created Permission View: can create on DAG Run:dataset_alias_example_alias_consumer_with_no_taskflow
[2025-04-19T08:37:47.579+0000] {logging_mixin.py:190} INFO - [2025-04-19T08:37:47.579+0000] {override.py:1911} INFO - Created Permission View: menu access on DAG Run:dataset_alias_example_alias_consumer_with_no_taskflow
[2025-04-19T08:37:47.623+0000] {logging_mixin.py:190} INFO - [2025-04-19T08:37:47.622+0000] {override.py:1911} INFO - Created Permission View: can delete on DAG:dataset_alias_example_alias_producer_with_no_taskflow
[2025-04-19T08:37:47.636+0000] {logging_mixin.py:190} INFO - [2025-04-19T08:37:47.636+0000] {override.py:1911} INFO - Created Permission View: can edit on DAG:dataset_alias_example_alias_producer_with_no_taskflow
[2025-04-19T08:37:47.655+0000] {logging_mixin.py:190} INFO - [2025-04-19T08:37:47.654+0000] {override.py:1911} INFO - Created Permission View: can read on DAG:dataset_alias_example_alias_producer_with_no_taskflow
[2025-04-19T08:37:47.679+0000] {logging_mixin.py:190} INFO - [2025-04-19T08:37:47.679+0000] {override.py:1911} INFO - Created Permission View: can delete on DAG Run:dataset_alias_example_alias_producer_with_no_taskflow
[2025-04-19T08:37:47.696+0000] {logging_mixin.py:190} INFO - [2025-04-19T08:37:47.695+0000] {override.py:1911} INFO - Created Permission View: can read on DAG Run:dataset_alias_example_alias_producer_with_no_taskflow
[2025-04-19T08:37:47.713+0000] {logging_mixin.py:190} INFO - [2025-04-19T08:37:47.713+0000] {override.py:1911} INFO - Created Permission View: can create on DAG Run:dataset_alias_example_alias_producer_with_no_taskflow
[2025-04-19T08:37:47.722+0000] {logging_mixin.py:190} INFO - [2025-04-19T08:37:47.722+0000] {override.py:1911} INFO - Created Permission View: menu access on DAG Run:dataset_alias_example_alias_producer_with_no_taskflow
[2025-04-19T08:37:47.747+0000] {logging_mixin.py:190} INFO - [2025-04-19T08:37:47.746+0000] {override.py:1911} INFO - Created Permission View: can delete on DAG:dataset_s3_bucket_producer_with_no_taskflow
[2025-04-19T08:37:47.761+0000] {logging_mixin.py:190} INFO - [2025-04-19T08:37:47.761+0000] {override.py:1911} INFO - Created Permission View: can edit on DAG:dataset_s3_bucket_producer_with_no_taskflow
[2025-04-19T08:37:47.776+0000] {logging_mixin.py:190} INFO - [2025-04-19T08:37:47.776+0000] {override.py:1911} INFO - Created Permission View: can read on DAG:dataset_s3_bucket_producer_with_no_taskflow
[2025-04-19T08:37:47.788+0000] {logging_mixin.py:190} INFO - [2025-04-19T08:37:47.788+0000] {override.py:1911} INFO - Created Permission View: can delete on DAG Run:dataset_s3_bucket_producer_with_no_taskflow
[2025-04-19T08:37:47.801+0000] {logging_mixin.py:190} INFO - [2025-04-19T08:37:47.800+0000] {override.py:1911} INFO - Created Permission View: can read on DAG Run:dataset_s3_bucket_producer_with_no_taskflow
[2025-04-19T08:37:47.809+0000] {logging_mixin.py:190} INFO - [2025-04-19T08:37:47.808+0000] {override.py:1911} INFO - Created Permission View: can create on DAG Run:dataset_s3_bucket_producer_with_no_taskflow
[2025-04-19T08:37:47.822+0000] {logging_mixin.py:190} INFO - [2025-04-19T08:37:47.822+0000] {override.py:1911} INFO - Created Permission View: menu access on DAG Run:dataset_s3_bucket_producer_with_no_taskflow
[2025-04-19T08:37:47.823+0000] {logging_mixin.py:190} INFO - [2025-04-19T08:37:47.822+0000] {dag.py:3239} INFO - Sync 4 DAGs
[2025-04-19T08:37:47.843+0000] {logging_mixin.py:190} INFO - [2025-04-19T08:37:47.842+0000] {dag.py:3262} INFO - Creating ORM DAG for dataset_s3_bucket_producer_with_no_taskflow
[2025-04-19T08:37:47.844+0000] {logging_mixin.py:190} INFO - [2025-04-19T08:37:47.844+0000] {dag.py:3262} INFO - Creating ORM DAG for dataset_alias_example_alias_producer_with_no_taskflow
[2025-04-19T08:37:47.844+0000] {logging_mixin.py:190} INFO - [2025-04-19T08:37:47.844+0000] {dag.py:3262} INFO - Creating ORM DAG for dataset_s3_bucket_consumer_with_no_taskflow
[2025-04-19T08:37:47.845+0000] {logging_mixin.py:190} INFO - [2025-04-19T08:37:47.845+0000] {dag.py:3262} INFO - Creating ORM DAG for dataset_alias_example_alias_consumer_with_no_taskflow
[2025-04-19T08:37:47.859+0000] {logging_mixin.py:190} INFO - [2025-04-19T08:37:47.859+0000] {dag.py:4180} INFO - Setting next_dagrun for dataset_alias_example_alias_consumer_with_no_taskflow to None, run_after=None
[2025-04-19T08:37:47.860+0000] {logging_mixin.py:190} INFO - [2025-04-19T08:37:47.860+0000] {dag.py:4180} INFO - Setting next_dagrun for dataset_alias_example_alias_producer_with_no_taskflow to None, run_after=None
[2025-04-19T08:37:47.861+0000] {logging_mixin.py:190} INFO - [2025-04-19T08:37:47.861+0000] {dag.py:4180} INFO - Setting next_dagrun for dataset_s3_bucket_consumer_with_no_taskflow to None, run_after=None
[2025-04-19T08:37:47.864+0000] {logging_mixin.py:190} INFO - [2025-04-19T08:37:47.863+0000] {dag.py:4180} INFO - Setting next_dagrun for dataset_s3_bucket_producer_with_no_taskflow to None, run_after=None
[2025-04-19T08:37:47.933+0000] {processor.py:208} INFO - Processing /home/airflow/.local/lib/python3.12/site-packages/airflow/example_dags/example_dataset_alias_with_no_taskflow.py took 2.837 seconds
[2025-04-19T08:38:18.885+0000] {processor.py:186} INFO - Started process (PID=186) to work on /home/airflow/.local/lib/python3.12/site-packages/airflow/example_dags/example_dataset_alias_with_no_taskflow.py
[2025-04-19T08:38:18.886+0000] {processor.py:914} INFO - Processing file /home/airflow/.local/lib/python3.12/site-packages/airflow/example_dags/example_dataset_alias_with_no_taskflow.py for tasks to queue
[2025-04-19T08:38:18.888+0000] {logging_mixin.py:190} INFO - [2025-04-19T08:38:18.888+0000] {dagbag.py:588} INFO - Filling up the DagBag from /home/airflow/.local/lib/python3.12/site-packages/airflow/example_dags/example_dataset_alias_with_no_taskflow.py
[2025-04-19T08:38:19.537+0000] {processor.py:925} INFO - DAG(s) 'dataset_s3_bucket_producer_with_no_taskflow', 'dataset_alias_example_alias_producer_with_no_taskflow', 'dataset_alias_example_alias_consumer_with_no_taskflow', 'dataset_s3_bucket_consumer_with_no_taskflow' retrieved from /home/airflow/.local/lib/python3.12/site-packages/airflow/example_dags/example_dataset_alias_with_no_taskflow.py
[2025-04-19T08:38:19.553+0000] {logging_mixin.py:190} INFO - [2025-04-19T08:38:19.553+0000] {dag.py:3239} INFO - Sync 4 DAGs
[2025-04-19T08:38:19.570+0000] {logging_mixin.py:190} INFO - [2025-04-19T08:38:19.570+0000] {dag.py:4180} INFO - Setting next_dagrun for dataset_alias_example_alias_consumer_with_no_taskflow to None, run_after=None
[2025-04-19T08:38:19.572+0000] {logging_mixin.py:190} INFO - [2025-04-19T08:38:19.572+0000] {dag.py:4180} INFO - Setting next_dagrun for dataset_alias_example_alias_producer_with_no_taskflow to None, run_after=None
[2025-04-19T08:38:19.574+0000] {logging_mixin.py:190} INFO - [2025-04-19T08:38:19.574+0000] {dag.py:4180} INFO - Setting next_dagrun for dataset_s3_bucket_consumer_with_no_taskflow to None, run_after=None
[2025-04-19T08:38:19.575+0000] {logging_mixin.py:190} INFO - [2025-04-19T08:38:19.575+0000] {dag.py:4180} INFO - Setting next_dagrun for dataset_s3_bucket_producer_with_no_taskflow to None, run_after=None
[2025-04-19T08:38:19.590+0000] {processor.py:208} INFO - Processing /home/airflow/.local/lib/python3.12/site-packages/airflow/example_dags/example_dataset_alias_with_no_taskflow.py took 0.712 seconds
[2025-04-19T08:38:50.505+0000] {processor.py:186} INFO - Started process (PID=251) to work on /home/airflow/.local/lib/python3.12/site-packages/airflow/example_dags/example_dataset_alias_with_no_taskflow.py
[2025-04-19T08:38:50.506+0000] {processor.py:914} INFO - Processing file /home/airflow/.local/lib/python3.12/site-packages/airflow/example_dags/example_dataset_alias_with_no_taskflow.py for tasks to queue
[2025-04-19T08:38:50.508+0000] {logging_mixin.py:190} INFO - [2025-04-19T08:38:50.507+0000] {dagbag.py:588} INFO - Filling up the DagBag from /home/airflow/.local/lib/python3.12/site-packages/airflow/example_dags/example_dataset_alias_with_no_taskflow.py
[2025-04-19T08:38:51.054+0000] {processor.py:925} INFO - DAG(s) 'dataset_s3_bucket_consumer_with_no_taskflow', 'dataset_alias_example_alias_consumer_with_no_taskflow', 'dataset_s3_bucket_producer_with_no_taskflow', 'dataset_alias_example_alias_producer_with_no_taskflow' retrieved from /home/airflow/.local/lib/python3.12/site-packages/airflow/example_dags/example_dataset_alias_with_no_taskflow.py
[2025-04-19T08:38:51.070+0000] {logging_mixin.py:190} INFO - [2025-04-19T08:38:51.069+0000] {dag.py:3239} INFO - Sync 4 DAGs
[2025-04-19T08:38:51.087+0000] {logging_mixin.py:190} INFO - [2025-04-19T08:38:51.087+0000] {dag.py:4180} INFO - Setting next_dagrun for dataset_alias_example_alias_consumer_with_no_taskflow to None, run_after=None
[2025-04-19T08:38:51.089+0000] {logging_mixin.py:190} INFO - [2025-04-19T08:38:51.089+0000] {dag.py:4180} INFO - Setting next_dagrun for dataset_alias_example_alias_producer_with_no_taskflow to None, run_after=None
[2025-04-19T08:38:51.091+0000] {logging_mixin.py:190} INFO - [2025-04-19T08:38:51.091+0000] {dag.py:4180} INFO - Setting next_dagrun for dataset_s3_bucket_consumer_with_no_taskflow to None, run_after=None
[2025-04-19T08:38:51.092+0000] {logging_mixin.py:190} INFO - [2025-04-19T08:38:51.092+0000] {dag.py:4180} INFO - Setting next_dagrun for dataset_s3_bucket_producer_with_no_taskflow to None, run_after=None
[2025-04-19T08:38:51.107+0000] {processor.py:208} INFO - Processing /home/airflow/.local/lib/python3.12/site-packages/airflow/example_dags/example_dataset_alias_with_no_taskflow.py took 0.606 seconds
[2025-04-19T08:39:21.187+0000] {processor.py:186} INFO - Started process (PID=314) to work on /home/airflow/.local/lib/python3.12/site-packages/airflow/example_dags/example_dataset_alias_with_no_taskflow.py
[2025-04-19T08:39:21.189+0000] {processor.py:914} INFO - Processing file /home/airflow/.local/lib/python3.12/site-packages/airflow/example_dags/example_dataset_alias_with_no_taskflow.py for tasks to queue
[2025-04-19T08:39:21.191+0000] {logging_mixin.py:190} INFO - [2025-04-19T08:39:21.191+0000] {dagbag.py:588} INFO - Filling up the DagBag from /home/airflow/.local/lib/python3.12/site-packages/airflow/example_dags/example_dataset_alias_with_no_taskflow.py
[2025-04-19T08:39:21.738+0000] {processor.py:925} INFO - DAG(s) 'dataset_s3_bucket_producer_with_no_taskflow', 'dataset_alias_example_alias_consumer_with_no_taskflow', 'dataset_alias_example_alias_producer_with_no_taskflow', 'dataset_s3_bucket_consumer_with_no_taskflow' retrieved from /home/airflow/.local/lib/python3.12/site-packages/airflow/example_dags/example_dataset_alias_with_no_taskflow.py
[2025-04-19T08:39:21.761+0000] {logging_mixin.py:190} INFO - [2025-04-19T08:39:21.760+0000] {dag.py:3239} INFO - Sync 4 DAGs
[2025-04-19T08:39:21.789+0000] {logging_mixin.py:190} INFO - [2025-04-19T08:39:21.789+0000] {dag.py:4180} INFO - Setting next_dagrun for dataset_alias_example_alias_consumer_with_no_taskflow to None, run_after=None
[2025-04-19T08:39:21.791+0000] {logging_mixin.py:190} INFO - [2025-04-19T08:39:21.791+0000] {dag.py:4180} INFO - Setting next_dagrun for dataset_alias_example_alias_producer_with_no_taskflow to None, run_after=None
[2025-04-19T08:39:21.793+0000] {logging_mixin.py:190} INFO - [2025-04-19T08:39:21.792+0000] {dag.py:4180} INFO - Setting next_dagrun for dataset_s3_bucket_consumer_with_no_taskflow to None, run_after=None
[2025-04-19T08:39:21.794+0000] {logging_mixin.py:190} INFO - [2025-04-19T08:39:21.793+0000] {dag.py:4180} INFO - Setting next_dagrun for dataset_s3_bucket_producer_with_no_taskflow to None, run_after=None
[2025-04-19T08:39:21.818+0000] {processor.py:208} INFO - Processing /home/airflow/.local/lib/python3.12/site-packages/airflow/example_dags/example_dataset_alias_with_no_taskflow.py took 0.638 seconds
[2025-04-19T08:39:52.632+0000] {processor.py:186} INFO - Started process (PID=376) to work on /home/airflow/.local/lib/python3.12/site-packages/airflow/example_dags/example_dataset_alias_with_no_taskflow.py
[2025-04-19T08:39:52.634+0000] {processor.py:914} INFO - Processing file /home/airflow/.local/lib/python3.12/site-packages/airflow/example_dags/example_dataset_alias_with_no_taskflow.py for tasks to queue
[2025-04-19T08:39:52.640+0000] {logging_mixin.py:190} INFO - [2025-04-19T08:39:52.640+0000] {dagbag.py:588} INFO - Filling up the DagBag from /home/airflow/.local/lib/python3.12/site-packages/airflow/example_dags/example_dataset_alias_with_no_taskflow.py
[2025-04-19T08:39:53.463+0000] {processor.py:925} INFO - DAG(s) 'dataset_s3_bucket_consumer_with_no_taskflow', 'dataset_alias_example_alias_consumer_with_no_taskflow', 'dataset_alias_example_alias_producer_with_no_taskflow', 'dataset_s3_bucket_producer_with_no_taskflow' retrieved from /home/airflow/.local/lib/python3.12/site-packages/airflow/example_dags/example_dataset_alias_with_no_taskflow.py
[2025-04-19T08:39:53.479+0000] {logging_mixin.py:190} INFO - [2025-04-19T08:39:53.478+0000] {dag.py:3239} INFO - Sync 4 DAGs
[2025-04-19T08:39:53.496+0000] {logging_mixin.py:190} INFO - [2025-04-19T08:39:53.495+0000] {dag.py:4180} INFO - Setting next_dagrun for dataset_alias_example_alias_consumer_with_no_taskflow to None, run_after=None
[2025-04-19T08:39:53.498+0000] {logging_mixin.py:190} INFO - [2025-04-19T08:39:53.497+0000] {dag.py:4180} INFO - Setting next_dagrun for dataset_alias_example_alias_producer_with_no_taskflow to None, run_after=None
[2025-04-19T08:39:53.499+0000] {logging_mixin.py:190} INFO - [2025-04-19T08:39:53.498+0000] {dag.py:4180} INFO - Setting next_dagrun for dataset_s3_bucket_consumer_with_no_taskflow to None, run_after=None
[2025-04-19T08:39:53.500+0000] {logging_mixin.py:190} INFO - [2025-04-19T08:39:53.499+0000] {dag.py:4180} INFO - Setting next_dagrun for dataset_s3_bucket_producer_with_no_taskflow to None, run_after=None
[2025-04-19T08:39:53.515+0000] {processor.py:208} INFO - Processing /home/airflow/.local/lib/python3.12/site-packages/airflow/example_dags/example_dataset_alias_with_no_taskflow.py took 0.901 seconds
[2025-04-19T08:40:24.259+0000] {processor.py:186} INFO - Started process (PID=444) to work on /home/airflow/.local/lib/python3.12/site-packages/airflow/example_dags/example_dataset_alias_with_no_taskflow.py
[2025-04-19T08:40:24.260+0000] {processor.py:914} INFO - Processing file /home/airflow/.local/lib/python3.12/site-packages/airflow/example_dags/example_dataset_alias_with_no_taskflow.py for tasks to queue
[2025-04-19T08:40:24.262+0000] {logging_mixin.py:190} INFO - [2025-04-19T08:40:24.261+0000] {dagbag.py:588} INFO - Filling up the DagBag from /home/airflow/.local/lib/python3.12/site-packages/airflow/example_dags/example_dataset_alias_with_no_taskflow.py
[2025-04-19T08:40:25.005+0000] {processor.py:925} INFO - DAG(s) 'dataset_s3_bucket_producer_with_no_taskflow', 'dataset_s3_bucket_consumer_with_no_taskflow', 'dataset_alias_example_alias_consumer_with_no_taskflow', 'dataset_alias_example_alias_producer_with_no_taskflow' retrieved from /home/airflow/.local/lib/python3.12/site-packages/airflow/example_dags/example_dataset_alias_with_no_taskflow.py
[2025-04-19T08:40:25.028+0000] {logging_mixin.py:190} INFO - [2025-04-19T08:40:25.028+0000] {dag.py:3239} INFO - Sync 4 DAGs
[2025-04-19T08:40:25.060+0000] {logging_mixin.py:190} INFO - [2025-04-19T08:40:25.059+0000] {dag.py:4180} INFO - Setting next_dagrun for dataset_alias_example_alias_consumer_with_no_taskflow to None, run_after=None
[2025-04-19T08:40:25.063+0000] {logging_mixin.py:190} INFO - [2025-04-19T08:40:25.063+0000] {dag.py:4180} INFO - Setting next_dagrun for dataset_alias_example_alias_producer_with_no_taskflow to None, run_after=None
[2025-04-19T08:40:25.065+0000] {logging_mixin.py:190} INFO - [2025-04-19T08:40:25.064+0000] {dag.py:4180} INFO - Setting next_dagrun for dataset_s3_bucket_consumer_with_no_taskflow to None, run_after=None
[2025-04-19T08:40:25.066+0000] {logging_mixin.py:190} INFO - [2025-04-19T08:40:25.066+0000] {dag.py:4180} INFO - Setting next_dagrun for dataset_s3_bucket_producer_with_no_taskflow to None, run_after=None
[2025-04-19T08:40:25.088+0000] {processor.py:208} INFO - Processing /home/airflow/.local/lib/python3.12/site-packages/airflow/example_dags/example_dataset_alias_with_no_taskflow.py took 0.833 seconds
[2025-04-19T08:40:55.880+0000] {processor.py:186} INFO - Started process (PID=512) to work on /home/airflow/.local/lib/python3.12/site-packages/airflow/example_dags/example_dataset_alias_with_no_taskflow.py
[2025-04-19T08:40:55.881+0000] {processor.py:914} INFO - Processing file /home/airflow/.local/lib/python3.12/site-packages/airflow/example_dags/example_dataset_alias_with_no_taskflow.py for tasks to queue
[2025-04-19T08:40:55.883+0000] {logging_mixin.py:190} INFO - [2025-04-19T08:40:55.882+0000] {dagbag.py:588} INFO - Filling up the DagBag from /home/airflow/.local/lib/python3.12/site-packages/airflow/example_dags/example_dataset_alias_with_no_taskflow.py
[2025-04-19T08:40:56.427+0000] {processor.py:925} INFO - DAG(s) 'dataset_alias_example_alias_producer_with_no_taskflow', 'dataset_s3_bucket_producer_with_no_taskflow', 'dataset_s3_bucket_consumer_with_no_taskflow', 'dataset_alias_example_alias_consumer_with_no_taskflow' retrieved from /home/airflow/.local/lib/python3.12/site-packages/airflow/example_dags/example_dataset_alias_with_no_taskflow.py
[2025-04-19T08:40:56.444+0000] {logging_mixin.py:190} INFO - [2025-04-19T08:40:56.444+0000] {dag.py:3239} INFO - Sync 4 DAGs
[2025-04-19T08:40:56.461+0000] {logging_mixin.py:190} INFO - [2025-04-19T08:40:56.461+0000] {dag.py:4180} INFO - Setting next_dagrun for dataset_alias_example_alias_consumer_with_no_taskflow to None, run_after=None
[2025-04-19T08:40:56.463+0000] {logging_mixin.py:190} INFO - [2025-04-19T08:40:56.463+0000] {dag.py:4180} INFO - Setting next_dagrun for dataset_alias_example_alias_producer_with_no_taskflow to None, run_after=None
[2025-04-19T08:40:56.464+0000] {logging_mixin.py:190} INFO - [2025-04-19T08:40:56.464+0000] {dag.py:4180} INFO - Setting next_dagrun for dataset_s3_bucket_consumer_with_no_taskflow to None, run_after=None
[2025-04-19T08:40:56.465+0000] {logging_mixin.py:190} INFO - [2025-04-19T08:40:56.465+0000] {dag.py:4180} INFO - Setting next_dagrun for dataset_s3_bucket_producer_with_no_taskflow to None, run_after=None
[2025-04-19T08:40:56.481+0000] {processor.py:208} INFO - Processing /home/airflow/.local/lib/python3.12/site-packages/airflow/example_dags/example_dataset_alias_with_no_taskflow.py took 0.607 seconds
