[2025-04-19T08:37:18.539+0000] {processor.py:186} INFO - Started process (PID=75) to work on /home/airflow/.local/lib/python3.12/site-packages/airflow/example_dags/example_python_operator.py
[2025-04-19T08:37:18.545+0000] {processor.py:914} INFO - Processing file /home/airflow/.local/lib/python3.12/site-packages/airflow/example_dags/example_python_operator.py for tasks to queue
[2025-04-19T08:37:18.551+0000] {logging_mixin.py:190} INFO - [2025-04-19T08:37:18.550+0000] {dagbag.py:588} INFO - Filling up the DagBag from /home/airflow/.local/lib/python3.12/site-packages/airflow/example_dags/example_python_operator.py
[2025-04-19T08:37:18.694+0000] {processor.py:925} INFO - DAG(s) 'example_python_operator' retrieved from /home/airflow/.local/lib/python3.12/site-packages/airflow/example_dags/example_python_operator.py
[2025-04-19T08:37:19.410+0000] {logging_mixin.py:190} INFO - [2025-04-19T08:37:19.409+0000] {override.py:1911} INFO - Created Permission View: can delete on DAG:example_python_operator
[2025-04-19T08:37:19.439+0000] {logging_mixin.py:190} INFO - [2025-04-19T08:37:19.439+0000] {override.py:1911} INFO - Created Permission View: can edit on DAG:example_python_operator
[2025-04-19T08:37:19.462+0000] {logging_mixin.py:190} INFO - [2025-04-19T08:37:19.460+0000] {override.py:1911} INFO - Created Permission View: can read on DAG:example_python_operator
[2025-04-19T08:37:19.485+0000] {logging_mixin.py:190} INFO - [2025-04-19T08:37:19.484+0000] {override.py:1911} INFO - Created Permission View: can delete on DAG Run:example_python_operator
[2025-04-19T08:37:19.514+0000] {logging_mixin.py:190} INFO - [2025-04-19T08:37:19.513+0000] {override.py:1911} INFO - Created Permission View: can read on DAG Run:example_python_operator
[2025-04-19T08:37:19.553+0000] {logging_mixin.py:190} INFO - [2025-04-19T08:37:19.552+0000] {override.py:1911} INFO - Created Permission View: can create on DAG Run:example_python_operator
[2025-04-19T08:37:19.588+0000] {logging_mixin.py:190} INFO - [2025-04-19T08:37:19.588+0000] {override.py:1911} INFO - Created Permission View: menu access on DAG Run:example_python_operator
[2025-04-19T08:37:19.589+0000] {logging_mixin.py:190} INFO - [2025-04-19T08:37:19.588+0000] {dag.py:3239} INFO - Sync 1 DAGs
[2025-04-19T08:37:19.654+0000] {logging_mixin.py:190} INFO - [2025-04-19T08:37:19.648+0000] {dag.py:3262} INFO - Creating ORM DAG for example_python_operator
[2025-04-19T08:37:19.655+0000] {logging_mixin.py:190} INFO - [2025-04-19T08:37:19.655+0000] {dag.py:4180} INFO - Setting next_dagrun for example_python_operator to None, run_after=None
[2025-04-19T08:37:19.721+0000] {processor.py:208} INFO - Processing /home/airflow/.local/lib/python3.12/site-packages/airflow/example_dags/example_python_operator.py took 1.220 seconds
[2025-04-19T08:37:51.545+0000] {processor.py:186} INFO - Started process (PID=138) to work on /home/airflow/.local/lib/python3.12/site-packages/airflow/example_dags/example_python_operator.py
[2025-04-19T08:37:51.547+0000] {processor.py:914} INFO - Processing file /home/airflow/.local/lib/python3.12/site-packages/airflow/example_dags/example_python_operator.py for tasks to queue
[2025-04-19T08:37:51.549+0000] {logging_mixin.py:190} INFO - [2025-04-19T08:37:51.549+0000] {dagbag.py:588} INFO - Filling up the DagBag from /home/airflow/.local/lib/python3.12/site-packages/airflow/example_dags/example_python_operator.py
[2025-04-19T08:37:51.562+0000] {processor.py:925} INFO - DAG(s) 'example_python_operator' retrieved from /home/airflow/.local/lib/python3.12/site-packages/airflow/example_dags/example_python_operator.py
[2025-04-19T08:37:51.587+0000] {logging_mixin.py:190} INFO - [2025-04-19T08:37:51.587+0000] {dag.py:3239} INFO - Sync 1 DAGs
[2025-04-19T08:37:51.602+0000] {logging_mixin.py:190} INFO - [2025-04-19T08:37:51.602+0000] {dag.py:4180} INFO - Setting next_dagrun for example_python_operator to None, run_after=None
[2025-04-19T08:37:51.619+0000] {processor.py:208} INFO - Processing /home/airflow/.local/lib/python3.12/site-packages/airflow/example_dags/example_python_operator.py took 0.084 seconds
[2025-04-19T08:38:22.600+0000] {processor.py:186} INFO - Started process (PID=199) to work on /home/airflow/.local/lib/python3.12/site-packages/airflow/example_dags/example_python_operator.py
[2025-04-19T08:38:22.601+0000] {processor.py:914} INFO - Processing file /home/airflow/.local/lib/python3.12/site-packages/airflow/example_dags/example_python_operator.py for tasks to queue
[2025-04-19T08:38:22.603+0000] {logging_mixin.py:190} INFO - [2025-04-19T08:38:22.602+0000] {dagbag.py:588} INFO - Filling up the DagBag from /home/airflow/.local/lib/python3.12/site-packages/airflow/example_dags/example_python_operator.py
[2025-04-19T08:38:22.616+0000] {processor.py:925} INFO - DAG(s) 'example_python_operator' retrieved from /home/airflow/.local/lib/python3.12/site-packages/airflow/example_dags/example_python_operator.py
[2025-04-19T08:38:22.641+0000] {logging_mixin.py:190} INFO - [2025-04-19T08:38:22.641+0000] {dag.py:3239} INFO - Sync 1 DAGs
[2025-04-19T08:38:22.655+0000] {logging_mixin.py:190} INFO - [2025-04-19T08:38:22.655+0000] {dag.py:4180} INFO - Setting next_dagrun for example_python_operator to None, run_after=None
[2025-04-19T08:38:22.680+0000] {processor.py:208} INFO - Processing /home/airflow/.local/lib/python3.12/site-packages/airflow/example_dags/example_python_operator.py took 0.086 seconds
[2025-04-19T08:38:53.497+0000] {processor.py:186} INFO - Started process (PID=260) to work on /home/airflow/.local/lib/python3.12/site-packages/airflow/example_dags/example_python_operator.py
[2025-04-19T08:38:53.498+0000] {processor.py:914} INFO - Processing file /home/airflow/.local/lib/python3.12/site-packages/airflow/example_dags/example_python_operator.py for tasks to queue
[2025-04-19T08:38:53.500+0000] {logging_mixin.py:190} INFO - [2025-04-19T08:38:53.500+0000] {dagbag.py:588} INFO - Filling up the DagBag from /home/airflow/.local/lib/python3.12/site-packages/airflow/example_dags/example_python_operator.py
[2025-04-19T08:38:53.516+0000] {processor.py:925} INFO - DAG(s) 'example_python_operator' retrieved from /home/airflow/.local/lib/python3.12/site-packages/airflow/example_dags/example_python_operator.py
[2025-04-19T08:38:53.541+0000] {logging_mixin.py:190} INFO - [2025-04-19T08:38:53.541+0000] {dag.py:3239} INFO - Sync 1 DAGs
[2025-04-19T08:38:53.559+0000] {logging_mixin.py:190} INFO - [2025-04-19T08:38:53.558+0000] {dag.py:4180} INFO - Setting next_dagrun for example_python_operator to None, run_after=None
[2025-04-19T08:38:53.575+0000] {processor.py:208} INFO - Processing /home/airflow/.local/lib/python3.12/site-packages/airflow/example_dags/example_python_operator.py took 0.084 seconds
[2025-04-19T08:39:23.745+0000] {processor.py:186} INFO - Started process (PID=323) to work on /home/airflow/.local/lib/python3.12/site-packages/airflow/example_dags/example_python_operator.py
[2025-04-19T08:39:23.746+0000] {processor.py:914} INFO - Processing file /home/airflow/.local/lib/python3.12/site-packages/airflow/example_dags/example_python_operator.py for tasks to queue
[2025-04-19T08:39:23.748+0000] {logging_mixin.py:190} INFO - [2025-04-19T08:39:23.747+0000] {dagbag.py:588} INFO - Filling up the DagBag from /home/airflow/.local/lib/python3.12/site-packages/airflow/example_dags/example_python_operator.py
[2025-04-19T08:39:23.768+0000] {processor.py:925} INFO - DAG(s) 'example_python_operator' retrieved from /home/airflow/.local/lib/python3.12/site-packages/airflow/example_dags/example_python_operator.py
[2025-04-19T08:39:23.793+0000] {logging_mixin.py:190} INFO - [2025-04-19T08:39:23.792+0000] {dag.py:3239} INFO - Sync 1 DAGs
[2025-04-19T08:39:23.819+0000] {logging_mixin.py:190} INFO - [2025-04-19T08:39:23.818+0000] {dag.py:4180} INFO - Setting next_dagrun for example_python_operator to None, run_after=None
[2025-04-19T08:39:23.856+0000] {processor.py:208} INFO - Processing /home/airflow/.local/lib/python3.12/site-packages/airflow/example_dags/example_python_operator.py took 0.117 seconds
[2025-04-19T08:39:54.260+0000] {processor.py:186} INFO - Started process (PID=383) to work on /home/airflow/.local/lib/python3.12/site-packages/airflow/example_dags/example_python_operator.py
[2025-04-19T08:39:54.262+0000] {processor.py:914} INFO - Processing file /home/airflow/.local/lib/python3.12/site-packages/airflow/example_dags/example_python_operator.py for tasks to queue
[2025-04-19T08:39:54.264+0000] {logging_mixin.py:190} INFO - [2025-04-19T08:39:54.264+0000] {dagbag.py:588} INFO - Filling up the DagBag from /home/airflow/.local/lib/python3.12/site-packages/airflow/example_dags/example_python_operator.py
[2025-04-19T08:39:54.293+0000] {processor.py:925} INFO - DAG(s) 'example_python_operator' retrieved from /home/airflow/.local/lib/python3.12/site-packages/airflow/example_dags/example_python_operator.py
[2025-04-19T08:39:54.318+0000] {logging_mixin.py:190} INFO - [2025-04-19T08:39:54.318+0000] {dag.py:3239} INFO - Sync 1 DAGs
[2025-04-19T08:39:54.337+0000] {logging_mixin.py:190} INFO - [2025-04-19T08:39:54.336+0000] {dag.py:4180} INFO - Setting next_dagrun for example_python_operator to None, run_after=None
[2025-04-19T08:39:54.353+0000] {processor.py:208} INFO - Processing /home/airflow/.local/lib/python3.12/site-packages/airflow/example_dags/example_python_operator.py took 0.099 seconds
[2025-04-19T08:40:24.545+0000] {processor.py:186} INFO - Started process (PID=446) to work on /home/airflow/.local/lib/python3.12/site-packages/airflow/example_dags/example_python_operator.py
[2025-04-19T08:40:24.545+0000] {processor.py:914} INFO - Processing file /home/airflow/.local/lib/python3.12/site-packages/airflow/example_dags/example_python_operator.py for tasks to queue
[2025-04-19T08:40:24.547+0000] {logging_mixin.py:190} INFO - [2025-04-19T08:40:24.547+0000] {dagbag.py:588} INFO - Filling up the DagBag from /home/airflow/.local/lib/python3.12/site-packages/airflow/example_dags/example_python_operator.py
[2025-04-19T08:40:24.561+0000] {processor.py:925} INFO - DAG(s) 'example_python_operator' retrieved from /home/airflow/.local/lib/python3.12/site-packages/airflow/example_dags/example_python_operator.py
[2025-04-19T08:40:24.587+0000] {logging_mixin.py:190} INFO - [2025-04-19T08:40:24.587+0000] {dag.py:3239} INFO - Sync 1 DAGs
[2025-04-19T08:40:24.604+0000] {logging_mixin.py:190} INFO - [2025-04-19T08:40:24.604+0000] {dag.py:4180} INFO - Setting next_dagrun for example_python_operator to None, run_after=None
[2025-04-19T08:40:24.620+0000] {processor.py:208} INFO - Processing /home/airflow/.local/lib/python3.12/site-packages/airflow/example_dags/example_python_operator.py took 0.082 seconds
[2025-04-19T08:40:54.689+0000] {processor.py:186} INFO - Started process (PID=508) to work on /home/airflow/.local/lib/python3.12/site-packages/airflow/example_dags/example_python_operator.py
[2025-04-19T08:40:54.690+0000] {processor.py:914} INFO - Processing file /home/airflow/.local/lib/python3.12/site-packages/airflow/example_dags/example_python_operator.py for tasks to queue
[2025-04-19T08:40:54.691+0000] {logging_mixin.py:190} INFO - [2025-04-19T08:40:54.691+0000] {dagbag.py:588} INFO - Filling up the DagBag from /home/airflow/.local/lib/python3.12/site-packages/airflow/example_dags/example_python_operator.py
[2025-04-19T08:40:54.701+0000] {processor.py:925} INFO - DAG(s) 'example_python_operator' retrieved from /home/airflow/.local/lib/python3.12/site-packages/airflow/example_dags/example_python_operator.py
[2025-04-19T08:40:54.719+0000] {logging_mixin.py:190} INFO - [2025-04-19T08:40:54.719+0000] {dag.py:3239} INFO - Sync 1 DAGs
[2025-04-19T08:40:54.730+0000] {logging_mixin.py:190} INFO - [2025-04-19T08:40:54.730+0000] {dag.py:4180} INFO - Setting next_dagrun for example_python_operator to None, run_after=None
[2025-04-19T08:40:54.743+0000] {processor.py:208} INFO - Processing /home/airflow/.local/lib/python3.12/site-packages/airflow/example_dags/example_python_operator.py took 0.058 seconds
