[2025-04-19T08:37:38.606+0000] {processor.py:186} INFO - Started process (PID=103) to work on /home/airflow/.local/lib/python3.12/site-packages/airflow/example_dags/example_local_kubernetes_executor.py
[2025-04-19T08:37:38.609+0000] {processor.py:914} INFO - Processing file /home/airflow/.local/lib/python3.12/site-packages/airflow/example_dags/example_local_kubernetes_executor.py for tasks to queue
[2025-04-19T08:37:38.615+0000] {logging_mixin.py:190} INFO - [2025-04-19T08:37:38.615+0000] {dagbag.py:588} INFO - Filling up the DagBag from /home/airflow/.local/lib/python3.12/site-packages/airflow/example_dags/example_local_kubernetes_executor.py
[2025-04-19T08:37:38.650+0000] {processor.py:925} INFO - DAG(s) 'example_local_kubernetes_executor' retrieved from /home/airflow/.local/lib/python3.12/site-packages/airflow/example_dags/example_local_kubernetes_executor.py
[2025-04-19T08:37:39.197+0000] {logging_mixin.py:190} INFO - [2025-04-19T08:37:39.192+0000] {override.py:1911} INFO - Created Permission View: can delete on DAG:example_local_kubernetes_executor
[2025-04-19T08:37:39.256+0000] {logging_mixin.py:190} INFO - [2025-04-19T08:37:39.254+0000] {override.py:1911} INFO - Created Permission View: can edit on DAG:example_local_kubernetes_executor
[2025-04-19T08:37:39.290+0000] {logging_mixin.py:190} INFO - [2025-04-19T08:37:39.289+0000] {override.py:1911} INFO - Created Permission View: can read on DAG:example_local_kubernetes_executor
[2025-04-19T08:37:39.350+0000] {logging_mixin.py:190} INFO - [2025-04-19T08:37:39.349+0000] {override.py:1911} INFO - Created Permission View: can delete on DAG Run:example_local_kubernetes_executor
[2025-04-19T08:37:39.390+0000] {logging_mixin.py:190} INFO - [2025-04-19T08:37:39.390+0000] {override.py:1911} INFO - Created Permission View: can read on DAG Run:example_local_kubernetes_executor
[2025-04-19T08:37:39.425+0000] {logging_mixin.py:190} INFO - [2025-04-19T08:37:39.424+0000] {override.py:1911} INFO - Created Permission View: can create on DAG Run:example_local_kubernetes_executor
[2025-04-19T08:37:39.460+0000] {logging_mixin.py:190} INFO - [2025-04-19T08:37:39.459+0000] {override.py:1911} INFO - Created Permission View: menu access on DAG Run:example_local_kubernetes_executor
[2025-04-19T08:37:39.460+0000] {logging_mixin.py:190} INFO - [2025-04-19T08:37:39.460+0000] {dag.py:3239} INFO - Sync 1 DAGs
[2025-04-19T08:37:39.540+0000] {logging_mixin.py:190} INFO - [2025-04-19T08:37:39.539+0000] {dag.py:3262} INFO - Creating ORM DAG for example_local_kubernetes_executor
[2025-04-19T08:37:39.551+0000] {logging_mixin.py:190} INFO - [2025-04-19T08:37:39.550+0000] {dag.py:4180} INFO - Setting next_dagrun for example_local_kubernetes_executor to None, run_after=None
[2025-04-19T08:37:39.605+0000] {processor.py:208} INFO - Processing /home/airflow/.local/lib/python3.12/site-packages/airflow/example_dags/example_local_kubernetes_executor.py took 1.015 seconds
[2025-04-19T08:38:10.095+0000] {processor.py:186} INFO - Started process (PID=166) to work on /home/airflow/.local/lib/python3.12/site-packages/airflow/example_dags/example_local_kubernetes_executor.py
[2025-04-19T08:38:10.095+0000] {processor.py:914} INFO - Processing file /home/airflow/.local/lib/python3.12/site-packages/airflow/example_dags/example_local_kubernetes_executor.py for tasks to queue
[2025-04-19T08:38:10.098+0000] {logging_mixin.py:190} INFO - [2025-04-19T08:38:10.097+0000] {dagbag.py:588} INFO - Filling up the DagBag from /home/airflow/.local/lib/python3.12/site-packages/airflow/example_dags/example_local_kubernetes_executor.py
[2025-04-19T08:38:10.108+0000] {processor.py:925} INFO - DAG(s) 'example_local_kubernetes_executor' retrieved from /home/airflow/.local/lib/python3.12/site-packages/airflow/example_dags/example_local_kubernetes_executor.py
[2025-04-19T08:38:10.143+0000] {logging_mixin.py:190} INFO - [2025-04-19T08:38:10.142+0000] {dag.py:3239} INFO - Sync 1 DAGs
[2025-04-19T08:38:10.159+0000] {logging_mixin.py:190} INFO - [2025-04-19T08:38:10.159+0000] {dag.py:4180} INFO - Setting next_dagrun for example_local_kubernetes_executor to None, run_after=None
[2025-04-19T08:38:10.180+0000] {processor.py:208} INFO - Processing /home/airflow/.local/lib/python3.12/site-packages/airflow/example_dags/example_local_kubernetes_executor.py took 0.090 seconds
[2025-04-19T08:38:40.590+0000] {processor.py:186} INFO - Started process (PID=228) to work on /home/airflow/.local/lib/python3.12/site-packages/airflow/example_dags/example_local_kubernetes_executor.py
[2025-04-19T08:38:40.591+0000] {processor.py:914} INFO - Processing file /home/airflow/.local/lib/python3.12/site-packages/airflow/example_dags/example_local_kubernetes_executor.py for tasks to queue
[2025-04-19T08:38:40.593+0000] {logging_mixin.py:190} INFO - [2025-04-19T08:38:40.593+0000] {dagbag.py:588} INFO - Filling up the DagBag from /home/airflow/.local/lib/python3.12/site-packages/airflow/example_dags/example_local_kubernetes_executor.py
[2025-04-19T08:38:40.603+0000] {processor.py:925} INFO - DAG(s) 'example_local_kubernetes_executor' retrieved from /home/airflow/.local/lib/python3.12/site-packages/airflow/example_dags/example_local_kubernetes_executor.py
[2025-04-19T08:38:40.638+0000] {logging_mixin.py:190} INFO - [2025-04-19T08:38:40.637+0000] {dag.py:3239} INFO - Sync 1 DAGs
[2025-04-19T08:38:40.654+0000] {logging_mixin.py:190} INFO - [2025-04-19T08:38:40.654+0000] {dag.py:4180} INFO - Setting next_dagrun for example_local_kubernetes_executor to None, run_after=None
[2025-04-19T08:38:40.672+0000] {processor.py:208} INFO - Processing /home/airflow/.local/lib/python3.12/site-packages/airflow/example_dags/example_local_kubernetes_executor.py took 0.090 seconds
[2025-04-19T08:39:11.210+0000] {processor.py:186} INFO - Started process (PID=289) to work on /home/airflow/.local/lib/python3.12/site-packages/airflow/example_dags/example_local_kubernetes_executor.py
[2025-04-19T08:39:11.210+0000] {processor.py:914} INFO - Processing file /home/airflow/.local/lib/python3.12/site-packages/airflow/example_dags/example_local_kubernetes_executor.py for tasks to queue
[2025-04-19T08:39:11.213+0000] {logging_mixin.py:190} INFO - [2025-04-19T08:39:11.213+0000] {dagbag.py:588} INFO - Filling up the DagBag from /home/airflow/.local/lib/python3.12/site-packages/airflow/example_dags/example_local_kubernetes_executor.py
[2025-04-19T08:39:11.224+0000] {processor.py:925} INFO - DAG(s) 'example_local_kubernetes_executor' retrieved from /home/airflow/.local/lib/python3.12/site-packages/airflow/example_dags/example_local_kubernetes_executor.py
[2025-04-19T08:39:11.260+0000] {logging_mixin.py:190} INFO - [2025-04-19T08:39:11.259+0000] {dag.py:3239} INFO - Sync 1 DAGs
[2025-04-19T08:39:11.276+0000] {logging_mixin.py:190} INFO - [2025-04-19T08:39:11.276+0000] {dag.py:4180} INFO - Setting next_dagrun for example_local_kubernetes_executor to None, run_after=None
[2025-04-19T08:39:11.293+0000] {processor.py:208} INFO - Processing /home/airflow/.local/lib/python3.12/site-packages/airflow/example_dags/example_local_kubernetes_executor.py took 0.089 seconds
[2025-04-19T08:39:41.660+0000] {processor.py:186} INFO - Started process (PID=352) to work on /home/airflow/.local/lib/python3.12/site-packages/airflow/example_dags/example_local_kubernetes_executor.py
[2025-04-19T08:39:41.663+0000] {processor.py:914} INFO - Processing file /home/airflow/.local/lib/python3.12/site-packages/airflow/example_dags/example_local_kubernetes_executor.py for tasks to queue
[2025-04-19T08:39:41.666+0000] {logging_mixin.py:190} INFO - [2025-04-19T08:39:41.665+0000] {dagbag.py:588} INFO - Filling up the DagBag from /home/airflow/.local/lib/python3.12/site-packages/airflow/example_dags/example_local_kubernetes_executor.py
[2025-04-19T08:39:41.678+0000] {processor.py:925} INFO - DAG(s) 'example_local_kubernetes_executor' retrieved from /home/airflow/.local/lib/python3.12/site-packages/airflow/example_dags/example_local_kubernetes_executor.py
[2025-04-19T08:39:41.809+0000] {logging_mixin.py:190} INFO - [2025-04-19T08:39:41.809+0000] {dag.py:3239} INFO - Sync 1 DAGs
[2025-04-19T08:39:41.841+0000] {logging_mixin.py:190} INFO - [2025-04-19T08:39:41.841+0000] {dag.py:4180} INFO - Setting next_dagrun for example_local_kubernetes_executor to None, run_after=None
[2025-04-19T08:39:41.885+0000] {processor.py:208} INFO - Processing /home/airflow/.local/lib/python3.12/site-packages/airflow/example_dags/example_local_kubernetes_executor.py took 0.241 seconds
[2025-04-19T08:40:12.161+0000] {processor.py:186} INFO - Started process (PID=414) to work on /home/airflow/.local/lib/python3.12/site-packages/airflow/example_dags/example_local_kubernetes_executor.py
[2025-04-19T08:40:12.163+0000] {processor.py:914} INFO - Processing file /home/airflow/.local/lib/python3.12/site-packages/airflow/example_dags/example_local_kubernetes_executor.py for tasks to queue
[2025-04-19T08:40:12.168+0000] {logging_mixin.py:190} INFO - [2025-04-19T08:40:12.167+0000] {dagbag.py:588} INFO - Filling up the DagBag from /home/airflow/.local/lib/python3.12/site-packages/airflow/example_dags/example_local_kubernetes_executor.py
[2025-04-19T08:40:12.183+0000] {processor.py:925} INFO - DAG(s) 'example_local_kubernetes_executor' retrieved from /home/airflow/.local/lib/python3.12/site-packages/airflow/example_dags/example_local_kubernetes_executor.py
[2025-04-19T08:40:12.257+0000] {logging_mixin.py:190} INFO - [2025-04-19T08:40:12.257+0000] {dag.py:3239} INFO - Sync 1 DAGs
[2025-04-19T08:40:12.276+0000] {logging_mixin.py:190} INFO - [2025-04-19T08:40:12.276+0000] {dag.py:4180} INFO - Setting next_dagrun for example_local_kubernetes_executor to None, run_after=None
[2025-04-19T08:40:12.305+0000] {processor.py:208} INFO - Processing /home/airflow/.local/lib/python3.12/site-packages/airflow/example_dags/example_local_kubernetes_executor.py took 0.159 seconds
[2025-04-19T08:40:42.426+0000] {processor.py:186} INFO - Started process (PID=477) to work on /home/airflow/.local/lib/python3.12/site-packages/airflow/example_dags/example_local_kubernetes_executor.py
[2025-04-19T08:40:42.427+0000] {processor.py:914} INFO - Processing file /home/airflow/.local/lib/python3.12/site-packages/airflow/example_dags/example_local_kubernetes_executor.py for tasks to queue
[2025-04-19T08:40:42.429+0000] {logging_mixin.py:190} INFO - [2025-04-19T08:40:42.429+0000] {dagbag.py:588} INFO - Filling up the DagBag from /home/airflow/.local/lib/python3.12/site-packages/airflow/example_dags/example_local_kubernetes_executor.py
[2025-04-19T08:40:42.436+0000] {processor.py:925} INFO - DAG(s) 'example_local_kubernetes_executor' retrieved from /home/airflow/.local/lib/python3.12/site-packages/airflow/example_dags/example_local_kubernetes_executor.py
[2025-04-19T08:40:42.461+0000] {logging_mixin.py:190} INFO - [2025-04-19T08:40:42.460+0000] {dag.py:3239} INFO - Sync 1 DAGs
[2025-04-19T08:40:42.472+0000] {logging_mixin.py:190} INFO - [2025-04-19T08:40:42.472+0000] {dag.py:4180} INFO - Setting next_dagrun for example_local_kubernetes_executor to None, run_after=None
[2025-04-19T08:40:42.485+0000] {processor.py:208} INFO - Processing /home/airflow/.local/lib/python3.12/site-packages/airflow/example_dags/example_local_kubernetes_executor.py took 0.064 seconds
