[2025-04-19T08:37:48.528+0000] {processor.py:186} INFO - Started process (PID=128) to work on /home/airflow/.local/lib/python3.12/site-packages/airflow/example_dags/example_outlet_event_extra.py
[2025-04-19T08:37:48.529+0000] {processor.py:914} INFO - Processing file /home/airflow/.local/lib/python3.12/site-packages/airflow/example_dags/example_outlet_event_extra.py for tasks to queue
[2025-04-19T08:37:48.531+0000] {logging_mixin.py:190} INFO - [2025-04-19T08:37:48.531+0000] {dagbag.py:588} INFO - Filling up the DagBag from /home/airflow/.local/lib/python3.12/site-packages/airflow/example_dags/example_outlet_event_extra.py
[2025-04-19T08:37:49.666+0000] {processor.py:925} INFO - DAG(s) 'dataset_with_extra_by_context', 'dataset_with_extra_from_classic_operator', 'dataset_with_extra_by_yield' retrieved from /home/airflow/.local/lib/python3.12/site-packages/airflow/example_dags/example_outlet_event_extra.py
[2025-04-19T08:37:49.957+0000] {logging_mixin.py:190} INFO - [2025-04-19T08:37:49.956+0000] {override.py:1911} INFO - Created Permission View: can delete on DAG:dataset_with_extra_by_context
[2025-04-19T08:37:49.989+0000] {logging_mixin.py:190} INFO - [2025-04-19T08:37:49.989+0000] {override.py:1911} INFO - Created Permission View: can edit on DAG:dataset_with_extra_by_context
[2025-04-19T08:37:50.010+0000] {logging_mixin.py:190} INFO - [2025-04-19T08:37:50.009+0000] {override.py:1911} INFO - Created Permission View: can read on DAG:dataset_with_extra_by_context
[2025-04-19T08:37:50.033+0000] {logging_mixin.py:190} INFO - [2025-04-19T08:37:50.033+0000] {override.py:1911} INFO - Created Permission View: can delete on DAG Run:dataset_with_extra_by_context
[2025-04-19T08:37:50.087+0000] {logging_mixin.py:190} INFO - [2025-04-19T08:37:50.087+0000] {override.py:1911} INFO - Created Permission View: can read on DAG Run:dataset_with_extra_by_context
[2025-04-19T08:37:50.125+0000] {logging_mixin.py:190} INFO - [2025-04-19T08:37:50.124+0000] {override.py:1911} INFO - Created Permission View: can create on DAG Run:dataset_with_extra_by_context
[2025-04-19T08:37:50.148+0000] {logging_mixin.py:190} INFO - [2025-04-19T08:37:50.148+0000] {override.py:1911} INFO - Created Permission View: menu access on DAG Run:dataset_with_extra_by_context
[2025-04-19T08:37:50.189+0000] {logging_mixin.py:190} INFO - [2025-04-19T08:37:50.189+0000] {override.py:1911} INFO - Created Permission View: can delete on DAG:dataset_with_extra_from_classic_operator
[2025-04-19T08:37:50.202+0000] {logging_mixin.py:190} INFO - [2025-04-19T08:37:50.201+0000] {override.py:1911} INFO - Created Permission View: can edit on DAG:dataset_with_extra_from_classic_operator
[2025-04-19T08:37:50.213+0000] {logging_mixin.py:190} INFO - [2025-04-19T08:37:50.213+0000] {override.py:1911} INFO - Created Permission View: can read on DAG:dataset_with_extra_from_classic_operator
[2025-04-19T08:37:50.225+0000] {logging_mixin.py:190} INFO - [2025-04-19T08:37:50.225+0000] {override.py:1911} INFO - Created Permission View: can delete on DAG Run:dataset_with_extra_from_classic_operator
[2025-04-19T08:37:50.237+0000] {logging_mixin.py:190} INFO - [2025-04-19T08:37:50.236+0000] {override.py:1911} INFO - Created Permission View: can read on DAG Run:dataset_with_extra_from_classic_operator
[2025-04-19T08:37:50.245+0000] {logging_mixin.py:190} INFO - [2025-04-19T08:37:50.244+0000] {override.py:1911} INFO - Created Permission View: can create on DAG Run:dataset_with_extra_from_classic_operator
[2025-04-19T08:37:50.253+0000] {logging_mixin.py:190} INFO - [2025-04-19T08:37:50.253+0000] {override.py:1911} INFO - Created Permission View: menu access on DAG Run:dataset_with_extra_from_classic_operator
[2025-04-19T08:37:50.267+0000] {logging_mixin.py:190} INFO - [2025-04-19T08:37:50.266+0000] {override.py:1911} INFO - Created Permission View: can delete on DAG:dataset_with_extra_by_yield
[2025-04-19T08:37:50.274+0000] {logging_mixin.py:190} INFO - [2025-04-19T08:37:50.273+0000] {override.py:1911} INFO - Created Permission View: can edit on DAG:dataset_with_extra_by_yield
[2025-04-19T08:37:50.281+0000] {logging_mixin.py:190} INFO - [2025-04-19T08:37:50.281+0000] {override.py:1911} INFO - Created Permission View: can read on DAG:dataset_with_extra_by_yield
[2025-04-19T08:37:50.291+0000] {logging_mixin.py:190} INFO - [2025-04-19T08:37:50.291+0000] {override.py:1911} INFO - Created Permission View: can delete on DAG Run:dataset_with_extra_by_yield
[2025-04-19T08:37:50.303+0000] {logging_mixin.py:190} INFO - [2025-04-19T08:37:50.303+0000] {override.py:1911} INFO - Created Permission View: can read on DAG Run:dataset_with_extra_by_yield
[2025-04-19T08:37:50.318+0000] {logging_mixin.py:190} INFO - [2025-04-19T08:37:50.317+0000] {override.py:1911} INFO - Created Permission View: can create on DAG Run:dataset_with_extra_by_yield
[2025-04-19T08:37:50.331+0000] {logging_mixin.py:190} INFO - [2025-04-19T08:37:50.330+0000] {override.py:1911} INFO - Created Permission View: menu access on DAG Run:dataset_with_extra_by_yield
[2025-04-19T08:37:50.331+0000] {logging_mixin.py:190} INFO - [2025-04-19T08:37:50.331+0000] {dag.py:3239} INFO - Sync 3 DAGs
[2025-04-19T08:37:50.383+0000] {logging_mixin.py:190} INFO - [2025-04-19T08:37:50.381+0000] {dag.py:3262} INFO - Creating ORM DAG for dataset_with_extra_from_classic_operator
[2025-04-19T08:37:50.384+0000] {logging_mixin.py:190} INFO - [2025-04-19T08:37:50.384+0000] {dag.py:3262} INFO - Creating ORM DAG for dataset_with_extra_by_yield
[2025-04-19T08:37:50.385+0000] {logging_mixin.py:190} INFO - [2025-04-19T08:37:50.385+0000] {dag.py:3262} INFO - Creating ORM DAG for dataset_with_extra_by_context
[2025-04-19T08:37:50.412+0000] {logging_mixin.py:190} INFO - [2025-04-19T08:37:50.411+0000] {dag.py:4180} INFO - Setting next_dagrun for dataset_with_extra_by_context to 2025-04-18 00:00:00+00:00, run_after=2025-04-19 00:00:00+00:00
[2025-04-19T08:37:50.416+0000] {logging_mixin.py:190} INFO - [2025-04-19T08:37:50.416+0000] {dag.py:4180} INFO - Setting next_dagrun for dataset_with_extra_by_yield to 2025-04-18 00:00:00+00:00, run_after=2025-04-19 00:00:00+00:00
[2025-04-19T08:37:50.423+0000] {logging_mixin.py:190} INFO - [2025-04-19T08:37:50.423+0000] {dag.py:4180} INFO - Setting next_dagrun for dataset_with_extra_from_classic_operator to 2025-04-18 00:00:00+00:00, run_after=2025-04-19 00:00:00+00:00
[2025-04-19T08:37:50.475+0000] {processor.py:208} INFO - Processing /home/airflow/.local/lib/python3.12/site-packages/airflow/example_dags/example_outlet_event_extra.py took 1.954 seconds
[2025-04-19T08:38:20.640+0000] {processor.py:186} INFO - Started process (PID=190) to work on /home/airflow/.local/lib/python3.12/site-packages/airflow/example_dags/example_outlet_event_extra.py
[2025-04-19T08:38:20.641+0000] {processor.py:914} INFO - Processing file /home/airflow/.local/lib/python3.12/site-packages/airflow/example_dags/example_outlet_event_extra.py for tasks to queue
[2025-04-19T08:38:20.644+0000] {logging_mixin.py:190} INFO - [2025-04-19T08:38:20.644+0000] {dagbag.py:588} INFO - Filling up the DagBag from /home/airflow/.local/lib/python3.12/site-packages/airflow/example_dags/example_outlet_event_extra.py
[2025-04-19T08:38:21.261+0000] {processor.py:925} INFO - DAG(s) 'dataset_with_extra_from_classic_operator', 'dataset_with_extra_by_context', 'dataset_with_extra_by_yield' retrieved from /home/airflow/.local/lib/python3.12/site-packages/airflow/example_dags/example_outlet_event_extra.py
[2025-04-19T08:38:21.280+0000] {logging_mixin.py:190} INFO - [2025-04-19T08:38:21.280+0000] {dag.py:3239} INFO - Sync 3 DAGs
[2025-04-19T08:38:21.304+0000] {logging_mixin.py:190} INFO - [2025-04-19T08:38:21.304+0000] {dag.py:4180} INFO - Setting next_dagrun for dataset_with_extra_by_context to 2025-04-18 00:00:00+00:00, run_after=2025-04-19 00:00:00+00:00
[2025-04-19T08:38:21.308+0000] {logging_mixin.py:190} INFO - [2025-04-19T08:38:21.308+0000] {dag.py:4180} INFO - Setting next_dagrun for dataset_with_extra_by_yield to 2025-04-18 00:00:00+00:00, run_after=2025-04-19 00:00:00+00:00
[2025-04-19T08:38:21.310+0000] {logging_mixin.py:190} INFO - [2025-04-19T08:38:21.310+0000] {dag.py:4180} INFO - Setting next_dagrun for dataset_with_extra_from_classic_operator to 2025-04-18 00:00:00+00:00, run_after=2025-04-19 00:00:00+00:00
[2025-04-19T08:38:21.335+0000] {processor.py:208} INFO - Processing /home/airflow/.local/lib/python3.12/site-packages/airflow/example_dags/example_outlet_event_extra.py took 0.704 seconds
[2025-04-19T08:38:51.611+0000] {processor.py:186} INFO - Started process (PID=252) to work on /home/airflow/.local/lib/python3.12/site-packages/airflow/example_dags/example_outlet_event_extra.py
[2025-04-19T08:38:51.612+0000] {processor.py:914} INFO - Processing file /home/airflow/.local/lib/python3.12/site-packages/airflow/example_dags/example_outlet_event_extra.py for tasks to queue
[2025-04-19T08:38:51.614+0000] {logging_mixin.py:190} INFO - [2025-04-19T08:38:51.614+0000] {dagbag.py:588} INFO - Filling up the DagBag from /home/airflow/.local/lib/python3.12/site-packages/airflow/example_dags/example_outlet_event_extra.py
[2025-04-19T08:38:52.272+0000] {processor.py:925} INFO - DAG(s) 'dataset_with_extra_by_yield', 'dataset_with_extra_from_classic_operator', 'dataset_with_extra_by_context' retrieved from /home/airflow/.local/lib/python3.12/site-packages/airflow/example_dags/example_outlet_event_extra.py
[2025-04-19T08:38:52.291+0000] {logging_mixin.py:190} INFO - [2025-04-19T08:38:52.291+0000] {dag.py:3239} INFO - Sync 3 DAGs
[2025-04-19T08:38:52.309+0000] {logging_mixin.py:190} INFO - [2025-04-19T08:38:52.309+0000] {dag.py:4180} INFO - Setting next_dagrun for dataset_with_extra_by_context to 2025-04-18 00:00:00+00:00, run_after=2025-04-19 00:00:00+00:00
[2025-04-19T08:38:52.313+0000] {logging_mixin.py:190} INFO - [2025-04-19T08:38:52.313+0000] {dag.py:4180} INFO - Setting next_dagrun for dataset_with_extra_by_yield to 2025-04-18 00:00:00+00:00, run_after=2025-04-19 00:00:00+00:00
[2025-04-19T08:38:52.315+0000] {logging_mixin.py:190} INFO - [2025-04-19T08:38:52.315+0000] {dag.py:4180} INFO - Setting next_dagrun for dataset_with_extra_from_classic_operator to 2025-04-18 00:00:00+00:00, run_after=2025-04-19 00:00:00+00:00
[2025-04-19T08:38:52.331+0000] {processor.py:208} INFO - Processing /home/airflow/.local/lib/python3.12/site-packages/airflow/example_dags/example_outlet_event_extra.py took 0.725 seconds
[2025-04-19T08:39:23.020+0000] {processor.py:186} INFO - Started process (PID=320) to work on /home/airflow/.local/lib/python3.12/site-packages/airflow/example_dags/example_outlet_event_extra.py
[2025-04-19T08:39:23.020+0000] {processor.py:914} INFO - Processing file /home/airflow/.local/lib/python3.12/site-packages/airflow/example_dags/example_outlet_event_extra.py for tasks to queue
[2025-04-19T08:39:23.022+0000] {logging_mixin.py:190} INFO - [2025-04-19T08:39:23.022+0000] {dagbag.py:588} INFO - Filling up the DagBag from /home/airflow/.local/lib/python3.12/site-packages/airflow/example_dags/example_outlet_event_extra.py
[2025-04-19T08:39:23.531+0000] {processor.py:925} INFO - DAG(s) 'dataset_with_extra_by_context', 'dataset_with_extra_by_yield', 'dataset_with_extra_from_classic_operator' retrieved from /home/airflow/.local/lib/python3.12/site-packages/airflow/example_dags/example_outlet_event_extra.py
[2025-04-19T08:39:23.561+0000] {logging_mixin.py:190} INFO - [2025-04-19T08:39:23.561+0000] {dag.py:3239} INFO - Sync 3 DAGs
[2025-04-19T08:39:23.595+0000] {logging_mixin.py:190} INFO - [2025-04-19T08:39:23.595+0000] {dag.py:4180} INFO - Setting next_dagrun for dataset_with_extra_by_context to 2025-04-18 00:00:00+00:00, run_after=2025-04-19 00:00:00+00:00
[2025-04-19T08:39:23.603+0000] {logging_mixin.py:190} INFO - [2025-04-19T08:39:23.603+0000] {dag.py:4180} INFO - Setting next_dagrun for dataset_with_extra_by_yield to 2025-04-18 00:00:00+00:00, run_after=2025-04-19 00:00:00+00:00
[2025-04-19T08:39:23.606+0000] {logging_mixin.py:190} INFO - [2025-04-19T08:39:23.606+0000] {dag.py:4180} INFO - Setting next_dagrun for dataset_with_extra_from_classic_operator to 2025-04-18 00:00:00+00:00, run_after=2025-04-19 00:00:00+00:00
[2025-04-19T08:39:23.627+0000] {processor.py:208} INFO - Processing /home/airflow/.local/lib/python3.12/site-packages/airflow/example_dags/example_outlet_event_extra.py took 0.612 seconds
[2025-04-19T08:39:54.505+0000] {processor.py:186} INFO - Started process (PID=387) to work on /home/airflow/.local/lib/python3.12/site-packages/airflow/example_dags/example_outlet_event_extra.py
[2025-04-19T08:39:54.506+0000] {processor.py:914} INFO - Processing file /home/airflow/.local/lib/python3.12/site-packages/airflow/example_dags/example_outlet_event_extra.py for tasks to queue
[2025-04-19T08:39:54.508+0000] {logging_mixin.py:190} INFO - [2025-04-19T08:39:54.508+0000] {dagbag.py:588} INFO - Filling up the DagBag from /home/airflow/.local/lib/python3.12/site-packages/airflow/example_dags/example_outlet_event_extra.py
[2025-04-19T08:39:55.046+0000] {processor.py:925} INFO - DAG(s) 'dataset_with_extra_by_context', 'dataset_with_extra_from_classic_operator', 'dataset_with_extra_by_yield' retrieved from /home/airflow/.local/lib/python3.12/site-packages/airflow/example_dags/example_outlet_event_extra.py
[2025-04-19T08:39:55.065+0000] {logging_mixin.py:190} INFO - [2025-04-19T08:39:55.064+0000] {dag.py:3239} INFO - Sync 3 DAGs
[2025-04-19T08:39:55.084+0000] {logging_mixin.py:190} INFO - [2025-04-19T08:39:55.084+0000] {dag.py:4180} INFO - Setting next_dagrun for dataset_with_extra_by_context to 2025-04-18 00:00:00+00:00, run_after=2025-04-19 00:00:00+00:00
[2025-04-19T08:39:55.088+0000] {logging_mixin.py:190} INFO - [2025-04-19T08:39:55.088+0000] {dag.py:4180} INFO - Setting next_dagrun for dataset_with_extra_by_yield to 2025-04-18 00:00:00+00:00, run_after=2025-04-19 00:00:00+00:00
[2025-04-19T08:39:55.090+0000] {logging_mixin.py:190} INFO - [2025-04-19T08:39:55.090+0000] {dag.py:4180} INFO - Setting next_dagrun for dataset_with_extra_from_classic_operator to 2025-04-18 00:00:00+00:00, run_after=2025-04-19 00:00:00+00:00
[2025-04-19T08:39:55.105+0000] {processor.py:208} INFO - Processing /home/airflow/.local/lib/python3.12/site-packages/airflow/example_dags/example_outlet_event_extra.py took 0.606 seconds
[2025-04-19T08:40:26.117+0000] {processor.py:186} INFO - Started process (PID=452) to work on /home/airflow/.local/lib/python3.12/site-packages/airflow/example_dags/example_outlet_event_extra.py
[2025-04-19T08:40:26.117+0000] {processor.py:914} INFO - Processing file /home/airflow/.local/lib/python3.12/site-packages/airflow/example_dags/example_outlet_event_extra.py for tasks to queue
[2025-04-19T08:40:26.119+0000] {logging_mixin.py:190} INFO - [2025-04-19T08:40:26.119+0000] {dagbag.py:588} INFO - Filling up the DagBag from /home/airflow/.local/lib/python3.12/site-packages/airflow/example_dags/example_outlet_event_extra.py
[2025-04-19T08:40:26.615+0000] {processor.py:925} INFO - DAG(s) 'dataset_with_extra_from_classic_operator', 'dataset_with_extra_by_yield', 'dataset_with_extra_by_context' retrieved from /home/airflow/.local/lib/python3.12/site-packages/airflow/example_dags/example_outlet_event_extra.py
[2025-04-19T08:40:26.634+0000] {logging_mixin.py:190} INFO - [2025-04-19T08:40:26.634+0000] {dag.py:3239} INFO - Sync 3 DAGs
[2025-04-19T08:40:26.653+0000] {logging_mixin.py:190} INFO - [2025-04-19T08:40:26.653+0000] {dag.py:4180} INFO - Setting next_dagrun for dataset_with_extra_by_context to 2025-04-18 00:00:00+00:00, run_after=2025-04-19 00:00:00+00:00
[2025-04-19T08:40:26.657+0000] {logging_mixin.py:190} INFO - [2025-04-19T08:40:26.657+0000] {dag.py:4180} INFO - Setting next_dagrun for dataset_with_extra_by_yield to 2025-04-18 00:00:00+00:00, run_after=2025-04-19 00:00:00+00:00
[2025-04-19T08:40:26.659+0000] {logging_mixin.py:190} INFO - [2025-04-19T08:40:26.659+0000] {dag.py:4180} INFO - Setting next_dagrun for dataset_with_extra_from_classic_operator to 2025-04-18 00:00:00+00:00, run_after=2025-04-19 00:00:00+00:00
[2025-04-19T08:40:26.674+0000] {processor.py:208} INFO - Processing /home/airflow/.local/lib/python3.12/site-packages/airflow/example_dags/example_outlet_event_extra.py took 0.563 seconds
[2025-04-19T08:40:57.223+0000] {processor.py:186} INFO - Started process (PID=518) to work on /home/airflow/.local/lib/python3.12/site-packages/airflow/example_dags/example_outlet_event_extra.py
[2025-04-19T08:40:57.223+0000] {processor.py:914} INFO - Processing file /home/airflow/.local/lib/python3.12/site-packages/airflow/example_dags/example_outlet_event_extra.py for tasks to queue
[2025-04-19T08:40:57.225+0000] {logging_mixin.py:190} INFO - [2025-04-19T08:40:57.225+0000] {dagbag.py:588} INFO - Filling up the DagBag from /home/airflow/.local/lib/python3.12/site-packages/airflow/example_dags/example_outlet_event_extra.py
[2025-04-19T08:40:57.755+0000] {processor.py:925} INFO - DAG(s) 'dataset_with_extra_from_classic_operator', 'dataset_with_extra_by_yield', 'dataset_with_extra_by_context' retrieved from /home/airflow/.local/lib/python3.12/site-packages/airflow/example_dags/example_outlet_event_extra.py
[2025-04-19T08:40:57.774+0000] {logging_mixin.py:190} INFO - [2025-04-19T08:40:57.774+0000] {dag.py:3239} INFO - Sync 3 DAGs
[2025-04-19T08:40:57.793+0000] {logging_mixin.py:190} INFO - [2025-04-19T08:40:57.793+0000] {dag.py:4180} INFO - Setting next_dagrun for dataset_with_extra_by_context to 2025-04-18 00:00:00+00:00, run_after=2025-04-19 00:00:00+00:00
[2025-04-19T08:40:57.797+0000] {logging_mixin.py:190} INFO - [2025-04-19T08:40:57.797+0000] {dag.py:4180} INFO - Setting next_dagrun for dataset_with_extra_by_yield to 2025-04-18 00:00:00+00:00, run_after=2025-04-19 00:00:00+00:00
[2025-04-19T08:40:57.799+0000] {logging_mixin.py:190} INFO - [2025-04-19T08:40:57.799+0000] {dag.py:4180} INFO - Setting next_dagrun for dataset_with_extra_from_classic_operator to 2025-04-18 00:00:00+00:00, run_after=2025-04-19 00:00:00+00:00
[2025-04-19T08:40:57.814+0000] {processor.py:208} INFO - Processing /home/airflow/.local/lib/python3.12/site-packages/airflow/example_dags/example_outlet_event_extra.py took 0.595 seconds
