[2025-04-19T08:37:31.688+0000] {processor.py:186} INFO - Started process (PID=95) to work on /home/airflow/.local/lib/python3.12/site-packages/airflow/example_dags/example_sla_dag.py
[2025-04-19T08:37:31.689+0000] {processor.py:914} INFO - Processing file /home/airflow/.local/lib/python3.12/site-packages/airflow/example_dags/example_sla_dag.py for tasks to queue
[2025-04-19T08:37:31.691+0000] {logging_mixin.py:190} INFO - [2025-04-19T08:37:31.691+0000] {dagbag.py:588} INFO - Filling up the DagBag from /home/airflow/.local/lib/python3.12/site-packages/airflow/example_dags/example_sla_dag.py
[2025-04-19T08:37:31.710+0000] {processor.py:925} INFO - DAG(s) 'example_sla_dag' retrieved from /home/airflow/.local/lib/python3.12/site-packages/airflow/example_dags/example_sla_dag.py
[2025-04-19T08:37:32.301+0000] {logging_mixin.py:190} INFO - [2025-04-19T08:37:32.300+0000] {override.py:1911} INFO - Created Permission View: can delete on DAG:example_sla_dag
[2025-04-19T08:37:32.347+0000] {logging_mixin.py:190} INFO - [2025-04-19T08:37:32.347+0000] {override.py:1911} INFO - Created Permission View: can edit on DAG:example_sla_dag
[2025-04-19T08:37:32.355+0000] {logging_mixin.py:190} INFO - [2025-04-19T08:37:32.355+0000] {override.py:1911} INFO - Created Permission View: can read on DAG:example_sla_dag
[2025-04-19T08:37:32.378+0000] {logging_mixin.py:190} INFO - [2025-04-19T08:37:32.378+0000] {override.py:1911} INFO - Created Permission View: can delete on DAG Run:example_sla_dag
[2025-04-19T08:37:32.397+0000] {logging_mixin.py:190} INFO - [2025-04-19T08:37:32.397+0000] {override.py:1911} INFO - Created Permission View: can read on DAG Run:example_sla_dag
[2025-04-19T08:37:32.410+0000] {logging_mixin.py:190} INFO - [2025-04-19T08:37:32.410+0000] {override.py:1911} INFO - Created Permission View: can create on DAG Run:example_sla_dag
[2025-04-19T08:37:32.424+0000] {logging_mixin.py:190} INFO - [2025-04-19T08:37:32.424+0000] {override.py:1911} INFO - Created Permission View: menu access on DAG Run:example_sla_dag
[2025-04-19T08:37:32.425+0000] {logging_mixin.py:190} INFO - [2025-04-19T08:37:32.425+0000] {dag.py:3239} INFO - Sync 1 DAGs
[2025-04-19T08:37:32.457+0000] {logging_mixin.py:190} INFO - [2025-04-19T08:37:32.457+0000] {dag.py:3262} INFO - Creating ORM DAG for example_sla_dag
[2025-04-19T08:37:32.500+0000] {logging_mixin.py:190} INFO - [2025-04-19T08:37:32.500+0000] {dag.py:4180} INFO - Setting next_dagrun for example_sla_dag to 2025-04-19 08:34:00+00:00, run_after=2025-04-19 08:36:00+00:00
[2025-04-19T08:37:32.533+0000] {processor.py:208} INFO - Processing /home/airflow/.local/lib/python3.12/site-packages/airflow/example_dags/example_sla_dag.py took 0.852 seconds
[2025-04-19T08:38:03.511+0000] {processor.py:186} INFO - Started process (PID=157) to work on /home/airflow/.local/lib/python3.12/site-packages/airflow/example_dags/example_sla_dag.py
[2025-04-19T08:38:03.512+0000] {processor.py:914} INFO - Processing file /home/airflow/.local/lib/python3.12/site-packages/airflow/example_dags/example_sla_dag.py for tasks to queue
[2025-04-19T08:38:03.514+0000] {logging_mixin.py:190} INFO - [2025-04-19T08:38:03.514+0000] {dagbag.py:588} INFO - Filling up the DagBag from /home/airflow/.local/lib/python3.12/site-packages/airflow/example_dags/example_sla_dag.py
[2025-04-19T08:38:03.523+0000] {processor.py:925} INFO - DAG(s) 'example_sla_dag' retrieved from /home/airflow/.local/lib/python3.12/site-packages/airflow/example_dags/example_sla_dag.py
[2025-04-19T08:38:03.538+0000] {logging_mixin.py:190} INFO - [2025-04-19T08:38:03.538+0000] {dag.py:3239} INFO - Sync 1 DAGs
[2025-04-19T08:38:03.559+0000] {logging_mixin.py:190} INFO - [2025-04-19T08:38:03.558+0000] {dag.py:4180} INFO - Setting next_dagrun for example_sla_dag to 2025-04-19 08:36:00+00:00, run_after=2025-04-19 08:38:00+00:00
[2025-04-19T08:38:03.571+0000] {processor.py:208} INFO - Processing /home/airflow/.local/lib/python3.12/site-packages/airflow/example_dags/example_sla_dag.py took 0.066 seconds
[2025-04-19T08:38:34.084+0000] {processor.py:186} INFO - Started process (PID=219) to work on /home/airflow/.local/lib/python3.12/site-packages/airflow/example_dags/example_sla_dag.py
[2025-04-19T08:38:34.085+0000] {processor.py:914} INFO - Processing file /home/airflow/.local/lib/python3.12/site-packages/airflow/example_dags/example_sla_dag.py for tasks to queue
[2025-04-19T08:38:34.087+0000] {logging_mixin.py:190} INFO - [2025-04-19T08:38:34.086+0000] {dagbag.py:588} INFO - Filling up the DagBag from /home/airflow/.local/lib/python3.12/site-packages/airflow/example_dags/example_sla_dag.py
[2025-04-19T08:38:34.094+0000] {processor.py:925} INFO - DAG(s) 'example_sla_dag' retrieved from /home/airflow/.local/lib/python3.12/site-packages/airflow/example_dags/example_sla_dag.py
[2025-04-19T08:38:34.108+0000] {logging_mixin.py:190} INFO - [2025-04-19T08:38:34.108+0000] {dag.py:3239} INFO - Sync 1 DAGs
[2025-04-19T08:38:34.127+0000] {logging_mixin.py:190} INFO - [2025-04-19T08:38:34.127+0000] {dag.py:4180} INFO - Setting next_dagrun for example_sla_dag to 2025-04-19 08:36:00+00:00, run_after=2025-04-19 08:38:00+00:00
[2025-04-19T08:38:34.140+0000] {processor.py:208} INFO - Processing /home/airflow/.local/lib/python3.12/site-packages/airflow/example_dags/example_sla_dag.py took 0.060 seconds
[2025-04-19T08:39:04.518+0000] {processor.py:186} INFO - Started process (PID=281) to work on /home/airflow/.local/lib/python3.12/site-packages/airflow/example_dags/example_sla_dag.py
[2025-04-19T08:39:04.523+0000] {processor.py:914} INFO - Processing file /home/airflow/.local/lib/python3.12/site-packages/airflow/example_dags/example_sla_dag.py for tasks to queue
[2025-04-19T08:39:04.528+0000] {logging_mixin.py:190} INFO - [2025-04-19T08:39:04.527+0000] {dagbag.py:588} INFO - Filling up the DagBag from /home/airflow/.local/lib/python3.12/site-packages/airflow/example_dags/example_sla_dag.py
[2025-04-19T08:39:04.557+0000] {processor.py:925} INFO - DAG(s) 'example_sla_dag' retrieved from /home/airflow/.local/lib/python3.12/site-packages/airflow/example_dags/example_sla_dag.py
[2025-04-19T08:39:04.629+0000] {logging_mixin.py:190} INFO - [2025-04-19T08:39:04.629+0000] {dag.py:3239} INFO - Sync 1 DAGs
[2025-04-19T08:39:04.694+0000] {logging_mixin.py:190} INFO - [2025-04-19T08:39:04.694+0000] {dag.py:4180} INFO - Setting next_dagrun for example_sla_dag to 2025-04-19 08:36:00+00:00, run_after=2025-04-19 08:38:00+00:00
[2025-04-19T08:39:04.728+0000] {processor.py:208} INFO - Processing /home/airflow/.local/lib/python3.12/site-packages/airflow/example_dags/example_sla_dag.py took 0.224 seconds
[2025-04-19T08:39:35.568+0000] {processor.py:186} INFO - Started process (PID=344) to work on /home/airflow/.local/lib/python3.12/site-packages/airflow/example_dags/example_sla_dag.py
[2025-04-19T08:39:35.569+0000] {processor.py:914} INFO - Processing file /home/airflow/.local/lib/python3.12/site-packages/airflow/example_dags/example_sla_dag.py for tasks to queue
[2025-04-19T08:39:35.571+0000] {logging_mixin.py:190} INFO - [2025-04-19T08:39:35.570+0000] {dagbag.py:588} INFO - Filling up the DagBag from /home/airflow/.local/lib/python3.12/site-packages/airflow/example_dags/example_sla_dag.py
[2025-04-19T08:39:35.579+0000] {processor.py:925} INFO - DAG(s) 'example_sla_dag' retrieved from /home/airflow/.local/lib/python3.12/site-packages/airflow/example_dags/example_sla_dag.py
[2025-04-19T08:39:35.593+0000] {logging_mixin.py:190} INFO - [2025-04-19T08:39:35.593+0000] {dag.py:3239} INFO - Sync 1 DAGs
[2025-04-19T08:39:35.616+0000] {logging_mixin.py:190} INFO - [2025-04-19T08:39:35.616+0000] {dag.py:4180} INFO - Setting next_dagrun for example_sla_dag to 2025-04-19 08:36:00+00:00, run_after=2025-04-19 08:38:00+00:00
[2025-04-19T08:39:35.632+0000] {processor.py:208} INFO - Processing /home/airflow/.local/lib/python3.12/site-packages/airflow/example_dags/example_sla_dag.py took 0.068 seconds
[2025-04-19T08:40:05.687+0000] {processor.py:186} INFO - Started process (PID=406) to work on /home/airflow/.local/lib/python3.12/site-packages/airflow/example_dags/example_sla_dag.py
[2025-04-19T08:40:05.688+0000] {processor.py:914} INFO - Processing file /home/airflow/.local/lib/python3.12/site-packages/airflow/example_dags/example_sla_dag.py for tasks to queue
[2025-04-19T08:40:05.690+0000] {logging_mixin.py:190} INFO - [2025-04-19T08:40:05.689+0000] {dagbag.py:588} INFO - Filling up the DagBag from /home/airflow/.local/lib/python3.12/site-packages/airflow/example_dags/example_sla_dag.py
[2025-04-19T08:40:05.698+0000] {processor.py:925} INFO - DAG(s) 'example_sla_dag' retrieved from /home/airflow/.local/lib/python3.12/site-packages/airflow/example_dags/example_sla_dag.py
[2025-04-19T08:40:05.712+0000] {logging_mixin.py:190} INFO - [2025-04-19T08:40:05.712+0000] {dag.py:3239} INFO - Sync 1 DAGs
[2025-04-19T08:40:05.732+0000] {logging_mixin.py:190} INFO - [2025-04-19T08:40:05.731+0000] {dag.py:4180} INFO - Setting next_dagrun for example_sla_dag to 2025-04-19 08:38:00+00:00, run_after=2025-04-19 08:40:00+00:00
[2025-04-19T08:40:05.744+0000] {processor.py:208} INFO - Processing /home/airflow/.local/lib/python3.12/site-packages/airflow/example_dags/example_sla_dag.py took 0.063 seconds
[2025-04-19T08:40:35.979+0000] {processor.py:186} INFO - Started process (PID=469) to work on /home/airflow/.local/lib/python3.12/site-packages/airflow/example_dags/example_sla_dag.py
[2025-04-19T08:40:35.980+0000] {processor.py:914} INFO - Processing file /home/airflow/.local/lib/python3.12/site-packages/airflow/example_dags/example_sla_dag.py for tasks to queue
[2025-04-19T08:40:35.982+0000] {logging_mixin.py:190} INFO - [2025-04-19T08:40:35.981+0000] {dagbag.py:588} INFO - Filling up the DagBag from /home/airflow/.local/lib/python3.12/site-packages/airflow/example_dags/example_sla_dag.py
[2025-04-19T08:40:35.990+0000] {processor.py:925} INFO - DAG(s) 'example_sla_dag' retrieved from /home/airflow/.local/lib/python3.12/site-packages/airflow/example_dags/example_sla_dag.py
[2025-04-19T08:40:36.004+0000] {logging_mixin.py:190} INFO - [2025-04-19T08:40:36.004+0000] {dag.py:3239} INFO - Sync 1 DAGs
[2025-04-19T08:40:36.025+0000] {logging_mixin.py:190} INFO - [2025-04-19T08:40:36.025+0000] {dag.py:4180} INFO - Setting next_dagrun for example_sla_dag to 2025-04-19 08:38:00+00:00, run_after=2025-04-19 08:40:00+00:00
[2025-04-19T08:40:36.037+0000] {processor.py:208} INFO - Processing /home/airflow/.local/lib/python3.12/site-packages/airflow/example_dags/example_sla_dag.py took 0.063 seconds
[2025-04-19T08:41:06.557+0000] {processor.py:186} INFO - Started process (PID=532) to work on /home/airflow/.local/lib/python3.12/site-packages/airflow/example_dags/example_sla_dag.py
[2025-04-19T08:41:06.557+0000] {processor.py:914} INFO - Processing file /home/airflow/.local/lib/python3.12/site-packages/airflow/example_dags/example_sla_dag.py for tasks to queue
[2025-04-19T08:41:06.559+0000] {logging_mixin.py:190} INFO - [2025-04-19T08:41:06.559+0000] {dagbag.py:588} INFO - Filling up the DagBag from /home/airflow/.local/lib/python3.12/site-packages/airflow/example_dags/example_sla_dag.py
[2025-04-19T08:41:06.567+0000] {processor.py:925} INFO - DAG(s) 'example_sla_dag' retrieved from /home/airflow/.local/lib/python3.12/site-packages/airflow/example_dags/example_sla_dag.py
[2025-04-19T08:41:06.582+0000] {logging_mixin.py:190} INFO - [2025-04-19T08:41:06.582+0000] {dag.py:3239} INFO - Sync 1 DAGs
[2025-04-19T08:41:06.602+0000] {logging_mixin.py:190} INFO - [2025-04-19T08:41:06.602+0000] {dag.py:4180} INFO - Setting next_dagrun for example_sla_dag to 2025-04-19 08:38:00+00:00, run_after=2025-04-19 08:40:00+00:00
[2025-04-19T08:41:06.615+0000] {processor.py:208} INFO - Processing /home/airflow/.local/lib/python3.12/site-packages/airflow/example_dags/example_sla_dag.py took 0.063 seconds
