[2025-04-19T08:37:26.492+0000] {processor.py:186} INFO - Started process (PID=86) to work on /home/airflow/.local/lib/python3.12/site-packages/airflow/example_dags/example_setup_teardown_taskflow.py
[2025-04-19T08:37:26.494+0000] {processor.py:914} INFO - Processing file /home/airflow/.local/lib/python3.12/site-packages/airflow/example_dags/example_setup_teardown_taskflow.py for tasks to queue
[2025-04-19T08:37:26.501+0000] {logging_mixin.py:190} INFO - [2025-04-19T08:37:26.500+0000] {dagbag.py:588} INFO - Filling up the DagBag from /home/airflow/.local/lib/python3.12/site-packages/airflow/example_dags/example_setup_teardown_taskflow.py
[2025-04-19T08:37:26.563+0000] {processor.py:925} INFO - DAG(s) 'example_setup_teardown_taskflow' retrieved from /home/airflow/.local/lib/python3.12/site-packages/airflow/example_dags/example_setup_teardown_taskflow.py
[2025-04-19T08:37:26.841+0000] {logging_mixin.py:190} INFO - [2025-04-19T08:37:26.841+0000] {override.py:1911} INFO - Created Permission View: can delete on DAG:example_setup_teardown_taskflow
[2025-04-19T08:37:26.874+0000] {logging_mixin.py:190} INFO - [2025-04-19T08:37:26.873+0000] {override.py:1911} INFO - Created Permission View: can edit on DAG:example_setup_teardown_taskflow
[2025-04-19T08:37:26.892+0000] {logging_mixin.py:190} INFO - [2025-04-19T08:37:26.891+0000] {override.py:1911} INFO - Created Permission View: can read on DAG:example_setup_teardown_taskflow
[2025-04-19T08:37:26.917+0000] {logging_mixin.py:190} INFO - [2025-04-19T08:37:26.917+0000] {override.py:1911} INFO - Created Permission View: can delete on DAG Run:example_setup_teardown_taskflow
[2025-04-19T08:37:26.953+0000] {logging_mixin.py:190} INFO - [2025-04-19T08:37:26.953+0000] {override.py:1911} INFO - Created Permission View: can read on DAG Run:example_setup_teardown_taskflow
[2025-04-19T08:37:27.000+0000] {logging_mixin.py:190} INFO - [2025-04-19T08:37:27.000+0000] {override.py:1911} INFO - Created Permission View: can create on DAG Run:example_setup_teardown_taskflow
[2025-04-19T08:37:27.046+0000] {logging_mixin.py:190} INFO - [2025-04-19T08:37:27.046+0000] {override.py:1911} INFO - Created Permission View: menu access on DAG Run:example_setup_teardown_taskflow
[2025-04-19T08:37:27.048+0000] {logging_mixin.py:190} INFO - [2025-04-19T08:37:27.048+0000] {dag.py:3239} INFO - Sync 1 DAGs
[2025-04-19T08:37:27.093+0000] {logging_mixin.py:190} INFO - [2025-04-19T08:37:27.090+0000] {dag.py:3262} INFO - Creating ORM DAG for example_setup_teardown_taskflow
[2025-04-19T08:37:27.094+0000] {logging_mixin.py:190} INFO - [2025-04-19T08:37:27.093+0000] {dag.py:4180} INFO - Setting next_dagrun for example_setup_teardown_taskflow to None, run_after=None
[2025-04-19T08:37:27.156+0000] {processor.py:208} INFO - Processing /home/airflow/.local/lib/python3.12/site-packages/airflow/example_dags/example_setup_teardown_taskflow.py took 0.703 seconds
[2025-04-19T08:37:58.002+0000] {processor.py:186} INFO - Started process (PID=149) to work on /home/airflow/.local/lib/python3.12/site-packages/airflow/example_dags/example_setup_teardown_taskflow.py
[2025-04-19T08:37:58.005+0000] {processor.py:914} INFO - Processing file /home/airflow/.local/lib/python3.12/site-packages/airflow/example_dags/example_setup_teardown_taskflow.py for tasks to queue
[2025-04-19T08:37:58.007+0000] {logging_mixin.py:190} INFO - [2025-04-19T08:37:58.007+0000] {dagbag.py:588} INFO - Filling up the DagBag from /home/airflow/.local/lib/python3.12/site-packages/airflow/example_dags/example_setup_teardown_taskflow.py
[2025-04-19T08:37:58.019+0000] {processor.py:925} INFO - DAG(s) 'example_setup_teardown_taskflow' retrieved from /home/airflow/.local/lib/python3.12/site-packages/airflow/example_dags/example_setup_teardown_taskflow.py
[2025-04-19T08:37:58.043+0000] {logging_mixin.py:190} INFO - [2025-04-19T08:37:58.042+0000] {dag.py:3239} INFO - Sync 1 DAGs
[2025-04-19T08:37:58.060+0000] {logging_mixin.py:190} INFO - [2025-04-19T08:37:58.059+0000] {dag.py:4180} INFO - Setting next_dagrun for example_setup_teardown_taskflow to None, run_after=None
[2025-04-19T08:37:58.087+0000] {processor.py:208} INFO - Processing /home/airflow/.local/lib/python3.12/site-packages/airflow/example_dags/example_setup_teardown_taskflow.py took 0.097 seconds
[2025-04-19T08:38:28.333+0000] {processor.py:186} INFO - Started process (PID=211) to work on /home/airflow/.local/lib/python3.12/site-packages/airflow/example_dags/example_setup_teardown_taskflow.py
[2025-04-19T08:38:28.339+0000] {processor.py:914} INFO - Processing file /home/airflow/.local/lib/python3.12/site-packages/airflow/example_dags/example_setup_teardown_taskflow.py for tasks to queue
[2025-04-19T08:38:28.345+0000] {logging_mixin.py:190} INFO - [2025-04-19T08:38:28.343+0000] {dagbag.py:588} INFO - Filling up the DagBag from /home/airflow/.local/lib/python3.12/site-packages/airflow/example_dags/example_setup_teardown_taskflow.py
[2025-04-19T08:38:28.395+0000] {processor.py:925} INFO - DAG(s) 'example_setup_teardown_taskflow' retrieved from /home/airflow/.local/lib/python3.12/site-packages/airflow/example_dags/example_setup_teardown_taskflow.py
[2025-04-19T08:38:28.439+0000] {logging_mixin.py:190} INFO - [2025-04-19T08:38:28.438+0000] {dag.py:3239} INFO - Sync 1 DAGs
[2025-04-19T08:38:28.508+0000] {logging_mixin.py:190} INFO - [2025-04-19T08:38:28.508+0000] {dag.py:4180} INFO - Setting next_dagrun for example_setup_teardown_taskflow to None, run_after=None
[2025-04-19T08:38:28.544+0000] {processor.py:208} INFO - Processing /home/airflow/.local/lib/python3.12/site-packages/airflow/example_dags/example_setup_teardown_taskflow.py took 0.224 seconds
[2025-04-19T08:38:58.980+0000] {processor.py:186} INFO - Started process (PID=273) to work on /home/airflow/.local/lib/python3.12/site-packages/airflow/example_dags/example_setup_teardown_taskflow.py
[2025-04-19T08:38:58.981+0000] {processor.py:914} INFO - Processing file /home/airflow/.local/lib/python3.12/site-packages/airflow/example_dags/example_setup_teardown_taskflow.py for tasks to queue
[2025-04-19T08:38:58.983+0000] {logging_mixin.py:190} INFO - [2025-04-19T08:38:58.983+0000] {dagbag.py:588} INFO - Filling up the DagBag from /home/airflow/.local/lib/python3.12/site-packages/airflow/example_dags/example_setup_teardown_taskflow.py
[2025-04-19T08:38:58.996+0000] {processor.py:925} INFO - DAG(s) 'example_setup_teardown_taskflow' retrieved from /home/airflow/.local/lib/python3.12/site-packages/airflow/example_dags/example_setup_teardown_taskflow.py
[2025-04-19T08:38:59.022+0000] {logging_mixin.py:190} INFO - [2025-04-19T08:38:59.022+0000] {dag.py:3239} INFO - Sync 1 DAGs
[2025-04-19T08:38:59.047+0000] {logging_mixin.py:190} INFO - [2025-04-19T08:38:59.047+0000] {dag.py:4180} INFO - Setting next_dagrun for example_setup_teardown_taskflow to None, run_after=None
[2025-04-19T08:38:59.066+0000] {processor.py:208} INFO - Processing /home/airflow/.local/lib/python3.12/site-packages/airflow/example_dags/example_setup_teardown_taskflow.py took 0.092 seconds
[2025-04-19T08:39:29.154+0000] {processor.py:186} INFO - Started process (PID=336) to work on /home/airflow/.local/lib/python3.12/site-packages/airflow/example_dags/example_setup_teardown_taskflow.py
[2025-04-19T08:39:29.154+0000] {processor.py:914} INFO - Processing file /home/airflow/.local/lib/python3.12/site-packages/airflow/example_dags/example_setup_teardown_taskflow.py for tasks to queue
[2025-04-19T08:39:29.156+0000] {logging_mixin.py:190} INFO - [2025-04-19T08:39:29.156+0000] {dagbag.py:588} INFO - Filling up the DagBag from /home/airflow/.local/lib/python3.12/site-packages/airflow/example_dags/example_setup_teardown_taskflow.py
[2025-04-19T08:39:29.181+0000] {processor.py:925} INFO - DAG(s) 'example_setup_teardown_taskflow' retrieved from /home/airflow/.local/lib/python3.12/site-packages/airflow/example_dags/example_setup_teardown_taskflow.py
[2025-04-19T08:39:29.210+0000] {logging_mixin.py:190} INFO - [2025-04-19T08:39:29.209+0000] {dag.py:3239} INFO - Sync 1 DAGs
[2025-04-19T08:39:29.226+0000] {logging_mixin.py:190} INFO - [2025-04-19T08:39:29.226+0000] {dag.py:4180} INFO - Setting next_dagrun for example_setup_teardown_taskflow to None, run_after=None
[2025-04-19T08:39:29.246+0000] {processor.py:208} INFO - Processing /home/airflow/.local/lib/python3.12/site-packages/airflow/example_dags/example_setup_teardown_taskflow.py took 0.098 seconds
[2025-04-19T08:39:59.380+0000] {processor.py:186} INFO - Started process (PID=398) to work on /home/airflow/.local/lib/python3.12/site-packages/airflow/example_dags/example_setup_teardown_taskflow.py
[2025-04-19T08:39:59.381+0000] {processor.py:914} INFO - Processing file /home/airflow/.local/lib/python3.12/site-packages/airflow/example_dags/example_setup_teardown_taskflow.py for tasks to queue
[2025-04-19T08:39:59.383+0000] {logging_mixin.py:190} INFO - [2025-04-19T08:39:59.383+0000] {dagbag.py:588} INFO - Filling up the DagBag from /home/airflow/.local/lib/python3.12/site-packages/airflow/example_dags/example_setup_teardown_taskflow.py
[2025-04-19T08:39:59.395+0000] {processor.py:925} INFO - DAG(s) 'example_setup_teardown_taskflow' retrieved from /home/airflow/.local/lib/python3.12/site-packages/airflow/example_dags/example_setup_teardown_taskflow.py
[2025-04-19T08:39:59.420+0000] {logging_mixin.py:190} INFO - [2025-04-19T08:39:59.420+0000] {dag.py:3239} INFO - Sync 1 DAGs
[2025-04-19T08:39:59.436+0000] {logging_mixin.py:190} INFO - [2025-04-19T08:39:59.436+0000] {dag.py:4180} INFO - Setting next_dagrun for example_setup_teardown_taskflow to None, run_after=None
[2025-04-19T08:39:59.453+0000] {processor.py:208} INFO - Processing /home/airflow/.local/lib/python3.12/site-packages/airflow/example_dags/example_setup_teardown_taskflow.py took 0.079 seconds
[2025-04-19T08:40:29.589+0000] {processor.py:186} INFO - Started process (PID=461) to work on /home/airflow/.local/lib/python3.12/site-packages/airflow/example_dags/example_setup_teardown_taskflow.py
[2025-04-19T08:40:29.589+0000] {processor.py:914} INFO - Processing file /home/airflow/.local/lib/python3.12/site-packages/airflow/example_dags/example_setup_teardown_taskflow.py for tasks to queue
[2025-04-19T08:40:29.591+0000] {logging_mixin.py:190} INFO - [2025-04-19T08:40:29.591+0000] {dagbag.py:588} INFO - Filling up the DagBag from /home/airflow/.local/lib/python3.12/site-packages/airflow/example_dags/example_setup_teardown_taskflow.py
[2025-04-19T08:40:29.603+0000] {processor.py:925} INFO - DAG(s) 'example_setup_teardown_taskflow' retrieved from /home/airflow/.local/lib/python3.12/site-packages/airflow/example_dags/example_setup_teardown_taskflow.py
[2025-04-19T08:40:29.635+0000] {logging_mixin.py:190} INFO - [2025-04-19T08:40:29.634+0000] {dag.py:3239} INFO - Sync 1 DAGs
[2025-04-19T08:40:29.655+0000] {logging_mixin.py:190} INFO - [2025-04-19T08:40:29.654+0000] {dag.py:4180} INFO - Setting next_dagrun for example_setup_teardown_taskflow to None, run_after=None
[2025-04-19T08:40:29.683+0000] {processor.py:208} INFO - Processing /home/airflow/.local/lib/python3.12/site-packages/airflow/example_dags/example_setup_teardown_taskflow.py took 0.100 seconds
[2025-04-19T08:41:00.107+0000] {processor.py:186} INFO - Started process (PID=524) to work on /home/airflow/.local/lib/python3.12/site-packages/airflow/example_dags/example_setup_teardown_taskflow.py
[2025-04-19T08:41:00.113+0000] {processor.py:914} INFO - Processing file /home/airflow/.local/lib/python3.12/site-packages/airflow/example_dags/example_setup_teardown_taskflow.py for tasks to queue
[2025-04-19T08:41:00.120+0000] {logging_mixin.py:190} INFO - [2025-04-19T08:41:00.120+0000] {dagbag.py:588} INFO - Filling up the DagBag from /home/airflow/.local/lib/python3.12/site-packages/airflow/example_dags/example_setup_teardown_taskflow.py
[2025-04-19T08:41:00.151+0000] {processor.py:925} INFO - DAG(s) 'example_setup_teardown_taskflow' retrieved from /home/airflow/.local/lib/python3.12/site-packages/airflow/example_dags/example_setup_teardown_taskflow.py
[2025-04-19T08:41:00.179+0000] {logging_mixin.py:190} INFO - [2025-04-19T08:41:00.178+0000] {dag.py:3239} INFO - Sync 1 DAGs
[2025-04-19T08:41:00.205+0000] {logging_mixin.py:190} INFO - [2025-04-19T08:41:00.204+0000] {dag.py:4180} INFO - Setting next_dagrun for example_setup_teardown_taskflow to None, run_after=None
[2025-04-19T08:41:00.236+0000] {processor.py:208} INFO - Processing /home/airflow/.local/lib/python3.12/site-packages/airflow/example_dags/example_setup_teardown_taskflow.py took 0.142 seconds
