[2025-04-19T08:37:46.475+0000] {processor.py:186} INFO - Started process (PID=123) to work on /home/airflow/.local/lib/python3.12/site-packages/airflow/example_dags/example_sensors.py
[2025-04-19T08:37:46.483+0000] {processor.py:914} INFO - Processing file /home/airflow/.local/lib/python3.12/site-packages/airflow/example_dags/example_sensors.py for tasks to queue
[2025-04-19T08:37:46.488+0000] {logging_mixin.py:190} INFO - [2025-04-19T08:37:46.487+0000] {dagbag.py:588} INFO - Filling up the DagBag from /home/airflow/.local/lib/python3.12/site-packages/airflow/example_dags/example_sensors.py
[2025-04-19T08:37:46.517+0000] {processor.py:925} INFO - DAG(s) 'example_sensors' retrieved from /home/airflow/.local/lib/python3.12/site-packages/airflow/example_dags/example_sensors.py
[2025-04-19T08:37:47.037+0000] {logging_mixin.py:190} INFO - [2025-04-19T08:37:47.037+0000] {override.py:1911} INFO - Created Permission View: can delete on DAG:example_sensors
[2025-04-19T08:37:47.060+0000] {logging_mixin.py:190} INFO - [2025-04-19T08:37:47.059+0000] {override.py:1911} INFO - Created Permission View: can edit on DAG:example_sensors
[2025-04-19T08:37:47.074+0000] {logging_mixin.py:190} INFO - [2025-04-19T08:37:47.074+0000] {override.py:1911} INFO - Created Permission View: can read on DAG:example_sensors
[2025-04-19T08:37:47.093+0000] {logging_mixin.py:190} INFO - [2025-04-19T08:37:47.092+0000] {override.py:1911} INFO - Created Permission View: can delete on DAG Run:example_sensors
[2025-04-19T08:37:47.110+0000] {logging_mixin.py:190} INFO - [2025-04-19T08:37:47.109+0000] {override.py:1911} INFO - Created Permission View: can read on DAG Run:example_sensors
[2025-04-19T08:37:47.124+0000] {logging_mixin.py:190} INFO - [2025-04-19T08:37:47.124+0000] {override.py:1911} INFO - Created Permission View: can create on DAG Run:example_sensors
[2025-04-19T08:37:47.137+0000] {logging_mixin.py:190} INFO - [2025-04-19T08:37:47.137+0000] {override.py:1911} INFO - Created Permission View: menu access on DAG Run:example_sensors
[2025-04-19T08:37:47.139+0000] {logging_mixin.py:190} INFO - [2025-04-19T08:37:47.139+0000] {dag.py:3239} INFO - Sync 1 DAGs
[2025-04-19T08:37:47.184+0000] {logging_mixin.py:190} INFO - [2025-04-19T08:37:47.184+0000] {dag.py:3262} INFO - Creating ORM DAG for example_sensors
[2025-04-19T08:37:47.187+0000] {logging_mixin.py:190} INFO - [2025-04-19T08:37:47.187+0000] {dag.py:4180} INFO - Setting next_dagrun for example_sensors to None, run_after=None
[2025-04-19T08:37:47.233+0000] {processor.py:208} INFO - Processing /home/airflow/.local/lib/python3.12/site-packages/airflow/example_dags/example_sensors.py took 0.787 seconds
[2025-04-19T08:38:17.766+0000] {processor.py:186} INFO - Started process (PID=184) to work on /home/airflow/.local/lib/python3.12/site-packages/airflow/example_dags/example_sensors.py
[2025-04-19T08:38:17.767+0000] {processor.py:914} INFO - Processing file /home/airflow/.local/lib/python3.12/site-packages/airflow/example_dags/example_sensors.py for tasks to queue
[2025-04-19T08:38:17.769+0000] {logging_mixin.py:190} INFO - [2025-04-19T08:38:17.769+0000] {dagbag.py:588} INFO - Filling up the DagBag from /home/airflow/.local/lib/python3.12/site-packages/airflow/example_dags/example_sensors.py
[2025-04-19T08:38:17.781+0000] {processor.py:925} INFO - DAG(s) 'example_sensors' retrieved from /home/airflow/.local/lib/python3.12/site-packages/airflow/example_dags/example_sensors.py
[2025-04-19T08:38:17.812+0000] {logging_mixin.py:190} INFO - [2025-04-19T08:38:17.812+0000] {dag.py:3239} INFO - Sync 1 DAGs
[2025-04-19T08:38:17.828+0000] {logging_mixin.py:190} INFO - [2025-04-19T08:38:17.828+0000] {dag.py:4180} INFO - Setting next_dagrun for example_sensors to None, run_after=None
[2025-04-19T08:38:17.847+0000] {processor.py:208} INFO - Processing /home/airflow/.local/lib/python3.12/site-packages/airflow/example_dags/example_sensors.py took 0.086 seconds
[2025-04-19T08:38:48.268+0000] {processor.py:186} INFO - Started process (PID=246) to work on /home/airflow/.local/lib/python3.12/site-packages/airflow/example_dags/example_sensors.py
[2025-04-19T08:38:48.269+0000] {processor.py:914} INFO - Processing file /home/airflow/.local/lib/python3.12/site-packages/airflow/example_dags/example_sensors.py for tasks to queue
[2025-04-19T08:38:48.271+0000] {logging_mixin.py:190} INFO - [2025-04-19T08:38:48.271+0000] {dagbag.py:588} INFO - Filling up the DagBag from /home/airflow/.local/lib/python3.12/site-packages/airflow/example_dags/example_sensors.py
[2025-04-19T08:38:48.285+0000] {processor.py:925} INFO - DAG(s) 'example_sensors' retrieved from /home/airflow/.local/lib/python3.12/site-packages/airflow/example_dags/example_sensors.py
[2025-04-19T08:38:48.315+0000] {logging_mixin.py:190} INFO - [2025-04-19T08:38:48.315+0000] {dag.py:3239} INFO - Sync 1 DAGs
[2025-04-19T08:38:48.332+0000] {logging_mixin.py:190} INFO - [2025-04-19T08:38:48.331+0000] {dag.py:4180} INFO - Setting next_dagrun for example_sensors to None, run_after=None
[2025-04-19T08:38:48.350+0000] {processor.py:208} INFO - Processing /home/airflow/.local/lib/python3.12/site-packages/airflow/example_dags/example_sensors.py took 0.098 seconds
[2025-04-19T08:39:18.591+0000] {processor.py:186} INFO - Started process (PID=309) to work on /home/airflow/.local/lib/python3.12/site-packages/airflow/example_dags/example_sensors.py
[2025-04-19T08:39:18.593+0000] {processor.py:914} INFO - Processing file /home/airflow/.local/lib/python3.12/site-packages/airflow/example_dags/example_sensors.py for tasks to queue
[2025-04-19T08:39:18.595+0000] {logging_mixin.py:190} INFO - [2025-04-19T08:39:18.594+0000] {dagbag.py:588} INFO - Filling up the DagBag from /home/airflow/.local/lib/python3.12/site-packages/airflow/example_dags/example_sensors.py
[2025-04-19T08:39:18.609+0000] {processor.py:925} INFO - DAG(s) 'example_sensors' retrieved from /home/airflow/.local/lib/python3.12/site-packages/airflow/example_dags/example_sensors.py
[2025-04-19T08:39:18.638+0000] {logging_mixin.py:190} INFO - [2025-04-19T08:39:18.638+0000] {dag.py:3239} INFO - Sync 1 DAGs
[2025-04-19T08:39:18.655+0000] {logging_mixin.py:190} INFO - [2025-04-19T08:39:18.655+0000] {dag.py:4180} INFO - Setting next_dagrun for example_sensors to None, run_after=None
[2025-04-19T08:39:18.682+0000] {processor.py:208} INFO - Processing /home/airflow/.local/lib/python3.12/site-packages/airflow/example_dags/example_sensors.py took 0.101 seconds
[2025-04-19T08:39:49.302+0000] {processor.py:186} INFO - Started process (PID=370) to work on /home/airflow/.local/lib/python3.12/site-packages/airflow/example_dags/example_sensors.py
[2025-04-19T08:39:49.304+0000] {processor.py:914} INFO - Processing file /home/airflow/.local/lib/python3.12/site-packages/airflow/example_dags/example_sensors.py for tasks to queue
[2025-04-19T08:39:49.306+0000] {logging_mixin.py:190} INFO - [2025-04-19T08:39:49.306+0000] {dagbag.py:588} INFO - Filling up the DagBag from /home/airflow/.local/lib/python3.12/site-packages/airflow/example_dags/example_sensors.py
[2025-04-19T08:39:49.321+0000] {processor.py:925} INFO - DAG(s) 'example_sensors' retrieved from /home/airflow/.local/lib/python3.12/site-packages/airflow/example_dags/example_sensors.py
[2025-04-19T08:39:49.354+0000] {logging_mixin.py:190} INFO - [2025-04-19T08:39:49.353+0000] {dag.py:3239} INFO - Sync 1 DAGs
[2025-04-19T08:39:49.380+0000] {logging_mixin.py:190} INFO - [2025-04-19T08:39:49.379+0000] {dag.py:4180} INFO - Setting next_dagrun for example_sensors to None, run_after=None
[2025-04-19T08:39:49.398+0000] {processor.py:208} INFO - Processing /home/airflow/.local/lib/python3.12/site-packages/airflow/example_dags/example_sensors.py took 0.102 seconds
[2025-04-19T08:40:20.244+0000] {processor.py:186} INFO - Started process (PID=434) to work on /home/airflow/.local/lib/python3.12/site-packages/airflow/example_dags/example_sensors.py
[2025-04-19T08:40:20.250+0000] {processor.py:914} INFO - Processing file /home/airflow/.local/lib/python3.12/site-packages/airflow/example_dags/example_sensors.py for tasks to queue
[2025-04-19T08:40:20.258+0000] {logging_mixin.py:190} INFO - [2025-04-19T08:40:20.257+0000] {dagbag.py:588} INFO - Filling up the DagBag from /home/airflow/.local/lib/python3.12/site-packages/airflow/example_dags/example_sensors.py
[2025-04-19T08:40:20.285+0000] {processor.py:925} INFO - DAG(s) 'example_sensors' retrieved from /home/airflow/.local/lib/python3.12/site-packages/airflow/example_dags/example_sensors.py
[2025-04-19T08:40:20.353+0000] {logging_mixin.py:190} INFO - [2025-04-19T08:40:20.352+0000] {dag.py:3239} INFO - Sync 1 DAGs
[2025-04-19T08:40:20.369+0000] {logging_mixin.py:190} INFO - [2025-04-19T08:40:20.369+0000] {dag.py:4180} INFO - Setting next_dagrun for example_sensors to None, run_after=None
[2025-04-19T08:40:20.386+0000] {processor.py:208} INFO - Processing /home/airflow/.local/lib/python3.12/site-packages/airflow/example_dags/example_sensors.py took 0.162 seconds
[2025-04-19T08:40:50.670+0000] {processor.py:186} INFO - Started process (PID=496) to work on /home/airflow/.local/lib/python3.12/site-packages/airflow/example_dags/example_sensors.py
[2025-04-19T08:40:50.672+0000] {processor.py:914} INFO - Processing file /home/airflow/.local/lib/python3.12/site-packages/airflow/example_dags/example_sensors.py for tasks to queue
[2025-04-19T08:40:50.676+0000] {logging_mixin.py:190} INFO - [2025-04-19T08:40:50.676+0000] {dagbag.py:588} INFO - Filling up the DagBag from /home/airflow/.local/lib/python3.12/site-packages/airflow/example_dags/example_sensors.py
[2025-04-19T08:40:50.701+0000] {processor.py:925} INFO - DAG(s) 'example_sensors' retrieved from /home/airflow/.local/lib/python3.12/site-packages/airflow/example_dags/example_sensors.py
[2025-04-19T08:40:50.764+0000] {logging_mixin.py:190} INFO - [2025-04-19T08:40:50.763+0000] {dag.py:3239} INFO - Sync 1 DAGs
[2025-04-19T08:40:50.796+0000] {logging_mixin.py:190} INFO - [2025-04-19T08:40:50.794+0000] {dag.py:4180} INFO - Setting next_dagrun for example_sensors to None, run_after=None
[2025-04-19T08:40:50.838+0000] {processor.py:208} INFO - Processing /home/airflow/.local/lib/python3.12/site-packages/airflow/example_dags/example_sensors.py took 0.180 seconds
