[2025-04-19T08:37:26.904+0000] {processor.py:186} INFO - Started process (PID=87) to work on /home/airflow/.local/lib/python3.12/site-packages/airflow/example_dags/example_task_group.py
[2025-04-19T08:37:26.907+0000] {processor.py:914} INFO - Processing file /home/airflow/.local/lib/python3.12/site-packages/airflow/example_dags/example_task_group.py for tasks to queue
[2025-04-19T08:37:26.911+0000] {logging_mixin.py:190} INFO - [2025-04-19T08:37:26.910+0000] {dagbag.py:588} INFO - Filling up the DagBag from /home/airflow/.local/lib/python3.12/site-packages/airflow/example_dags/example_task_group.py
[2025-04-19T08:37:26.934+0000] {processor.py:925} INFO - DAG(s) 'example_task_group' retrieved from /home/airflow/.local/lib/python3.12/site-packages/airflow/example_dags/example_task_group.py
[2025-04-19T08:37:27.321+0000] {logging_mixin.py:190} INFO - [2025-04-19T08:37:27.320+0000] {override.py:1911} INFO - Created Permission View: can delete on DAG:example_task_group
[2025-04-19T08:37:27.345+0000] {logging_mixin.py:190} INFO - [2025-04-19T08:37:27.344+0000] {override.py:1911} INFO - Created Permission View: can edit on DAG:example_task_group
[2025-04-19T08:37:27.363+0000] {logging_mixin.py:190} INFO - [2025-04-19T08:37:27.362+0000] {override.py:1911} INFO - Created Permission View: can read on DAG:example_task_group
[2025-04-19T08:37:27.372+0000] {logging_mixin.py:190} INFO - [2025-04-19T08:37:27.372+0000] {override.py:1911} INFO - Created Permission View: can delete on DAG Run:example_task_group
[2025-04-19T08:37:27.383+0000] {logging_mixin.py:190} INFO - [2025-04-19T08:37:27.382+0000] {override.py:1911} INFO - Created Permission View: can read on DAG Run:example_task_group
[2025-04-19T08:37:27.392+0000] {logging_mixin.py:190} INFO - [2025-04-19T08:37:27.392+0000] {override.py:1911} INFO - Created Permission View: can create on DAG Run:example_task_group
[2025-04-19T08:37:27.402+0000] {logging_mixin.py:190} INFO - [2025-04-19T08:37:27.402+0000] {override.py:1911} INFO - Created Permission View: menu access on DAG Run:example_task_group
[2025-04-19T08:37:27.402+0000] {logging_mixin.py:190} INFO - [2025-04-19T08:37:27.402+0000] {dag.py:3239} INFO - Sync 1 DAGs
[2025-04-19T08:37:27.433+0000] {logging_mixin.py:190} INFO - [2025-04-19T08:37:27.433+0000] {dag.py:3262} INFO - Creating ORM DAG for example_task_group
[2025-04-19T08:37:27.436+0000] {logging_mixin.py:190} INFO - [2025-04-19T08:37:27.436+0000] {dag.py:4180} INFO - Setting next_dagrun for example_task_group to None, run_after=None
[2025-04-19T08:37:27.475+0000] {processor.py:208} INFO - Processing /home/airflow/.local/lib/python3.12/site-packages/airflow/example_dags/example_task_group.py took 0.583 seconds
[2025-04-19T08:37:58.033+0000] {processor.py:186} INFO - Started process (PID=150) to work on /home/airflow/.local/lib/python3.12/site-packages/airflow/example_dags/example_task_group.py
[2025-04-19T08:37:58.040+0000] {processor.py:914} INFO - Processing file /home/airflow/.local/lib/python3.12/site-packages/airflow/example_dags/example_task_group.py for tasks to queue
[2025-04-19T08:37:58.047+0000] {logging_mixin.py:190} INFO - [2025-04-19T08:37:58.046+0000] {dagbag.py:588} INFO - Filling up the DagBag from /home/airflow/.local/lib/python3.12/site-packages/airflow/example_dags/example_task_group.py
[2025-04-19T08:37:58.073+0000] {processor.py:925} INFO - DAG(s) 'example_task_group' retrieved from /home/airflow/.local/lib/python3.12/site-packages/airflow/example_dags/example_task_group.py
[2025-04-19T08:37:58.130+0000] {logging_mixin.py:190} INFO - [2025-04-19T08:37:58.130+0000] {dag.py:3239} INFO - Sync 1 DAGs
[2025-04-19T08:37:58.156+0000] {logging_mixin.py:190} INFO - [2025-04-19T08:37:58.153+0000] {dag.py:4180} INFO - Setting next_dagrun for example_task_group to None, run_after=None
[2025-04-19T08:37:58.188+0000] {processor.py:208} INFO - Processing /home/airflow/.local/lib/python3.12/site-packages/airflow/example_dags/example_task_group.py took 0.175 seconds
[2025-04-19T08:38:28.390+0000] {processor.py:186} INFO - Started process (PID=212) to work on /home/airflow/.local/lib/python3.12/site-packages/airflow/example_dags/example_task_group.py
[2025-04-19T08:38:28.394+0000] {processor.py:914} INFO - Processing file /home/airflow/.local/lib/python3.12/site-packages/airflow/example_dags/example_task_group.py for tasks to queue
[2025-04-19T08:38:28.403+0000] {logging_mixin.py:190} INFO - [2025-04-19T08:38:28.402+0000] {dagbag.py:588} INFO - Filling up the DagBag from /home/airflow/.local/lib/python3.12/site-packages/airflow/example_dags/example_task_group.py
[2025-04-19T08:38:28.440+0000] {processor.py:925} INFO - DAG(s) 'example_task_group' retrieved from /home/airflow/.local/lib/python3.12/site-packages/airflow/example_dags/example_task_group.py
[2025-04-19T08:38:28.497+0000] {logging_mixin.py:190} INFO - [2025-04-19T08:38:28.496+0000] {dag.py:3239} INFO - Sync 1 DAGs
[2025-04-19T08:38:28.530+0000] {logging_mixin.py:190} INFO - [2025-04-19T08:38:28.530+0000] {dag.py:4180} INFO - Setting next_dagrun for example_task_group to None, run_after=None
[2025-04-19T08:38:28.567+0000] {processor.py:208} INFO - Processing /home/airflow/.local/lib/python3.12/site-packages/airflow/example_dags/example_task_group.py took 0.210 seconds
[2025-04-19T08:38:58.996+0000] {processor.py:186} INFO - Started process (PID=274) to work on /home/airflow/.local/lib/python3.12/site-packages/airflow/example_dags/example_task_group.py
[2025-04-19T08:38:58.998+0000] {processor.py:914} INFO - Processing file /home/airflow/.local/lib/python3.12/site-packages/airflow/example_dags/example_task_group.py for tasks to queue
[2025-04-19T08:38:59.000+0000] {logging_mixin.py:190} INFO - [2025-04-19T08:38:59.000+0000] {dagbag.py:588} INFO - Filling up the DagBag from /home/airflow/.local/lib/python3.12/site-packages/airflow/example_dags/example_task_group.py
[2025-04-19T08:38:59.009+0000] {processor.py:925} INFO - DAG(s) 'example_task_group' retrieved from /home/airflow/.local/lib/python3.12/site-packages/airflow/example_dags/example_task_group.py
[2025-04-19T08:38:59.041+0000] {logging_mixin.py:190} INFO - [2025-04-19T08:38:59.040+0000] {dag.py:3239} INFO - Sync 1 DAGs
[2025-04-19T08:38:59.057+0000] {logging_mixin.py:190} INFO - [2025-04-19T08:38:59.057+0000] {dag.py:4180} INFO - Setting next_dagrun for example_task_group to None, run_after=None
[2025-04-19T08:38:59.076+0000] {processor.py:208} INFO - Processing /home/airflow/.local/lib/python3.12/site-packages/airflow/example_dags/example_task_group.py took 0.090 seconds
[2025-04-19T08:39:29.175+0000] {processor.py:186} INFO - Started process (PID=337) to work on /home/airflow/.local/lib/python3.12/site-packages/airflow/example_dags/example_task_group.py
[2025-04-19T08:39:29.177+0000] {processor.py:914} INFO - Processing file /home/airflow/.local/lib/python3.12/site-packages/airflow/example_dags/example_task_group.py for tasks to queue
[2025-04-19T08:39:29.182+0000] {logging_mixin.py:190} INFO - [2025-04-19T08:39:29.182+0000] {dagbag.py:588} INFO - Filling up the DagBag from /home/airflow/.local/lib/python3.12/site-packages/airflow/example_dags/example_task_group.py
[2025-04-19T08:39:29.194+0000] {processor.py:925} INFO - DAG(s) 'example_task_group' retrieved from /home/airflow/.local/lib/python3.12/site-packages/airflow/example_dags/example_task_group.py
[2025-04-19T08:39:29.218+0000] {logging_mixin.py:190} INFO - [2025-04-19T08:39:29.218+0000] {dag.py:3239} INFO - Sync 1 DAGs
[2025-04-19T08:39:29.236+0000] {logging_mixin.py:190} INFO - [2025-04-19T08:39:29.236+0000] {dag.py:4180} INFO - Setting next_dagrun for example_task_group to None, run_after=None
[2025-04-19T08:39:29.258+0000] {processor.py:208} INFO - Processing /home/airflow/.local/lib/python3.12/site-packages/airflow/example_dags/example_task_group.py took 0.096 seconds
[2025-04-19T08:39:59.390+0000] {processor.py:186} INFO - Started process (PID=399) to work on /home/airflow/.local/lib/python3.12/site-packages/airflow/example_dags/example_task_group.py
[2025-04-19T08:39:59.391+0000] {processor.py:914} INFO - Processing file /home/airflow/.local/lib/python3.12/site-packages/airflow/example_dags/example_task_group.py for tasks to queue
[2025-04-19T08:39:59.393+0000] {logging_mixin.py:190} INFO - [2025-04-19T08:39:59.393+0000] {dagbag.py:588} INFO - Filling up the DagBag from /home/airflow/.local/lib/python3.12/site-packages/airflow/example_dags/example_task_group.py
[2025-04-19T08:39:59.403+0000] {processor.py:925} INFO - DAG(s) 'example_task_group' retrieved from /home/airflow/.local/lib/python3.12/site-packages/airflow/example_dags/example_task_group.py
[2025-04-19T08:39:59.425+0000] {logging_mixin.py:190} INFO - [2025-04-19T08:39:59.424+0000] {dag.py:3239} INFO - Sync 1 DAGs
[2025-04-19T08:39:59.441+0000] {logging_mixin.py:190} INFO - [2025-04-19T08:39:59.441+0000] {dag.py:4180} INFO - Setting next_dagrun for example_task_group to None, run_after=None
[2025-04-19T08:39:59.457+0000] {processor.py:208} INFO - Processing /home/airflow/.local/lib/python3.12/site-packages/airflow/example_dags/example_task_group.py took 0.073 seconds
[2025-04-19T08:40:29.599+0000] {processor.py:186} INFO - Started process (PID=462) to work on /home/airflow/.local/lib/python3.12/site-packages/airflow/example_dags/example_task_group.py
[2025-04-19T08:40:29.600+0000] {processor.py:914} INFO - Processing file /home/airflow/.local/lib/python3.12/site-packages/airflow/example_dags/example_task_group.py for tasks to queue
[2025-04-19T08:40:29.602+0000] {logging_mixin.py:190} INFO - [2025-04-19T08:40:29.602+0000] {dagbag.py:588} INFO - Filling up the DagBag from /home/airflow/.local/lib/python3.12/site-packages/airflow/example_dags/example_task_group.py
[2025-04-19T08:40:29.616+0000] {processor.py:925} INFO - DAG(s) 'example_task_group' retrieved from /home/airflow/.local/lib/python3.12/site-packages/airflow/example_dags/example_task_group.py
[2025-04-19T08:40:29.683+0000] {logging_mixin.py:190} INFO - [2025-04-19T08:40:29.683+0000] {dag.py:3239} INFO - Sync 1 DAGs
[2025-04-19T08:40:29.699+0000] {logging_mixin.py:190} INFO - [2025-04-19T08:40:29.698+0000] {dag.py:4180} INFO - Setting next_dagrun for example_task_group to None, run_after=None
[2025-04-19T08:40:29.720+0000] {processor.py:208} INFO - Processing /home/airflow/.local/lib/python3.12/site-packages/airflow/example_dags/example_task_group.py took 0.127 seconds
[2025-04-19T08:41:00.141+0000] {processor.py:186} INFO - Started process (PID=525) to work on /home/airflow/.local/lib/python3.12/site-packages/airflow/example_dags/example_task_group.py
[2025-04-19T08:41:00.145+0000] {processor.py:914} INFO - Processing file /home/airflow/.local/lib/python3.12/site-packages/airflow/example_dags/example_task_group.py for tasks to queue
[2025-04-19T08:41:00.151+0000] {logging_mixin.py:190} INFO - [2025-04-19T08:41:00.151+0000] {dagbag.py:588} INFO - Filling up the DagBag from /home/airflow/.local/lib/python3.12/site-packages/airflow/example_dags/example_task_group.py
[2025-04-19T08:41:00.182+0000] {processor.py:925} INFO - DAG(s) 'example_task_group' retrieved from /home/airflow/.local/lib/python3.12/site-packages/airflow/example_dags/example_task_group.py
[2025-04-19T08:41:00.217+0000] {logging_mixin.py:190} INFO - [2025-04-19T08:41:00.217+0000] {dag.py:3239} INFO - Sync 1 DAGs
[2025-04-19T08:41:00.234+0000] {logging_mixin.py:190} INFO - [2025-04-19T08:41:00.234+0000] {dag.py:4180} INFO - Setting next_dagrun for example_task_group to None, run_after=None
[2025-04-19T08:41:00.251+0000] {processor.py:208} INFO - Processing /home/airflow/.local/lib/python3.12/site-packages/airflow/example_dags/example_task_group.py took 0.135 seconds
