[2025-04-19T08:37:30.643+0000] {processor.py:186} INFO - Started process (PID=94) to work on /home/airflow/.local/lib/python3.12/site-packages/airflow/example_dags/example_bash_decorator.py
[2025-04-19T08:37:30.645+0000] {processor.py:914} INFO - Processing file /home/airflow/.local/lib/python3.12/site-packages/airflow/example_dags/example_bash_decorator.py for tasks to queue
[2025-04-19T08:37:30.656+0000] {logging_mixin.py:190} INFO - [2025-04-19T08:37:30.652+0000] {dagbag.py:588} INFO - Filling up the DagBag from /home/airflow/.local/lib/python3.12/site-packages/airflow/example_dags/example_bash_decorator.py
[2025-04-19T08:37:30.832+0000] {processor.py:925} INFO - DAG(s) 'example_bash_decorator' retrieved from /home/airflow/.local/lib/python3.12/site-packages/airflow/example_dags/example_bash_decorator.py
[2025-04-19T08:37:31.349+0000] {logging_mixin.py:190} INFO - [2025-04-19T08:37:31.345+0000] {override.py:1911} INFO - Created Permission View: can delete on DAG:example_bash_decorator
[2025-04-19T08:37:31.401+0000] {logging_mixin.py:190} INFO - [2025-04-19T08:37:31.399+0000] {override.py:1911} INFO - Created Permission View: can edit on DAG:example_bash_decorator
[2025-04-19T08:37:31.436+0000] {logging_mixin.py:190} INFO - [2025-04-19T08:37:31.436+0000] {override.py:1911} INFO - Created Permission View: can read on DAG:example_bash_decorator
[2025-04-19T08:37:31.459+0000] {logging_mixin.py:190} INFO - [2025-04-19T08:37:31.459+0000] {override.py:1911} INFO - Created Permission View: can delete on DAG Run:example_bash_decorator
[2025-04-19T08:37:31.483+0000] {logging_mixin.py:190} INFO - [2025-04-19T08:37:31.483+0000] {override.py:1911} INFO - Created Permission View: can read on DAG Run:example_bash_decorator
[2025-04-19T08:37:31.496+0000] {logging_mixin.py:190} INFO - [2025-04-19T08:37:31.496+0000] {override.py:1911} INFO - Created Permission View: can create on DAG Run:example_bash_decorator
[2025-04-19T08:37:31.507+0000] {logging_mixin.py:190} INFO - [2025-04-19T08:37:31.507+0000] {override.py:1911} INFO - Created Permission View: menu access on DAG Run:example_bash_decorator
[2025-04-19T08:37:31.508+0000] {logging_mixin.py:190} INFO - [2025-04-19T08:37:31.507+0000] {dag.py:3239} INFO - Sync 1 DAGs
[2025-04-19T08:37:31.540+0000] {logging_mixin.py:190} INFO - [2025-04-19T08:37:31.539+0000] {dag.py:3262} INFO - Creating ORM DAG for example_bash_decorator
[2025-04-19T08:37:31.542+0000] {logging_mixin.py:190} INFO - [2025-04-19T08:37:31.542+0000] {dag.py:4180} INFO - Setting next_dagrun for example_bash_decorator to None, run_after=None
[2025-04-19T08:37:31.606+0000] {processor.py:208} INFO - Processing /home/airflow/.local/lib/python3.12/site-packages/airflow/example_dags/example_bash_decorator.py took 1.007 seconds
[2025-04-19T08:38:02.467+0000] {processor.py:186} INFO - Started process (PID=156) to work on /home/airflow/.local/lib/python3.12/site-packages/airflow/example_dags/example_bash_decorator.py
[2025-04-19T08:38:02.468+0000] {processor.py:914} INFO - Processing file /home/airflow/.local/lib/python3.12/site-packages/airflow/example_dags/example_bash_decorator.py for tasks to queue
[2025-04-19T08:38:02.470+0000] {logging_mixin.py:190} INFO - [2025-04-19T08:38:02.470+0000] {dagbag.py:588} INFO - Filling up the DagBag from /home/airflow/.local/lib/python3.12/site-packages/airflow/example_dags/example_bash_decorator.py
[2025-04-19T08:38:02.488+0000] {processor.py:925} INFO - DAG(s) 'example_bash_decorator' retrieved from /home/airflow/.local/lib/python3.12/site-packages/airflow/example_dags/example_bash_decorator.py
[2025-04-19T08:38:02.505+0000] {logging_mixin.py:190} INFO - [2025-04-19T08:38:02.505+0000] {dag.py:3239} INFO - Sync 1 DAGs
[2025-04-19T08:38:02.515+0000] {logging_mixin.py:190} INFO - [2025-04-19T08:38:02.515+0000] {dag.py:4180} INFO - Setting next_dagrun for example_bash_decorator to None, run_after=None
[2025-04-19T08:38:02.528+0000] {processor.py:208} INFO - Processing /home/airflow/.local/lib/python3.12/site-packages/airflow/example_dags/example_bash_decorator.py took 0.065 seconds
[2025-04-19T08:38:33.074+0000] {processor.py:186} INFO - Started process (PID=218) to work on /home/airflow/.local/lib/python3.12/site-packages/airflow/example_dags/example_bash_decorator.py
[2025-04-19T08:38:33.075+0000] {processor.py:914} INFO - Processing file /home/airflow/.local/lib/python3.12/site-packages/airflow/example_dags/example_bash_decorator.py for tasks to queue
[2025-04-19T08:38:33.076+0000] {logging_mixin.py:190} INFO - [2025-04-19T08:38:33.076+0000] {dagbag.py:588} INFO - Filling up the DagBag from /home/airflow/.local/lib/python3.12/site-packages/airflow/example_dags/example_bash_decorator.py
[2025-04-19T08:38:33.088+0000] {processor.py:925} INFO - DAG(s) 'example_bash_decorator' retrieved from /home/airflow/.local/lib/python3.12/site-packages/airflow/example_dags/example_bash_decorator.py
[2025-04-19T08:38:33.105+0000] {logging_mixin.py:190} INFO - [2025-04-19T08:38:33.105+0000] {dag.py:3239} INFO - Sync 1 DAGs
[2025-04-19T08:38:33.116+0000] {logging_mixin.py:190} INFO - [2025-04-19T08:38:33.116+0000] {dag.py:4180} INFO - Setting next_dagrun for example_bash_decorator to None, run_after=None
[2025-04-19T08:38:33.128+0000] {processor.py:208} INFO - Processing /home/airflow/.local/lib/python3.12/site-packages/airflow/example_dags/example_bash_decorator.py took 0.059 seconds
[2025-04-19T08:39:03.445+0000] {processor.py:186} INFO - Started process (PID=280) to work on /home/airflow/.local/lib/python3.12/site-packages/airflow/example_dags/example_bash_decorator.py
[2025-04-19T08:39:03.449+0000] {processor.py:914} INFO - Processing file /home/airflow/.local/lib/python3.12/site-packages/airflow/example_dags/example_bash_decorator.py for tasks to queue
[2025-04-19T08:39:03.454+0000] {logging_mixin.py:190} INFO - [2025-04-19T08:39:03.453+0000] {dagbag.py:588} INFO - Filling up the DagBag from /home/airflow/.local/lib/python3.12/site-packages/airflow/example_dags/example_bash_decorator.py
[2025-04-19T08:39:03.497+0000] {processor.py:925} INFO - DAG(s) 'example_bash_decorator' retrieved from /home/airflow/.local/lib/python3.12/site-packages/airflow/example_dags/example_bash_decorator.py
[2025-04-19T08:39:03.585+0000] {logging_mixin.py:190} INFO - [2025-04-19T08:39:03.585+0000] {dag.py:3239} INFO - Sync 1 DAGs
[2025-04-19T08:39:03.637+0000] {logging_mixin.py:190} INFO - [2025-04-19T08:39:03.637+0000] {dag.py:4180} INFO - Setting next_dagrun for example_bash_decorator to None, run_after=None
[2025-04-19T08:39:03.689+0000] {processor.py:208} INFO - Processing /home/airflow/.local/lib/python3.12/site-packages/airflow/example_dags/example_bash_decorator.py took 0.260 seconds
[2025-04-19T08:39:34.558+0000] {processor.py:186} INFO - Started process (PID=343) to work on /home/airflow/.local/lib/python3.12/site-packages/airflow/example_dags/example_bash_decorator.py
[2025-04-19T08:39:34.558+0000] {processor.py:914} INFO - Processing file /home/airflow/.local/lib/python3.12/site-packages/airflow/example_dags/example_bash_decorator.py for tasks to queue
[2025-04-19T08:39:34.561+0000] {logging_mixin.py:190} INFO - [2025-04-19T08:39:34.560+0000] {dagbag.py:588} INFO - Filling up the DagBag from /home/airflow/.local/lib/python3.12/site-packages/airflow/example_dags/example_bash_decorator.py
[2025-04-19T08:39:34.578+0000] {processor.py:925} INFO - DAG(s) 'example_bash_decorator' retrieved from /home/airflow/.local/lib/python3.12/site-packages/airflow/example_dags/example_bash_decorator.py
[2025-04-19T08:39:34.596+0000] {logging_mixin.py:190} INFO - [2025-04-19T08:39:34.596+0000] {dag.py:3239} INFO - Sync 1 DAGs
[2025-04-19T08:39:34.607+0000] {logging_mixin.py:190} INFO - [2025-04-19T08:39:34.607+0000] {dag.py:4180} INFO - Setting next_dagrun for example_bash_decorator to None, run_after=None
[2025-04-19T08:39:34.621+0000] {processor.py:208} INFO - Processing /home/airflow/.local/lib/python3.12/site-packages/airflow/example_dags/example_bash_decorator.py took 0.068 seconds
[2025-04-19T08:40:04.674+0000] {processor.py:186} INFO - Started process (PID=405) to work on /home/airflow/.local/lib/python3.12/site-packages/airflow/example_dags/example_bash_decorator.py
[2025-04-19T08:40:04.675+0000] {processor.py:914} INFO - Processing file /home/airflow/.local/lib/python3.12/site-packages/airflow/example_dags/example_bash_decorator.py for tasks to queue
[2025-04-19T08:40:04.677+0000] {logging_mixin.py:190} INFO - [2025-04-19T08:40:04.677+0000] {dagbag.py:588} INFO - Filling up the DagBag from /home/airflow/.local/lib/python3.12/site-packages/airflow/example_dags/example_bash_decorator.py
[2025-04-19T08:40:04.688+0000] {processor.py:925} INFO - DAG(s) 'example_bash_decorator' retrieved from /home/airflow/.local/lib/python3.12/site-packages/airflow/example_dags/example_bash_decorator.py
[2025-04-19T08:40:04.705+0000] {logging_mixin.py:190} INFO - [2025-04-19T08:40:04.705+0000] {dag.py:3239} INFO - Sync 1 DAGs
[2025-04-19T08:40:04.716+0000] {logging_mixin.py:190} INFO - [2025-04-19T08:40:04.716+0000] {dag.py:4180} INFO - Setting next_dagrun for example_bash_decorator to None, run_after=None
[2025-04-19T08:40:04.729+0000] {processor.py:208} INFO - Processing /home/airflow/.local/lib/python3.12/site-packages/airflow/example_dags/example_bash_decorator.py took 0.059 seconds
[2025-04-19T08:40:34.930+0000] {processor.py:186} INFO - Started process (PID=468) to work on /home/airflow/.local/lib/python3.12/site-packages/airflow/example_dags/example_bash_decorator.py
[2025-04-19T08:40:34.930+0000] {processor.py:914} INFO - Processing file /home/airflow/.local/lib/python3.12/site-packages/airflow/example_dags/example_bash_decorator.py for tasks to queue
[2025-04-19T08:40:34.932+0000] {logging_mixin.py:190} INFO - [2025-04-19T08:40:34.932+0000] {dagbag.py:588} INFO - Filling up the DagBag from /home/airflow/.local/lib/python3.12/site-packages/airflow/example_dags/example_bash_decorator.py
[2025-04-19T08:40:34.943+0000] {processor.py:925} INFO - DAG(s) 'example_bash_decorator' retrieved from /home/airflow/.local/lib/python3.12/site-packages/airflow/example_dags/example_bash_decorator.py
[2025-04-19T08:40:34.963+0000] {logging_mixin.py:190} INFO - [2025-04-19T08:40:34.963+0000] {dag.py:3239} INFO - Sync 1 DAGs
[2025-04-19T08:40:34.977+0000] {logging_mixin.py:190} INFO - [2025-04-19T08:40:34.977+0000] {dag.py:4180} INFO - Setting next_dagrun for example_bash_decorator to None, run_after=None
[2025-04-19T08:40:34.997+0000] {processor.py:208} INFO - Processing /home/airflow/.local/lib/python3.12/site-packages/airflow/example_dags/example_bash_decorator.py took 0.072 seconds
[2025-04-19T08:41:05.541+0000] {processor.py:186} INFO - Started process (PID=531) to work on /home/airflow/.local/lib/python3.12/site-packages/airflow/example_dags/example_bash_decorator.py
[2025-04-19T08:41:05.541+0000] {processor.py:914} INFO - Processing file /home/airflow/.local/lib/python3.12/site-packages/airflow/example_dags/example_bash_decorator.py for tasks to queue
[2025-04-19T08:41:05.543+0000] {logging_mixin.py:190} INFO - [2025-04-19T08:41:05.543+0000] {dagbag.py:588} INFO - Filling up the DagBag from /home/airflow/.local/lib/python3.12/site-packages/airflow/example_dags/example_bash_decorator.py
[2025-04-19T08:41:05.554+0000] {processor.py:925} INFO - DAG(s) 'example_bash_decorator' retrieved from /home/airflow/.local/lib/python3.12/site-packages/airflow/example_dags/example_bash_decorator.py
[2025-04-19T08:41:05.572+0000] {logging_mixin.py:190} INFO - [2025-04-19T08:41:05.572+0000] {dag.py:3239} INFO - Sync 1 DAGs
[2025-04-19T08:41:05.583+0000] {logging_mixin.py:190} INFO - [2025-04-19T08:41:05.583+0000] {dag.py:4180} INFO - Setting next_dagrun for example_bash_decorator to None, run_after=None
[2025-04-19T08:41:05.595+0000] {processor.py:208} INFO - Processing /home/airflow/.local/lib/python3.12/site-packages/airflow/example_dags/example_bash_decorator.py took 0.060 seconds
