[2025-04-19T08:37:40.411+0000] {processor.py:186} INFO - Started process (PID=106) to work on /home/airflow/.local/lib/python3.12/site-packages/airflow/example_dags/example_trigger_target_dag.py
[2025-04-19T08:37:40.416+0000] {processor.py:914} INFO - Processing file /home/airflow/.local/lib/python3.12/site-packages/airflow/example_dags/example_trigger_target_dag.py for tasks to queue
[2025-04-19T08:37:40.422+0000] {logging_mixin.py:190} INFO - [2025-04-19T08:37:40.422+0000] {dagbag.py:588} INFO - Filling up the DagBag from /home/airflow/.local/lib/python3.12/site-packages/airflow/example_dags/example_trigger_target_dag.py
[2025-04-19T08:37:40.466+0000] {processor.py:925} INFO - DAG(s) 'example_trigger_target_dag' retrieved from /home/airflow/.local/lib/python3.12/site-packages/airflow/example_dags/example_trigger_target_dag.py
[2025-04-19T08:37:40.762+0000] {logging_mixin.py:190} INFO - [2025-04-19T08:37:40.762+0000] {override.py:1911} INFO - Created Permission View: can delete on DAG:example_trigger_target_dag
[2025-04-19T08:37:40.811+0000] {logging_mixin.py:190} INFO - [2025-04-19T08:37:40.811+0000] {override.py:1911} INFO - Created Permission View: can edit on DAG:example_trigger_target_dag
[2025-04-19T08:37:40.921+0000] {logging_mixin.py:190} INFO - [2025-04-19T08:37:40.918+0000] {override.py:1911} INFO - Created Permission View: can read on DAG:example_trigger_target_dag
[2025-04-19T08:37:40.962+0000] {logging_mixin.py:190} INFO - [2025-04-19T08:37:40.962+0000] {override.py:1911} INFO - Created Permission View: can delete on DAG Run:example_trigger_target_dag
[2025-04-19T08:37:41.030+0000] {logging_mixin.py:190} INFO - [2025-04-19T08:37:41.030+0000] {override.py:1911} INFO - Created Permission View: can read on DAG Run:example_trigger_target_dag
[2025-04-19T08:37:41.059+0000] {logging_mixin.py:190} INFO - [2025-04-19T08:37:41.059+0000] {override.py:1911} INFO - Created Permission View: can create on DAG Run:example_trigger_target_dag
[2025-04-19T08:37:41.083+0000] {logging_mixin.py:190} INFO - [2025-04-19T08:37:41.083+0000] {override.py:1911} INFO - Created Permission View: menu access on DAG Run:example_trigger_target_dag
[2025-04-19T08:37:41.086+0000] {logging_mixin.py:190} INFO - [2025-04-19T08:37:41.085+0000] {dag.py:3239} INFO - Sync 1 DAGs
[2025-04-19T08:37:41.146+0000] {logging_mixin.py:190} INFO - [2025-04-19T08:37:41.146+0000] {dag.py:3262} INFO - Creating ORM DAG for example_trigger_target_dag
[2025-04-19T08:37:41.149+0000] {logging_mixin.py:190} INFO - [2025-04-19T08:37:41.149+0000] {dag.py:4180} INFO - Setting next_dagrun for example_trigger_target_dag to None, run_after=None
[2025-04-19T08:37:41.188+0000] {processor.py:208} INFO - Processing /home/airflow/.local/lib/python3.12/site-packages/airflow/example_dags/example_trigger_target_dag.py took 0.796 seconds
[2025-04-19T08:38:11.377+0000] {processor.py:186} INFO - Started process (PID=169) to work on /home/airflow/.local/lib/python3.12/site-packages/airflow/example_dags/example_trigger_target_dag.py
[2025-04-19T08:38:11.378+0000] {processor.py:914} INFO - Processing file /home/airflow/.local/lib/python3.12/site-packages/airflow/example_dags/example_trigger_target_dag.py for tasks to queue
[2025-04-19T08:38:11.379+0000] {logging_mixin.py:190} INFO - [2025-04-19T08:38:11.379+0000] {dagbag.py:588} INFO - Filling up the DagBag from /home/airflow/.local/lib/python3.12/site-packages/airflow/example_dags/example_trigger_target_dag.py
[2025-04-19T08:38:11.386+0000] {processor.py:925} INFO - DAG(s) 'example_trigger_target_dag' retrieved from /home/airflow/.local/lib/python3.12/site-packages/airflow/example_dags/example_trigger_target_dag.py
[2025-04-19T08:38:11.400+0000] {logging_mixin.py:190} INFO - [2025-04-19T08:38:11.400+0000] {dag.py:3239} INFO - Sync 1 DAGs
[2025-04-19T08:38:11.411+0000] {logging_mixin.py:190} INFO - [2025-04-19T08:38:11.411+0000] {dag.py:4180} INFO - Setting next_dagrun for example_trigger_target_dag to None, run_after=None
[2025-04-19T08:38:11.423+0000] {processor.py:208} INFO - Processing /home/airflow/.local/lib/python3.12/site-packages/airflow/example_dags/example_trigger_target_dag.py took 0.051 seconds
[2025-04-19T08:38:41.545+0000] {processor.py:186} INFO - Started process (PID=231) to work on /home/airflow/.local/lib/python3.12/site-packages/airflow/example_dags/example_trigger_target_dag.py
[2025-04-19T08:38:41.545+0000] {processor.py:914} INFO - Processing file /home/airflow/.local/lib/python3.12/site-packages/airflow/example_dags/example_trigger_target_dag.py for tasks to queue
[2025-04-19T08:38:41.547+0000] {logging_mixin.py:190} INFO - [2025-04-19T08:38:41.547+0000] {dagbag.py:588} INFO - Filling up the DagBag from /home/airflow/.local/lib/python3.12/site-packages/airflow/example_dags/example_trigger_target_dag.py
[2025-04-19T08:38:41.555+0000] {processor.py:925} INFO - DAG(s) 'example_trigger_target_dag' retrieved from /home/airflow/.local/lib/python3.12/site-packages/airflow/example_dags/example_trigger_target_dag.py
[2025-04-19T08:38:41.576+0000] {logging_mixin.py:190} INFO - [2025-04-19T08:38:41.575+0000] {dag.py:3239} INFO - Sync 1 DAGs
[2025-04-19T08:38:41.592+0000] {logging_mixin.py:190} INFO - [2025-04-19T08:38:41.592+0000] {dag.py:4180} INFO - Setting next_dagrun for example_trigger_target_dag to None, run_after=None
[2025-04-19T08:38:41.619+0000] {processor.py:208} INFO - Processing /home/airflow/.local/lib/python3.12/site-packages/airflow/example_dags/example_trigger_target_dag.py took 0.080 seconds
[2025-04-19T08:39:12.461+0000] {processor.py:186} INFO - Started process (PID=293) to work on /home/airflow/.local/lib/python3.12/site-packages/airflow/example_dags/example_trigger_target_dag.py
[2025-04-19T08:39:12.462+0000] {processor.py:914} INFO - Processing file /home/airflow/.local/lib/python3.12/site-packages/airflow/example_dags/example_trigger_target_dag.py for tasks to queue
[2025-04-19T08:39:12.464+0000] {logging_mixin.py:190} INFO - [2025-04-19T08:39:12.463+0000] {dagbag.py:588} INFO - Filling up the DagBag from /home/airflow/.local/lib/python3.12/site-packages/airflow/example_dags/example_trigger_target_dag.py
[2025-04-19T08:39:12.471+0000] {processor.py:925} INFO - DAG(s) 'example_trigger_target_dag' retrieved from /home/airflow/.local/lib/python3.12/site-packages/airflow/example_dags/example_trigger_target_dag.py
[2025-04-19T08:39:12.492+0000] {logging_mixin.py:190} INFO - [2025-04-19T08:39:12.491+0000] {dag.py:3239} INFO - Sync 1 DAGs
[2025-04-19T08:39:12.509+0000] {logging_mixin.py:190} INFO - [2025-04-19T08:39:12.509+0000] {dag.py:4180} INFO - Setting next_dagrun for example_trigger_target_dag to None, run_after=None
[2025-04-19T08:39:12.527+0000] {processor.py:208} INFO - Processing /home/airflow/.local/lib/python3.12/site-packages/airflow/example_dags/example_trigger_target_dag.py took 0.075 seconds
[2025-04-19T08:39:43.190+0000] {processor.py:186} INFO - Started process (PID=355) to work on /home/airflow/.local/lib/python3.12/site-packages/airflow/example_dags/example_trigger_target_dag.py
[2025-04-19T08:39:43.190+0000] {processor.py:914} INFO - Processing file /home/airflow/.local/lib/python3.12/site-packages/airflow/example_dags/example_trigger_target_dag.py for tasks to queue
[2025-04-19T08:39:43.195+0000] {logging_mixin.py:190} INFO - [2025-04-19T08:39:43.195+0000] {dagbag.py:588} INFO - Filling up the DagBag from /home/airflow/.local/lib/python3.12/site-packages/airflow/example_dags/example_trigger_target_dag.py
[2025-04-19T08:39:43.203+0000] {processor.py:925} INFO - DAG(s) 'example_trigger_target_dag' retrieved from /home/airflow/.local/lib/python3.12/site-packages/airflow/example_dags/example_trigger_target_dag.py
[2025-04-19T08:39:43.224+0000] {logging_mixin.py:190} INFO - [2025-04-19T08:39:43.224+0000] {dag.py:3239} INFO - Sync 1 DAGs
[2025-04-19T08:39:43.241+0000] {logging_mixin.py:190} INFO - [2025-04-19T08:39:43.240+0000] {dag.py:4180} INFO - Setting next_dagrun for example_trigger_target_dag to None, run_after=None
[2025-04-19T08:39:43.258+0000] {processor.py:208} INFO - Processing /home/airflow/.local/lib/python3.12/site-packages/airflow/example_dags/example_trigger_target_dag.py took 0.077 seconds
[2025-04-19T08:40:13.855+0000] {processor.py:186} INFO - Started process (PID=417) to work on /home/airflow/.local/lib/python3.12/site-packages/airflow/example_dags/example_trigger_target_dag.py
[2025-04-19T08:40:13.859+0000] {processor.py:914} INFO - Processing file /home/airflow/.local/lib/python3.12/site-packages/airflow/example_dags/example_trigger_target_dag.py for tasks to queue
[2025-04-19T08:40:13.873+0000] {logging_mixin.py:190} INFO - [2025-04-19T08:40:13.861+0000] {dagbag.py:588} INFO - Filling up the DagBag from /home/airflow/.local/lib/python3.12/site-packages/airflow/example_dags/example_trigger_target_dag.py
[2025-04-19T08:40:13.913+0000] {processor.py:925} INFO - DAG(s) 'example_trigger_target_dag' retrieved from /home/airflow/.local/lib/python3.12/site-packages/airflow/example_dags/example_trigger_target_dag.py
[2025-04-19T08:40:13.981+0000] {logging_mixin.py:190} INFO - [2025-04-19T08:40:13.979+0000] {dag.py:3239} INFO - Sync 1 DAGs
[2025-04-19T08:40:14.033+0000] {logging_mixin.py:190} INFO - [2025-04-19T08:40:14.032+0000] {dag.py:4180} INFO - Setting next_dagrun for example_trigger_target_dag to None, run_after=None
[2025-04-19T08:40:14.114+0000] {processor.py:208} INFO - Processing /home/airflow/.local/lib/python3.12/site-packages/airflow/example_dags/example_trigger_target_dag.py took 0.277 seconds
[2025-04-19T08:40:44.688+0000] {processor.py:186} INFO - Started process (PID=480) to work on /home/airflow/.local/lib/python3.12/site-packages/airflow/example_dags/example_trigger_target_dag.py
[2025-04-19T08:40:44.688+0000] {processor.py:914} INFO - Processing file /home/airflow/.local/lib/python3.12/site-packages/airflow/example_dags/example_trigger_target_dag.py for tasks to queue
[2025-04-19T08:40:44.690+0000] {logging_mixin.py:190} INFO - [2025-04-19T08:40:44.690+0000] {dagbag.py:588} INFO - Filling up the DagBag from /home/airflow/.local/lib/python3.12/site-packages/airflow/example_dags/example_trigger_target_dag.py
[2025-04-19T08:40:44.698+0000] {processor.py:925} INFO - DAG(s) 'example_trigger_target_dag' retrieved from /home/airflow/.local/lib/python3.12/site-packages/airflow/example_dags/example_trigger_target_dag.py
[2025-04-19T08:40:44.719+0000] {logging_mixin.py:190} INFO - [2025-04-19T08:40:44.719+0000] {dag.py:3239} INFO - Sync 1 DAGs
[2025-04-19T08:40:44.735+0000] {logging_mixin.py:190} INFO - [2025-04-19T08:40:44.735+0000] {dag.py:4180} INFO - Setting next_dagrun for example_trigger_target_dag to None, run_after=None
[2025-04-19T08:40:44.773+0000] {processor.py:208} INFO - Processing /home/airflow/.local/lib/python3.12/site-packages/airflow/example_dags/example_trigger_target_dag.py took 0.091 seconds
