[2025-04-19T08:37:48.780+0000] {processor.py:186} INFO - Started process (PID=129) to work on /home/airflow/.local/lib/python3.12/site-packages/airflow/example_dags/example_inlet_event_extra.py
[2025-04-19T08:37:48.781+0000] {processor.py:914} INFO - Processing file /home/airflow/.local/lib/python3.12/site-packages/airflow/example_dags/example_inlet_event_extra.py for tasks to queue
[2025-04-19T08:37:48.783+0000] {logging_mixin.py:190} INFO - [2025-04-19T08:37:48.782+0000] {dagbag.py:588} INFO - Filling up the DagBag from /home/airflow/.local/lib/python3.12/site-packages/airflow/example_dags/example_inlet_event_extra.py
[2025-04-19T08:37:50.575+0000] {processor.py:925} INFO - DAG(s) 'read_dataset_event', 'read_dataset_event_from_classic' retrieved from /home/airflow/.local/lib/python3.12/site-packages/airflow/example_dags/example_inlet_event_extra.py
[2025-04-19T08:37:50.740+0000] {logging_mixin.py:190} INFO - [2025-04-19T08:37:50.740+0000] {override.py:1911} INFO - Created Permission View: can delete on DAG:read_dataset_event
[2025-04-19T08:37:50.750+0000] {logging_mixin.py:190} INFO - [2025-04-19T08:37:50.750+0000] {override.py:1911} INFO - Created Permission View: can edit on DAG:read_dataset_event
[2025-04-19T08:37:50.756+0000] {logging_mixin.py:190} INFO - [2025-04-19T08:37:50.756+0000] {override.py:1911} INFO - Created Permission View: can read on DAG:read_dataset_event
[2025-04-19T08:37:50.762+0000] {logging_mixin.py:190} INFO - [2025-04-19T08:37:50.762+0000] {override.py:1911} INFO - Created Permission View: can delete on DAG Run:read_dataset_event
[2025-04-19T08:37:50.770+0000] {logging_mixin.py:190} INFO - [2025-04-19T08:37:50.770+0000] {override.py:1911} INFO - Created Permission View: can read on DAG Run:read_dataset_event
[2025-04-19T08:37:50.786+0000] {logging_mixin.py:190} INFO - [2025-04-19T08:37:50.785+0000] {override.py:1911} INFO - Created Permission View: can create on DAG Run:read_dataset_event
[2025-04-19T08:37:50.810+0000] {logging_mixin.py:190} INFO - [2025-04-19T08:37:50.810+0000] {override.py:1911} INFO - Created Permission View: menu access on DAG Run:read_dataset_event
[2025-04-19T08:37:50.849+0000] {logging_mixin.py:190} INFO - [2025-04-19T08:37:50.848+0000] {override.py:1911} INFO - Created Permission View: can delete on DAG:read_dataset_event_from_classic
[2025-04-19T08:37:50.856+0000] {logging_mixin.py:190} INFO - [2025-04-19T08:37:50.856+0000] {override.py:1911} INFO - Created Permission View: can edit on DAG:read_dataset_event_from_classic
[2025-04-19T08:37:50.866+0000] {logging_mixin.py:190} INFO - [2025-04-19T08:37:50.866+0000] {override.py:1911} INFO - Created Permission View: can read on DAG:read_dataset_event_from_classic
[2025-04-19T08:37:50.883+0000] {logging_mixin.py:190} INFO - [2025-04-19T08:37:50.883+0000] {override.py:1911} INFO - Created Permission View: can delete on DAG Run:read_dataset_event_from_classic
[2025-04-19T08:37:50.895+0000] {logging_mixin.py:190} INFO - [2025-04-19T08:37:50.895+0000] {override.py:1911} INFO - Created Permission View: can read on DAG Run:read_dataset_event_from_classic
[2025-04-19T08:37:50.912+0000] {logging_mixin.py:190} INFO - [2025-04-19T08:37:50.911+0000] {override.py:1911} INFO - Created Permission View: can create on DAG Run:read_dataset_event_from_classic
[2025-04-19T08:37:50.922+0000] {logging_mixin.py:190} INFO - [2025-04-19T08:37:50.922+0000] {override.py:1911} INFO - Created Permission View: menu access on DAG Run:read_dataset_event_from_classic
[2025-04-19T08:37:50.924+0000] {logging_mixin.py:190} INFO - [2025-04-19T08:37:50.924+0000] {dag.py:3239} INFO - Sync 2 DAGs
[2025-04-19T08:37:50.959+0000] {logging_mixin.py:190} INFO - [2025-04-19T08:37:50.958+0000] {dag.py:3262} INFO - Creating ORM DAG for read_dataset_event_from_classic
[2025-04-19T08:37:50.960+0000] {logging_mixin.py:190} INFO - [2025-04-19T08:37:50.960+0000] {dag.py:3262} INFO - Creating ORM DAG for read_dataset_event
[2025-04-19T08:37:50.973+0000] {logging_mixin.py:190} INFO - [2025-04-19T08:37:50.973+0000] {dag.py:4180} INFO - Setting next_dagrun for read_dataset_event to 2025-04-18 00:00:00+00:00, run_after=2025-04-19 00:00:00+00:00
[2025-04-19T08:37:50.976+0000] {logging_mixin.py:190} INFO - [2025-04-19T08:37:50.976+0000] {dag.py:4180} INFO - Setting next_dagrun for read_dataset_event_from_classic to 2025-04-18 00:00:00+00:00, run_after=2025-04-19 00:00:00+00:00
[2025-04-19T08:37:50.993+0000] {processor.py:208} INFO - Processing /home/airflow/.local/lib/python3.12/site-packages/airflow/example_dags/example_inlet_event_extra.py took 2.229 seconds
[2025-04-19T08:38:21.336+0000] {processor.py:186} INFO - Started process (PID=191) to work on /home/airflow/.local/lib/python3.12/site-packages/airflow/example_dags/example_inlet_event_extra.py
[2025-04-19T08:38:21.337+0000] {processor.py:914} INFO - Processing file /home/airflow/.local/lib/python3.12/site-packages/airflow/example_dags/example_inlet_event_extra.py for tasks to queue
[2025-04-19T08:38:21.345+0000] {logging_mixin.py:190} INFO - [2025-04-19T08:38:21.344+0000] {dagbag.py:588} INFO - Filling up the DagBag from /home/airflow/.local/lib/python3.12/site-packages/airflow/example_dags/example_inlet_event_extra.py
[2025-04-19T08:38:22.559+0000] {processor.py:925} INFO - DAG(s) 'read_dataset_event_from_classic', 'read_dataset_event' retrieved from /home/airflow/.local/lib/python3.12/site-packages/airflow/example_dags/example_inlet_event_extra.py
[2025-04-19T08:38:22.581+0000] {logging_mixin.py:190} INFO - [2025-04-19T08:38:22.581+0000] {dag.py:3239} INFO - Sync 2 DAGs
[2025-04-19T08:38:22.612+0000] {logging_mixin.py:190} INFO - [2025-04-19T08:38:22.611+0000] {dag.py:4180} INFO - Setting next_dagrun for read_dataset_event to 2025-04-18 00:00:00+00:00, run_after=2025-04-19 00:00:00+00:00
[2025-04-19T08:38:22.618+0000] {logging_mixin.py:190} INFO - [2025-04-19T08:38:22.618+0000] {dag.py:4180} INFO - Setting next_dagrun for read_dataset_event_from_classic to 2025-04-18 00:00:00+00:00, run_after=2025-04-19 00:00:00+00:00
[2025-04-19T08:38:22.633+0000] {processor.py:208} INFO - Processing /home/airflow/.local/lib/python3.12/site-packages/airflow/example_dags/example_inlet_event_extra.py took 1.304 seconds
[2025-04-19T08:38:53.784+0000] {processor.py:186} INFO - Started process (PID=264) to work on /home/airflow/.local/lib/python3.12/site-packages/airflow/example_dags/example_inlet_event_extra.py
[2025-04-19T08:38:53.785+0000] {processor.py:914} INFO - Processing file /home/airflow/.local/lib/python3.12/site-packages/airflow/example_dags/example_inlet_event_extra.py for tasks to queue
[2025-04-19T08:38:53.787+0000] {logging_mixin.py:190} INFO - [2025-04-19T08:38:53.787+0000] {dagbag.py:588} INFO - Filling up the DagBag from /home/airflow/.local/lib/python3.12/site-packages/airflow/example_dags/example_inlet_event_extra.py
[2025-04-19T08:38:54.402+0000] {processor.py:925} INFO - DAG(s) 'read_dataset_event', 'read_dataset_event_from_classic' retrieved from /home/airflow/.local/lib/python3.12/site-packages/airflow/example_dags/example_inlet_event_extra.py
[2025-04-19T08:38:54.418+0000] {logging_mixin.py:190} INFO - [2025-04-19T08:38:54.418+0000] {dag.py:3239} INFO - Sync 2 DAGs
[2025-04-19T08:38:54.437+0000] {logging_mixin.py:190} INFO - [2025-04-19T08:38:54.437+0000] {dag.py:4180} INFO - Setting next_dagrun for read_dataset_event to 2025-04-18 00:00:00+00:00, run_after=2025-04-19 00:00:00+00:00
[2025-04-19T08:38:54.441+0000] {logging_mixin.py:190} INFO - [2025-04-19T08:38:54.441+0000] {dag.py:4180} INFO - Setting next_dagrun for read_dataset_event_from_classic to 2025-04-18 00:00:00+00:00, run_after=2025-04-19 00:00:00+00:00
[2025-04-19T08:38:54.453+0000] {processor.py:208} INFO - Processing /home/airflow/.local/lib/python3.12/site-packages/airflow/example_dags/example_inlet_event_extra.py took 0.674 seconds
[2025-04-19T08:39:25.130+0000] {processor.py:186} INFO - Started process (PID=328) to work on /home/airflow/.local/lib/python3.12/site-packages/airflow/example_dags/example_inlet_event_extra.py
[2025-04-19T08:39:25.130+0000] {processor.py:914} INFO - Processing file /home/airflow/.local/lib/python3.12/site-packages/airflow/example_dags/example_inlet_event_extra.py for tasks to queue
[2025-04-19T08:39:25.132+0000] {logging_mixin.py:190} INFO - [2025-04-19T08:39:25.132+0000] {dagbag.py:588} INFO - Filling up the DagBag from /home/airflow/.local/lib/python3.12/site-packages/airflow/example_dags/example_inlet_event_extra.py
[2025-04-19T08:39:25.672+0000] {processor.py:925} INFO - DAG(s) 'read_dataset_event', 'read_dataset_event_from_classic' retrieved from /home/airflow/.local/lib/python3.12/site-packages/airflow/example_dags/example_inlet_event_extra.py
[2025-04-19T08:39:25.688+0000] {logging_mixin.py:190} INFO - [2025-04-19T08:39:25.688+0000] {dag.py:3239} INFO - Sync 2 DAGs
[2025-04-19T08:39:25.707+0000] {logging_mixin.py:190} INFO - [2025-04-19T08:39:25.707+0000] {dag.py:4180} INFO - Setting next_dagrun for read_dataset_event to 2025-04-18 00:00:00+00:00, run_after=2025-04-19 00:00:00+00:00
[2025-04-19T08:39:25.711+0000] {logging_mixin.py:190} INFO - [2025-04-19T08:39:25.711+0000] {dag.py:4180} INFO - Setting next_dagrun for read_dataset_event_from_classic to 2025-04-18 00:00:00+00:00, run_after=2025-04-19 00:00:00+00:00
[2025-04-19T08:39:25.722+0000] {processor.py:208} INFO - Processing /home/airflow/.local/lib/python3.12/site-packages/airflow/example_dags/example_inlet_event_extra.py took 0.597 seconds
[2025-04-19T08:39:56.325+0000] {processor.py:186} INFO - Started process (PID=393) to work on /home/airflow/.local/lib/python3.12/site-packages/airflow/example_dags/example_inlet_event_extra.py
[2025-04-19T08:39:56.326+0000] {processor.py:914} INFO - Processing file /home/airflow/.local/lib/python3.12/site-packages/airflow/example_dags/example_inlet_event_extra.py for tasks to queue
[2025-04-19T08:39:56.328+0000] {logging_mixin.py:190} INFO - [2025-04-19T08:39:56.327+0000] {dagbag.py:588} INFO - Filling up the DagBag from /home/airflow/.local/lib/python3.12/site-packages/airflow/example_dags/example_inlet_event_extra.py
[2025-04-19T08:39:56.856+0000] {processor.py:925} INFO - DAG(s) 'read_dataset_event_from_classic', 'read_dataset_event' retrieved from /home/airflow/.local/lib/python3.12/site-packages/airflow/example_dags/example_inlet_event_extra.py
[2025-04-19T08:39:56.877+0000] {logging_mixin.py:190} INFO - [2025-04-19T08:39:56.877+0000] {dag.py:3239} INFO - Sync 2 DAGs
[2025-04-19T08:39:56.907+0000] {logging_mixin.py:190} INFO - [2025-04-19T08:39:56.907+0000] {dag.py:4180} INFO - Setting next_dagrun for read_dataset_event to 2025-04-18 00:00:00+00:00, run_after=2025-04-19 00:00:00+00:00
[2025-04-19T08:39:56.914+0000] {logging_mixin.py:190} INFO - [2025-04-19T08:39:56.913+0000] {dag.py:4180} INFO - Setting next_dagrun for read_dataset_event_from_classic to 2025-04-18 00:00:00+00:00, run_after=2025-04-19 00:00:00+00:00
[2025-04-19T08:39:56.931+0000] {processor.py:208} INFO - Processing /home/airflow/.local/lib/python3.12/site-packages/airflow/example_dags/example_inlet_event_extra.py took 0.611 seconds
[2025-04-19T08:40:27.951+0000] {processor.py:186} INFO - Started process (PID=458) to work on /home/airflow/.local/lib/python3.12/site-packages/airflow/example_dags/example_inlet_event_extra.py
[2025-04-19T08:40:27.952+0000] {processor.py:914} INFO - Processing file /home/airflow/.local/lib/python3.12/site-packages/airflow/example_dags/example_inlet_event_extra.py for tasks to queue
[2025-04-19T08:40:27.954+0000] {logging_mixin.py:190} INFO - [2025-04-19T08:40:27.954+0000] {dagbag.py:588} INFO - Filling up the DagBag from /home/airflow/.local/lib/python3.12/site-packages/airflow/example_dags/example_inlet_event_extra.py
[2025-04-19T08:40:28.483+0000] {processor.py:925} INFO - DAG(s) 'read_dataset_event_from_classic', 'read_dataset_event' retrieved from /home/airflow/.local/lib/python3.12/site-packages/airflow/example_dags/example_inlet_event_extra.py
[2025-04-19T08:40:28.500+0000] {logging_mixin.py:190} INFO - [2025-04-19T08:40:28.499+0000] {dag.py:3239} INFO - Sync 2 DAGs
[2025-04-19T08:40:28.519+0000] {logging_mixin.py:190} INFO - [2025-04-19T08:40:28.518+0000] {dag.py:4180} INFO - Setting next_dagrun for read_dataset_event to 2025-04-18 00:00:00+00:00, run_after=2025-04-19 00:00:00+00:00
[2025-04-19T08:40:28.523+0000] {logging_mixin.py:190} INFO - [2025-04-19T08:40:28.522+0000] {dag.py:4180} INFO - Setting next_dagrun for read_dataset_event_from_classic to 2025-04-18 00:00:00+00:00, run_after=2025-04-19 00:00:00+00:00
[2025-04-19T08:40:28.534+0000] {processor.py:208} INFO - Processing /home/airflow/.local/lib/python3.12/site-packages/airflow/example_dags/example_inlet_event_extra.py took 0.587 seconds
[2025-04-19T08:40:59.483+0000] {processor.py:186} INFO - Started process (PID=523) to work on /home/airflow/.local/lib/python3.12/site-packages/airflow/example_dags/example_inlet_event_extra.py
[2025-04-19T08:40:59.484+0000] {processor.py:914} INFO - Processing file /home/airflow/.local/lib/python3.12/site-packages/airflow/example_dags/example_inlet_event_extra.py for tasks to queue
[2025-04-19T08:40:59.485+0000] {logging_mixin.py:190} INFO - [2025-04-19T08:40:59.485+0000] {dagbag.py:588} INFO - Filling up the DagBag from /home/airflow/.local/lib/python3.12/site-packages/airflow/example_dags/example_inlet_event_extra.py
[2025-04-19T08:40:59.990+0000] {processor.py:925} INFO - DAG(s) 'read_dataset_event', 'read_dataset_event_from_classic' retrieved from /home/airflow/.local/lib/python3.12/site-packages/airflow/example_dags/example_inlet_event_extra.py
[2025-04-19T08:41:00.007+0000] {logging_mixin.py:190} INFO - [2025-04-19T08:41:00.007+0000] {dag.py:3239} INFO - Sync 2 DAGs
[2025-04-19T08:41:00.029+0000] {logging_mixin.py:190} INFO - [2025-04-19T08:41:00.029+0000] {dag.py:4180} INFO - Setting next_dagrun for read_dataset_event to 2025-04-18 00:00:00+00:00, run_after=2025-04-19 00:00:00+00:00
[2025-04-19T08:41:00.033+0000] {logging_mixin.py:190} INFO - [2025-04-19T08:41:00.033+0000] {dag.py:4180} INFO - Setting next_dagrun for read_dataset_event_from_classic to 2025-04-18 00:00:00+00:00, run_after=2025-04-19 00:00:00+00:00
[2025-04-19T08:41:00.046+0000] {processor.py:208} INFO - Processing /home/airflow/.local/lib/python3.12/site-packages/airflow/example_dags/example_inlet_event_extra.py took 0.568 seconds
