[2025-04-19T08:37:43.772+0000] {processor.py:186} INFO - Started process (PID=113) to work on /home/airflow/.local/lib/python3.12/site-packages/airflow/example_dags/example_task_group_decorator.py
[2025-04-19T08:37:43.775+0000] {processor.py:914} INFO - Processing file /home/airflow/.local/lib/python3.12/site-packages/airflow/example_dags/example_task_group_decorator.py for tasks to queue
[2025-04-19T08:37:43.778+0000] {logging_mixin.py:190} INFO - [2025-04-19T08:37:43.778+0000] {dagbag.py:588} INFO - Filling up the DagBag from /home/airflow/.local/lib/python3.12/site-packages/airflow/example_dags/example_task_group_decorator.py
[2025-04-19T08:37:43.825+0000] {processor.py:925} INFO - DAG(s) 'example_task_group_decorator' retrieved from /home/airflow/.local/lib/python3.12/site-packages/airflow/example_dags/example_task_group_decorator.py
[2025-04-19T08:37:44.134+0000] {logging_mixin.py:190} INFO - [2025-04-19T08:37:44.134+0000] {override.py:1911} INFO - Created Permission View: can delete on DAG:example_task_group_decorator
[2025-04-19T08:37:44.162+0000] {logging_mixin.py:190} INFO - [2025-04-19T08:37:44.162+0000] {override.py:1911} INFO - Created Permission View: can edit on DAG:example_task_group_decorator
[2025-04-19T08:37:44.176+0000] {logging_mixin.py:190} INFO - [2025-04-19T08:37:44.176+0000] {override.py:1911} INFO - Created Permission View: can read on DAG:example_task_group_decorator
[2025-04-19T08:37:44.193+0000] {logging_mixin.py:190} INFO - [2025-04-19T08:37:44.192+0000] {override.py:1911} INFO - Created Permission View: can delete on DAG Run:example_task_group_decorator
[2025-04-19T08:37:44.212+0000] {logging_mixin.py:190} INFO - [2025-04-19T08:37:44.210+0000] {override.py:1911} INFO - Created Permission View: can read on DAG Run:example_task_group_decorator
[2025-04-19T08:37:44.226+0000] {logging_mixin.py:190} INFO - [2025-04-19T08:37:44.226+0000] {override.py:1911} INFO - Created Permission View: can create on DAG Run:example_task_group_decorator
[2025-04-19T08:37:44.244+0000] {logging_mixin.py:190} INFO - [2025-04-19T08:37:44.243+0000] {override.py:1911} INFO - Created Permission View: menu access on DAG Run:example_task_group_decorator
[2025-04-19T08:37:44.245+0000] {logging_mixin.py:190} INFO - [2025-04-19T08:37:44.244+0000] {dag.py:3239} INFO - Sync 1 DAGs
[2025-04-19T08:37:44.274+0000] {logging_mixin.py:190} INFO - [2025-04-19T08:37:44.273+0000] {dag.py:3262} INFO - Creating ORM DAG for example_task_group_decorator
[2025-04-19T08:37:44.275+0000] {logging_mixin.py:190} INFO - [2025-04-19T08:37:44.275+0000] {dag.py:4180} INFO - Setting next_dagrun for example_task_group_decorator to None, run_after=None
[2025-04-19T08:37:44.384+0000] {processor.py:208} INFO - Processing /home/airflow/.local/lib/python3.12/site-packages/airflow/example_dags/example_task_group_decorator.py took 0.627 seconds
[2025-04-19T08:38:14.830+0000] {processor.py:186} INFO - Started process (PID=180) to work on /home/airflow/.local/lib/python3.12/site-packages/airflow/example_dags/example_task_group_decorator.py
[2025-04-19T08:38:14.831+0000] {processor.py:914} INFO - Processing file /home/airflow/.local/lib/python3.12/site-packages/airflow/example_dags/example_task_group_decorator.py for tasks to queue
[2025-04-19T08:38:14.834+0000] {logging_mixin.py:190} INFO - [2025-04-19T08:38:14.833+0000] {dagbag.py:588} INFO - Filling up the DagBag from /home/airflow/.local/lib/python3.12/site-packages/airflow/example_dags/example_task_group_decorator.py
[2025-04-19T08:38:14.881+0000] {processor.py:925} INFO - DAG(s) 'example_task_group_decorator' retrieved from /home/airflow/.local/lib/python3.12/site-packages/airflow/example_dags/example_task_group_decorator.py
[2025-04-19T08:38:14.917+0000] {logging_mixin.py:190} INFO - [2025-04-19T08:38:14.916+0000] {dag.py:3239} INFO - Sync 1 DAGs
[2025-04-19T08:38:14.949+0000] {logging_mixin.py:190} INFO - [2025-04-19T08:38:14.949+0000] {dag.py:4180} INFO - Setting next_dagrun for example_task_group_decorator to None, run_after=None
[2025-04-19T08:38:14.989+0000] {processor.py:208} INFO - Processing /home/airflow/.local/lib/python3.12/site-packages/airflow/example_dags/example_task_group_decorator.py took 0.164 seconds
[2025-04-19T08:38:45.810+0000] {processor.py:186} INFO - Started process (PID=242) to work on /home/airflow/.local/lib/python3.12/site-packages/airflow/example_dags/example_task_group_decorator.py
[2025-04-19T08:38:45.811+0000] {processor.py:914} INFO - Processing file /home/airflow/.local/lib/python3.12/site-packages/airflow/example_dags/example_task_group_decorator.py for tasks to queue
[2025-04-19T08:38:45.813+0000] {logging_mixin.py:190} INFO - [2025-04-19T08:38:45.813+0000] {dagbag.py:588} INFO - Filling up the DagBag from /home/airflow/.local/lib/python3.12/site-packages/airflow/example_dags/example_task_group_decorator.py
[2025-04-19T08:38:45.825+0000] {processor.py:925} INFO - DAG(s) 'example_task_group_decorator' retrieved from /home/airflow/.local/lib/python3.12/site-packages/airflow/example_dags/example_task_group_decorator.py
[2025-04-19T08:38:45.845+0000] {logging_mixin.py:190} INFO - [2025-04-19T08:38:45.844+0000] {dag.py:3239} INFO - Sync 1 DAGs
[2025-04-19T08:38:45.855+0000] {logging_mixin.py:190} INFO - [2025-04-19T08:38:45.855+0000] {dag.py:4180} INFO - Setting next_dagrun for example_task_group_decorator to None, run_after=None
[2025-04-19T08:38:45.868+0000] {processor.py:208} INFO - Processing /home/airflow/.local/lib/python3.12/site-packages/airflow/example_dags/example_task_group_decorator.py took 0.062 seconds
[2025-04-19T08:39:16.419+0000] {processor.py:186} INFO - Started process (PID=305) to work on /home/airflow/.local/lib/python3.12/site-packages/airflow/example_dags/example_task_group_decorator.py
[2025-04-19T08:39:16.420+0000] {processor.py:914} INFO - Processing file /home/airflow/.local/lib/python3.12/site-packages/airflow/example_dags/example_task_group_decorator.py for tasks to queue
[2025-04-19T08:39:16.422+0000] {logging_mixin.py:190} INFO - [2025-04-19T08:39:16.421+0000] {dagbag.py:588} INFO - Filling up the DagBag from /home/airflow/.local/lib/python3.12/site-packages/airflow/example_dags/example_task_group_decorator.py
[2025-04-19T08:39:16.434+0000] {processor.py:925} INFO - DAG(s) 'example_task_group_decorator' retrieved from /home/airflow/.local/lib/python3.12/site-packages/airflow/example_dags/example_task_group_decorator.py
[2025-04-19T08:39:16.453+0000] {logging_mixin.py:190} INFO - [2025-04-19T08:39:16.452+0000] {dag.py:3239} INFO - Sync 1 DAGs
[2025-04-19T08:39:16.464+0000] {logging_mixin.py:190} INFO - [2025-04-19T08:39:16.464+0000] {dag.py:4180} INFO - Setting next_dagrun for example_task_group_decorator to None, run_after=None
[2025-04-19T08:39:16.476+0000] {processor.py:208} INFO - Processing /home/airflow/.local/lib/python3.12/site-packages/airflow/example_dags/example_task_group_decorator.py took 0.062 seconds
[2025-04-19T08:39:47.121+0000] {processor.py:186} INFO - Started process (PID=367) to work on /home/airflow/.local/lib/python3.12/site-packages/airflow/example_dags/example_task_group_decorator.py
[2025-04-19T08:39:47.122+0000] {processor.py:914} INFO - Processing file /home/airflow/.local/lib/python3.12/site-packages/airflow/example_dags/example_task_group_decorator.py for tasks to queue
[2025-04-19T08:39:47.126+0000] {logging_mixin.py:190} INFO - [2025-04-19T08:39:47.126+0000] {dagbag.py:588} INFO - Filling up the DagBag from /home/airflow/.local/lib/python3.12/site-packages/airflow/example_dags/example_task_group_decorator.py
[2025-04-19T08:39:47.140+0000] {processor.py:925} INFO - DAG(s) 'example_task_group_decorator' retrieved from /home/airflow/.local/lib/python3.12/site-packages/airflow/example_dags/example_task_group_decorator.py
[2025-04-19T08:39:47.160+0000] {logging_mixin.py:190} INFO - [2025-04-19T08:39:47.160+0000] {dag.py:3239} INFO - Sync 1 DAGs
[2025-04-19T08:39:47.171+0000] {logging_mixin.py:190} INFO - [2025-04-19T08:39:47.171+0000] {dag.py:4180} INFO - Setting next_dagrun for example_task_group_decorator to None, run_after=None
[2025-04-19T08:39:47.186+0000] {processor.py:208} INFO - Processing /home/airflow/.local/lib/python3.12/site-packages/airflow/example_dags/example_task_group_decorator.py took 0.070 seconds
[2025-04-19T08:40:18.034+0000] {processor.py:186} INFO - Started process (PID=430) to work on /home/airflow/.local/lib/python3.12/site-packages/airflow/example_dags/example_task_group_decorator.py
[2025-04-19T08:40:18.035+0000] {processor.py:914} INFO - Processing file /home/airflow/.local/lib/python3.12/site-packages/airflow/example_dags/example_task_group_decorator.py for tasks to queue
[2025-04-19T08:40:18.037+0000] {logging_mixin.py:190} INFO - [2025-04-19T08:40:18.036+0000] {dagbag.py:588} INFO - Filling up the DagBag from /home/airflow/.local/lib/python3.12/site-packages/airflow/example_dags/example_task_group_decorator.py
[2025-04-19T08:40:18.048+0000] {processor.py:925} INFO - DAG(s) 'example_task_group_decorator' retrieved from /home/airflow/.local/lib/python3.12/site-packages/airflow/example_dags/example_task_group_decorator.py
[2025-04-19T08:40:18.068+0000] {logging_mixin.py:190} INFO - [2025-04-19T08:40:18.068+0000] {dag.py:3239} INFO - Sync 1 DAGs
[2025-04-19T08:40:18.079+0000] {logging_mixin.py:190} INFO - [2025-04-19T08:40:18.079+0000] {dag.py:4180} INFO - Setting next_dagrun for example_task_group_decorator to None, run_after=None
[2025-04-19T08:40:18.093+0000] {processor.py:208} INFO - Processing /home/airflow/.local/lib/python3.12/site-packages/airflow/example_dags/example_task_group_decorator.py took 0.063 seconds
[2025-04-19T08:40:48.135+0000] {processor.py:186} INFO - Started process (PID=493) to work on /home/airflow/.local/lib/python3.12/site-packages/airflow/example_dags/example_task_group_decorator.py
[2025-04-19T08:40:48.136+0000] {processor.py:914} INFO - Processing file /home/airflow/.local/lib/python3.12/site-packages/airflow/example_dags/example_task_group_decorator.py for tasks to queue
[2025-04-19T08:40:48.139+0000] {logging_mixin.py:190} INFO - [2025-04-19T08:40:48.138+0000] {dagbag.py:588} INFO - Filling up the DagBag from /home/airflow/.local/lib/python3.12/site-packages/airflow/example_dags/example_task_group_decorator.py
[2025-04-19T08:40:48.157+0000] {processor.py:925} INFO - DAG(s) 'example_task_group_decorator' retrieved from /home/airflow/.local/lib/python3.12/site-packages/airflow/example_dags/example_task_group_decorator.py
[2025-04-19T08:40:48.198+0000] {logging_mixin.py:190} INFO - [2025-04-19T08:40:48.198+0000] {dag.py:3239} INFO - Sync 1 DAGs
[2025-04-19T08:40:48.215+0000] {logging_mixin.py:190} INFO - [2025-04-19T08:40:48.215+0000] {dag.py:4180} INFO - Setting next_dagrun for example_task_group_decorator to None, run_after=None
[2025-04-19T08:40:48.234+0000] {processor.py:208} INFO - Processing /home/airflow/.local/lib/python3.12/site-packages/airflow/example_dags/example_task_group_decorator.py took 0.105 seconds
