[2025-04-19T08:37:32.711+0000] {processor.py:186} INFO - Started process (PID=96) to work on /home/airflow/.local/lib/python3.12/site-packages/airflow/example_dags/example_params_ui_tutorial.py
[2025-04-19T08:37:32.714+0000] {processor.py:914} INFO - Processing file /home/airflow/.local/lib/python3.12/site-packages/airflow/example_dags/example_params_ui_tutorial.py for tasks to queue
[2025-04-19T08:37:32.718+0000] {logging_mixin.py:190} INFO - [2025-04-19T08:37:32.717+0000] {dagbag.py:588} INFO - Filling up the DagBag from /home/airflow/.local/lib/python3.12/site-packages/airflow/example_dags/example_params_ui_tutorial.py
[2025-04-19T08:37:32.775+0000] {processor.py:925} INFO - DAG(s) 'example_params_ui_tutorial' retrieved from /home/airflow/.local/lib/python3.12/site-packages/airflow/example_dags/example_params_ui_tutorial.py
[2025-04-19T08:37:33.484+0000] {logging_mixin.py:190} INFO - [2025-04-19T08:37:33.483+0000] {override.py:1911} INFO - Created Permission View: can delete on DAG:example_params_ui_tutorial
[2025-04-19T08:37:33.499+0000] {logging_mixin.py:190} INFO - [2025-04-19T08:37:33.499+0000] {override.py:1911} INFO - Created Permission View: can edit on DAG:example_params_ui_tutorial
[2025-04-19T08:37:33.508+0000] {logging_mixin.py:190} INFO - [2025-04-19T08:37:33.507+0000] {override.py:1911} INFO - Created Permission View: can read on DAG:example_params_ui_tutorial
[2025-04-19T08:37:33.515+0000] {logging_mixin.py:190} INFO - [2025-04-19T08:37:33.515+0000] {override.py:1911} INFO - Created Permission View: can delete on DAG Run:example_params_ui_tutorial
[2025-04-19T08:37:33.520+0000] {logging_mixin.py:190} INFO - [2025-04-19T08:37:33.520+0000] {override.py:1911} INFO - Created Permission View: can read on DAG Run:example_params_ui_tutorial
[2025-04-19T08:37:33.536+0000] {logging_mixin.py:190} INFO - [2025-04-19T08:37:33.535+0000] {override.py:1911} INFO - Created Permission View: can create on DAG Run:example_params_ui_tutorial
[2025-04-19T08:37:33.591+0000] {logging_mixin.py:190} INFO - [2025-04-19T08:37:33.587+0000] {override.py:1911} INFO - Created Permission View: menu access on DAG Run:example_params_ui_tutorial
[2025-04-19T08:37:33.594+0000] {logging_mixin.py:190} INFO - [2025-04-19T08:37:33.594+0000] {dag.py:3239} INFO - Sync 1 DAGs
[2025-04-19T08:37:33.679+0000] {logging_mixin.py:190} INFO - [2025-04-19T08:37:33.678+0000] {dag.py:3262} INFO - Creating ORM DAG for example_params_ui_tutorial
[2025-04-19T08:37:33.682+0000] {logging_mixin.py:190} INFO - [2025-04-19T08:37:33.682+0000] {dag.py:4180} INFO - Setting next_dagrun for example_params_ui_tutorial to None, run_after=None
[2025-04-19T08:37:33.745+0000] {processor.py:208} INFO - Processing /home/airflow/.local/lib/python3.12/site-packages/airflow/example_dags/example_params_ui_tutorial.py took 1.069 seconds
[2025-04-19T08:38:04.563+0000] {processor.py:186} INFO - Started process (PID=158) to work on /home/airflow/.local/lib/python3.12/site-packages/airflow/example_dags/example_params_ui_tutorial.py
[2025-04-19T08:38:04.563+0000] {processor.py:914} INFO - Processing file /home/airflow/.local/lib/python3.12/site-packages/airflow/example_dags/example_params_ui_tutorial.py for tasks to queue
[2025-04-19T08:38:04.565+0000] {logging_mixin.py:190} INFO - [2025-04-19T08:38:04.565+0000] {dagbag.py:588} INFO - Filling up the DagBag from /home/airflow/.local/lib/python3.12/site-packages/airflow/example_dags/example_params_ui_tutorial.py
[2025-04-19T08:38:04.572+0000] {processor.py:925} INFO - DAG(s) 'example_params_ui_tutorial' retrieved from /home/airflow/.local/lib/python3.12/site-packages/airflow/example_dags/example_params_ui_tutorial.py
[2025-04-19T08:38:04.609+0000] {logging_mixin.py:190} INFO - [2025-04-19T08:38:04.609+0000] {dag.py:3239} INFO - Sync 1 DAGs
[2025-04-19T08:38:04.620+0000] {logging_mixin.py:190} INFO - [2025-04-19T08:38:04.620+0000] {dag.py:4180} INFO - Setting next_dagrun for example_params_ui_tutorial to None, run_after=None
[2025-04-19T08:38:04.633+0000] {processor.py:208} INFO - Processing /home/airflow/.local/lib/python3.12/site-packages/airflow/example_dags/example_params_ui_tutorial.py took 0.074 seconds
[2025-04-19T08:38:35.166+0000] {processor.py:186} INFO - Started process (PID=220) to work on /home/airflow/.local/lib/python3.12/site-packages/airflow/example_dags/example_params_ui_tutorial.py
[2025-04-19T08:38:35.167+0000] {processor.py:914} INFO - Processing file /home/airflow/.local/lib/python3.12/site-packages/airflow/example_dags/example_params_ui_tutorial.py for tasks to queue
[2025-04-19T08:38:35.169+0000] {logging_mixin.py:190} INFO - [2025-04-19T08:38:35.168+0000] {dagbag.py:588} INFO - Filling up the DagBag from /home/airflow/.local/lib/python3.12/site-packages/airflow/example_dags/example_params_ui_tutorial.py
[2025-04-19T08:38:35.175+0000] {processor.py:925} INFO - DAG(s) 'example_params_ui_tutorial' retrieved from /home/airflow/.local/lib/python3.12/site-packages/airflow/example_dags/example_params_ui_tutorial.py
[2025-04-19T08:38:35.215+0000] {logging_mixin.py:190} INFO - [2025-04-19T08:38:35.215+0000] {dag.py:3239} INFO - Sync 1 DAGs
[2025-04-19T08:38:35.228+0000] {logging_mixin.py:190} INFO - [2025-04-19T08:38:35.228+0000] {dag.py:4180} INFO - Setting next_dagrun for example_params_ui_tutorial to None, run_after=None
[2025-04-19T08:38:35.244+0000] {processor.py:208} INFO - Processing /home/airflow/.local/lib/python3.12/site-packages/airflow/example_dags/example_params_ui_tutorial.py took 0.083 seconds
[2025-04-19T08:39:05.803+0000] {processor.py:186} INFO - Started process (PID=282) to work on /home/airflow/.local/lib/python3.12/site-packages/airflow/example_dags/example_params_ui_tutorial.py
[2025-04-19T08:39:05.808+0000] {processor.py:914} INFO - Processing file /home/airflow/.local/lib/python3.12/site-packages/airflow/example_dags/example_params_ui_tutorial.py for tasks to queue
[2025-04-19T08:39:05.813+0000] {logging_mixin.py:190} INFO - [2025-04-19T08:39:05.813+0000] {dagbag.py:588} INFO - Filling up the DagBag from /home/airflow/.local/lib/python3.12/site-packages/airflow/example_dags/example_params_ui_tutorial.py
[2025-04-19T08:39:05.848+0000] {processor.py:925} INFO - DAG(s) 'example_params_ui_tutorial' retrieved from /home/airflow/.local/lib/python3.12/site-packages/airflow/example_dags/example_params_ui_tutorial.py
[2025-04-19T08:39:05.944+0000] {logging_mixin.py:190} INFO - [2025-04-19T08:39:05.943+0000] {dag.py:3239} INFO - Sync 1 DAGs
[2025-04-19T08:39:05.978+0000] {logging_mixin.py:190} INFO - [2025-04-19T08:39:05.978+0000] {dag.py:4180} INFO - Setting next_dagrun for example_params_ui_tutorial to None, run_after=None
[2025-04-19T08:39:06.026+0000] {processor.py:208} INFO - Processing /home/airflow/.local/lib/python3.12/site-packages/airflow/example_dags/example_params_ui_tutorial.py took 0.241 seconds
[2025-04-19T08:39:36.685+0000] {processor.py:186} INFO - Started process (PID=345) to work on /home/airflow/.local/lib/python3.12/site-packages/airflow/example_dags/example_params_ui_tutorial.py
[2025-04-19T08:39:36.686+0000] {processor.py:914} INFO - Processing file /home/airflow/.local/lib/python3.12/site-packages/airflow/example_dags/example_params_ui_tutorial.py for tasks to queue
[2025-04-19T08:39:36.690+0000] {logging_mixin.py:190} INFO - [2025-04-19T08:39:36.689+0000] {dagbag.py:588} INFO - Filling up the DagBag from /home/airflow/.local/lib/python3.12/site-packages/airflow/example_dags/example_params_ui_tutorial.py
[2025-04-19T08:39:36.715+0000] {processor.py:925} INFO - DAG(s) 'example_params_ui_tutorial' retrieved from /home/airflow/.local/lib/python3.12/site-packages/airflow/example_dags/example_params_ui_tutorial.py
[2025-04-19T08:39:36.795+0000] {logging_mixin.py:190} INFO - [2025-04-19T08:39:36.795+0000] {dag.py:3239} INFO - Sync 1 DAGs
[2025-04-19T08:39:36.814+0000] {logging_mixin.py:190} INFO - [2025-04-19T08:39:36.814+0000] {dag.py:4180} INFO - Setting next_dagrun for example_params_ui_tutorial to None, run_after=None
[2025-04-19T08:39:36.831+0000] {processor.py:208} INFO - Processing /home/airflow/.local/lib/python3.12/site-packages/airflow/example_dags/example_params_ui_tutorial.py took 0.158 seconds
[2025-04-19T08:40:07.771+0000] {processor.py:186} INFO - Started process (PID=407) to work on /home/airflow/.local/lib/python3.12/site-packages/airflow/example_dags/example_params_ui_tutorial.py
[2025-04-19T08:40:07.772+0000] {processor.py:914} INFO - Processing file /home/airflow/.local/lib/python3.12/site-packages/airflow/example_dags/example_params_ui_tutorial.py for tasks to queue
[2025-04-19T08:40:07.773+0000] {logging_mixin.py:190} INFO - [2025-04-19T08:40:07.773+0000] {dagbag.py:588} INFO - Filling up the DagBag from /home/airflow/.local/lib/python3.12/site-packages/airflow/example_dags/example_params_ui_tutorial.py
[2025-04-19T08:40:07.780+0000] {processor.py:925} INFO - DAG(s) 'example_params_ui_tutorial' retrieved from /home/airflow/.local/lib/python3.12/site-packages/airflow/example_dags/example_params_ui_tutorial.py
[2025-04-19T08:40:07.823+0000] {logging_mixin.py:190} INFO - [2025-04-19T08:40:07.823+0000] {dag.py:3239} INFO - Sync 1 DAGs
[2025-04-19T08:40:07.854+0000] {logging_mixin.py:190} INFO - [2025-04-19T08:40:07.854+0000] {dag.py:4180} INFO - Setting next_dagrun for example_params_ui_tutorial to None, run_after=None
[2025-04-19T08:40:07.873+0000] {processor.py:208} INFO - Processing /home/airflow/.local/lib/python3.12/site-packages/airflow/example_dags/example_params_ui_tutorial.py took 0.107 seconds
[2025-04-19T08:40:38.047+0000] {processor.py:186} INFO - Started process (PID=470) to work on /home/airflow/.local/lib/python3.12/site-packages/airflow/example_dags/example_params_ui_tutorial.py
[2025-04-19T08:40:38.048+0000] {processor.py:914} INFO - Processing file /home/airflow/.local/lib/python3.12/site-packages/airflow/example_dags/example_params_ui_tutorial.py for tasks to queue
[2025-04-19T08:40:38.049+0000] {logging_mixin.py:190} INFO - [2025-04-19T08:40:38.049+0000] {dagbag.py:588} INFO - Filling up the DagBag from /home/airflow/.local/lib/python3.12/site-packages/airflow/example_dags/example_params_ui_tutorial.py
[2025-04-19T08:40:38.058+0000] {processor.py:925} INFO - DAG(s) 'example_params_ui_tutorial' retrieved from /home/airflow/.local/lib/python3.12/site-packages/airflow/example_dags/example_params_ui_tutorial.py
[2025-04-19T08:40:38.094+0000] {logging_mixin.py:190} INFO - [2025-04-19T08:40:38.093+0000] {dag.py:3239} INFO - Sync 1 DAGs
[2025-04-19T08:40:38.105+0000] {logging_mixin.py:190} INFO - [2025-04-19T08:40:38.104+0000] {dag.py:4180} INFO - Setting next_dagrun for example_params_ui_tutorial to None, run_after=None
[2025-04-19T08:40:38.118+0000] {processor.py:208} INFO - Processing /home/airflow/.local/lib/python3.12/site-packages/airflow/example_dags/example_params_ui_tutorial.py took 0.076 seconds
