[2025-04-19T08:37:23.551+0000] {processor.py:186} INFO - Started process (PID=82) to work on /home/airflow/.local/lib/python3.12/site-packages/airflow/example_dags/example_branch_datetime_operator.py
[2025-04-19T08:37:23.552+0000] {processor.py:914} INFO - Processing file /home/airflow/.local/lib/python3.12/site-packages/airflow/example_dags/example_branch_datetime_operator.py for tasks to queue
[2025-04-19T08:37:23.561+0000] {logging_mixin.py:190} INFO - [2025-04-19T08:37:23.561+0000] {dagbag.py:588} INFO - Filling up the DagBag from /home/airflow/.local/lib/python3.12/site-packages/airflow/example_dags/example_branch_datetime_operator.py
[2025-04-19T08:37:23.649+0000] {processor.py:925} INFO - DAG(s) 'example_branch_datetime_operator', 'example_branch_datetime_operator_3', 'example_branch_datetime_operator_2' retrieved from /home/airflow/.local/lib/python3.12/site-packages/airflow/example_dags/example_branch_datetime_operator.py
[2025-04-19T08:37:24.162+0000] {logging_mixin.py:190} INFO - [2025-04-19T08:37:24.161+0000] {override.py:1911} INFO - Created Permission View: can delete on DAG:example_branch_datetime_operator
[2025-04-19T08:37:24.200+0000] {logging_mixin.py:190} INFO - [2025-04-19T08:37:24.199+0000] {override.py:1911} INFO - Created Permission View: can edit on DAG:example_branch_datetime_operator
[2025-04-19T08:37:24.223+0000] {logging_mixin.py:190} INFO - [2025-04-19T08:37:24.223+0000] {override.py:1911} INFO - Created Permission View: can read on DAG:example_branch_datetime_operator
[2025-04-19T08:37:24.288+0000] {logging_mixin.py:190} INFO - [2025-04-19T08:37:24.288+0000] {override.py:1911} INFO - Created Permission View: can delete on DAG Run:example_branch_datetime_operator
[2025-04-19T08:37:24.340+0000] {logging_mixin.py:190} INFO - [2025-04-19T08:37:24.340+0000] {override.py:1911} INFO - Created Permission View: can read on DAG Run:example_branch_datetime_operator
[2025-04-19T08:37:24.377+0000] {logging_mixin.py:190} INFO - [2025-04-19T08:37:24.377+0000] {override.py:1911} INFO - Created Permission View: can create on DAG Run:example_branch_datetime_operator
[2025-04-19T08:37:24.655+0000] {logging_mixin.py:190} INFO - [2025-04-19T08:37:24.655+0000] {override.py:1911} INFO - Created Permission View: menu access on DAG Run:example_branch_datetime_operator
[2025-04-19T08:37:24.710+0000] {logging_mixin.py:190} INFO - [2025-04-19T08:37:24.710+0000] {override.py:1911} INFO - Created Permission View: can delete on DAG:example_branch_datetime_operator_3
[2025-04-19T08:37:24.730+0000] {logging_mixin.py:190} INFO - [2025-04-19T08:37:24.730+0000] {override.py:1911} INFO - Created Permission View: can edit on DAG:example_branch_datetime_operator_3
[2025-04-19T08:37:24.762+0000] {logging_mixin.py:190} INFO - [2025-04-19T08:37:24.762+0000] {override.py:1911} INFO - Created Permission View: can read on DAG:example_branch_datetime_operator_3
[2025-04-19T08:37:24.803+0000] {logging_mixin.py:190} INFO - [2025-04-19T08:37:24.803+0000] {override.py:1911} INFO - Created Permission View: can delete on DAG Run:example_branch_datetime_operator_3
[2025-04-19T08:37:24.847+0000] {logging_mixin.py:190} INFO - [2025-04-19T08:37:24.846+0000] {override.py:1911} INFO - Created Permission View: can read on DAG Run:example_branch_datetime_operator_3
[2025-04-19T08:37:24.891+0000] {logging_mixin.py:190} INFO - [2025-04-19T08:37:24.891+0000] {override.py:1911} INFO - Created Permission View: can create on DAG Run:example_branch_datetime_operator_3
[2025-04-19T08:37:24.907+0000] {logging_mixin.py:190} INFO - [2025-04-19T08:37:24.907+0000] {override.py:1911} INFO - Created Permission View: menu access on DAG Run:example_branch_datetime_operator_3
[2025-04-19T08:37:24.956+0000] {logging_mixin.py:190} INFO - [2025-04-19T08:37:24.956+0000] {override.py:1911} INFO - Created Permission View: can delete on DAG:example_branch_datetime_operator_2
[2025-04-19T08:37:25.005+0000] {logging_mixin.py:190} INFO - [2025-04-19T08:37:25.005+0000] {override.py:1911} INFO - Created Permission View: can edit on DAG:example_branch_datetime_operator_2
[2025-04-19T08:37:25.036+0000] {logging_mixin.py:190} INFO - [2025-04-19T08:37:25.035+0000] {override.py:1911} INFO - Created Permission View: can read on DAG:example_branch_datetime_operator_2
[2025-04-19T08:37:25.078+0000] {logging_mixin.py:190} INFO - [2025-04-19T08:37:25.078+0000] {override.py:1911} INFO - Created Permission View: can delete on DAG Run:example_branch_datetime_operator_2
[2025-04-19T08:37:25.106+0000] {logging_mixin.py:190} INFO - [2025-04-19T08:37:25.106+0000] {override.py:1911} INFO - Created Permission View: can read on DAG Run:example_branch_datetime_operator_2
[2025-04-19T08:37:25.142+0000] {logging_mixin.py:190} INFO - [2025-04-19T08:37:25.142+0000] {override.py:1911} INFO - Created Permission View: can create on DAG Run:example_branch_datetime_operator_2
[2025-04-19T08:37:25.180+0000] {logging_mixin.py:190} INFO - [2025-04-19T08:37:25.180+0000] {override.py:1911} INFO - Created Permission View: menu access on DAG Run:example_branch_datetime_operator_2
[2025-04-19T08:37:25.181+0000] {logging_mixin.py:190} INFO - [2025-04-19T08:37:25.181+0000] {dag.py:3239} INFO - Sync 3 DAGs
[2025-04-19T08:37:25.239+0000] {logging_mixin.py:190} INFO - [2025-04-19T08:37:25.237+0000] {dag.py:3262} INFO - Creating ORM DAG for example_branch_datetime_operator_3
[2025-04-19T08:37:25.241+0000] {logging_mixin.py:190} INFO - [2025-04-19T08:37:25.241+0000] {dag.py:3262} INFO - Creating ORM DAG for example_branch_datetime_operator
[2025-04-19T08:37:25.242+0000] {logging_mixin.py:190} INFO - [2025-04-19T08:37:25.242+0000] {dag.py:3262} INFO - Creating ORM DAG for example_branch_datetime_operator_2
[2025-04-19T08:37:25.276+0000] {logging_mixin.py:190} INFO - [2025-04-19T08:37:25.275+0000] {dag.py:4180} INFO - Setting next_dagrun for example_branch_datetime_operator to 2025-04-18 00:00:00+00:00, run_after=2025-04-19 00:00:00+00:00
[2025-04-19T08:37:25.279+0000] {logging_mixin.py:190} INFO - [2025-04-19T08:37:25.279+0000] {dag.py:4180} INFO - Setting next_dagrun for example_branch_datetime_operator_2 to 2025-04-18 00:00:00+00:00, run_after=2025-04-19 00:00:00+00:00
[2025-04-19T08:37:25.290+0000] {logging_mixin.py:190} INFO - [2025-04-19T08:37:25.289+0000] {dag.py:4180} INFO - Setting next_dagrun for example_branch_datetime_operator_3 to 2025-04-18 00:00:00+00:00, run_after=2025-04-19 00:00:00+00:00
[2025-04-19T08:37:25.339+0000] {processor.py:208} INFO - Processing /home/airflow/.local/lib/python3.12/site-packages/airflow/example_dags/example_branch_datetime_operator.py took 1.812 seconds
[2025-04-19T08:37:55.641+0000] {processor.py:186} INFO - Started process (PID=145) to work on /home/airflow/.local/lib/python3.12/site-packages/airflow/example_dags/example_branch_datetime_operator.py
[2025-04-19T08:37:55.651+0000] {processor.py:914} INFO - Processing file /home/airflow/.local/lib/python3.12/site-packages/airflow/example_dags/example_branch_datetime_operator.py for tasks to queue
[2025-04-19T08:37:55.663+0000] {logging_mixin.py:190} INFO - [2025-04-19T08:37:55.660+0000] {dagbag.py:588} INFO - Filling up the DagBag from /home/airflow/.local/lib/python3.12/site-packages/airflow/example_dags/example_branch_datetime_operator.py
[2025-04-19T08:37:55.703+0000] {processor.py:925} INFO - DAG(s) 'example_branch_datetime_operator_3', 'example_branch_datetime_operator_2', 'example_branch_datetime_operator' retrieved from /home/airflow/.local/lib/python3.12/site-packages/airflow/example_dags/example_branch_datetime_operator.py
[2025-04-19T08:37:55.801+0000] {logging_mixin.py:190} INFO - [2025-04-19T08:37:55.800+0000] {dag.py:3239} INFO - Sync 3 DAGs
[2025-04-19T08:37:55.870+0000] {logging_mixin.py:190} INFO - [2025-04-19T08:37:55.870+0000] {dag.py:4180} INFO - Setting next_dagrun for example_branch_datetime_operator to 2025-04-18 00:00:00+00:00, run_after=2025-04-19 00:00:00+00:00
[2025-04-19T08:37:55.881+0000] {logging_mixin.py:190} INFO - [2025-04-19T08:37:55.881+0000] {dag.py:4180} INFO - Setting next_dagrun for example_branch_datetime_operator_2 to 2025-04-18 00:00:00+00:00, run_after=2025-04-19 00:00:00+00:00
[2025-04-19T08:37:55.886+0000] {logging_mixin.py:190} INFO - [2025-04-19T08:37:55.886+0000] {dag.py:4180} INFO - Setting next_dagrun for example_branch_datetime_operator_3 to 2025-04-18 00:00:00+00:00, run_after=2025-04-19 00:00:00+00:00
[2025-04-19T08:37:55.920+0000] {processor.py:208} INFO - Processing /home/airflow/.local/lib/python3.12/site-packages/airflow/example_dags/example_branch_datetime_operator.py took 0.307 seconds
[2025-04-19T08:38:25.994+0000] {processor.py:186} INFO - Started process (PID=207) to work on /home/airflow/.local/lib/python3.12/site-packages/airflow/example_dags/example_branch_datetime_operator.py
[2025-04-19T08:38:25.995+0000] {processor.py:914} INFO - Processing file /home/airflow/.local/lib/python3.12/site-packages/airflow/example_dags/example_branch_datetime_operator.py for tasks to queue
[2025-04-19T08:38:25.997+0000] {logging_mixin.py:190} INFO - [2025-04-19T08:38:25.997+0000] {dagbag.py:588} INFO - Filling up the DagBag from /home/airflow/.local/lib/python3.12/site-packages/airflow/example_dags/example_branch_datetime_operator.py
[2025-04-19T08:38:26.011+0000] {processor.py:925} INFO - DAG(s) 'example_branch_datetime_operator_2', 'example_branch_datetime_operator', 'example_branch_datetime_operator_3' retrieved from /home/airflow/.local/lib/python3.12/site-packages/airflow/example_dags/example_branch_datetime_operator.py
[2025-04-19T08:38:26.044+0000] {logging_mixin.py:190} INFO - [2025-04-19T08:38:26.043+0000] {dag.py:3239} INFO - Sync 3 DAGs
[2025-04-19T08:38:26.078+0000] {logging_mixin.py:190} INFO - [2025-04-19T08:38:26.077+0000] {dag.py:4180} INFO - Setting next_dagrun for example_branch_datetime_operator to 2025-04-18 00:00:00+00:00, run_after=2025-04-19 00:00:00+00:00
[2025-04-19T08:38:26.083+0000] {logging_mixin.py:190} INFO - [2025-04-19T08:38:26.083+0000] {dag.py:4180} INFO - Setting next_dagrun for example_branch_datetime_operator_2 to 2025-04-18 00:00:00+00:00, run_after=2025-04-19 00:00:00+00:00
[2025-04-19T08:38:26.086+0000] {logging_mixin.py:190} INFO - [2025-04-19T08:38:26.086+0000] {dag.py:4180} INFO - Setting next_dagrun for example_branch_datetime_operator_3 to 2025-04-18 00:00:00+00:00, run_after=2025-04-19 00:00:00+00:00
[2025-04-19T08:38:26.100+0000] {processor.py:208} INFO - Processing /home/airflow/.local/lib/python3.12/site-packages/airflow/example_dags/example_branch_datetime_operator.py took 0.111 seconds
[2025-04-19T08:38:56.728+0000] {processor.py:186} INFO - Started process (PID=269) to work on /home/airflow/.local/lib/python3.12/site-packages/airflow/example_dags/example_branch_datetime_operator.py
[2025-04-19T08:38:56.730+0000] {processor.py:914} INFO - Processing file /home/airflow/.local/lib/python3.12/site-packages/airflow/example_dags/example_branch_datetime_operator.py for tasks to queue
[2025-04-19T08:38:56.732+0000] {logging_mixin.py:190} INFO - [2025-04-19T08:38:56.731+0000] {dagbag.py:588} INFO - Filling up the DagBag from /home/airflow/.local/lib/python3.12/site-packages/airflow/example_dags/example_branch_datetime_operator.py
[2025-04-19T08:38:56.745+0000] {processor.py:925} INFO - DAG(s) 'example_branch_datetime_operator_3', 'example_branch_datetime_operator_2', 'example_branch_datetime_operator' retrieved from /home/airflow/.local/lib/python3.12/site-packages/airflow/example_dags/example_branch_datetime_operator.py
[2025-04-19T08:38:56.775+0000] {logging_mixin.py:190} INFO - [2025-04-19T08:38:56.775+0000] {dag.py:3239} INFO - Sync 3 DAGs
[2025-04-19T08:38:56.804+0000] {logging_mixin.py:190} INFO - [2025-04-19T08:38:56.804+0000] {dag.py:4180} INFO - Setting next_dagrun for example_branch_datetime_operator to 2025-04-18 00:00:00+00:00, run_after=2025-04-19 00:00:00+00:00
[2025-04-19T08:38:56.811+0000] {logging_mixin.py:190} INFO - [2025-04-19T08:38:56.811+0000] {dag.py:4180} INFO - Setting next_dagrun for example_branch_datetime_operator_2 to 2025-04-18 00:00:00+00:00, run_after=2025-04-19 00:00:00+00:00
[2025-04-19T08:38:56.814+0000] {logging_mixin.py:190} INFO - [2025-04-19T08:38:56.814+0000] {dag.py:4180} INFO - Setting next_dagrun for example_branch_datetime_operator_3 to 2025-04-18 00:00:00+00:00, run_after=2025-04-19 00:00:00+00:00
[2025-04-19T08:38:56.827+0000] {processor.py:208} INFO - Processing /home/airflow/.local/lib/python3.12/site-packages/airflow/example_dags/example_branch_datetime_operator.py took 0.104 seconds
[2025-04-19T08:39:26.873+0000] {processor.py:186} INFO - Started process (PID=332) to work on /home/airflow/.local/lib/python3.12/site-packages/airflow/example_dags/example_branch_datetime_operator.py
[2025-04-19T08:39:26.874+0000] {processor.py:914} INFO - Processing file /home/airflow/.local/lib/python3.12/site-packages/airflow/example_dags/example_branch_datetime_operator.py for tasks to queue
[2025-04-19T08:39:26.877+0000] {logging_mixin.py:190} INFO - [2025-04-19T08:39:26.877+0000] {dagbag.py:588} INFO - Filling up the DagBag from /home/airflow/.local/lib/python3.12/site-packages/airflow/example_dags/example_branch_datetime_operator.py
[2025-04-19T08:39:26.891+0000] {processor.py:925} INFO - DAG(s) 'example_branch_datetime_operator_3', 'example_branch_datetime_operator_2', 'example_branch_datetime_operator' retrieved from /home/airflow/.local/lib/python3.12/site-packages/airflow/example_dags/example_branch_datetime_operator.py
[2025-04-19T08:39:26.921+0000] {logging_mixin.py:190} INFO - [2025-04-19T08:39:26.921+0000] {dag.py:3239} INFO - Sync 3 DAGs
[2025-04-19T08:39:26.953+0000] {logging_mixin.py:190} INFO - [2025-04-19T08:39:26.953+0000] {dag.py:4180} INFO - Setting next_dagrun for example_branch_datetime_operator to 2025-04-18 00:00:00+00:00, run_after=2025-04-19 00:00:00+00:00
[2025-04-19T08:39:26.959+0000] {logging_mixin.py:190} INFO - [2025-04-19T08:39:26.959+0000] {dag.py:4180} INFO - Setting next_dagrun for example_branch_datetime_operator_2 to 2025-04-18 00:00:00+00:00, run_after=2025-04-19 00:00:00+00:00
[2025-04-19T08:39:26.962+0000] {logging_mixin.py:190} INFO - [2025-04-19T08:39:26.962+0000] {dag.py:4180} INFO - Setting next_dagrun for example_branch_datetime_operator_3 to 2025-04-18 00:00:00+00:00, run_after=2025-04-19 00:00:00+00:00
[2025-04-19T08:39:26.986+0000] {processor.py:208} INFO - Processing /home/airflow/.local/lib/python3.12/site-packages/airflow/example_dags/example_branch_datetime_operator.py took 0.119 seconds
[2025-04-19T08:39:57.338+0000] {processor.py:186} INFO - Started process (PID=394) to work on /home/airflow/.local/lib/python3.12/site-packages/airflow/example_dags/example_branch_datetime_operator.py
[2025-04-19T08:39:57.339+0000] {processor.py:914} INFO - Processing file /home/airflow/.local/lib/python3.12/site-packages/airflow/example_dags/example_branch_datetime_operator.py for tasks to queue
[2025-04-19T08:39:57.341+0000] {logging_mixin.py:190} INFO - [2025-04-19T08:39:57.341+0000] {dagbag.py:588} INFO - Filling up the DagBag from /home/airflow/.local/lib/python3.12/site-packages/airflow/example_dags/example_branch_datetime_operator.py
[2025-04-19T08:39:57.355+0000] {processor.py:925} INFO - DAG(s) 'example_branch_datetime_operator_2', 'example_branch_datetime_operator', 'example_branch_datetime_operator_3' retrieved from /home/airflow/.local/lib/python3.12/site-packages/airflow/example_dags/example_branch_datetime_operator.py
[2025-04-19T08:39:57.411+0000] {logging_mixin.py:190} INFO - [2025-04-19T08:39:57.411+0000] {dag.py:3239} INFO - Sync 3 DAGs
[2025-04-19T08:39:57.469+0000] {logging_mixin.py:190} INFO - [2025-04-19T08:39:57.468+0000] {dag.py:4180} INFO - Setting next_dagrun for example_branch_datetime_operator to 2025-04-18 00:00:00+00:00, run_after=2025-04-19 00:00:00+00:00
[2025-04-19T08:39:57.475+0000] {logging_mixin.py:190} INFO - [2025-04-19T08:39:57.475+0000] {dag.py:4180} INFO - Setting next_dagrun for example_branch_datetime_operator_2 to 2025-04-18 00:00:00+00:00, run_after=2025-04-19 00:00:00+00:00
[2025-04-19T08:39:57.480+0000] {logging_mixin.py:190} INFO - [2025-04-19T08:39:57.479+0000] {dag.py:4180} INFO - Setting next_dagrun for example_branch_datetime_operator_3 to 2025-04-18 00:00:00+00:00, run_after=2025-04-19 00:00:00+00:00
[2025-04-19T08:39:57.496+0000] {processor.py:208} INFO - Processing /home/airflow/.local/lib/python3.12/site-packages/airflow/example_dags/example_branch_datetime_operator.py took 0.164 seconds
[2025-04-19T08:40:27.828+0000] {processor.py:186} INFO - Started process (PID=456) to work on /home/airflow/.local/lib/python3.12/site-packages/airflow/example_dags/example_branch_datetime_operator.py
[2025-04-19T08:40:27.829+0000] {processor.py:914} INFO - Processing file /home/airflow/.local/lib/python3.12/site-packages/airflow/example_dags/example_branch_datetime_operator.py for tasks to queue
[2025-04-19T08:40:27.831+0000] {logging_mixin.py:190} INFO - [2025-04-19T08:40:27.831+0000] {dagbag.py:588} INFO - Filling up the DagBag from /home/airflow/.local/lib/python3.12/site-packages/airflow/example_dags/example_branch_datetime_operator.py
[2025-04-19T08:40:27.844+0000] {processor.py:925} INFO - DAG(s) 'example_branch_datetime_operator', 'example_branch_datetime_operator_2', 'example_branch_datetime_operator_3' retrieved from /home/airflow/.local/lib/python3.12/site-packages/airflow/example_dags/example_branch_datetime_operator.py
[2025-04-19T08:40:27.874+0000] {logging_mixin.py:190} INFO - [2025-04-19T08:40:27.873+0000] {dag.py:3239} INFO - Sync 3 DAGs
[2025-04-19T08:40:27.903+0000] {logging_mixin.py:190} INFO - [2025-04-19T08:40:27.903+0000] {dag.py:4180} INFO - Setting next_dagrun for example_branch_datetime_operator to 2025-04-18 00:00:00+00:00, run_after=2025-04-19 00:00:00+00:00
[2025-04-19T08:40:27.909+0000] {logging_mixin.py:190} INFO - [2025-04-19T08:40:27.909+0000] {dag.py:4180} INFO - Setting next_dagrun for example_branch_datetime_operator_2 to 2025-04-18 00:00:00+00:00, run_after=2025-04-19 00:00:00+00:00
[2025-04-19T08:40:27.912+0000] {logging_mixin.py:190} INFO - [2025-04-19T08:40:27.912+0000] {dag.py:4180} INFO - Setting next_dagrun for example_branch_datetime_operator_3 to 2025-04-18 00:00:00+00:00, run_after=2025-04-19 00:00:00+00:00
[2025-04-19T08:40:27.927+0000] {processor.py:208} INFO - Processing /home/airflow/.local/lib/python3.12/site-packages/airflow/example_dags/example_branch_datetime_operator.py took 0.104 seconds
[2025-04-19T08:40:58.235+0000] {processor.py:186} INFO - Started process (PID=519) to work on /home/airflow/.local/lib/python3.12/site-packages/airflow/example_dags/example_branch_datetime_operator.py
[2025-04-19T08:40:58.236+0000] {processor.py:914} INFO - Processing file /home/airflow/.local/lib/python3.12/site-packages/airflow/example_dags/example_branch_datetime_operator.py for tasks to queue
[2025-04-19T08:40:58.238+0000] {logging_mixin.py:190} INFO - [2025-04-19T08:40:58.238+0000] {dagbag.py:588} INFO - Filling up the DagBag from /home/airflow/.local/lib/python3.12/site-packages/airflow/example_dags/example_branch_datetime_operator.py
[2025-04-19T08:40:58.251+0000] {processor.py:925} INFO - DAG(s) 'example_branch_datetime_operator_2', 'example_branch_datetime_operator', 'example_branch_datetime_operator_3' retrieved from /home/airflow/.local/lib/python3.12/site-packages/airflow/example_dags/example_branch_datetime_operator.py
[2025-04-19T08:40:58.280+0000] {logging_mixin.py:190} INFO - [2025-04-19T08:40:58.280+0000] {dag.py:3239} INFO - Sync 3 DAGs
[2025-04-19T08:40:58.309+0000] {logging_mixin.py:190} INFO - [2025-04-19T08:40:58.309+0000] {dag.py:4180} INFO - Setting next_dagrun for example_branch_datetime_operator to 2025-04-18 00:00:00+00:00, run_after=2025-04-19 00:00:00+00:00
[2025-04-19T08:40:58.314+0000] {logging_mixin.py:190} INFO - [2025-04-19T08:40:58.314+0000] {dag.py:4180} INFO - Setting next_dagrun for example_branch_datetime_operator_2 to 2025-04-18 00:00:00+00:00, run_after=2025-04-19 00:00:00+00:00
[2025-04-19T08:40:58.317+0000] {logging_mixin.py:190} INFO - [2025-04-19T08:40:58.317+0000] {dag.py:4180} INFO - Setting next_dagrun for example_branch_datetime_operator_3 to 2025-04-18 00:00:00+00:00, run_after=2025-04-19 00:00:00+00:00
[2025-04-19T08:40:58.332+0000] {processor.py:208} INFO - Processing /home/airflow/.local/lib/python3.12/site-packages/airflow/example_dags/example_branch_datetime_operator.py took 0.103 seconds
