[2025-04-19T08:37:18.347+0000] {processor.py:186} INFO - Started process (PID=74) to work on /home/airflow/.local/lib/python3.12/site-packages/airflow/example_dags/example_branch_python_dop_operator_3.py
[2025-04-19T08:37:18.347+0000] {processor.py:914} INFO - Processing file /home/airflow/.local/lib/python3.12/site-packages/airflow/example_dags/example_branch_python_dop_operator_3.py for tasks to queue
[2025-04-19T08:37:18.398+0000] {logging_mixin.py:190} INFO - [2025-04-19T08:37:18.378+0000] {dagbag.py:588} INFO - Filling up the DagBag from /home/airflow/.local/lib/python3.12/site-packages/airflow/example_dags/example_branch_python_dop_operator_3.py
[2025-04-19T08:37:18.530+0000] {processor.py:925} INFO - DAG(s) 'example_branch_dop_operator_v3' retrieved from /home/airflow/.local/lib/python3.12/site-packages/airflow/example_dags/example_branch_python_dop_operator_3.py
[2025-04-19T08:37:19.093+0000] {logging_mixin.py:190} INFO - [2025-04-19T08:37:19.092+0000] {override.py:1911} INFO - Created Permission View: can delete on DAG:example_branch_dop_operator_v3
[2025-04-19T08:37:19.171+0000] {logging_mixin.py:190} INFO - [2025-04-19T08:37:19.171+0000] {override.py:1911} INFO - Created Permission View: can edit on DAG:example_branch_dop_operator_v3
[2025-04-19T08:37:19.398+0000] {logging_mixin.py:190} INFO - [2025-04-19T08:37:19.397+0000] {override.py:1911} INFO - Created Permission View: can read on DAG:example_branch_dop_operator_v3
[2025-04-19T08:37:19.434+0000] {logging_mixin.py:190} INFO - [2025-04-19T08:37:19.434+0000] {override.py:1911} INFO - Created Permission View: can delete on DAG Run:example_branch_dop_operator_v3
[2025-04-19T08:37:19.489+0000] {logging_mixin.py:190} INFO - [2025-04-19T08:37:19.488+0000] {override.py:1911} INFO - Created Permission View: can read on DAG Run:example_branch_dop_operator_v3
[2025-04-19T08:37:19.516+0000] {logging_mixin.py:190} INFO - [2025-04-19T08:37:19.516+0000] {override.py:1911} INFO - Created Permission View: can create on DAG Run:example_branch_dop_operator_v3
[2025-04-19T08:37:19.536+0000] {logging_mixin.py:190} INFO - [2025-04-19T08:37:19.536+0000] {override.py:1911} INFO - Created Permission View: menu access on DAG Run:example_branch_dop_operator_v3
[2025-04-19T08:37:19.538+0000] {logging_mixin.py:190} INFO - [2025-04-19T08:37:19.538+0000] {dag.py:3239} INFO - Sync 1 DAGs
[2025-04-19T08:37:19.610+0000] {logging_mixin.py:190} INFO - [2025-04-19T08:37:19.605+0000] {dag.py:3262} INFO - Creating ORM DAG for example_branch_dop_operator_v3
[2025-04-19T08:37:19.681+0000] {logging_mixin.py:190} INFO - [2025-04-19T08:37:19.677+0000] {dag.py:4180} INFO - Setting next_dagrun for example_branch_dop_operator_v3 to 2025-04-19 08:36:00+00:00, run_after=2025-04-19 08:37:00+00:00
[2025-04-19T08:37:19.750+0000] {processor.py:208} INFO - Processing /home/airflow/.local/lib/python3.12/site-packages/airflow/example_dags/example_branch_python_dop_operator_3.py took 1.456 seconds
[2025-04-19T08:37:51.450+0000] {processor.py:186} INFO - Started process (PID=137) to work on /home/airflow/.local/lib/python3.12/site-packages/airflow/example_dags/example_branch_python_dop_operator_3.py
[2025-04-19T08:37:51.457+0000] {processor.py:914} INFO - Processing file /home/airflow/.local/lib/python3.12/site-packages/airflow/example_dags/example_branch_python_dop_operator_3.py for tasks to queue
[2025-04-19T08:37:51.460+0000] {logging_mixin.py:190} INFO - [2025-04-19T08:37:51.460+0000] {dagbag.py:588} INFO - Filling up the DagBag from /home/airflow/.local/lib/python3.12/site-packages/airflow/example_dags/example_branch_python_dop_operator_3.py
[2025-04-19T08:37:51.472+0000] {processor.py:925} INFO - DAG(s) 'example_branch_dop_operator_v3' retrieved from /home/airflow/.local/lib/python3.12/site-packages/airflow/example_dags/example_branch_python_dop_operator_3.py
[2025-04-19T08:37:51.494+0000] {logging_mixin.py:190} INFO - [2025-04-19T08:37:51.494+0000] {dag.py:3239} INFO - Sync 1 DAGs
[2025-04-19T08:37:51.534+0000] {logging_mixin.py:190} INFO - [2025-04-19T08:37:51.534+0000] {dag.py:4180} INFO - Setting next_dagrun for example_branch_dop_operator_v3 to 2025-04-19 08:36:00+00:00, run_after=2025-04-19 08:37:00+00:00
[2025-04-19T08:37:51.552+0000] {processor.py:208} INFO - Processing /home/airflow/.local/lib/python3.12/site-packages/airflow/example_dags/example_branch_python_dop_operator_3.py took 0.108 seconds
[2025-04-19T08:38:22.432+0000] {processor.py:186} INFO - Started process (PID=198) to work on /home/airflow/.local/lib/python3.12/site-packages/airflow/example_dags/example_branch_python_dop_operator_3.py
[2025-04-19T08:38:22.435+0000] {processor.py:914} INFO - Processing file /home/airflow/.local/lib/python3.12/site-packages/airflow/example_dags/example_branch_python_dop_operator_3.py for tasks to queue
[2025-04-19T08:38:22.439+0000] {logging_mixin.py:190} INFO - [2025-04-19T08:38:22.439+0000] {dagbag.py:588} INFO - Filling up the DagBag from /home/airflow/.local/lib/python3.12/site-packages/airflow/example_dags/example_branch_python_dop_operator_3.py
[2025-04-19T08:38:22.463+0000] {processor.py:925} INFO - DAG(s) 'example_branch_dop_operator_v3' retrieved from /home/airflow/.local/lib/python3.12/site-packages/airflow/example_dags/example_branch_python_dop_operator_3.py
[2025-04-19T08:38:22.506+0000] {logging_mixin.py:190} INFO - [2025-04-19T08:38:22.506+0000] {dag.py:3239} INFO - Sync 1 DAGs
[2025-04-19T08:38:22.546+0000] {logging_mixin.py:190} INFO - [2025-04-19T08:38:22.546+0000] {dag.py:4180} INFO - Setting next_dagrun for example_branch_dop_operator_v3 to 2025-04-19 08:37:00+00:00, run_after=2025-04-19 08:38:00+00:00
[2025-04-19T08:38:22.563+0000] {processor.py:208} INFO - Processing /home/airflow/.local/lib/python3.12/site-packages/airflow/example_dags/example_branch_python_dop_operator_3.py took 0.143 seconds
[2025-04-19T08:38:53.485+0000] {processor.py:186} INFO - Started process (PID=259) to work on /home/airflow/.local/lib/python3.12/site-packages/airflow/example_dags/example_branch_python_dop_operator_3.py
[2025-04-19T08:38:53.486+0000] {processor.py:914} INFO - Processing file /home/airflow/.local/lib/python3.12/site-packages/airflow/example_dags/example_branch_python_dop_operator_3.py for tasks to queue
[2025-04-19T08:38:53.488+0000] {logging_mixin.py:190} INFO - [2025-04-19T08:38:53.488+0000] {dagbag.py:588} INFO - Filling up the DagBag from /home/airflow/.local/lib/python3.12/site-packages/airflow/example_dags/example_branch_python_dop_operator_3.py
[2025-04-19T08:38:53.500+0000] {processor.py:925} INFO - DAG(s) 'example_branch_dop_operator_v3' retrieved from /home/airflow/.local/lib/python3.12/site-packages/airflow/example_dags/example_branch_python_dop_operator_3.py
[2025-04-19T08:38:53.523+0000] {logging_mixin.py:190} INFO - [2025-04-19T08:38:53.523+0000] {dag.py:3239} INFO - Sync 1 DAGs
[2025-04-19T08:38:53.554+0000] {logging_mixin.py:190} INFO - [2025-04-19T08:38:53.553+0000] {dag.py:4180} INFO - Setting next_dagrun for example_branch_dop_operator_v3 to 2025-04-19 08:37:00+00:00, run_after=2025-04-19 08:38:00+00:00
[2025-04-19T08:38:53.571+0000] {processor.py:208} INFO - Processing /home/airflow/.local/lib/python3.12/site-packages/airflow/example_dags/example_branch_python_dop_operator_3.py took 0.091 seconds
[2025-04-19T08:39:23.735+0000] {processor.py:186} INFO - Started process (PID=322) to work on /home/airflow/.local/lib/python3.12/site-packages/airflow/example_dags/example_branch_python_dop_operator_3.py
[2025-04-19T08:39:23.737+0000] {processor.py:914} INFO - Processing file /home/airflow/.local/lib/python3.12/site-packages/airflow/example_dags/example_branch_python_dop_operator_3.py for tasks to queue
[2025-04-19T08:39:23.739+0000] {logging_mixin.py:190} INFO - [2025-04-19T08:39:23.739+0000] {dagbag.py:588} INFO - Filling up the DagBag from /home/airflow/.local/lib/python3.12/site-packages/airflow/example_dags/example_branch_python_dop_operator_3.py
[2025-04-19T08:39:23.751+0000] {processor.py:925} INFO - DAG(s) 'example_branch_dop_operator_v3' retrieved from /home/airflow/.local/lib/python3.12/site-packages/airflow/example_dags/example_branch_python_dop_operator_3.py
[2025-04-19T08:39:23.807+0000] {logging_mixin.py:190} INFO - [2025-04-19T08:39:23.807+0000] {dag.py:3239} INFO - Sync 1 DAGs
[2025-04-19T08:39:23.847+0000] {logging_mixin.py:190} INFO - [2025-04-19T08:39:23.846+0000] {dag.py:4180} INFO - Setting next_dagrun for example_branch_dop_operator_v3 to 2025-04-19 08:38:00+00:00, run_after=2025-04-19 08:39:00+00:00
[2025-04-19T08:39:23.865+0000] {processor.py:208} INFO - Processing /home/airflow/.local/lib/python3.12/site-packages/airflow/example_dags/example_branch_python_dop_operator_3.py took 0.136 seconds
[2025-04-19T08:39:54.246+0000] {processor.py:186} INFO - Started process (PID=382) to work on /home/airflow/.local/lib/python3.12/site-packages/airflow/example_dags/example_branch_python_dop_operator_3.py
[2025-04-19T08:39:54.246+0000] {processor.py:914} INFO - Processing file /home/airflow/.local/lib/python3.12/site-packages/airflow/example_dags/example_branch_python_dop_operator_3.py for tasks to queue
[2025-04-19T08:39:54.249+0000] {logging_mixin.py:190} INFO - [2025-04-19T08:39:54.248+0000] {dagbag.py:588} INFO - Filling up the DagBag from /home/airflow/.local/lib/python3.12/site-packages/airflow/example_dags/example_branch_python_dop_operator_3.py
[2025-04-19T08:39:54.259+0000] {processor.py:925} INFO - DAG(s) 'example_branch_dop_operator_v3' retrieved from /home/airflow/.local/lib/python3.12/site-packages/airflow/example_dags/example_branch_python_dop_operator_3.py
[2025-04-19T08:39:54.281+0000] {logging_mixin.py:190} INFO - [2025-04-19T08:39:54.281+0000] {dag.py:3239} INFO - Sync 1 DAGs
[2025-04-19T08:39:54.313+0000] {logging_mixin.py:190} INFO - [2025-04-19T08:39:54.313+0000] {dag.py:4180} INFO - Setting next_dagrun for example_branch_dop_operator_v3 to 2025-04-19 08:38:00+00:00, run_after=2025-04-19 08:39:00+00:00
[2025-04-19T08:39:54.331+0000] {processor.py:208} INFO - Processing /home/airflow/.local/lib/python3.12/site-packages/airflow/example_dags/example_branch_python_dop_operator_3.py took 0.091 seconds
[2025-04-19T08:40:24.419+0000] {processor.py:186} INFO - Started process (PID=445) to work on /home/airflow/.local/lib/python3.12/site-packages/airflow/example_dags/example_branch_python_dop_operator_3.py
[2025-04-19T08:40:24.419+0000] {processor.py:914} INFO - Processing file /home/airflow/.local/lib/python3.12/site-packages/airflow/example_dags/example_branch_python_dop_operator_3.py for tasks to queue
[2025-04-19T08:40:24.422+0000] {logging_mixin.py:190} INFO - [2025-04-19T08:40:24.422+0000] {dagbag.py:588} INFO - Filling up the DagBag from /home/airflow/.local/lib/python3.12/site-packages/airflow/example_dags/example_branch_python_dop_operator_3.py
[2025-04-19T08:40:24.433+0000] {processor.py:925} INFO - DAG(s) 'example_branch_dop_operator_v3' retrieved from /home/airflow/.local/lib/python3.12/site-packages/airflow/example_dags/example_branch_python_dop_operator_3.py
[2025-04-19T08:40:24.454+0000] {logging_mixin.py:190} INFO - [2025-04-19T08:40:24.454+0000] {dag.py:3239} INFO - Sync 1 DAGs
[2025-04-19T08:40:24.485+0000] {logging_mixin.py:190} INFO - [2025-04-19T08:40:24.484+0000] {dag.py:4180} INFO - Setting next_dagrun for example_branch_dop_operator_v3 to 2025-04-19 08:39:00+00:00, run_after=2025-04-19 08:40:00+00:00
[2025-04-19T08:40:24.506+0000] {processor.py:208} INFO - Processing /home/airflow/.local/lib/python3.12/site-packages/airflow/example_dags/example_branch_python_dop_operator_3.py took 0.094 seconds
[2025-04-19T08:40:54.605+0000] {processor.py:186} INFO - Started process (PID=507) to work on /home/airflow/.local/lib/python3.12/site-packages/airflow/example_dags/example_branch_python_dop_operator_3.py
[2025-04-19T08:40:54.605+0000] {processor.py:914} INFO - Processing file /home/airflow/.local/lib/python3.12/site-packages/airflow/example_dags/example_branch_python_dop_operator_3.py for tasks to queue
[2025-04-19T08:40:54.607+0000] {logging_mixin.py:190} INFO - [2025-04-19T08:40:54.607+0000] {dagbag.py:588} INFO - Filling up the DagBag from /home/airflow/.local/lib/python3.12/site-packages/airflow/example_dags/example_branch_python_dop_operator_3.py
[2025-04-19T08:40:54.615+0000] {processor.py:925} INFO - DAG(s) 'example_branch_dop_operator_v3' retrieved from /home/airflow/.local/lib/python3.12/site-packages/airflow/example_dags/example_branch_python_dop_operator_3.py
[2025-04-19T08:40:54.632+0000] {logging_mixin.py:190} INFO - [2025-04-19T08:40:54.631+0000] {dag.py:3239} INFO - Sync 1 DAGs
[2025-04-19T08:40:54.651+0000] {logging_mixin.py:190} INFO - [2025-04-19T08:40:54.651+0000] {dag.py:4180} INFO - Setting next_dagrun for example_branch_dop_operator_v3 to 2025-04-19 08:39:00+00:00, run_after=2025-04-19 08:40:00+00:00
[2025-04-19T08:40:54.664+0000] {processor.py:208} INFO - Processing /home/airflow/.local/lib/python3.12/site-packages/airflow/example_dags/example_branch_python_dop_operator_3.py took 0.064 seconds
