[2025-04-19T08:37:28.526+0000] {processor.py:186} INFO - Started process (PID=91) to work on /home/airflow/.local/lib/python3.12/site-packages/airflow/example_dags/example_bash_operator.py
[2025-04-19T08:37:28.528+0000] {processor.py:914} INFO - Processing file /home/airflow/.local/lib/python3.12/site-packages/airflow/example_dags/example_bash_operator.py for tasks to queue
[2025-04-19T08:37:28.534+0000] {logging_mixin.py:190} INFO - [2025-04-19T08:37:28.533+0000] {dagbag.py:588} INFO - Filling up the DagBag from /home/airflow/.local/lib/python3.12/site-packages/airflow/example_dags/example_bash_operator.py
[2025-04-19T08:37:28.569+0000] {processor.py:925} INFO - DAG(s) 'example_bash_operator' retrieved from /home/airflow/.local/lib/python3.12/site-packages/airflow/example_dags/example_bash_operator.py
[2025-04-19T08:37:29.147+0000] {logging_mixin.py:190} INFO - [2025-04-19T08:37:29.146+0000] {override.py:1911} INFO - Created Permission View: can delete on DAG:example_bash_operator
[2025-04-19T08:37:29.182+0000] {logging_mixin.py:190} INFO - [2025-04-19T08:37:29.181+0000] {override.py:1911} INFO - Created Permission View: can edit on DAG:example_bash_operator
[2025-04-19T08:37:29.215+0000] {logging_mixin.py:190} INFO - [2025-04-19T08:37:29.215+0000] {override.py:1911} INFO - Created Permission View: can read on DAG:example_bash_operator
[2025-04-19T08:37:29.245+0000] {logging_mixin.py:190} INFO - [2025-04-19T08:37:29.244+0000] {override.py:1911} INFO - Created Permission View: can delete on DAG Run:example_bash_operator
[2025-04-19T08:37:29.269+0000] {logging_mixin.py:190} INFO - [2025-04-19T08:37:29.268+0000] {override.py:1911} INFO - Created Permission View: can read on DAG Run:example_bash_operator
[2025-04-19T08:37:29.289+0000] {logging_mixin.py:190} INFO - [2025-04-19T08:37:29.289+0000] {override.py:1911} INFO - Created Permission View: can create on DAG Run:example_bash_operator
[2025-04-19T08:37:29.301+0000] {logging_mixin.py:190} INFO - [2025-04-19T08:37:29.301+0000] {override.py:1911} INFO - Created Permission View: menu access on DAG Run:example_bash_operator
[2025-04-19T08:37:29.303+0000] {logging_mixin.py:190} INFO - [2025-04-19T08:37:29.303+0000] {dag.py:3239} INFO - Sync 1 DAGs
[2025-04-19T08:37:29.345+0000] {logging_mixin.py:190} INFO - [2025-04-19T08:37:29.344+0000] {dag.py:3262} INFO - Creating ORM DAG for example_bash_operator
[2025-04-19T08:37:29.405+0000] {logging_mixin.py:190} INFO - [2025-04-19T08:37:29.401+0000] {dag.py:4180} INFO - Setting next_dagrun for example_bash_operator to 2025-04-18 00:00:00+00:00, run_after=2025-04-19 00:00:00+00:00
[2025-04-19T08:37:29.500+0000] {processor.py:208} INFO - Processing /home/airflow/.local/lib/python3.12/site-packages/airflow/example_dags/example_bash_operator.py took 0.986 seconds
[2025-04-19T08:38:00.362+0000] {processor.py:186} INFO - Started process (PID=154) to work on /home/airflow/.local/lib/python3.12/site-packages/airflow/example_dags/example_bash_operator.py
[2025-04-19T08:38:00.363+0000] {processor.py:914} INFO - Processing file /home/airflow/.local/lib/python3.12/site-packages/airflow/example_dags/example_bash_operator.py for tasks to queue
[2025-04-19T08:38:00.365+0000] {logging_mixin.py:190} INFO - [2025-04-19T08:38:00.364+0000] {dagbag.py:588} INFO - Filling up the DagBag from /home/airflow/.local/lib/python3.12/site-packages/airflow/example_dags/example_bash_operator.py
[2025-04-19T08:38:00.376+0000] {processor.py:925} INFO - DAG(s) 'example_bash_operator' retrieved from /home/airflow/.local/lib/python3.12/site-packages/airflow/example_dags/example_bash_operator.py
[2025-04-19T08:38:00.395+0000] {logging_mixin.py:190} INFO - [2025-04-19T08:38:00.395+0000] {dag.py:3239} INFO - Sync 1 DAGs
[2025-04-19T08:38:00.413+0000] {logging_mixin.py:190} INFO - [2025-04-19T08:38:00.413+0000] {dag.py:4180} INFO - Setting next_dagrun for example_bash_operator to 2025-04-18 00:00:00+00:00, run_after=2025-04-19 00:00:00+00:00
[2025-04-19T08:38:00.426+0000] {processor.py:208} INFO - Processing /home/airflow/.local/lib/python3.12/site-packages/airflow/example_dags/example_bash_operator.py took 0.069 seconds
[2025-04-19T08:38:31.010+0000] {processor.py:186} INFO - Started process (PID=216) to work on /home/airflow/.local/lib/python3.12/site-packages/airflow/example_dags/example_bash_operator.py
[2025-04-19T08:38:31.010+0000] {processor.py:914} INFO - Processing file /home/airflow/.local/lib/python3.12/site-packages/airflow/example_dags/example_bash_operator.py for tasks to queue
[2025-04-19T08:38:31.019+0000] {logging_mixin.py:190} INFO - [2025-04-19T08:38:31.019+0000] {dagbag.py:588} INFO - Filling up the DagBag from /home/airflow/.local/lib/python3.12/site-packages/airflow/example_dags/example_bash_operator.py
[2025-04-19T08:38:31.060+0000] {processor.py:925} INFO - DAG(s) 'example_bash_operator' retrieved from /home/airflow/.local/lib/python3.12/site-packages/airflow/example_dags/example_bash_operator.py
[2025-04-19T08:38:31.134+0000] {logging_mixin.py:190} INFO - [2025-04-19T08:38:31.133+0000] {dag.py:3239} INFO - Sync 1 DAGs
[2025-04-19T08:38:31.193+0000] {logging_mixin.py:190} INFO - [2025-04-19T08:38:31.193+0000] {dag.py:4180} INFO - Setting next_dagrun for example_bash_operator to 2025-04-18 00:00:00+00:00, run_after=2025-04-19 00:00:00+00:00
[2025-04-19T08:38:31.234+0000] {processor.py:208} INFO - Processing /home/airflow/.local/lib/python3.12/site-packages/airflow/example_dags/example_bash_operator.py took 0.241 seconds
[2025-04-19T08:39:02.250+0000] {processor.py:186} INFO - Started process (PID=278) to work on /home/airflow/.local/lib/python3.12/site-packages/airflow/example_dags/example_bash_operator.py
[2025-04-19T08:39:02.251+0000] {processor.py:914} INFO - Processing file /home/airflow/.local/lib/python3.12/site-packages/airflow/example_dags/example_bash_operator.py for tasks to queue
[2025-04-19T08:39:02.254+0000] {logging_mixin.py:190} INFO - [2025-04-19T08:39:02.254+0000] {dagbag.py:588} INFO - Filling up the DagBag from /home/airflow/.local/lib/python3.12/site-packages/airflow/example_dags/example_bash_operator.py
[2025-04-19T08:39:02.268+0000] {processor.py:925} INFO - DAG(s) 'example_bash_operator' retrieved from /home/airflow/.local/lib/python3.12/site-packages/airflow/example_dags/example_bash_operator.py
[2025-04-19T08:39:02.300+0000] {logging_mixin.py:190} INFO - [2025-04-19T08:39:02.300+0000] {dag.py:3239} INFO - Sync 1 DAGs
[2025-04-19T08:39:02.328+0000] {logging_mixin.py:190} INFO - [2025-04-19T08:39:02.327+0000] {dag.py:4180} INFO - Setting next_dagrun for example_bash_operator to 2025-04-18 00:00:00+00:00, run_after=2025-04-19 00:00:00+00:00
[2025-04-19T08:39:02.345+0000] {processor.py:208} INFO - Processing /home/airflow/.local/lib/python3.12/site-packages/airflow/example_dags/example_bash_operator.py took 0.101 seconds
[2025-04-19T08:39:32.488+0000] {processor.py:186} INFO - Started process (PID=341) to work on /home/airflow/.local/lib/python3.12/site-packages/airflow/example_dags/example_bash_operator.py
[2025-04-19T08:39:32.490+0000] {processor.py:914} INFO - Processing file /home/airflow/.local/lib/python3.12/site-packages/airflow/example_dags/example_bash_operator.py for tasks to queue
[2025-04-19T08:39:32.493+0000] {logging_mixin.py:190} INFO - [2025-04-19T08:39:32.492+0000] {dagbag.py:588} INFO - Filling up the DagBag from /home/airflow/.local/lib/python3.12/site-packages/airflow/example_dags/example_bash_operator.py
[2025-04-19T08:39:32.513+0000] {processor.py:925} INFO - DAG(s) 'example_bash_operator' retrieved from /home/airflow/.local/lib/python3.12/site-packages/airflow/example_dags/example_bash_operator.py
[2025-04-19T08:39:32.564+0000] {logging_mixin.py:190} INFO - [2025-04-19T08:39:32.564+0000] {dag.py:3239} INFO - Sync 1 DAGs
[2025-04-19T08:39:32.591+0000] {logging_mixin.py:190} INFO - [2025-04-19T08:39:32.591+0000] {dag.py:4180} INFO - Setting next_dagrun for example_bash_operator to 2025-04-18 00:00:00+00:00, run_after=2025-04-19 00:00:00+00:00
[2025-04-19T08:39:32.609+0000] {processor.py:208} INFO - Processing /home/airflow/.local/lib/python3.12/site-packages/airflow/example_dags/example_bash_operator.py took 0.132 seconds
[2025-04-19T08:40:03.638+0000] {processor.py:186} INFO - Started process (PID=403) to work on /home/airflow/.local/lib/python3.12/site-packages/airflow/example_dags/example_bash_operator.py
[2025-04-19T08:40:03.639+0000] {processor.py:914} INFO - Processing file /home/airflow/.local/lib/python3.12/site-packages/airflow/example_dags/example_bash_operator.py for tasks to queue
[2025-04-19T08:40:03.642+0000] {logging_mixin.py:190} INFO - [2025-04-19T08:40:03.642+0000] {dagbag.py:588} INFO - Filling up the DagBag from /home/airflow/.local/lib/python3.12/site-packages/airflow/example_dags/example_bash_operator.py
[2025-04-19T08:40:03.656+0000] {processor.py:925} INFO - DAG(s) 'example_bash_operator' retrieved from /home/airflow/.local/lib/python3.12/site-packages/airflow/example_dags/example_bash_operator.py
[2025-04-19T08:40:03.687+0000] {logging_mixin.py:190} INFO - [2025-04-19T08:40:03.687+0000] {dag.py:3239} INFO - Sync 1 DAGs
[2025-04-19T08:40:03.715+0000] {logging_mixin.py:190} INFO - [2025-04-19T08:40:03.715+0000] {dag.py:4180} INFO - Setting next_dagrun for example_bash_operator to 2025-04-18 00:00:00+00:00, run_after=2025-04-19 00:00:00+00:00
[2025-04-19T08:40:03.734+0000] {processor.py:208} INFO - Processing /home/airflow/.local/lib/python3.12/site-packages/airflow/example_dags/example_bash_operator.py took 0.101 seconds
[2025-04-19T08:40:33.845+0000] {processor.py:186} INFO - Started process (PID=466) to work on /home/airflow/.local/lib/python3.12/site-packages/airflow/example_dags/example_bash_operator.py
[2025-04-19T08:40:33.845+0000] {processor.py:914} INFO - Processing file /home/airflow/.local/lib/python3.12/site-packages/airflow/example_dags/example_bash_operator.py for tasks to queue
[2025-04-19T08:40:33.848+0000] {logging_mixin.py:190} INFO - [2025-04-19T08:40:33.848+0000] {dagbag.py:588} INFO - Filling up the DagBag from /home/airflow/.local/lib/python3.12/site-packages/airflow/example_dags/example_bash_operator.py
[2025-04-19T08:40:33.862+0000] {processor.py:925} INFO - DAG(s) 'example_bash_operator' retrieved from /home/airflow/.local/lib/python3.12/site-packages/airflow/example_dags/example_bash_operator.py
[2025-04-19T08:40:33.894+0000] {logging_mixin.py:190} INFO - [2025-04-19T08:40:33.893+0000] {dag.py:3239} INFO - Sync 1 DAGs
[2025-04-19T08:40:33.925+0000] {logging_mixin.py:190} INFO - [2025-04-19T08:40:33.924+0000] {dag.py:4180} INFO - Setting next_dagrun for example_bash_operator to 2025-04-18 00:00:00+00:00, run_after=2025-04-19 00:00:00+00:00
[2025-04-19T08:40:33.941+0000] {processor.py:208} INFO - Processing /home/airflow/.local/lib/python3.12/site-packages/airflow/example_dags/example_bash_operator.py took 0.102 seconds
[2025-04-19T08:41:04.413+0000] {processor.py:186} INFO - Started process (PID=529) to work on /home/airflow/.local/lib/python3.12/site-packages/airflow/example_dags/example_bash_operator.py
[2025-04-19T08:41:04.416+0000] {processor.py:914} INFO - Processing file /home/airflow/.local/lib/python3.12/site-packages/airflow/example_dags/example_bash_operator.py for tasks to queue
[2025-04-19T08:41:04.419+0000] {logging_mixin.py:190} INFO - [2025-04-19T08:41:04.419+0000] {dagbag.py:588} INFO - Filling up the DagBag from /home/airflow/.local/lib/python3.12/site-packages/airflow/example_dags/example_bash_operator.py
[2025-04-19T08:41:04.437+0000] {processor.py:925} INFO - DAG(s) 'example_bash_operator' retrieved from /home/airflow/.local/lib/python3.12/site-packages/airflow/example_dags/example_bash_operator.py
[2025-04-19T08:41:04.466+0000] {logging_mixin.py:190} INFO - [2025-04-19T08:41:04.466+0000] {dag.py:3239} INFO - Sync 1 DAGs
[2025-04-19T08:41:04.493+0000] {logging_mixin.py:190} INFO - [2025-04-19T08:41:04.492+0000] {dag.py:4180} INFO - Setting next_dagrun for example_bash_operator to 2025-04-18 00:00:00+00:00, run_after=2025-04-19 00:00:00+00:00
[2025-04-19T08:41:04.510+0000] {processor.py:208} INFO - Processing /home/airflow/.local/lib/python3.12/site-packages/airflow/example_dags/example_bash_operator.py took 0.103 seconds
