[2025-04-19T08:37:45.523+0000] {processor.py:186} INFO - Started process (PID=122) to work on /home/airflow/.local/lib/python3.12/site-packages/airflow/example_dags/example_skip_dag.py
[2025-04-19T08:37:45.524+0000] {processor.py:914} INFO - Processing file /home/airflow/.local/lib/python3.12/site-packages/airflow/example_dags/example_skip_dag.py for tasks to queue
[2025-04-19T08:37:45.526+0000] {logging_mixin.py:190} INFO - [2025-04-19T08:37:45.526+0000] {dagbag.py:588} INFO - Filling up the DagBag from /home/airflow/.local/lib/python3.12/site-packages/airflow/example_dags/example_skip_dag.py
[2025-04-19T08:37:45.538+0000] {processor.py:925} INFO - DAG(s) 'example_skip_dag' retrieved from /home/airflow/.local/lib/python3.12/site-packages/airflow/example_dags/example_skip_dag.py
[2025-04-19T08:37:46.062+0000] {logging_mixin.py:190} INFO - [2025-04-19T08:37:46.052+0000] {override.py:1911} INFO - Created Permission View: can delete on DAG:example_skip_dag
[2025-04-19T08:37:46.101+0000] {logging_mixin.py:190} INFO - [2025-04-19T08:37:46.101+0000] {override.py:1911} INFO - Created Permission View: can edit on DAG:example_skip_dag
[2025-04-19T08:37:46.132+0000] {logging_mixin.py:190} INFO - [2025-04-19T08:37:46.131+0000] {override.py:1911} INFO - Created Permission View: can read on DAG:example_skip_dag
[2025-04-19T08:37:46.155+0000] {logging_mixin.py:190} INFO - [2025-04-19T08:37:46.155+0000] {override.py:1911} INFO - Created Permission View: can delete on DAG Run:example_skip_dag
[2025-04-19T08:37:46.193+0000] {logging_mixin.py:190} INFO - [2025-04-19T08:37:46.193+0000] {override.py:1911} INFO - Created Permission View: can read on DAG Run:example_skip_dag
[2025-04-19T08:37:46.212+0000] {logging_mixin.py:190} INFO - [2025-04-19T08:37:46.212+0000] {override.py:1911} INFO - Created Permission View: can create on DAG Run:example_skip_dag
[2025-04-19T08:37:46.234+0000] {logging_mixin.py:190} INFO - [2025-04-19T08:37:46.234+0000] {override.py:1911} INFO - Created Permission View: menu access on DAG Run:example_skip_dag
[2025-04-19T08:37:46.234+0000] {logging_mixin.py:190} INFO - [2025-04-19T08:37:46.234+0000] {dag.py:3239} INFO - Sync 1 DAGs
[2025-04-19T08:37:46.299+0000] {logging_mixin.py:190} INFO - [2025-04-19T08:37:46.297+0000] {dag.py:3262} INFO - Creating ORM DAG for example_skip_dag
[2025-04-19T08:37:46.322+0000] {logging_mixin.py:190} INFO - [2025-04-19T08:37:46.321+0000] {dag.py:4180} INFO - Setting next_dagrun for example_skip_dag to 2025-04-18 00:00:00+00:00, run_after=2025-04-19 00:00:00+00:00
[2025-04-19T08:37:46.351+0000] {processor.py:208} INFO - Processing /home/airflow/.local/lib/python3.12/site-packages/airflow/example_dags/example_skip_dag.py took 0.834 seconds
[2025-04-19T08:38:16.743+0000] {processor.py:186} INFO - Started process (PID=183) to work on /home/airflow/.local/lib/python3.12/site-packages/airflow/example_dags/example_skip_dag.py
[2025-04-19T08:38:16.744+0000] {processor.py:914} INFO - Processing file /home/airflow/.local/lib/python3.12/site-packages/airflow/example_dags/example_skip_dag.py for tasks to queue
[2025-04-19T08:38:16.746+0000] {logging_mixin.py:190} INFO - [2025-04-19T08:38:16.746+0000] {dagbag.py:588} INFO - Filling up the DagBag from /home/airflow/.local/lib/python3.12/site-packages/airflow/example_dags/example_skip_dag.py
[2025-04-19T08:38:16.754+0000] {processor.py:925} INFO - DAG(s) 'example_skip_dag' retrieved from /home/airflow/.local/lib/python3.12/site-packages/airflow/example_dags/example_skip_dag.py
[2025-04-19T08:38:16.800+0000] {logging_mixin.py:190} INFO - [2025-04-19T08:38:16.799+0000] {dag.py:3239} INFO - Sync 1 DAGs
[2025-04-19T08:38:16.837+0000] {logging_mixin.py:190} INFO - [2025-04-19T08:38:16.837+0000] {dag.py:4180} INFO - Setting next_dagrun for example_skip_dag to 2025-04-18 00:00:00+00:00, run_after=2025-04-19 00:00:00+00:00
[2025-04-19T08:38:16.859+0000] {processor.py:208} INFO - Processing /home/airflow/.local/lib/python3.12/site-packages/airflow/example_dags/example_skip_dag.py took 0.123 seconds
[2025-04-19T08:38:47.050+0000] {processor.py:186} INFO - Started process (PID=245) to work on /home/airflow/.local/lib/python3.12/site-packages/airflow/example_dags/example_skip_dag.py
[2025-04-19T08:38:47.053+0000] {processor.py:914} INFO - Processing file /home/airflow/.local/lib/python3.12/site-packages/airflow/example_dags/example_skip_dag.py for tasks to queue
[2025-04-19T08:38:47.057+0000] {logging_mixin.py:190} INFO - [2025-04-19T08:38:47.057+0000] {dagbag.py:588} INFO - Filling up the DagBag from /home/airflow/.local/lib/python3.12/site-packages/airflow/example_dags/example_skip_dag.py
[2025-04-19T08:38:47.082+0000] {processor.py:925} INFO - DAG(s) 'example_skip_dag' retrieved from /home/airflow/.local/lib/python3.12/site-packages/airflow/example_dags/example_skip_dag.py
[2025-04-19T08:38:47.129+0000] {logging_mixin.py:190} INFO - [2025-04-19T08:38:47.129+0000] {dag.py:3239} INFO - Sync 1 DAGs
[2025-04-19T08:38:47.168+0000] {logging_mixin.py:190} INFO - [2025-04-19T08:38:47.168+0000] {dag.py:4180} INFO - Setting next_dagrun for example_skip_dag to 2025-04-18 00:00:00+00:00, run_after=2025-04-19 00:00:00+00:00
[2025-04-19T08:38:47.190+0000] {processor.py:208} INFO - Processing /home/airflow/.local/lib/python3.12/site-packages/airflow/example_dags/example_skip_dag.py took 0.146 seconds
[2025-04-19T08:39:17.450+0000] {processor.py:186} INFO - Started process (PID=307) to work on /home/airflow/.local/lib/python3.12/site-packages/airflow/example_dags/example_skip_dag.py
[2025-04-19T08:39:17.450+0000] {processor.py:914} INFO - Processing file /home/airflow/.local/lib/python3.12/site-packages/airflow/example_dags/example_skip_dag.py for tasks to queue
[2025-04-19T08:39:17.453+0000] {logging_mixin.py:190} INFO - [2025-04-19T08:39:17.453+0000] {dagbag.py:588} INFO - Filling up the DagBag from /home/airflow/.local/lib/python3.12/site-packages/airflow/example_dags/example_skip_dag.py
[2025-04-19T08:39:17.463+0000] {processor.py:925} INFO - DAG(s) 'example_skip_dag' retrieved from /home/airflow/.local/lib/python3.12/site-packages/airflow/example_dags/example_skip_dag.py
[2025-04-19T08:39:17.487+0000] {logging_mixin.py:190} INFO - [2025-04-19T08:39:17.486+0000] {dag.py:3239} INFO - Sync 1 DAGs
[2025-04-19T08:39:17.517+0000] {logging_mixin.py:190} INFO - [2025-04-19T08:39:17.517+0000] {dag.py:4180} INFO - Setting next_dagrun for example_skip_dag to 2025-04-18 00:00:00+00:00, run_after=2025-04-19 00:00:00+00:00
[2025-04-19T08:39:17.535+0000] {processor.py:208} INFO - Processing /home/airflow/.local/lib/python3.12/site-packages/airflow/example_dags/example_skip_dag.py took 0.097 seconds
[2025-04-19T08:39:48.153+0000] {processor.py:186} INFO - Started process (PID=369) to work on /home/airflow/.local/lib/python3.12/site-packages/airflow/example_dags/example_skip_dag.py
[2025-04-19T08:39:48.158+0000] {processor.py:914} INFO - Processing file /home/airflow/.local/lib/python3.12/site-packages/airflow/example_dags/example_skip_dag.py for tasks to queue
[2025-04-19T08:39:48.163+0000] {logging_mixin.py:190} INFO - [2025-04-19T08:39:48.162+0000] {dagbag.py:588} INFO - Filling up the DagBag from /home/airflow/.local/lib/python3.12/site-packages/airflow/example_dags/example_skip_dag.py
[2025-04-19T08:39:48.175+0000] {processor.py:925} INFO - DAG(s) 'example_skip_dag' retrieved from /home/airflow/.local/lib/python3.12/site-packages/airflow/example_dags/example_skip_dag.py
[2025-04-19T08:39:48.216+0000] {logging_mixin.py:190} INFO - [2025-04-19T08:39:48.216+0000] {dag.py:3239} INFO - Sync 1 DAGs
[2025-04-19T08:39:48.246+0000] {logging_mixin.py:190} INFO - [2025-04-19T08:39:48.245+0000] {dag.py:4180} INFO - Setting next_dagrun for example_skip_dag to 2025-04-18 00:00:00+00:00, run_after=2025-04-19 00:00:00+00:00
[2025-04-19T08:39:48.264+0000] {processor.py:208} INFO - Processing /home/airflow/.local/lib/python3.12/site-packages/airflow/example_dags/example_skip_dag.py took 0.127 seconds
[2025-04-19T08:40:19.068+0000] {processor.py:186} INFO - Started process (PID=432) to work on /home/airflow/.local/lib/python3.12/site-packages/airflow/example_dags/example_skip_dag.py
[2025-04-19T08:40:19.070+0000] {processor.py:914} INFO - Processing file /home/airflow/.local/lib/python3.12/site-packages/airflow/example_dags/example_skip_dag.py for tasks to queue
[2025-04-19T08:40:19.074+0000] {logging_mixin.py:190} INFO - [2025-04-19T08:40:19.073+0000] {dagbag.py:588} INFO - Filling up the DagBag from /home/airflow/.local/lib/python3.12/site-packages/airflow/example_dags/example_skip_dag.py
[2025-04-19T08:40:19.082+0000] {processor.py:925} INFO - DAG(s) 'example_skip_dag' retrieved from /home/airflow/.local/lib/python3.12/site-packages/airflow/example_dags/example_skip_dag.py
[2025-04-19T08:40:19.105+0000] {logging_mixin.py:190} INFO - [2025-04-19T08:40:19.105+0000] {dag.py:3239} INFO - Sync 1 DAGs
[2025-04-19T08:40:19.137+0000] {logging_mixin.py:190} INFO - [2025-04-19T08:40:19.137+0000] {dag.py:4180} INFO - Setting next_dagrun for example_skip_dag to 2025-04-18 00:00:00+00:00, run_after=2025-04-19 00:00:00+00:00
[2025-04-19T08:40:19.156+0000] {processor.py:208} INFO - Processing /home/airflow/.local/lib/python3.12/site-packages/airflow/example_dags/example_skip_dag.py took 0.098 seconds
[2025-04-19T08:40:49.340+0000] {processor.py:186} INFO - Started process (PID=495) to work on /home/airflow/.local/lib/python3.12/site-packages/airflow/example_dags/example_skip_dag.py
[2025-04-19T08:40:49.344+0000] {processor.py:914} INFO - Processing file /home/airflow/.local/lib/python3.12/site-packages/airflow/example_dags/example_skip_dag.py for tasks to queue
[2025-04-19T08:40:49.348+0000] {logging_mixin.py:190} INFO - [2025-04-19T08:40:49.348+0000] {dagbag.py:588} INFO - Filling up the DagBag from /home/airflow/.local/lib/python3.12/site-packages/airflow/example_dags/example_skip_dag.py
[2025-04-19T08:40:49.373+0000] {processor.py:925} INFO - DAG(s) 'example_skip_dag' retrieved from /home/airflow/.local/lib/python3.12/site-packages/airflow/example_dags/example_skip_dag.py
[2025-04-19T08:40:49.436+0000] {logging_mixin.py:190} INFO - [2025-04-19T08:40:49.436+0000] {dag.py:3239} INFO - Sync 1 DAGs
[2025-04-19T08:40:49.526+0000] {logging_mixin.py:190} INFO - [2025-04-19T08:40:49.526+0000] {dag.py:4180} INFO - Setting next_dagrun for example_skip_dag to 2025-04-18 00:00:00+00:00, run_after=2025-04-19 00:00:00+00:00
[2025-04-19T08:40:49.575+0000] {processor.py:208} INFO - Processing /home/airflow/.local/lib/python3.12/site-packages/airflow/example_dags/example_skip_dag.py took 0.249 seconds
