[2025-04-19T08:37:29.172+0000] {processor.py:186} INFO - Started process (PID=92) to work on /home/airflow/.local/lib/python3.12/site-packages/airflow/example_dags/example_datasets.py
[2025-04-19T08:37:29.173+0000] {processor.py:914} INFO - Processing file /home/airflow/.local/lib/python3.12/site-packages/airflow/example_dags/example_datasets.py for tasks to queue
[2025-04-19T08:37:29.182+0000] {logging_mixin.py:190} INFO - [2025-04-19T08:37:29.182+0000] {dagbag.py:588} INFO - Filling up the DagBag from /home/airflow/.local/lib/python3.12/site-packages/airflow/example_dags/example_datasets.py
[2025-04-19T08:37:35.721+0000] {processor.py:925} INFO - DAG(s) 'dataset_produces_2', 'consume_1_and_2_with_dataset_expressions', 'consume_1_or_2_with_dataset_expressions', 'dataset_produces_1', 'conditional_dataset_and_time_based_timetable', 'consume_1_or_both_2_and_3_with_dataset_expressions', 'dataset_consumes_1_never_scheduled', 'dataset_consumes_unknown_never_scheduled', 'dataset_consumes_1', 'dataset_consumes_1_and_2' retrieved from /home/airflow/.local/lib/python3.12/site-packages/airflow/example_dags/example_datasets.py
[2025-04-19T08:37:36.163+0000] {logging_mixin.py:190} INFO - [2025-04-19T08:37:36.162+0000] {override.py:1911} INFO - Created Permission View: can delete on DAG:dataset_produces_2
[2025-04-19T08:37:36.184+0000] {logging_mixin.py:190} INFO - [2025-04-19T08:37:36.184+0000] {override.py:1911} INFO - Created Permission View: can edit on DAG:dataset_produces_2
[2025-04-19T08:37:36.194+0000] {logging_mixin.py:190} INFO - [2025-04-19T08:37:36.194+0000] {override.py:1911} INFO - Created Permission View: can read on DAG:dataset_produces_2
[2025-04-19T08:37:36.207+0000] {logging_mixin.py:190} INFO - [2025-04-19T08:37:36.206+0000] {override.py:1911} INFO - Created Permission View: can delete on DAG Run:dataset_produces_2
[2025-04-19T08:37:36.216+0000] {logging_mixin.py:190} INFO - [2025-04-19T08:37:36.216+0000] {override.py:1911} INFO - Created Permission View: can read on DAG Run:dataset_produces_2
[2025-04-19T08:37:36.229+0000] {logging_mixin.py:190} INFO - [2025-04-19T08:37:36.228+0000] {override.py:1911} INFO - Created Permission View: can create on DAG Run:dataset_produces_2
[2025-04-19T08:37:36.249+0000] {logging_mixin.py:190} INFO - [2025-04-19T08:37:36.249+0000] {override.py:1911} INFO - Created Permission View: menu access on DAG Run:dataset_produces_2
[2025-04-19T08:37:36.285+0000] {logging_mixin.py:190} INFO - [2025-04-19T08:37:36.285+0000] {override.py:1911} INFO - Created Permission View: can delete on DAG:consume_1_and_2_with_dataset_expressions
[2025-04-19T08:37:36.309+0000] {logging_mixin.py:190} INFO - [2025-04-19T08:37:36.309+0000] {override.py:1911} INFO - Created Permission View: can edit on DAG:consume_1_and_2_with_dataset_expressions
[2025-04-19T08:37:36.327+0000] {logging_mixin.py:190} INFO - [2025-04-19T08:37:36.326+0000] {override.py:1911} INFO - Created Permission View: can read on DAG:consume_1_and_2_with_dataset_expressions
[2025-04-19T08:37:36.346+0000] {logging_mixin.py:190} INFO - [2025-04-19T08:37:36.346+0000] {override.py:1911} INFO - Created Permission View: can delete on DAG Run:consume_1_and_2_with_dataset_expressions
[2025-04-19T08:37:36.367+0000] {logging_mixin.py:190} INFO - [2025-04-19T08:37:36.367+0000] {override.py:1911} INFO - Created Permission View: can read on DAG Run:consume_1_and_2_with_dataset_expressions
[2025-04-19T08:37:36.390+0000] {logging_mixin.py:190} INFO - [2025-04-19T08:37:36.389+0000] {override.py:1911} INFO - Created Permission View: can create on DAG Run:consume_1_and_2_with_dataset_expressions
[2025-04-19T08:37:36.404+0000] {logging_mixin.py:190} INFO - [2025-04-19T08:37:36.404+0000] {override.py:1911} INFO - Created Permission View: menu access on DAG Run:consume_1_and_2_with_dataset_expressions
[2025-04-19T08:37:36.430+0000] {logging_mixin.py:190} INFO - [2025-04-19T08:37:36.430+0000] {override.py:1911} INFO - Created Permission View: can delete on DAG:consume_1_or_2_with_dataset_expressions
[2025-04-19T08:37:36.438+0000] {logging_mixin.py:190} INFO - [2025-04-19T08:37:36.438+0000] {override.py:1911} INFO - Created Permission View: can edit on DAG:consume_1_or_2_with_dataset_expressions
[2025-04-19T08:37:36.447+0000] {logging_mixin.py:190} INFO - [2025-04-19T08:37:36.447+0000] {override.py:1911} INFO - Created Permission View: can read on DAG:consume_1_or_2_with_dataset_expressions
[2025-04-19T08:37:36.457+0000] {logging_mixin.py:190} INFO - [2025-04-19T08:37:36.457+0000] {override.py:1911} INFO - Created Permission View: can delete on DAG Run:consume_1_or_2_with_dataset_expressions
[2025-04-19T08:37:36.471+0000] {logging_mixin.py:190} INFO - [2025-04-19T08:37:36.471+0000] {override.py:1911} INFO - Created Permission View: can read on DAG Run:consume_1_or_2_with_dataset_expressions
[2025-04-19T08:37:36.481+0000] {logging_mixin.py:190} INFO - [2025-04-19T08:37:36.481+0000] {override.py:1911} INFO - Created Permission View: can create on DAG Run:consume_1_or_2_with_dataset_expressions
[2025-04-19T08:37:36.497+0000] {logging_mixin.py:190} INFO - [2025-04-19T08:37:36.496+0000] {override.py:1911} INFO - Created Permission View: menu access on DAG Run:consume_1_or_2_with_dataset_expressions
[2025-04-19T08:37:36.531+0000] {logging_mixin.py:190} INFO - [2025-04-19T08:37:36.531+0000] {override.py:1911} INFO - Created Permission View: can delete on DAG:dataset_produces_1
[2025-04-19T08:37:36.549+0000] {logging_mixin.py:190} INFO - [2025-04-19T08:37:36.548+0000] {override.py:1911} INFO - Created Permission View: can edit on DAG:dataset_produces_1
[2025-04-19T08:37:36.560+0000] {logging_mixin.py:190} INFO - [2025-04-19T08:37:36.560+0000] {override.py:1911} INFO - Created Permission View: can read on DAG:dataset_produces_1
[2025-04-19T08:37:36.571+0000] {logging_mixin.py:190} INFO - [2025-04-19T08:37:36.571+0000] {override.py:1911} INFO - Created Permission View: can delete on DAG Run:dataset_produces_1
[2025-04-19T08:37:36.592+0000] {logging_mixin.py:190} INFO - [2025-04-19T08:37:36.592+0000] {override.py:1911} INFO - Created Permission View: can read on DAG Run:dataset_produces_1
[2025-04-19T08:37:36.614+0000] {logging_mixin.py:190} INFO - [2025-04-19T08:37:36.613+0000] {override.py:1911} INFO - Created Permission View: can create on DAG Run:dataset_produces_1
[2025-04-19T08:37:36.632+0000] {logging_mixin.py:190} INFO - [2025-04-19T08:37:36.632+0000] {override.py:1911} INFO - Created Permission View: menu access on DAG Run:dataset_produces_1
[2025-04-19T08:37:36.682+0000] {logging_mixin.py:190} INFO - [2025-04-19T08:37:36.682+0000] {override.py:1911} INFO - Created Permission View: can delete on DAG:conditional_dataset_and_time_based_timetable
[2025-04-19T08:37:36.750+0000] {logging_mixin.py:190} INFO - [2025-04-19T08:37:36.749+0000] {override.py:1911} INFO - Created Permission View: can edit on DAG:conditional_dataset_and_time_based_timetable
[2025-04-19T08:37:36.813+0000] {logging_mixin.py:190} INFO - [2025-04-19T08:37:36.813+0000] {override.py:1911} INFO - Created Permission View: can read on DAG:conditional_dataset_and_time_based_timetable
[2025-04-19T08:37:36.821+0000] {logging_mixin.py:190} INFO - [2025-04-19T08:37:36.821+0000] {override.py:1911} INFO - Created Permission View: can delete on DAG Run:conditional_dataset_and_time_based_timetable
[2025-04-19T08:37:36.830+0000] {logging_mixin.py:190} INFO - [2025-04-19T08:37:36.829+0000] {override.py:1911} INFO - Created Permission View: can read on DAG Run:conditional_dataset_and_time_based_timetable
[2025-04-19T08:37:36.848+0000] {logging_mixin.py:190} INFO - [2025-04-19T08:37:36.848+0000] {override.py:1911} INFO - Created Permission View: can create on DAG Run:conditional_dataset_and_time_based_timetable
[2025-04-19T08:37:36.861+0000] {logging_mixin.py:190} INFO - [2025-04-19T08:37:36.861+0000] {override.py:1911} INFO - Created Permission View: menu access on DAG Run:conditional_dataset_and_time_based_timetable
[2025-04-19T08:37:36.891+0000] {logging_mixin.py:190} INFO - [2025-04-19T08:37:36.891+0000] {override.py:1911} INFO - Created Permission View: can delete on DAG:consume_1_or_both_2_and_3_with_dataset_expressions
[2025-04-19T08:37:36.905+0000] {logging_mixin.py:190} INFO - [2025-04-19T08:37:36.905+0000] {override.py:1911} INFO - Created Permission View: can edit on DAG:consume_1_or_both_2_and_3_with_dataset_expressions
[2025-04-19T08:37:36.920+0000] {logging_mixin.py:190} INFO - [2025-04-19T08:37:36.919+0000] {override.py:1911} INFO - Created Permission View: can read on DAG:consume_1_or_both_2_and_3_with_dataset_expressions
[2025-04-19T08:37:36.935+0000] {logging_mixin.py:190} INFO - [2025-04-19T08:37:36.935+0000] {override.py:1911} INFO - Created Permission View: can delete on DAG Run:consume_1_or_both_2_and_3_with_dataset_expressions
[2025-04-19T08:37:36.962+0000] {logging_mixin.py:190} INFO - [2025-04-19T08:37:36.962+0000] {override.py:1911} INFO - Created Permission View: can read on DAG Run:consume_1_or_both_2_and_3_with_dataset_expressions
[2025-04-19T08:37:36.993+0000] {logging_mixin.py:190} INFO - [2025-04-19T08:37:36.993+0000] {override.py:1911} INFO - Created Permission View: can create on DAG Run:consume_1_or_both_2_and_3_with_dataset_expressions
[2025-04-19T08:37:37.027+0000] {logging_mixin.py:190} INFO - [2025-04-19T08:37:37.026+0000] {override.py:1911} INFO - Created Permission View: menu access on DAG Run:consume_1_or_both_2_and_3_with_dataset_expressions
[2025-04-19T08:37:37.060+0000] {logging_mixin.py:190} INFO - [2025-04-19T08:37:37.060+0000] {override.py:1911} INFO - Created Permission View: can delete on DAG:dataset_consumes_1_never_scheduled
[2025-04-19T08:37:37.078+0000] {logging_mixin.py:190} INFO - [2025-04-19T08:37:37.078+0000] {override.py:1911} INFO - Created Permission View: can edit on DAG:dataset_consumes_1_never_scheduled
[2025-04-19T08:37:37.105+0000] {logging_mixin.py:190} INFO - [2025-04-19T08:37:37.105+0000] {override.py:1911} INFO - Created Permission View: can read on DAG:dataset_consumes_1_never_scheduled
[2025-04-19T08:37:37.133+0000] {logging_mixin.py:190} INFO - [2025-04-19T08:37:37.132+0000] {override.py:1911} INFO - Created Permission View: can delete on DAG Run:dataset_consumes_1_never_scheduled
[2025-04-19T08:37:37.151+0000] {logging_mixin.py:190} INFO - [2025-04-19T08:37:37.150+0000] {override.py:1911} INFO - Created Permission View: can read on DAG Run:dataset_consumes_1_never_scheduled
[2025-04-19T08:37:37.172+0000] {logging_mixin.py:190} INFO - [2025-04-19T08:37:37.171+0000] {override.py:1911} INFO - Created Permission View: can create on DAG Run:dataset_consumes_1_never_scheduled
[2025-04-19T08:37:37.198+0000] {logging_mixin.py:190} INFO - [2025-04-19T08:37:37.197+0000] {override.py:1911} INFO - Created Permission View: menu access on DAG Run:dataset_consumes_1_never_scheduled
[2025-04-19T08:37:37.236+0000] {logging_mixin.py:190} INFO - [2025-04-19T08:37:37.236+0000] {override.py:1911} INFO - Created Permission View: can delete on DAG:dataset_consumes_unknown_never_scheduled
[2025-04-19T08:37:37.269+0000] {logging_mixin.py:190} INFO - [2025-04-19T08:37:37.268+0000] {override.py:1911} INFO - Created Permission View: can edit on DAG:dataset_consumes_unknown_never_scheduled
[2025-04-19T08:37:37.292+0000] {logging_mixin.py:190} INFO - [2025-04-19T08:37:37.292+0000] {override.py:1911} INFO - Created Permission View: can read on DAG:dataset_consumes_unknown_never_scheduled
[2025-04-19T08:37:37.343+0000] {logging_mixin.py:190} INFO - [2025-04-19T08:37:37.343+0000] {override.py:1911} INFO - Created Permission View: can delete on DAG Run:dataset_consumes_unknown_never_scheduled
[2025-04-19T08:37:37.371+0000] {logging_mixin.py:190} INFO - [2025-04-19T08:37:37.370+0000] {override.py:1911} INFO - Created Permission View: can read on DAG Run:dataset_consumes_unknown_never_scheduled
[2025-04-19T08:37:37.399+0000] {logging_mixin.py:190} INFO - [2025-04-19T08:37:37.399+0000] {override.py:1911} INFO - Created Permission View: can create on DAG Run:dataset_consumes_unknown_never_scheduled
[2025-04-19T08:37:37.419+0000] {logging_mixin.py:190} INFO - [2025-04-19T08:37:37.419+0000] {override.py:1911} INFO - Created Permission View: menu access on DAG Run:dataset_consumes_unknown_never_scheduled
[2025-04-19T08:37:37.466+0000] {logging_mixin.py:190} INFO - [2025-04-19T08:37:37.465+0000] {override.py:1911} INFO - Created Permission View: can delete on DAG:dataset_consumes_1
[2025-04-19T08:37:37.499+0000] {logging_mixin.py:190} INFO - [2025-04-19T08:37:37.499+0000] {override.py:1911} INFO - Created Permission View: can edit on DAG:dataset_consumes_1
[2025-04-19T08:37:37.525+0000] {logging_mixin.py:190} INFO - [2025-04-19T08:37:37.524+0000] {override.py:1911} INFO - Created Permission View: can read on DAG:dataset_consumes_1
[2025-04-19T08:37:37.540+0000] {logging_mixin.py:190} INFO - [2025-04-19T08:37:37.540+0000] {override.py:1911} INFO - Created Permission View: can delete on DAG Run:dataset_consumes_1
[2025-04-19T08:37:37.557+0000] {logging_mixin.py:190} INFO - [2025-04-19T08:37:37.557+0000] {override.py:1911} INFO - Created Permission View: can read on DAG Run:dataset_consumes_1
[2025-04-19T08:37:37.574+0000] {logging_mixin.py:190} INFO - [2025-04-19T08:37:37.574+0000] {override.py:1911} INFO - Created Permission View: can create on DAG Run:dataset_consumes_1
[2025-04-19T08:37:37.592+0000] {logging_mixin.py:190} INFO - [2025-04-19T08:37:37.592+0000] {override.py:1911} INFO - Created Permission View: menu access on DAG Run:dataset_consumes_1
[2025-04-19T08:37:37.627+0000] {logging_mixin.py:190} INFO - [2025-04-19T08:37:37.627+0000] {override.py:1911} INFO - Created Permission View: can delete on DAG:dataset_consumes_1_and_2
[2025-04-19T08:37:37.644+0000] {logging_mixin.py:190} INFO - [2025-04-19T08:37:37.643+0000] {override.py:1911} INFO - Created Permission View: can edit on DAG:dataset_consumes_1_and_2
[2025-04-19T08:37:37.662+0000] {logging_mixin.py:190} INFO - [2025-04-19T08:37:37.661+0000] {override.py:1911} INFO - Created Permission View: can read on DAG:dataset_consumes_1_and_2
[2025-04-19T08:37:37.699+0000] {logging_mixin.py:190} INFO - [2025-04-19T08:37:37.699+0000] {override.py:1911} INFO - Created Permission View: can delete on DAG Run:dataset_consumes_1_and_2
[2025-04-19T08:37:37.724+0000] {logging_mixin.py:190} INFO - [2025-04-19T08:37:37.724+0000] {override.py:1911} INFO - Created Permission View: can read on DAG Run:dataset_consumes_1_and_2
[2025-04-19T08:37:37.745+0000] {logging_mixin.py:190} INFO - [2025-04-19T08:37:37.745+0000] {override.py:1911} INFO - Created Permission View: can create on DAG Run:dataset_consumes_1_and_2
[2025-04-19T08:37:37.760+0000] {logging_mixin.py:190} INFO - [2025-04-19T08:37:37.760+0000] {override.py:1911} INFO - Created Permission View: menu access on DAG Run:dataset_consumes_1_and_2
[2025-04-19T08:37:37.762+0000] {logging_mixin.py:190} INFO - [2025-04-19T08:37:37.762+0000] {dag.py:3239} INFO - Sync 10 DAGs
[2025-04-19T08:37:37.811+0000] {logging_mixin.py:190} INFO - [2025-04-19T08:37:37.811+0000] {dag.py:3262} INFO - Creating ORM DAG for dataset_consumes_unknown_never_scheduled
[2025-04-19T08:37:37.817+0000] {logging_mixin.py:190} INFO - [2025-04-19T08:37:37.814+0000] {dag.py:3262} INFO - Creating ORM DAG for consume_1_or_both_2_and_3_with_dataset_expressions
[2025-04-19T08:37:37.820+0000] {logging_mixin.py:190} INFO - [2025-04-19T08:37:37.818+0000] {dag.py:3262} INFO - Creating ORM DAG for dataset_consumes_1
[2025-04-19T08:37:37.820+0000] {logging_mixin.py:190} INFO - [2025-04-19T08:37:37.820+0000] {dag.py:3262} INFO - Creating ORM DAG for consume_1_and_2_with_dataset_expressions
[2025-04-19T08:37:37.826+0000] {logging_mixin.py:190} INFO - [2025-04-19T08:37:37.826+0000] {dag.py:3262} INFO - Creating ORM DAG for dataset_consumes_1_never_scheduled
[2025-04-19T08:37:37.836+0000] {logging_mixin.py:190} INFO - [2025-04-19T08:37:37.835+0000] {dag.py:3262} INFO - Creating ORM DAG for dataset_produces_2
[2025-04-19T08:37:37.836+0000] {logging_mixin.py:190} INFO - [2025-04-19T08:37:37.836+0000] {dag.py:3262} INFO - Creating ORM DAG for consume_1_or_2_with_dataset_expressions
[2025-04-19T08:37:37.839+0000] {logging_mixin.py:190} INFO - [2025-04-19T08:37:37.839+0000] {dag.py:3262} INFO - Creating ORM DAG for dataset_produces_1
[2025-04-19T08:37:37.840+0000] {logging_mixin.py:190} INFO - [2025-04-19T08:37:37.840+0000] {dag.py:3262} INFO - Creating ORM DAG for conditional_dataset_and_time_based_timetable
[2025-04-19T08:37:37.844+0000] {logging_mixin.py:190} INFO - [2025-04-19T08:37:37.843+0000] {dag.py:3262} INFO - Creating ORM DAG for dataset_consumes_1_and_2
[2025-04-19T08:37:37.885+0000] {logging_mixin.py:190} INFO - [2025-04-19T08:37:37.885+0000] {dag.py:4180} INFO - Setting next_dagrun for conditional_dataset_and_time_based_timetable to 2025-04-16 01:00:00+00:00, run_after=2025-04-16 01:00:00+00:00
[2025-04-19T08:37:37.886+0000] {logging_mixin.py:190} INFO - [2025-04-19T08:37:37.886+0000] {dag.py:4180} INFO - Setting next_dagrun for consume_1_and_2_with_dataset_expressions to None, run_after=None
[2025-04-19T08:37:37.887+0000] {logging_mixin.py:190} INFO - [2025-04-19T08:37:37.886+0000] {dag.py:4180} INFO - Setting next_dagrun for consume_1_or_2_with_dataset_expressions to None, run_after=None
[2025-04-19T08:37:37.889+0000] {logging_mixin.py:190} INFO - [2025-04-19T08:37:37.889+0000] {dag.py:4180} INFO - Setting next_dagrun for consume_1_or_both_2_and_3_with_dataset_expressions to None, run_after=None
[2025-04-19T08:37:37.890+0000] {logging_mixin.py:190} INFO - [2025-04-19T08:37:37.890+0000] {dag.py:4180} INFO - Setting next_dagrun for dataset_consumes_1 to None, run_after=None
[2025-04-19T08:37:37.890+0000] {logging_mixin.py:190} INFO - [2025-04-19T08:37:37.890+0000] {dag.py:4180} INFO - Setting next_dagrun for dataset_consumes_1_and_2 to None, run_after=None
[2025-04-19T08:37:37.891+0000] {logging_mixin.py:190} INFO - [2025-04-19T08:37:37.891+0000] {dag.py:4180} INFO - Setting next_dagrun for dataset_consumes_1_never_scheduled to None, run_after=None
[2025-04-19T08:37:37.893+0000] {logging_mixin.py:190} INFO - [2025-04-19T08:37:37.893+0000] {dag.py:4180} INFO - Setting next_dagrun for dataset_consumes_unknown_never_scheduled to None, run_after=None
[2025-04-19T08:37:37.899+0000] {logging_mixin.py:190} INFO - [2025-04-19T08:37:37.899+0000] {dag.py:4180} INFO - Setting next_dagrun for dataset_produces_1 to 2025-04-18 00:00:00+00:00, run_after=2025-04-19 00:00:00+00:00
[2025-04-19T08:37:37.901+0000] {logging_mixin.py:190} INFO - [2025-04-19T08:37:37.900+0000] {dag.py:4180} INFO - Setting next_dagrun for dataset_produces_2 to None, run_after=None
[2025-04-19T08:37:38.087+0000] {processor.py:208} INFO - Processing /home/airflow/.local/lib/python3.12/site-packages/airflow/example_dags/example_datasets.py took 8.948 seconds
[2025-04-19T08:38:08.763+0000] {processor.py:186} INFO - Started process (PID=163) to work on /home/airflow/.local/lib/python3.12/site-packages/airflow/example_dags/example_datasets.py
[2025-04-19T08:38:08.765+0000] {processor.py:914} INFO - Processing file /home/airflow/.local/lib/python3.12/site-packages/airflow/example_dags/example_datasets.py for tasks to queue
[2025-04-19T08:38:08.767+0000] {logging_mixin.py:190} INFO - [2025-04-19T08:38:08.767+0000] {dagbag.py:588} INFO - Filling up the DagBag from /home/airflow/.local/lib/python3.12/site-packages/airflow/example_dags/example_datasets.py
[2025-04-19T08:38:09.466+0000] {processor.py:925} INFO - DAG(s) 'dataset_consumes_1_and_2', 'conditional_dataset_and_time_based_timetable', 'consume_1_and_2_with_dataset_expressions', 'dataset_consumes_unknown_never_scheduled', 'dataset_produces_2', 'consume_1_or_both_2_and_3_with_dataset_expressions', 'dataset_consumes_1_never_scheduled', 'dataset_produces_1', 'dataset_consumes_1', 'consume_1_or_2_with_dataset_expressions' retrieved from /home/airflow/.local/lib/python3.12/site-packages/airflow/example_dags/example_datasets.py
[2025-04-19T08:38:09.499+0000] {logging_mixin.py:190} INFO - [2025-04-19T08:38:09.499+0000] {dag.py:3239} INFO - Sync 10 DAGs
[2025-04-19T08:38:09.519+0000] {logging_mixin.py:190} INFO - [2025-04-19T08:38:09.519+0000] {dag.py:4180} INFO - Setting next_dagrun for conditional_dataset_and_time_based_timetable to 2025-04-16 01:00:00+00:00, run_after=2025-04-16 01:00:00+00:00
[2025-04-19T08:38:09.522+0000] {logging_mixin.py:190} INFO - [2025-04-19T08:38:09.522+0000] {dag.py:4180} INFO - Setting next_dagrun for consume_1_and_2_with_dataset_expressions to None, run_after=None
[2025-04-19T08:38:09.523+0000] {logging_mixin.py:190} INFO - [2025-04-19T08:38:09.523+0000] {dag.py:4180} INFO - Setting next_dagrun for consume_1_or_2_with_dataset_expressions to None, run_after=None
[2025-04-19T08:38:09.524+0000] {logging_mixin.py:190} INFO - [2025-04-19T08:38:09.524+0000] {dag.py:4180} INFO - Setting next_dagrun for consume_1_or_both_2_and_3_with_dataset_expressions to None, run_after=None
[2025-04-19T08:38:09.525+0000] {logging_mixin.py:190} INFO - [2025-04-19T08:38:09.524+0000] {dag.py:4180} INFO - Setting next_dagrun for dataset_consumes_1 to None, run_after=None
[2025-04-19T08:38:09.526+0000] {logging_mixin.py:190} INFO - [2025-04-19T08:38:09.525+0000] {dag.py:4180} INFO - Setting next_dagrun for dataset_consumes_1_and_2 to None, run_after=None
[2025-04-19T08:38:09.527+0000] {logging_mixin.py:190} INFO - [2025-04-19T08:38:09.526+0000] {dag.py:4180} INFO - Setting next_dagrun for dataset_consumes_1_never_scheduled to None, run_after=None
[2025-04-19T08:38:09.527+0000] {logging_mixin.py:190} INFO - [2025-04-19T08:38:09.527+0000] {dag.py:4180} INFO - Setting next_dagrun for dataset_consumes_unknown_never_scheduled to None, run_after=None
[2025-04-19T08:38:09.530+0000] {logging_mixin.py:190} INFO - [2025-04-19T08:38:09.529+0000] {dag.py:4180} INFO - Setting next_dagrun for dataset_produces_1 to 2025-04-18 00:00:00+00:00, run_after=2025-04-19 00:00:00+00:00
[2025-04-19T08:38:09.531+0000] {logging_mixin.py:190} INFO - [2025-04-19T08:38:09.530+0000] {dag.py:4180} INFO - Setting next_dagrun for dataset_produces_2 to None, run_after=None
[2025-04-19T08:38:09.561+0000] {processor.py:208} INFO - Processing /home/airflow/.local/lib/python3.12/site-packages/airflow/example_dags/example_datasets.py took 0.804 seconds
[2025-04-19T08:38:40.574+0000] {processor.py:186} INFO - Started process (PID=227) to work on /home/airflow/.local/lib/python3.12/site-packages/airflow/example_dags/example_datasets.py
[2025-04-19T08:38:40.575+0000] {processor.py:914} INFO - Processing file /home/airflow/.local/lib/python3.12/site-packages/airflow/example_dags/example_datasets.py for tasks to queue
[2025-04-19T08:38:40.577+0000] {logging_mixin.py:190} INFO - [2025-04-19T08:38:40.577+0000] {dagbag.py:588} INFO - Filling up the DagBag from /home/airflow/.local/lib/python3.12/site-packages/airflow/example_dags/example_datasets.py
[2025-04-19T08:38:41.418+0000] {processor.py:925} INFO - DAG(s) 'consume_1_or_2_with_dataset_expressions', 'dataset_consumes_1_never_scheduled', 'dataset_consumes_unknown_never_scheduled', 'conditional_dataset_and_time_based_timetable', 'dataset_produces_1', 'dataset_consumes_1', 'consume_1_and_2_with_dataset_expressions', 'consume_1_or_both_2_and_3_with_dataset_expressions', 'dataset_produces_2', 'dataset_consumes_1_and_2' retrieved from /home/airflow/.local/lib/python3.12/site-packages/airflow/example_dags/example_datasets.py
[2025-04-19T08:38:41.454+0000] {logging_mixin.py:190} INFO - [2025-04-19T08:38:41.454+0000] {dag.py:3239} INFO - Sync 10 DAGs
[2025-04-19T08:38:41.474+0000] {logging_mixin.py:190} INFO - [2025-04-19T08:38:41.474+0000] {dag.py:4180} INFO - Setting next_dagrun for conditional_dataset_and_time_based_timetable to 2025-04-16 01:00:00+00:00, run_after=2025-04-16 01:00:00+00:00
[2025-04-19T08:38:41.477+0000] {logging_mixin.py:190} INFO - [2025-04-19T08:38:41.477+0000] {dag.py:4180} INFO - Setting next_dagrun for consume_1_and_2_with_dataset_expressions to None, run_after=None
[2025-04-19T08:38:41.478+0000] {logging_mixin.py:190} INFO - [2025-04-19T08:38:41.478+0000] {dag.py:4180} INFO - Setting next_dagrun for consume_1_or_2_with_dataset_expressions to None, run_after=None
[2025-04-19T08:38:41.479+0000] {logging_mixin.py:190} INFO - [2025-04-19T08:38:41.479+0000] {dag.py:4180} INFO - Setting next_dagrun for consume_1_or_both_2_and_3_with_dataset_expressions to None, run_after=None
[2025-04-19T08:38:41.480+0000] {logging_mixin.py:190} INFO - [2025-04-19T08:38:41.480+0000] {dag.py:4180} INFO - Setting next_dagrun for dataset_consumes_1 to None, run_after=None
[2025-04-19T08:38:41.481+0000] {logging_mixin.py:190} INFO - [2025-04-19T08:38:41.481+0000] {dag.py:4180} INFO - Setting next_dagrun for dataset_consumes_1_and_2 to None, run_after=None
[2025-04-19T08:38:41.482+0000] {logging_mixin.py:190} INFO - [2025-04-19T08:38:41.482+0000] {dag.py:4180} INFO - Setting next_dagrun for dataset_consumes_1_never_scheduled to None, run_after=None
[2025-04-19T08:38:41.483+0000] {logging_mixin.py:190} INFO - [2025-04-19T08:38:41.483+0000] {dag.py:4180} INFO - Setting next_dagrun for dataset_consumes_unknown_never_scheduled to None, run_after=None
[2025-04-19T08:38:41.485+0000] {logging_mixin.py:190} INFO - [2025-04-19T08:38:41.485+0000] {dag.py:4180} INFO - Setting next_dagrun for dataset_produces_1 to 2025-04-18 00:00:00+00:00, run_after=2025-04-19 00:00:00+00:00
[2025-04-19T08:38:41.486+0000] {logging_mixin.py:190} INFO - [2025-04-19T08:38:41.486+0000] {dag.py:4180} INFO - Setting next_dagrun for dataset_produces_2 to None, run_after=None
[2025-04-19T08:38:41.512+0000] {processor.py:208} INFO - Processing /home/airflow/.local/lib/python3.12/site-packages/airflow/example_dags/example_datasets.py took 0.943 seconds
[2025-04-19T08:39:12.446+0000] {processor.py:186} INFO - Started process (PID=292) to work on /home/airflow/.local/lib/python3.12/site-packages/airflow/example_dags/example_datasets.py
[2025-04-19T08:39:12.447+0000] {processor.py:914} INFO - Processing file /home/airflow/.local/lib/python3.12/site-packages/airflow/example_dags/example_datasets.py for tasks to queue
[2025-04-19T08:39:12.449+0000] {logging_mixin.py:190} INFO - [2025-04-19T08:39:12.449+0000] {dagbag.py:588} INFO - Filling up the DagBag from /home/airflow/.local/lib/python3.12/site-packages/airflow/example_dags/example_datasets.py
[2025-04-19T08:39:13.145+0000] {processor.py:925} INFO - DAG(s) 'consume_1_or_2_with_dataset_expressions', 'consume_1_and_2_with_dataset_expressions', 'dataset_produces_2', 'consume_1_or_both_2_and_3_with_dataset_expressions', 'dataset_consumes_1_never_scheduled', 'dataset_consumes_1', 'dataset_produces_1', 'dataset_consumes_1_and_2', 'conditional_dataset_and_time_based_timetable', 'dataset_consumes_unknown_never_scheduled' retrieved from /home/airflow/.local/lib/python3.12/site-packages/airflow/example_dags/example_datasets.py
[2025-04-19T08:39:13.178+0000] {logging_mixin.py:190} INFO - [2025-04-19T08:39:13.178+0000] {dag.py:3239} INFO - Sync 10 DAGs
[2025-04-19T08:39:13.198+0000] {logging_mixin.py:190} INFO - [2025-04-19T08:39:13.198+0000] {dag.py:4180} INFO - Setting next_dagrun for conditional_dataset_and_time_based_timetable to 2025-04-16 01:00:00+00:00, run_after=2025-04-16 01:00:00+00:00
[2025-04-19T08:39:13.201+0000] {logging_mixin.py:190} INFO - [2025-04-19T08:39:13.201+0000] {dag.py:4180} INFO - Setting next_dagrun for consume_1_and_2_with_dataset_expressions to None, run_after=None
[2025-04-19T08:39:13.202+0000] {logging_mixin.py:190} INFO - [2025-04-19T08:39:13.202+0000] {dag.py:4180} INFO - Setting next_dagrun for consume_1_or_2_with_dataset_expressions to None, run_after=None
[2025-04-19T08:39:13.203+0000] {logging_mixin.py:190} INFO - [2025-04-19T08:39:13.203+0000] {dag.py:4180} INFO - Setting next_dagrun for consume_1_or_both_2_and_3_with_dataset_expressions to None, run_after=None
[2025-04-19T08:39:13.204+0000] {logging_mixin.py:190} INFO - [2025-04-19T08:39:13.204+0000] {dag.py:4180} INFO - Setting next_dagrun for dataset_consumes_1 to None, run_after=None
[2025-04-19T08:39:13.205+0000] {logging_mixin.py:190} INFO - [2025-04-19T08:39:13.205+0000] {dag.py:4180} INFO - Setting next_dagrun for dataset_consumes_1_and_2 to None, run_after=None
[2025-04-19T08:39:13.206+0000] {logging_mixin.py:190} INFO - [2025-04-19T08:39:13.206+0000] {dag.py:4180} INFO - Setting next_dagrun for dataset_consumes_1_never_scheduled to None, run_after=None
[2025-04-19T08:39:13.207+0000] {logging_mixin.py:190} INFO - [2025-04-19T08:39:13.207+0000] {dag.py:4180} INFO - Setting next_dagrun for dataset_consumes_unknown_never_scheduled to None, run_after=None
[2025-04-19T08:39:13.209+0000] {logging_mixin.py:190} INFO - [2025-04-19T08:39:13.209+0000] {dag.py:4180} INFO - Setting next_dagrun for dataset_produces_1 to 2025-04-18 00:00:00+00:00, run_after=2025-04-19 00:00:00+00:00
[2025-04-19T08:39:13.210+0000] {logging_mixin.py:190} INFO - [2025-04-19T08:39:13.210+0000] {dag.py:4180} INFO - Setting next_dagrun for dataset_produces_2 to None, run_after=None
[2025-04-19T08:39:13.235+0000] {processor.py:208} INFO - Processing /home/airflow/.local/lib/python3.12/site-packages/airflow/example_dags/example_datasets.py took 0.794 seconds
[2025-04-19T08:39:43.303+0000] {processor.py:186} INFO - Started process (PID=357) to work on /home/airflow/.local/lib/python3.12/site-packages/airflow/example_dags/example_datasets.py
[2025-04-19T08:39:43.306+0000] {processor.py:914} INFO - Processing file /home/airflow/.local/lib/python3.12/site-packages/airflow/example_dags/example_datasets.py for tasks to queue
[2025-04-19T08:39:43.310+0000] {logging_mixin.py:190} INFO - [2025-04-19T08:39:43.309+0000] {dagbag.py:588} INFO - Filling up the DagBag from /home/airflow/.local/lib/python3.12/site-packages/airflow/example_dags/example_datasets.py
[2025-04-19T08:39:43.827+0000] {processor.py:925} INFO - DAG(s) 'dataset_consumes_unknown_never_scheduled', 'dataset_consumes_1', 'dataset_produces_1', 'consume_1_or_2_with_dataset_expressions', 'conditional_dataset_and_time_based_timetable', 'dataset_produces_2', 'dataset_consumes_1_and_2', 'consume_1_and_2_with_dataset_expressions', 'dataset_consumes_1_never_scheduled', 'consume_1_or_both_2_and_3_with_dataset_expressions' retrieved from /home/airflow/.local/lib/python3.12/site-packages/airflow/example_dags/example_datasets.py
[2025-04-19T08:39:43.862+0000] {logging_mixin.py:190} INFO - [2025-04-19T08:39:43.862+0000] {dag.py:3239} INFO - Sync 10 DAGs
[2025-04-19T08:39:43.882+0000] {logging_mixin.py:190} INFO - [2025-04-19T08:39:43.882+0000] {dag.py:4180} INFO - Setting next_dagrun for conditional_dataset_and_time_based_timetable to 2025-04-16 01:00:00+00:00, run_after=2025-04-16 01:00:00+00:00
[2025-04-19T08:39:43.885+0000] {logging_mixin.py:190} INFO - [2025-04-19T08:39:43.885+0000] {dag.py:4180} INFO - Setting next_dagrun for consume_1_and_2_with_dataset_expressions to None, run_after=None
[2025-04-19T08:39:43.886+0000] {logging_mixin.py:190} INFO - [2025-04-19T08:39:43.886+0000] {dag.py:4180} INFO - Setting next_dagrun for consume_1_or_2_with_dataset_expressions to None, run_after=None
[2025-04-19T08:39:43.887+0000] {logging_mixin.py:190} INFO - [2025-04-19T08:39:43.887+0000] {dag.py:4180} INFO - Setting next_dagrun for consume_1_or_both_2_and_3_with_dataset_expressions to None, run_after=None
[2025-04-19T08:39:43.888+0000] {logging_mixin.py:190} INFO - [2025-04-19T08:39:43.888+0000] {dag.py:4180} INFO - Setting next_dagrun for dataset_consumes_1 to None, run_after=None
[2025-04-19T08:39:43.889+0000] {logging_mixin.py:190} INFO - [2025-04-19T08:39:43.889+0000] {dag.py:4180} INFO - Setting next_dagrun for dataset_consumes_1_and_2 to None, run_after=None
[2025-04-19T08:39:43.890+0000] {logging_mixin.py:190} INFO - [2025-04-19T08:39:43.890+0000] {dag.py:4180} INFO - Setting next_dagrun for dataset_consumes_1_never_scheduled to None, run_after=None
[2025-04-19T08:39:43.891+0000] {logging_mixin.py:190} INFO - [2025-04-19T08:39:43.891+0000] {dag.py:4180} INFO - Setting next_dagrun for dataset_consumes_unknown_never_scheduled to None, run_after=None
[2025-04-19T08:39:43.893+0000] {logging_mixin.py:190} INFO - [2025-04-19T08:39:43.893+0000] {dag.py:4180} INFO - Setting next_dagrun for dataset_produces_1 to 2025-04-18 00:00:00+00:00, run_after=2025-04-19 00:00:00+00:00
[2025-04-19T08:39:43.895+0000] {logging_mixin.py:190} INFO - [2025-04-19T08:39:43.894+0000] {dag.py:4180} INFO - Setting next_dagrun for dataset_produces_2 to None, run_after=None
[2025-04-19T08:39:43.919+0000] {processor.py:208} INFO - Processing /home/airflow/.local/lib/python3.12/site-packages/airflow/example_dags/example_datasets.py took 0.623 seconds
[2025-04-19T08:40:14.249+0000] {processor.py:186} INFO - Started process (PID=419) to work on /home/airflow/.local/lib/python3.12/site-packages/airflow/example_dags/example_datasets.py
[2025-04-19T08:40:14.254+0000] {processor.py:914} INFO - Processing file /home/airflow/.local/lib/python3.12/site-packages/airflow/example_dags/example_datasets.py for tasks to queue
[2025-04-19T08:40:14.261+0000] {logging_mixin.py:190} INFO - [2025-04-19T08:40:14.259+0000] {dagbag.py:588} INFO - Filling up the DagBag from /home/airflow/.local/lib/python3.12/site-packages/airflow/example_dags/example_datasets.py
[2025-04-19T08:40:16.454+0000] {processor.py:925} INFO - DAG(s) 'dataset_consumes_unknown_never_scheduled', 'consume_1_and_2_with_dataset_expressions', 'dataset_produces_1', 'consume_1_or_2_with_dataset_expressions', 'dataset_consumes_1_never_scheduled', 'dataset_consumes_1', 'dataset_produces_2', 'conditional_dataset_and_time_based_timetable', 'consume_1_or_both_2_and_3_with_dataset_expressions', 'dataset_consumes_1_and_2' retrieved from /home/airflow/.local/lib/python3.12/site-packages/airflow/example_dags/example_datasets.py
[2025-04-19T08:40:16.565+0000] {logging_mixin.py:190} INFO - [2025-04-19T08:40:16.565+0000] {dag.py:3239} INFO - Sync 10 DAGs
[2025-04-19T08:40:16.658+0000] {logging_mixin.py:190} INFO - [2025-04-19T08:40:16.658+0000] {dag.py:4180} INFO - Setting next_dagrun for conditional_dataset_and_time_based_timetable to 2025-04-16 01:00:00+00:00, run_after=2025-04-16 01:00:00+00:00
[2025-04-19T08:40:16.673+0000] {logging_mixin.py:190} INFO - [2025-04-19T08:40:16.673+0000] {dag.py:4180} INFO - Setting next_dagrun for consume_1_and_2_with_dataset_expressions to None, run_after=None
[2025-04-19T08:40:16.678+0000] {logging_mixin.py:190} INFO - [2025-04-19T08:40:16.678+0000] {dag.py:4180} INFO - Setting next_dagrun for consume_1_or_2_with_dataset_expressions to None, run_after=None
[2025-04-19T08:40:16.682+0000] {logging_mixin.py:190} INFO - [2025-04-19T08:40:16.682+0000] {dag.py:4180} INFO - Setting next_dagrun for consume_1_or_both_2_and_3_with_dataset_expressions to None, run_after=None
[2025-04-19T08:40:16.693+0000] {logging_mixin.py:190} INFO - [2025-04-19T08:40:16.693+0000] {dag.py:4180} INFO - Setting next_dagrun for dataset_consumes_1 to None, run_after=None
[2025-04-19T08:40:16.697+0000] {logging_mixin.py:190} INFO - [2025-04-19T08:40:16.697+0000] {dag.py:4180} INFO - Setting next_dagrun for dataset_consumes_1_and_2 to None, run_after=None
[2025-04-19T08:40:16.702+0000] {logging_mixin.py:190} INFO - [2025-04-19T08:40:16.701+0000] {dag.py:4180} INFO - Setting next_dagrun for dataset_consumes_1_never_scheduled to None, run_after=None
[2025-04-19T08:40:16.705+0000] {logging_mixin.py:190} INFO - [2025-04-19T08:40:16.705+0000] {dag.py:4180} INFO - Setting next_dagrun for dataset_consumes_unknown_never_scheduled to None, run_after=None
[2025-04-19T08:40:16.717+0000] {logging_mixin.py:190} INFO - [2025-04-19T08:40:16.716+0000] {dag.py:4180} INFO - Setting next_dagrun for dataset_produces_1 to 2025-04-18 00:00:00+00:00, run_after=2025-04-19 00:00:00+00:00
[2025-04-19T08:40:16.724+0000] {logging_mixin.py:190} INFO - [2025-04-19T08:40:16.723+0000] {dag.py:4180} INFO - Setting next_dagrun for dataset_produces_2 to None, run_after=None
[2025-04-19T08:40:16.848+0000] {processor.py:208} INFO - Processing /home/airflow/.local/lib/python3.12/site-packages/airflow/example_dags/example_datasets.py took 2.622 seconds
[2025-04-19T08:40:46.986+0000] {processor.py:186} INFO - Started process (PID=490) to work on /home/airflow/.local/lib/python3.12/site-packages/airflow/example_dags/example_datasets.py
[2025-04-19T08:40:46.987+0000] {processor.py:914} INFO - Processing file /home/airflow/.local/lib/python3.12/site-packages/airflow/example_dags/example_datasets.py for tasks to queue
[2025-04-19T08:40:46.988+0000] {logging_mixin.py:190} INFO - [2025-04-19T08:40:46.988+0000] {dagbag.py:588} INFO - Filling up the DagBag from /home/airflow/.local/lib/python3.12/site-packages/airflow/example_dags/example_datasets.py
[2025-04-19T08:40:47.779+0000] {processor.py:925} INFO - DAG(s) 'dataset_consumes_unknown_never_scheduled', 'dataset_consumes_1_and_2', 'dataset_produces_2', 'dataset_consumes_1', 'consume_1_or_2_with_dataset_expressions', 'dataset_consumes_1_never_scheduled', 'dataset_produces_1', 'consume_1_or_both_2_and_3_with_dataset_expressions', 'conditional_dataset_and_time_based_timetable', 'consume_1_and_2_with_dataset_expressions' retrieved from /home/airflow/.local/lib/python3.12/site-packages/airflow/example_dags/example_datasets.py
[2025-04-19T08:40:47.835+0000] {logging_mixin.py:190} INFO - [2025-04-19T08:40:47.835+0000] {dag.py:3239} INFO - Sync 10 DAGs
[2025-04-19T08:40:47.869+0000] {logging_mixin.py:190} INFO - [2025-04-19T08:40:47.868+0000] {dag.py:4180} INFO - Setting next_dagrun for conditional_dataset_and_time_based_timetable to 2025-04-16 01:00:00+00:00, run_after=2025-04-16 01:00:00+00:00
[2025-04-19T08:40:47.873+0000] {logging_mixin.py:190} INFO - [2025-04-19T08:40:47.873+0000] {dag.py:4180} INFO - Setting next_dagrun for consume_1_and_2_with_dataset_expressions to None, run_after=None
[2025-04-19T08:40:47.874+0000] {logging_mixin.py:190} INFO - [2025-04-19T08:40:47.874+0000] {dag.py:4180} INFO - Setting next_dagrun for consume_1_or_2_with_dataset_expressions to None, run_after=None
[2025-04-19T08:40:47.876+0000] {logging_mixin.py:190} INFO - [2025-04-19T08:40:47.876+0000] {dag.py:4180} INFO - Setting next_dagrun for consume_1_or_both_2_and_3_with_dataset_expressions to None, run_after=None
[2025-04-19T08:40:47.877+0000] {logging_mixin.py:190} INFO - [2025-04-19T08:40:47.877+0000] {dag.py:4180} INFO - Setting next_dagrun for dataset_consumes_1 to None, run_after=None
[2025-04-19T08:40:47.878+0000] {logging_mixin.py:190} INFO - [2025-04-19T08:40:47.878+0000] {dag.py:4180} INFO - Setting next_dagrun for dataset_consumes_1_and_2 to None, run_after=None
[2025-04-19T08:40:47.880+0000] {logging_mixin.py:190} INFO - [2025-04-19T08:40:47.879+0000] {dag.py:4180} INFO - Setting next_dagrun for dataset_consumes_1_never_scheduled to None, run_after=None
[2025-04-19T08:40:47.881+0000] {logging_mixin.py:190} INFO - [2025-04-19T08:40:47.881+0000] {dag.py:4180} INFO - Setting next_dagrun for dataset_consumes_unknown_never_scheduled to None, run_after=None
[2025-04-19T08:40:47.884+0000] {logging_mixin.py:190} INFO - [2025-04-19T08:40:47.884+0000] {dag.py:4180} INFO - Setting next_dagrun for dataset_produces_1 to 2025-04-18 00:00:00+00:00, run_after=2025-04-19 00:00:00+00:00
[2025-04-19T08:40:47.885+0000] {logging_mixin.py:190} INFO - [2025-04-19T08:40:47.885+0000] {dag.py:4180} INFO - Setting next_dagrun for dataset_produces_2 to None, run_after=None
[2025-04-19T08:40:47.920+0000] {processor.py:208} INFO - Processing /home/airflow/.local/lib/python3.12/site-packages/airflow/example_dags/example_datasets.py took 0.938 seconds
