[2025-04-19T08:37:20.437+0000] {processor.py:186} INFO - Started process (PID=78) to work on /home/airflow/.local/lib/python3.12/site-packages/airflow/example_dags/example_latest_only_with_trigger.py
[2025-04-19T08:37:20.438+0000] {processor.py:914} INFO - Processing file /home/airflow/.local/lib/python3.12/site-packages/airflow/example_dags/example_latest_only_with_trigger.py for tasks to queue
[2025-04-19T08:37:20.457+0000] {logging_mixin.py:190} INFO - [2025-04-19T08:37:20.457+0000] {dagbag.py:588} INFO - Filling up the DagBag from /home/airflow/.local/lib/python3.12/site-packages/airflow/example_dags/example_latest_only_with_trigger.py
[2025-04-19T08:37:20.496+0000] {processor.py:925} INFO - DAG(s) 'latest_only_with_trigger' retrieved from /home/airflow/.local/lib/python3.12/site-packages/airflow/example_dags/example_latest_only_with_trigger.py
[2025-04-19T08:37:20.814+0000] {logging_mixin.py:190} INFO - [2025-04-19T08:37:20.813+0000] {override.py:1911} INFO - Created Permission View: can delete on DAG:latest_only_with_trigger
[2025-04-19T08:37:20.898+0000] {logging_mixin.py:190} INFO - [2025-04-19T08:37:20.898+0000] {override.py:1911} INFO - Created Permission View: can edit on DAG:latest_only_with_trigger
[2025-04-19T08:37:20.917+0000] {logging_mixin.py:190} INFO - [2025-04-19T08:37:20.917+0000] {override.py:1911} INFO - Created Permission View: can read on DAG:latest_only_with_trigger
[2025-04-19T08:37:20.929+0000] {logging_mixin.py:190} INFO - [2025-04-19T08:37:20.929+0000] {override.py:1911} INFO - Created Permission View: can delete on DAG Run:latest_only_with_trigger
[2025-04-19T08:37:20.941+0000] {logging_mixin.py:190} INFO - [2025-04-19T08:37:20.941+0000] {override.py:1911} INFO - Created Permission View: can read on DAG Run:latest_only_with_trigger
[2025-04-19T08:37:20.952+0000] {logging_mixin.py:190} INFO - [2025-04-19T08:37:20.952+0000] {override.py:1911} INFO - Created Permission View: can create on DAG Run:latest_only_with_trigger
[2025-04-19T08:37:20.986+0000] {logging_mixin.py:190} INFO - [2025-04-19T08:37:20.986+0000] {override.py:1911} INFO - Created Permission View: menu access on DAG Run:latest_only_with_trigger
[2025-04-19T08:37:20.987+0000] {logging_mixin.py:190} INFO - [2025-04-19T08:37:20.986+0000] {dag.py:3239} INFO - Sync 1 DAGs
[2025-04-19T08:37:21.053+0000] {logging_mixin.py:190} INFO - [2025-04-19T08:37:21.050+0000] {dag.py:3262} INFO - Creating ORM DAG for latest_only_with_trigger
[2025-04-19T08:37:21.103+0000] {logging_mixin.py:190} INFO - [2025-04-19T08:37:21.099+0000] {dag.py:4180} INFO - Setting next_dagrun for latest_only_with_trigger to 2025-04-19 04:00:00+00:00, run_after=2025-04-19 08:00:00+00:00
[2025-04-19T08:37:21.174+0000] {processor.py:208} INFO - Processing /home/airflow/.local/lib/python3.12/site-packages/airflow/example_dags/example_latest_only_with_trigger.py took 0.795 seconds
[2025-04-19T08:37:51.655+0000] {processor.py:186} INFO - Started process (PID=140) to work on /home/airflow/.local/lib/python3.12/site-packages/airflow/example_dags/example_latest_only_with_trigger.py
[2025-04-19T08:37:51.658+0000] {processor.py:914} INFO - Processing file /home/airflow/.local/lib/python3.12/site-packages/airflow/example_dags/example_latest_only_with_trigger.py for tasks to queue
[2025-04-19T08:37:51.660+0000] {logging_mixin.py:190} INFO - [2025-04-19T08:37:51.660+0000] {dagbag.py:588} INFO - Filling up the DagBag from /home/airflow/.local/lib/python3.12/site-packages/airflow/example_dags/example_latest_only_with_trigger.py
[2025-04-19T08:37:51.669+0000] {processor.py:925} INFO - DAG(s) 'latest_only_with_trigger' retrieved from /home/airflow/.local/lib/python3.12/site-packages/airflow/example_dags/example_latest_only_with_trigger.py
[2025-04-19T08:37:51.696+0000] {logging_mixin.py:190} INFO - [2025-04-19T08:37:51.695+0000] {dag.py:3239} INFO - Sync 1 DAGs
[2025-04-19T08:37:51.730+0000] {logging_mixin.py:190} INFO - [2025-04-19T08:37:51.730+0000] {dag.py:4180} INFO - Setting next_dagrun for latest_only_with_trigger to 2025-04-19 04:00:00+00:00, run_after=2025-04-19 08:00:00+00:00
[2025-04-19T08:37:51.770+0000] {processor.py:208} INFO - Processing /home/airflow/.local/lib/python3.12/site-packages/airflow/example_dags/example_latest_only_with_trigger.py took 0.121 seconds
[2025-04-19T08:38:22.794+0000] {processor.py:186} INFO - Started process (PID=202) to work on /home/airflow/.local/lib/python3.12/site-packages/airflow/example_dags/example_latest_only_with_trigger.py
[2025-04-19T08:38:22.795+0000] {processor.py:914} INFO - Processing file /home/airflow/.local/lib/python3.12/site-packages/airflow/example_dags/example_latest_only_with_trigger.py for tasks to queue
[2025-04-19T08:38:22.797+0000] {logging_mixin.py:190} INFO - [2025-04-19T08:38:22.797+0000] {dagbag.py:588} INFO - Filling up the DagBag from /home/airflow/.local/lib/python3.12/site-packages/airflow/example_dags/example_latest_only_with_trigger.py
[2025-04-19T08:38:22.805+0000] {processor.py:925} INFO - DAG(s) 'latest_only_with_trigger' retrieved from /home/airflow/.local/lib/python3.12/site-packages/airflow/example_dags/example_latest_only_with_trigger.py
[2025-04-19T08:38:22.825+0000] {logging_mixin.py:190} INFO - [2025-04-19T08:38:22.825+0000] {dag.py:3239} INFO - Sync 1 DAGs
[2025-04-19T08:38:22.851+0000] {logging_mixin.py:190} INFO - [2025-04-19T08:38:22.850+0000] {dag.py:4180} INFO - Setting next_dagrun for latest_only_with_trigger to 2025-04-19 04:00:00+00:00, run_after=2025-04-19 08:00:00+00:00
[2025-04-19T08:38:22.865+0000] {processor.py:208} INFO - Processing /home/airflow/.local/lib/python3.12/site-packages/airflow/example_dags/example_latest_only_with_trigger.py took 0.077 seconds
[2025-04-19T08:38:53.705+0000] {processor.py:186} INFO - Started process (PID=263) to work on /home/airflow/.local/lib/python3.12/site-packages/airflow/example_dags/example_latest_only_with_trigger.py
[2025-04-19T08:38:53.706+0000] {processor.py:914} INFO - Processing file /home/airflow/.local/lib/python3.12/site-packages/airflow/example_dags/example_latest_only_with_trigger.py for tasks to queue
[2025-04-19T08:38:53.708+0000] {logging_mixin.py:190} INFO - [2025-04-19T08:38:53.707+0000] {dagbag.py:588} INFO - Filling up the DagBag from /home/airflow/.local/lib/python3.12/site-packages/airflow/example_dags/example_latest_only_with_trigger.py
[2025-04-19T08:38:53.714+0000] {processor.py:925} INFO - DAG(s) 'latest_only_with_trigger' retrieved from /home/airflow/.local/lib/python3.12/site-packages/airflow/example_dags/example_latest_only_with_trigger.py
[2025-04-19T08:38:53.729+0000] {logging_mixin.py:190} INFO - [2025-04-19T08:38:53.729+0000] {dag.py:3239} INFO - Sync 1 DAGs
[2025-04-19T08:38:53.746+0000] {logging_mixin.py:190} INFO - [2025-04-19T08:38:53.746+0000] {dag.py:4180} INFO - Setting next_dagrun for latest_only_with_trigger to 2025-04-19 04:00:00+00:00, run_after=2025-04-19 08:00:00+00:00
[2025-04-19T08:38:53.759+0000] {processor.py:208} INFO - Processing /home/airflow/.local/lib/python3.12/site-packages/airflow/example_dags/example_latest_only_with_trigger.py took 0.060 seconds
[2025-04-19T08:39:24.064+0000] {processor.py:186} INFO - Started process (PID=326) to work on /home/airflow/.local/lib/python3.12/site-packages/airflow/example_dags/example_latest_only_with_trigger.py
[2025-04-19T08:39:24.065+0000] {processor.py:914} INFO - Processing file /home/airflow/.local/lib/python3.12/site-packages/airflow/example_dags/example_latest_only_with_trigger.py for tasks to queue
[2025-04-19T08:39:24.067+0000] {logging_mixin.py:190} INFO - [2025-04-19T08:39:24.067+0000] {dagbag.py:588} INFO - Filling up the DagBag from /home/airflow/.local/lib/python3.12/site-packages/airflow/example_dags/example_latest_only_with_trigger.py
[2025-04-19T08:39:24.075+0000] {processor.py:925} INFO - DAG(s) 'latest_only_with_trigger' retrieved from /home/airflow/.local/lib/python3.12/site-packages/airflow/example_dags/example_latest_only_with_trigger.py
[2025-04-19T08:39:24.098+0000] {logging_mixin.py:190} INFO - [2025-04-19T08:39:24.097+0000] {dag.py:3239} INFO - Sync 1 DAGs
[2025-04-19T08:39:24.120+0000] {logging_mixin.py:190} INFO - [2025-04-19T08:39:24.120+0000] {dag.py:4180} INFO - Setting next_dagrun for latest_only_with_trigger to 2025-04-19 04:00:00+00:00, run_after=2025-04-19 08:00:00+00:00
[2025-04-19T08:39:24.136+0000] {processor.py:208} INFO - Processing /home/airflow/.local/lib/python3.12/site-packages/airflow/example_dags/example_latest_only_with_trigger.py took 0.083 seconds
[2025-04-19T08:39:54.485+0000] {processor.py:186} INFO - Started process (PID=386) to work on /home/airflow/.local/lib/python3.12/site-packages/airflow/example_dags/example_latest_only_with_trigger.py
[2025-04-19T08:39:54.486+0000] {processor.py:914} INFO - Processing file /home/airflow/.local/lib/python3.12/site-packages/airflow/example_dags/example_latest_only_with_trigger.py for tasks to queue
[2025-04-19T08:39:54.488+0000] {logging_mixin.py:190} INFO - [2025-04-19T08:39:54.487+0000] {dagbag.py:588} INFO - Filling up the DagBag from /home/airflow/.local/lib/python3.12/site-packages/airflow/example_dags/example_latest_only_with_trigger.py
[2025-04-19T08:39:54.495+0000] {processor.py:925} INFO - DAG(s) 'latest_only_with_trigger' retrieved from /home/airflow/.local/lib/python3.12/site-packages/airflow/example_dags/example_latest_only_with_trigger.py
[2025-04-19T08:39:54.516+0000] {logging_mixin.py:190} INFO - [2025-04-19T08:39:54.516+0000] {dag.py:3239} INFO - Sync 1 DAGs
[2025-04-19T08:39:54.542+0000] {logging_mixin.py:190} INFO - [2025-04-19T08:39:54.542+0000] {dag.py:4180} INFO - Setting next_dagrun for latest_only_with_trigger to 2025-04-19 04:00:00+00:00, run_after=2025-04-19 08:00:00+00:00
[2025-04-19T08:39:54.558+0000] {processor.py:208} INFO - Processing /home/airflow/.local/lib/python3.12/site-packages/airflow/example_dags/example_latest_only_with_trigger.py took 0.079 seconds
[2025-04-19T08:40:24.882+0000] {processor.py:186} INFO - Started process (PID=449) to work on /home/airflow/.local/lib/python3.12/site-packages/airflow/example_dags/example_latest_only_with_trigger.py
[2025-04-19T08:40:24.882+0000] {processor.py:914} INFO - Processing file /home/airflow/.local/lib/python3.12/site-packages/airflow/example_dags/example_latest_only_with_trigger.py for tasks to queue
[2025-04-19T08:40:24.885+0000] {logging_mixin.py:190} INFO - [2025-04-19T08:40:24.884+0000] {dagbag.py:588} INFO - Filling up the DagBag from /home/airflow/.local/lib/python3.12/site-packages/airflow/example_dags/example_latest_only_with_trigger.py
[2025-04-19T08:40:24.893+0000] {processor.py:925} INFO - DAG(s) 'latest_only_with_trigger' retrieved from /home/airflow/.local/lib/python3.12/site-packages/airflow/example_dags/example_latest_only_with_trigger.py
[2025-04-19T08:40:24.915+0000] {logging_mixin.py:190} INFO - [2025-04-19T08:40:24.915+0000] {dag.py:3239} INFO - Sync 1 DAGs
[2025-04-19T08:40:24.943+0000] {logging_mixin.py:190} INFO - [2025-04-19T08:40:24.942+0000] {dag.py:4180} INFO - Setting next_dagrun for latest_only_with_trigger to 2025-04-19 04:00:00+00:00, run_after=2025-04-19 08:00:00+00:00
[2025-04-19T08:40:24.959+0000] {processor.py:208} INFO - Processing /home/airflow/.local/lib/python3.12/site-packages/airflow/example_dags/example_latest_only_with_trigger.py took 0.084 seconds
[2025-04-19T08:40:55.801+0000] {processor.py:186} INFO - Started process (PID=511) to work on /home/airflow/.local/lib/python3.12/site-packages/airflow/example_dags/example_latest_only_with_trigger.py
[2025-04-19T08:40:55.802+0000] {processor.py:914} INFO - Processing file /home/airflow/.local/lib/python3.12/site-packages/airflow/example_dags/example_latest_only_with_trigger.py for tasks to queue
[2025-04-19T08:40:55.803+0000] {logging_mixin.py:190} INFO - [2025-04-19T08:40:55.803+0000] {dagbag.py:588} INFO - Filling up the DagBag from /home/airflow/.local/lib/python3.12/site-packages/airflow/example_dags/example_latest_only_with_trigger.py
[2025-04-19T08:40:55.809+0000] {processor.py:925} INFO - DAG(s) 'latest_only_with_trigger' retrieved from /home/airflow/.local/lib/python3.12/site-packages/airflow/example_dags/example_latest_only_with_trigger.py
[2025-04-19T08:40:55.825+0000] {logging_mixin.py:190} INFO - [2025-04-19T08:40:55.825+0000] {dag.py:3239} INFO - Sync 1 DAGs
[2025-04-19T08:40:55.842+0000] {logging_mixin.py:190} INFO - [2025-04-19T08:40:55.842+0000] {dag.py:4180} INFO - Setting next_dagrun for latest_only_with_trigger to 2025-04-19 04:00:00+00:00, run_after=2025-04-19 08:00:00+00:00
[2025-04-19T08:40:55.855+0000] {processor.py:208} INFO - Processing /home/airflow/.local/lib/python3.12/site-packages/airflow/example_dags/example_latest_only_with_trigger.py took 0.058 seconds
