[2025-04-19T08:37:38.253+0000] {processor.py:186} INFO - Started process (PID=102) to work on /home/airflow/.local/lib/python3.12/site-packages/airflow/example_dags/tutorial_taskflow_api.py
[2025-04-19T08:37:38.254+0000] {processor.py:914} INFO - Processing file /home/airflow/.local/lib/python3.12/site-packages/airflow/example_dags/tutorial_taskflow_api.py for tasks to queue
[2025-04-19T08:37:38.256+0000] {logging_mixin.py:190} INFO - [2025-04-19T08:37:38.256+0000] {dagbag.py:588} INFO - Filling up the DagBag from /home/airflow/.local/lib/python3.12/site-packages/airflow/example_dags/tutorial_taskflow_api.py
[2025-04-19T08:37:38.283+0000] {processor.py:925} INFO - DAG(s) 'tutorial_taskflow_api' retrieved from /home/airflow/.local/lib/python3.12/site-packages/airflow/example_dags/tutorial_taskflow_api.py
[2025-04-19T08:37:38.475+0000] {logging_mixin.py:190} INFO - [2025-04-19T08:37:38.474+0000] {override.py:1911} INFO - Created Permission View: can delete on DAG:tutorial_taskflow_api
[2025-04-19T08:37:38.484+0000] {logging_mixin.py:190} INFO - [2025-04-19T08:37:38.484+0000] {override.py:1911} INFO - Created Permission View: can edit on DAG:tutorial_taskflow_api
[2025-04-19T08:37:38.490+0000] {logging_mixin.py:190} INFO - [2025-04-19T08:37:38.490+0000] {override.py:1911} INFO - Created Permission View: can read on DAG:tutorial_taskflow_api
[2025-04-19T08:37:38.496+0000] {logging_mixin.py:190} INFO - [2025-04-19T08:37:38.496+0000] {override.py:1911} INFO - Created Permission View: can delete on DAG Run:tutorial_taskflow_api
[2025-04-19T08:37:38.501+0000] {logging_mixin.py:190} INFO - [2025-04-19T08:37:38.501+0000] {override.py:1911} INFO - Created Permission View: can read on DAG Run:tutorial_taskflow_api
[2025-04-19T08:37:38.506+0000] {logging_mixin.py:190} INFO - [2025-04-19T08:37:38.506+0000] {override.py:1911} INFO - Created Permission View: can create on DAG Run:tutorial_taskflow_api
[2025-04-19T08:37:38.511+0000] {logging_mixin.py:190} INFO - [2025-04-19T08:37:38.511+0000] {override.py:1911} INFO - Created Permission View: menu access on DAG Run:tutorial_taskflow_api
[2025-04-19T08:37:38.512+0000] {logging_mixin.py:190} INFO - [2025-04-19T08:37:38.512+0000] {dag.py:3239} INFO - Sync 1 DAGs
[2025-04-19T08:37:38.525+0000] {logging_mixin.py:190} INFO - [2025-04-19T08:37:38.525+0000] {dag.py:3262} INFO - Creating ORM DAG for tutorial_taskflow_api
[2025-04-19T08:37:38.526+0000] {logging_mixin.py:190} INFO - [2025-04-19T08:37:38.526+0000] {dag.py:4180} INFO - Setting next_dagrun for tutorial_taskflow_api to None, run_after=None
[2025-04-19T08:37:38.542+0000] {processor.py:208} INFO - Processing /home/airflow/.local/lib/python3.12/site-packages/airflow/example_dags/tutorial_taskflow_api.py took 0.297 seconds
[2025-04-19T08:38:08.978+0000] {processor.py:186} INFO - Started process (PID=165) to work on /home/airflow/.local/lib/python3.12/site-packages/airflow/example_dags/tutorial_taskflow_api.py
[2025-04-19T08:38:08.979+0000] {processor.py:914} INFO - Processing file /home/airflow/.local/lib/python3.12/site-packages/airflow/example_dags/tutorial_taskflow_api.py for tasks to queue
[2025-04-19T08:38:08.981+0000] {logging_mixin.py:190} INFO - [2025-04-19T08:38:08.981+0000] {dagbag.py:588} INFO - Filling up the DagBag from /home/airflow/.local/lib/python3.12/site-packages/airflow/example_dags/tutorial_taskflow_api.py
[2025-04-19T08:38:08.993+0000] {processor.py:925} INFO - DAG(s) 'tutorial_taskflow_api' retrieved from /home/airflow/.local/lib/python3.12/site-packages/airflow/example_dags/tutorial_taskflow_api.py
[2025-04-19T08:38:09.015+0000] {logging_mixin.py:190} INFO - [2025-04-19T08:38:09.015+0000] {dag.py:3239} INFO - Sync 1 DAGs
[2025-04-19T08:38:09.036+0000] {logging_mixin.py:190} INFO - [2025-04-19T08:38:09.036+0000] {dag.py:4180} INFO - Setting next_dagrun for tutorial_taskflow_api to None, run_after=None
[2025-04-19T08:38:09.054+0000] {processor.py:208} INFO - Processing /home/airflow/.local/lib/python3.12/site-packages/airflow/example_dags/tutorial_taskflow_api.py took 0.090 seconds
[2025-04-19T08:38:39.473+0000] {processor.py:186} INFO - Started process (PID=226) to work on /home/airflow/.local/lib/python3.12/site-packages/airflow/example_dags/tutorial_taskflow_api.py
[2025-04-19T08:38:39.474+0000] {processor.py:914} INFO - Processing file /home/airflow/.local/lib/python3.12/site-packages/airflow/example_dags/tutorial_taskflow_api.py for tasks to queue
[2025-04-19T08:38:39.476+0000] {logging_mixin.py:190} INFO - [2025-04-19T08:38:39.476+0000] {dagbag.py:588} INFO - Filling up the DagBag from /home/airflow/.local/lib/python3.12/site-packages/airflow/example_dags/tutorial_taskflow_api.py
[2025-04-19T08:38:39.485+0000] {processor.py:925} INFO - DAG(s) 'tutorial_taskflow_api' retrieved from /home/airflow/.local/lib/python3.12/site-packages/airflow/example_dags/tutorial_taskflow_api.py
[2025-04-19T08:38:39.503+0000] {logging_mixin.py:190} INFO - [2025-04-19T08:38:39.503+0000] {dag.py:3239} INFO - Sync 1 DAGs
[2025-04-19T08:38:39.518+0000] {logging_mixin.py:190} INFO - [2025-04-19T08:38:39.518+0000] {dag.py:4180} INFO - Setting next_dagrun for tutorial_taskflow_api to None, run_after=None
[2025-04-19T08:38:39.536+0000] {processor.py:208} INFO - Processing /home/airflow/.local/lib/python3.12/site-packages/airflow/example_dags/tutorial_taskflow_api.py took 0.073 seconds
[2025-04-19T08:39:10.103+0000] {processor.py:186} INFO - Started process (PID=288) to work on /home/airflow/.local/lib/python3.12/site-packages/airflow/example_dags/tutorial_taskflow_api.py
[2025-04-19T08:39:10.103+0000] {processor.py:914} INFO - Processing file /home/airflow/.local/lib/python3.12/site-packages/airflow/example_dags/tutorial_taskflow_api.py for tasks to queue
[2025-04-19T08:39:10.106+0000] {logging_mixin.py:190} INFO - [2025-04-19T08:39:10.106+0000] {dagbag.py:588} INFO - Filling up the DagBag from /home/airflow/.local/lib/python3.12/site-packages/airflow/example_dags/tutorial_taskflow_api.py
[2025-04-19T08:39:10.115+0000] {processor.py:925} INFO - DAG(s) 'tutorial_taskflow_api' retrieved from /home/airflow/.local/lib/python3.12/site-packages/airflow/example_dags/tutorial_taskflow_api.py
[2025-04-19T08:39:10.135+0000] {logging_mixin.py:190} INFO - [2025-04-19T08:39:10.135+0000] {dag.py:3239} INFO - Sync 1 DAGs
[2025-04-19T08:39:10.152+0000] {logging_mixin.py:190} INFO - [2025-04-19T08:39:10.151+0000] {dag.py:4180} INFO - Setting next_dagrun for tutorial_taskflow_api to None, run_after=None
[2025-04-19T08:39:10.171+0000] {processor.py:208} INFO - Processing /home/airflow/.local/lib/python3.12/site-packages/airflow/example_dags/tutorial_taskflow_api.py took 0.076 seconds
[2025-04-19T08:39:40.469+0000] {processor.py:186} INFO - Started process (PID=351) to work on /home/airflow/.local/lib/python3.12/site-packages/airflow/example_dags/tutorial_taskflow_api.py
[2025-04-19T08:39:40.477+0000] {processor.py:914} INFO - Processing file /home/airflow/.local/lib/python3.12/site-packages/airflow/example_dags/tutorial_taskflow_api.py for tasks to queue
[2025-04-19T08:39:40.482+0000] {logging_mixin.py:190} INFO - [2025-04-19T08:39:40.482+0000] {dagbag.py:588} INFO - Filling up the DagBag from /home/airflow/.local/lib/python3.12/site-packages/airflow/example_dags/tutorial_taskflow_api.py
[2025-04-19T08:39:40.501+0000] {processor.py:925} INFO - DAG(s) 'tutorial_taskflow_api' retrieved from /home/airflow/.local/lib/python3.12/site-packages/airflow/example_dags/tutorial_taskflow_api.py
[2025-04-19T08:39:40.568+0000] {logging_mixin.py:190} INFO - [2025-04-19T08:39:40.567+0000] {dag.py:3239} INFO - Sync 1 DAGs
[2025-04-19T08:39:40.628+0000] {logging_mixin.py:190} INFO - [2025-04-19T08:39:40.627+0000] {dag.py:4180} INFO - Setting next_dagrun for tutorial_taskflow_api to None, run_after=None
[2025-04-19T08:39:40.678+0000] {processor.py:208} INFO - Processing /home/airflow/.local/lib/python3.12/site-packages/airflow/example_dags/tutorial_taskflow_api.py took 0.227 seconds
[2025-04-19T08:40:11.035+0000] {processor.py:186} INFO - Started process (PID=413) to work on /home/airflow/.local/lib/python3.12/site-packages/airflow/example_dags/tutorial_taskflow_api.py
[2025-04-19T08:40:11.036+0000] {processor.py:914} INFO - Processing file /home/airflow/.local/lib/python3.12/site-packages/airflow/example_dags/tutorial_taskflow_api.py for tasks to queue
[2025-04-19T08:40:11.040+0000] {logging_mixin.py:190} INFO - [2025-04-19T08:40:11.040+0000] {dagbag.py:588} INFO - Filling up the DagBag from /home/airflow/.local/lib/python3.12/site-packages/airflow/example_dags/tutorial_taskflow_api.py
[2025-04-19T08:40:11.051+0000] {processor.py:925} INFO - DAG(s) 'tutorial_taskflow_api' retrieved from /home/airflow/.local/lib/python3.12/site-packages/airflow/example_dags/tutorial_taskflow_api.py
[2025-04-19T08:40:11.070+0000] {logging_mixin.py:190} INFO - [2025-04-19T08:40:11.070+0000] {dag.py:3239} INFO - Sync 1 DAGs
[2025-04-19T08:40:11.087+0000] {logging_mixin.py:190} INFO - [2025-04-19T08:40:11.086+0000] {dag.py:4180} INFO - Setting next_dagrun for tutorial_taskflow_api to None, run_after=None
[2025-04-19T08:40:11.107+0000] {processor.py:208} INFO - Processing /home/airflow/.local/lib/python3.12/site-packages/airflow/example_dags/tutorial_taskflow_api.py took 0.077 seconds
[2025-04-19T08:40:41.316+0000] {processor.py:186} INFO - Started process (PID=476) to work on /home/airflow/.local/lib/python3.12/site-packages/airflow/example_dags/tutorial_taskflow_api.py
[2025-04-19T08:40:41.317+0000] {processor.py:914} INFO - Processing file /home/airflow/.local/lib/python3.12/site-packages/airflow/example_dags/tutorial_taskflow_api.py for tasks to queue
[2025-04-19T08:40:41.319+0000] {logging_mixin.py:190} INFO - [2025-04-19T08:40:41.319+0000] {dagbag.py:588} INFO - Filling up the DagBag from /home/airflow/.local/lib/python3.12/site-packages/airflow/example_dags/tutorial_taskflow_api.py
[2025-04-19T08:40:41.329+0000] {processor.py:925} INFO - DAG(s) 'tutorial_taskflow_api' retrieved from /home/airflow/.local/lib/python3.12/site-packages/airflow/example_dags/tutorial_taskflow_api.py
[2025-04-19T08:40:41.350+0000] {logging_mixin.py:190} INFO - [2025-04-19T08:40:41.350+0000] {dag.py:3239} INFO - Sync 1 DAGs
[2025-04-19T08:40:41.366+0000] {logging_mixin.py:190} INFO - [2025-04-19T08:40:41.366+0000] {dag.py:4180} INFO - Setting next_dagrun for tutorial_taskflow_api to None, run_after=None
[2025-04-19T08:40:41.385+0000] {processor.py:208} INFO - Processing /home/airflow/.local/lib/python3.12/site-packages/airflow/example_dags/tutorial_taskflow_api.py took 0.079 seconds
