[2025-04-19T08:37:19.849+0000] {processor.py:186} INFO - Started process (PID=76) to work on /home/airflow/.local/lib/python3.12/site-packages/airflow/example_dags/tutorial_objectstorage.py
[2025-04-19T08:37:19.850+0000] {processor.py:914} INFO - Processing file /home/airflow/.local/lib/python3.12/site-packages/airflow/example_dags/tutorial_objectstorage.py for tasks to queue
[2025-04-19T08:37:19.856+0000] {logging_mixin.py:190} INFO - [2025-04-19T08:37:19.855+0000] {dagbag.py:588} INFO - Filling up the DagBag from /home/airflow/.local/lib/python3.12/site-packages/airflow/example_dags/tutorial_objectstorage.py
[2025-04-19T08:37:19.897+0000] {processor.py:925} INFO - DAG(s) 'tutorial_objectstorage' retrieved from /home/airflow/.local/lib/python3.12/site-packages/airflow/example_dags/tutorial_objectstorage.py
[2025-04-19T08:37:20.102+0000] {logging_mixin.py:190} INFO - [2025-04-19T08:37:20.101+0000] {override.py:1911} INFO - Created Permission View: can delete on DAG:tutorial_objectstorage
[2025-04-19T08:37:20.122+0000] {logging_mixin.py:190} INFO - [2025-04-19T08:37:20.121+0000] {override.py:1911} INFO - Created Permission View: can edit on DAG:tutorial_objectstorage
[2025-04-19T08:37:20.132+0000] {logging_mixin.py:190} INFO - [2025-04-19T08:37:20.132+0000] {override.py:1911} INFO - Created Permission View: can read on DAG:tutorial_objectstorage
[2025-04-19T08:37:20.143+0000] {logging_mixin.py:190} INFO - [2025-04-19T08:37:20.143+0000] {override.py:1911} INFO - Created Permission View: can delete on DAG Run:tutorial_objectstorage
[2025-04-19T08:37:20.154+0000] {logging_mixin.py:190} INFO - [2025-04-19T08:37:20.154+0000] {override.py:1911} INFO - Created Permission View: can read on DAG Run:tutorial_objectstorage
[2025-04-19T08:37:20.164+0000] {logging_mixin.py:190} INFO - [2025-04-19T08:37:20.164+0000] {override.py:1911} INFO - Created Permission View: can create on DAG Run:tutorial_objectstorage
[2025-04-19T08:37:20.176+0000] {logging_mixin.py:190} INFO - [2025-04-19T08:37:20.176+0000] {override.py:1911} INFO - Created Permission View: menu access on DAG Run:tutorial_objectstorage
[2025-04-19T08:37:20.177+0000] {logging_mixin.py:190} INFO - [2025-04-19T08:37:20.176+0000] {dag.py:3239} INFO - Sync 1 DAGs
[2025-04-19T08:37:20.204+0000] {logging_mixin.py:190} INFO - [2025-04-19T08:37:20.203+0000] {dag.py:3262} INFO - Creating ORM DAG for tutorial_objectstorage
[2025-04-19T08:37:20.206+0000] {logging_mixin.py:190} INFO - [2025-04-19T08:37:20.206+0000] {dag.py:4180} INFO - Setting next_dagrun for tutorial_objectstorage to None, run_after=None
[2025-04-19T08:37:20.235+0000] {processor.py:208} INFO - Processing /home/airflow/.local/lib/python3.12/site-packages/airflow/example_dags/tutorial_objectstorage.py took 0.402 seconds
[2025-04-19T08:37:51.606+0000] {processor.py:186} INFO - Started process (PID=139) to work on /home/airflow/.local/lib/python3.12/site-packages/airflow/example_dags/tutorial_objectstorage.py
[2025-04-19T08:37:51.607+0000] {processor.py:914} INFO - Processing file /home/airflow/.local/lib/python3.12/site-packages/airflow/example_dags/tutorial_objectstorage.py for tasks to queue
[2025-04-19T08:37:51.609+0000] {logging_mixin.py:190} INFO - [2025-04-19T08:37:51.609+0000] {dagbag.py:588} INFO - Filling up the DagBag from /home/airflow/.local/lib/python3.12/site-packages/airflow/example_dags/tutorial_objectstorage.py
[2025-04-19T08:37:51.620+0000] {processor.py:925} INFO - DAG(s) 'tutorial_objectstorage' retrieved from /home/airflow/.local/lib/python3.12/site-packages/airflow/example_dags/tutorial_objectstorage.py
[2025-04-19T08:37:51.639+0000] {logging_mixin.py:190} INFO - [2025-04-19T08:37:51.639+0000] {dag.py:3239} INFO - Sync 1 DAGs
[2025-04-19T08:37:51.655+0000] {logging_mixin.py:190} INFO - [2025-04-19T08:37:51.654+0000] {dag.py:4180} INFO - Setting next_dagrun for tutorial_objectstorage to None, run_after=None
[2025-04-19T08:37:51.673+0000] {processor.py:208} INFO - Processing /home/airflow/.local/lib/python3.12/site-packages/airflow/example_dags/tutorial_objectstorage.py took 0.073 seconds
[2025-04-19T08:38:22.690+0000] {processor.py:186} INFO - Started process (PID=200) to work on /home/airflow/.local/lib/python3.12/site-packages/airflow/example_dags/tutorial_objectstorage.py
[2025-04-19T08:38:22.691+0000] {processor.py:914} INFO - Processing file /home/airflow/.local/lib/python3.12/site-packages/airflow/example_dags/tutorial_objectstorage.py for tasks to queue
[2025-04-19T08:38:22.693+0000] {logging_mixin.py:190} INFO - [2025-04-19T08:38:22.693+0000] {dagbag.py:588} INFO - Filling up the DagBag from /home/airflow/.local/lib/python3.12/site-packages/airflow/example_dags/tutorial_objectstorage.py
[2025-04-19T08:38:22.702+0000] {processor.py:925} INFO - DAG(s) 'tutorial_objectstorage' retrieved from /home/airflow/.local/lib/python3.12/site-packages/airflow/example_dags/tutorial_objectstorage.py
[2025-04-19T08:38:22.722+0000] {logging_mixin.py:190} INFO - [2025-04-19T08:38:22.722+0000] {dag.py:3239} INFO - Sync 1 DAGs
[2025-04-19T08:38:22.738+0000] {logging_mixin.py:190} INFO - [2025-04-19T08:38:22.738+0000] {dag.py:4180} INFO - Setting next_dagrun for tutorial_objectstorage to None, run_after=None
[2025-04-19T08:38:22.755+0000] {processor.py:208} INFO - Processing /home/airflow/.local/lib/python3.12/site-packages/airflow/example_dags/tutorial_objectstorage.py took 0.071 seconds
[2025-04-19T08:38:53.603+0000] {processor.py:186} INFO - Started process (PID=261) to work on /home/airflow/.local/lib/python3.12/site-packages/airflow/example_dags/tutorial_objectstorage.py
[2025-04-19T08:38:53.604+0000] {processor.py:914} INFO - Processing file /home/airflow/.local/lib/python3.12/site-packages/airflow/example_dags/tutorial_objectstorage.py for tasks to queue
[2025-04-19T08:38:53.607+0000] {logging_mixin.py:190} INFO - [2025-04-19T08:38:53.606+0000] {dagbag.py:588} INFO - Filling up the DagBag from /home/airflow/.local/lib/python3.12/site-packages/airflow/example_dags/tutorial_objectstorage.py
[2025-04-19T08:38:53.616+0000] {processor.py:925} INFO - DAG(s) 'tutorial_objectstorage' retrieved from /home/airflow/.local/lib/python3.12/site-packages/airflow/example_dags/tutorial_objectstorage.py
[2025-04-19T08:38:53.636+0000] {logging_mixin.py:190} INFO - [2025-04-19T08:38:53.636+0000] {dag.py:3239} INFO - Sync 1 DAGs
[2025-04-19T08:38:53.654+0000] {logging_mixin.py:190} INFO - [2025-04-19T08:38:53.653+0000] {dag.py:4180} INFO - Setting next_dagrun for tutorial_objectstorage to None, run_after=None
[2025-04-19T08:38:53.671+0000] {processor.py:208} INFO - Processing /home/airflow/.local/lib/python3.12/site-packages/airflow/example_dags/tutorial_objectstorage.py took 0.074 seconds
[2025-04-19T08:39:23.887+0000] {processor.py:186} INFO - Started process (PID=324) to work on /home/airflow/.local/lib/python3.12/site-packages/airflow/example_dags/tutorial_objectstorage.py
[2025-04-19T08:39:23.888+0000] {processor.py:914} INFO - Processing file /home/airflow/.local/lib/python3.12/site-packages/airflow/example_dags/tutorial_objectstorage.py for tasks to queue
[2025-04-19T08:39:23.890+0000] {logging_mixin.py:190} INFO - [2025-04-19T08:39:23.889+0000] {dagbag.py:588} INFO - Filling up the DagBag from /home/airflow/.local/lib/python3.12/site-packages/airflow/example_dags/tutorial_objectstorage.py
[2025-04-19T08:39:23.897+0000] {processor.py:925} INFO - DAG(s) 'tutorial_objectstorage' retrieved from /home/airflow/.local/lib/python3.12/site-packages/airflow/example_dags/tutorial_objectstorage.py
[2025-04-19T08:39:23.911+0000] {logging_mixin.py:190} INFO - [2025-04-19T08:39:23.911+0000] {dag.py:3239} INFO - Sync 1 DAGs
[2025-04-19T08:39:23.923+0000] {logging_mixin.py:190} INFO - [2025-04-19T08:39:23.923+0000] {dag.py:4180} INFO - Setting next_dagrun for tutorial_objectstorage to None, run_after=None
[2025-04-19T08:39:23.936+0000] {processor.py:208} INFO - Processing /home/airflow/.local/lib/python3.12/site-packages/airflow/example_dags/tutorial_objectstorage.py took 0.054 seconds
[2025-04-19T08:39:54.368+0000] {processor.py:186} INFO - Started process (PID=384) to work on /home/airflow/.local/lib/python3.12/site-packages/airflow/example_dags/tutorial_objectstorage.py
[2025-04-19T08:39:54.370+0000] {processor.py:914} INFO - Processing file /home/airflow/.local/lib/python3.12/site-packages/airflow/example_dags/tutorial_objectstorage.py for tasks to queue
[2025-04-19T08:39:54.372+0000] {logging_mixin.py:190} INFO - [2025-04-19T08:39:54.371+0000] {dagbag.py:588} INFO - Filling up the DagBag from /home/airflow/.local/lib/python3.12/site-packages/airflow/example_dags/tutorial_objectstorage.py
[2025-04-19T08:39:54.380+0000] {processor.py:925} INFO - DAG(s) 'tutorial_objectstorage' retrieved from /home/airflow/.local/lib/python3.12/site-packages/airflow/example_dags/tutorial_objectstorage.py
[2025-04-19T08:39:54.402+0000] {logging_mixin.py:190} INFO - [2025-04-19T08:39:54.402+0000] {dag.py:3239} INFO - Sync 1 DAGs
[2025-04-19T08:39:54.422+0000] {logging_mixin.py:190} INFO - [2025-04-19T08:39:54.422+0000] {dag.py:4180} INFO - Setting next_dagrun for tutorial_objectstorage to None, run_after=None
[2025-04-19T08:39:54.444+0000] {processor.py:208} INFO - Processing /home/airflow/.local/lib/python3.12/site-packages/airflow/example_dags/tutorial_objectstorage.py took 0.082 seconds
[2025-04-19T08:40:24.658+0000] {processor.py:186} INFO - Started process (PID=447) to work on /home/airflow/.local/lib/python3.12/site-packages/airflow/example_dags/tutorial_objectstorage.py
[2025-04-19T08:40:24.658+0000] {processor.py:914} INFO - Processing file /home/airflow/.local/lib/python3.12/site-packages/airflow/example_dags/tutorial_objectstorage.py for tasks to queue
[2025-04-19T08:40:24.661+0000] {logging_mixin.py:190} INFO - [2025-04-19T08:40:24.660+0000] {dagbag.py:588} INFO - Filling up the DagBag from /home/airflow/.local/lib/python3.12/site-packages/airflow/example_dags/tutorial_objectstorage.py
[2025-04-19T08:40:24.678+0000] {processor.py:925} INFO - DAG(s) 'tutorial_objectstorage' retrieved from /home/airflow/.local/lib/python3.12/site-packages/airflow/example_dags/tutorial_objectstorage.py
[2025-04-19T08:40:24.714+0000] {logging_mixin.py:190} INFO - [2025-04-19T08:40:24.714+0000] {dag.py:3239} INFO - Sync 1 DAGs
[2025-04-19T08:40:24.730+0000] {logging_mixin.py:190} INFO - [2025-04-19T08:40:24.730+0000] {dag.py:4180} INFO - Setting next_dagrun for tutorial_objectstorage to None, run_after=None
[2025-04-19T08:40:24.746+0000] {processor.py:208} INFO - Processing /home/airflow/.local/lib/python3.12/site-packages/airflow/example_dags/tutorial_objectstorage.py took 0.094 seconds
[2025-04-19T08:40:55.701+0000] {processor.py:186} INFO - Started process (PID=509) to work on /home/airflow/.local/lib/python3.12/site-packages/airflow/example_dags/tutorial_objectstorage.py
[2025-04-19T08:40:55.702+0000] {processor.py:914} INFO - Processing file /home/airflow/.local/lib/python3.12/site-packages/airflow/example_dags/tutorial_objectstorage.py for tasks to queue
[2025-04-19T08:40:55.704+0000] {logging_mixin.py:190} INFO - [2025-04-19T08:40:55.704+0000] {dagbag.py:588} INFO - Filling up the DagBag from /home/airflow/.local/lib/python3.12/site-packages/airflow/example_dags/tutorial_objectstorage.py
[2025-04-19T08:40:55.713+0000] {processor.py:925} INFO - DAG(s) 'tutorial_objectstorage' retrieved from /home/airflow/.local/lib/python3.12/site-packages/airflow/example_dags/tutorial_objectstorage.py
[2025-04-19T08:40:55.734+0000] {logging_mixin.py:190} INFO - [2025-04-19T08:40:55.733+0000] {dag.py:3239} INFO - Sync 1 DAGs
[2025-04-19T08:40:55.751+0000] {logging_mixin.py:190} INFO - [2025-04-19T08:40:55.750+0000] {dag.py:4180} INFO - Setting next_dagrun for tutorial_objectstorage to None, run_after=None
[2025-04-19T08:40:55.771+0000] {processor.py:208} INFO - Processing /home/airflow/.local/lib/python3.12/site-packages/airflow/example_dags/tutorial_objectstorage.py took 0.075 seconds
